<html>
<head>
<title>TestNG:  tesNgTask</title>
<link href="../testng.css" rel="stylesheet" type="text/css" />
<link href="../my-testng.css" rel="stylesheet" type="text/css" />

<style type="text/css">
.log { display: none;} 
.stack-trace { display: none;} 
</style>
<script type="text/javascript">
<!--
function flip(e) {
  current = e.style.display;
  if (current == 'block') {
    e.style.display = 'none';
    return 0;
  }
  else {
    e.style.display = 'block';
    return 1;
  }
}

function toggleBox(szDivId, elem, msg1, msg2)
{
  var res = -1;  if (document.getElementById) {
    res = flip(document.getElementById(szDivId));
  }
  else if (document.all) {
    // this is the way old msie versions work
    res = flip(document.all[szDivId]);
  }
  if(elem) {
    if(res == 0) elem.innerHTML = msg1; else elem.innerHTML = msg2;
  }

}

function toggleAllBoxes() {
  if (document.getElementsByTagName) {
    d = document.getElementsByTagName('div');
    for (i = 0; i < d.length; i++) {
      if (d[i].className == 'log') {
        flip(d[i]);
      }
    }
  }
}

// -->
</script>

</head>
<body>
<h2 align='center'>tesNgTask</h2><table border='1' align="center">
<tr>
<td>Tests passed/Failed/Skipped:</td><td>57/29/0</td>
</tr><tr>
<td>Started on:</td><td>Wed Nov 02 13:17:57 MSK 2016</td>
</tr>
<tr><td>Total time:</td><td>28 seconds (28672 ms)</td>
</tr><tr>
<td>Included groups:</td><td></td>
</tr><tr>
<td>Excluded groups:</td><td></td>
</tr>
</table><p/>
<small><i>(Hover the method name to see the test class name)</i></small><p/>
<table width='100%' border='1' class='invocation-failed'>
<tr><td colspan='4' align='center'><b>FAILED TESTS</b></td></tr>
<tr><td><b>Test method</b></td>
<td width="30%"><b>Exception</b></td>
<td width="10%"><b>Time (seconds)</b></td>
<td><b>Instance</b></td>
</tr>
<tr>
<td title='businessObject.CalculatorTest.testCos()'><b>testCos</b><br>Test class: businessObject.CalculatorTest<br>Parameters: -565656.0, 0.9480811024049992<br/>
<a href="#Output-1308109015" onClick='toggleBox("Output-1308109015", this, "Show output", "Hide output");'>Show output</a>

<a href="#Output-1308109015" onClick="toggleAllBoxes();">Show all outputs</a>
<div class='log' id="Output-1308109015">
</br>Wed Nov 02 13:17:57 MSK 2016. Test faild: [tesNgTask][businessObject.CalculatorTest][testCos]. Status <2>. Time duration <0>.<br/>
</br>Wed Nov 02 13:17:57 MSK 2016. Test faild: [tesNgTask][businessObject.CalculatorTest][testCos]. Status <2>. Time duration <0>.<br/>
</div>
</td>
<td><div><pre>java.lang.AssertionError: expected [0.9480811024049992] but found [0.3180286516377352]
	at businessObject.CalculatorTest.testCos(CalculatorTest.java:82)
	at com.intellij.rt.execution.application.AppMain.main(AppMain.java:147)
... Removed 31 stack frames</pre></div><a href='#' onClick='toggleBox("stack-trace1308109015", this, "Click to show all stack frames", "Click to hide stack frames")'>Click to show all stack frames</a>
<div class='stack-trace' id='stack-trace1308109015'><pre>java.lang.AssertionError: expected [0.9480811024049992] but found [0.3180286516377352]
	at org.testng.Assert.fail(Assert.java:94)
	at org.testng.Assert.failNotEquals(Assert.java:494)
	at org.testng.Assert.assertEquals(Assert.java:123)
	at org.testng.Assert.assertEquals(Assert.java:165)
	at businessObject.CalculatorTest.testCos(CalculatorTest.java:82)
	at sun.reflect.NativeMethodAccessorImpl.invoke0(Native Method)
	at sun.reflect.NativeMethodAccessorImpl.invoke(NativeMethodAccessorImpl.java:62)
	at sun.reflect.DelegatingMethodAccessorImpl.invoke(DelegatingMethodAccessorImpl.java:43)
	at java.lang.reflect.Method.invoke(Method.java:498)
	at org.testng.internal.MethodInvocationHelper.invokeMethod(MethodInvocationHelper.java:84)
	at org.testng.internal.Invoker.invokeMethod(Invoker.java:714)
	at org.testng.internal.Invoker.invokeTestMethod(Invoker.java:901)
	at org.testng.internal.Invoker.invokeTestMethods(Invoker.java:1231)
	at org.testng.internal.TestMethodWorker.invokeTestMethods(TestMethodWorker.java:127)
	at org.testng.internal.TestMethodWorker.run(TestMethodWorker.java:111)
	at org.testng.TestRunner.privateRun(TestRunner.java:767)
	at org.testng.TestRunner.run(TestRunner.java:617)
	at org.testng.SuiteRunner.runTest(SuiteRunner.java:348)
	at org.testng.SuiteRunner.runSequentially(SuiteRunner.java:343)
	at org.testng.SuiteRunner.privateRun(SuiteRunner.java:305)
	at org.testng.SuiteRunner.run(SuiteRunner.java:254)
	at org.testng.SuiteRunnerWorker.runSuite(SuiteRunnerWorker.java:52)
	at org.testng.SuiteRunnerWorker.run(SuiteRunnerWorker.java:86)
	at org.testng.TestNG.runSuitesSequentially(TestNG.java:1224)
	at org.testng.TestNG.runSuitesLocally(TestNG.java:1149)
	at org.testng.TestNG.run(TestNG.java:1057)
	at org.testng.IDEARemoteTestNG.run(IDEARemoteTestNG.java:72)
	at org.testng.RemoteTestNGStarter.main(RemoteTestNGStarter.java:124)
	at sun.reflect.NativeMethodAccessorImpl.invoke0(Native Method)
	at sun.reflect.NativeMethodAccessorImpl.invoke(NativeMethodAccessorImpl.java:62)
	at sun.reflect.DelegatingMethodAccessorImpl.invoke(DelegatingMethodAccessorImpl.java:43)
	at java.lang.reflect.Method.invoke(Method.java:498)
	at com.intellij.rt.execution.application.AppMain.main(AppMain.java:147)
</pre></div></td>
<td>0</td>
<td>businessObject.CalculatorTest@50675690</td></tr>
<tr>
<td title='businessObject.CalculatorTest.testCos()'><b>testCos</b><br>Test class: businessObject.CalculatorTest<br>Parameters: 0.0, 1.0<br/>
<a href="#Output-326298949" onClick='toggleBox("Output-326298949", this, "Show output", "Hide output");'>Show output</a>

<a href="#Output-326298949" onClick="toggleAllBoxes();">Show all outputs</a>
<div class='log' id="Output-326298949">
</br>Wed Nov 02 13:17:57 MSK 2016. Test faild: [tesNgTask][businessObject.CalculatorTest][testCos]. Status <2>. Time duration <0>.<br/>
</br>Wed Nov 02 13:17:57 MSK 2016. Test faild: [tesNgTask][businessObject.CalculatorTest][testCos]. Status <2>. Time duration <0>.<br/>
</div>
</td>
<td><div><pre>java.lang.AssertionError: expected [1.0] but found [0.0]
	at businessObject.CalculatorTest.testCos(CalculatorTest.java:82)
	at com.intellij.rt.execution.application.AppMain.main(AppMain.java:147)
... Removed 31 stack frames</pre></div><a href='#' onClick='toggleBox("stack-trace326298949", this, "Click to show all stack frames", "Click to hide stack frames")'>Click to show all stack frames</a>
<div class='stack-trace' id='stack-trace326298949'><pre>java.lang.AssertionError: expected [1.0] but found [0.0]
	at org.testng.Assert.fail(Assert.java:94)
	at org.testng.Assert.failNotEquals(Assert.java:494)
	at org.testng.Assert.assertEquals(Assert.java:123)
	at org.testng.Assert.assertEquals(Assert.java:165)
	at businessObject.CalculatorTest.testCos(CalculatorTest.java:82)
	at sun.reflect.NativeMethodAccessorImpl.invoke0(Native Method)
	at sun.reflect.NativeMethodAccessorImpl.invoke(NativeMethodAccessorImpl.java:62)
	at sun.reflect.DelegatingMethodAccessorImpl.invoke(DelegatingMethodAccessorImpl.java:43)
	at java.lang.reflect.Method.invoke(Method.java:498)
	at org.testng.internal.MethodInvocationHelper.invokeMethod(MethodInvocationHelper.java:84)
	at org.testng.internal.Invoker.invokeMethod(Invoker.java:714)
	at org.testng.internal.Invoker.invokeTestMethod(Invoker.java:901)
	at org.testng.internal.Invoker.invokeTestMethods(Invoker.java:1231)
	at org.testng.internal.TestMethodWorker.invokeTestMethods(TestMethodWorker.java:127)
	at org.testng.internal.TestMethodWorker.run(TestMethodWorker.java:111)
	at org.testng.TestRunner.privateRun(TestRunner.java:767)
	at org.testng.TestRunner.run(TestRunner.java:617)
	at org.testng.SuiteRunner.runTest(SuiteRunner.java:348)
	at org.testng.SuiteRunner.runSequentially(SuiteRunner.java:343)
	at org.testng.SuiteRunner.privateRun(SuiteRunner.java:305)
	at org.testng.SuiteRunner.run(SuiteRunner.java:254)
	at org.testng.SuiteRunnerWorker.runSuite(SuiteRunnerWorker.java:52)
	at org.testng.SuiteRunnerWorker.run(SuiteRunnerWorker.java:86)
	at org.testng.TestNG.runSuitesSequentially(TestNG.java:1224)
	at org.testng.TestNG.runSuitesLocally(TestNG.java:1149)
	at org.testng.TestNG.run(TestNG.java:1057)
	at org.testng.IDEARemoteTestNG.run(IDEARemoteTestNG.java:72)
	at org.testng.RemoteTestNGStarter.main(RemoteTestNGStarter.java:124)
	at sun.reflect.NativeMethodAccessorImpl.invoke0(Native Method)
	at sun.reflect.NativeMethodAccessorImpl.invoke(NativeMethodAccessorImpl.java:62)
	at sun.reflect.DelegatingMethodAccessorImpl.invoke(DelegatingMethodAccessorImpl.java:43)
	at java.lang.reflect.Method.invoke(Method.java:498)
	at com.intellij.rt.execution.application.AppMain.main(AppMain.java:147)
</pre></div></td>
<td>0</td>
<td>businessObject.CalculatorTest@50675690</td></tr>
<tr>
<td title='businessObject.CalculatorTest.testCos()'><b>testCos</b><br>Test class: businessObject.CalculatorTest<br>Parameters: 20.56, -0.13919430405964572<br/>
<a href="#Output-928466577" onClick='toggleBox("Output-928466577", this, "Show output", "Hide output");'>Show output</a>

<a href="#Output-928466577" onClick="toggleAllBoxes();">Show all outputs</a>
<div class='log' id="Output-928466577">
</br>Wed Nov 02 13:17:57 MSK 2016. Test faild: [tesNgTask][businessObject.CalculatorTest][testCos]. Status <2>. Time duration <0>.<br/>
</br>Wed Nov 02 13:17:57 MSK 2016. Test faild: [tesNgTask][businessObject.CalculatorTest][testCos]. Status <2>. Time duration <0>.<br/>
</div>
</td>
<td><div><pre>java.lang.AssertionError: expected [-0.13919430405964572] but found [0.9902650886087779]
	at businessObject.CalculatorTest.testCos(CalculatorTest.java:82)
	at com.intellij.rt.execution.application.AppMain.main(AppMain.java:147)
... Removed 31 stack frames</pre></div><a href='#' onClick='toggleBox("stack-trace928466577", this, "Click to show all stack frames", "Click to hide stack frames")'>Click to show all stack frames</a>
<div class='stack-trace' id='stack-trace928466577'><pre>java.lang.AssertionError: expected [-0.13919430405964572] but found [0.9902650886087779]
	at org.testng.Assert.fail(Assert.java:94)
	at org.testng.Assert.failNotEquals(Assert.java:494)
	at org.testng.Assert.assertEquals(Assert.java:123)
	at org.testng.Assert.assertEquals(Assert.java:165)
	at businessObject.CalculatorTest.testCos(CalculatorTest.java:82)
	at sun.reflect.NativeMethodAccessorImpl.invoke0(Native Method)
	at sun.reflect.NativeMethodAccessorImpl.invoke(NativeMethodAccessorImpl.java:62)
	at sun.reflect.DelegatingMethodAccessorImpl.invoke(DelegatingMethodAccessorImpl.java:43)
	at java.lang.reflect.Method.invoke(Method.java:498)
	at org.testng.internal.MethodInvocationHelper.invokeMethod(MethodInvocationHelper.java:84)
	at org.testng.internal.Invoker.invokeMethod(Invoker.java:714)
	at org.testng.internal.Invoker.invokeTestMethod(Invoker.java:901)
	at org.testng.internal.Invoker.invokeTestMethods(Invoker.java:1231)
	at org.testng.internal.TestMethodWorker.invokeTestMethods(TestMethodWorker.java:127)
	at org.testng.internal.TestMethodWorker.run(TestMethodWorker.java:111)
	at org.testng.TestRunner.privateRun(TestRunner.java:767)
	at org.testng.TestRunner.run(TestRunner.java:617)
	at org.testng.SuiteRunner.runTest(SuiteRunner.java:348)
	at org.testng.SuiteRunner.runSequentially(SuiteRunner.java:343)
	at org.testng.SuiteRunner.privateRun(SuiteRunner.java:305)
	at org.testng.SuiteRunner.run(SuiteRunner.java:254)
	at org.testng.SuiteRunnerWorker.runSuite(SuiteRunnerWorker.java:52)
	at org.testng.SuiteRunnerWorker.run(SuiteRunnerWorker.java:86)
	at org.testng.TestNG.runSuitesSequentially(TestNG.java:1224)
	at org.testng.TestNG.runSuitesLocally(TestNG.java:1149)
	at org.testng.TestNG.run(TestNG.java:1057)
	at org.testng.IDEARemoteTestNG.run(IDEARemoteTestNG.java:72)
	at org.testng.RemoteTestNGStarter.main(RemoteTestNGStarter.java:124)
	at sun.reflect.NativeMethodAccessorImpl.invoke0(Native Method)
	at sun.reflect.NativeMethodAccessorImpl.invoke(NativeMethodAccessorImpl.java:62)
	at sun.reflect.DelegatingMethodAccessorImpl.invoke(DelegatingMethodAccessorImpl.java:43)
	at java.lang.reflect.Method.invoke(Method.java:498)
	at com.intellij.rt.execution.application.AppMain.main(AppMain.java:147)
</pre></div></td>
<td>0</td>
<td>businessObject.CalculatorTest@50675690</td></tr>
<tr>
<td title='businessObject.CalculatorTest.testCos()'><b>testCos</b><br>Test class: businessObject.CalculatorTest<br>Parameters: 1.0, 0.5403023058681398<br/>
<a href="#Output-564742142" onClick='toggleBox("Output-564742142", this, "Show output", "Hide output");'>Show output</a>

<a href="#Output-564742142" onClick="toggleAllBoxes();">Show all outputs</a>
<div class='log' id="Output-564742142">
</br>Wed Nov 02 13:17:57 MSK 2016. Test faild: [tesNgTask][businessObject.CalculatorTest][testCos]. Status <2>. Time duration <0>.<br/>
</br>Wed Nov 02 13:17:57 MSK 2016. Test faild: [tesNgTask][businessObject.CalculatorTest][testCos]. Status <2>. Time duration <0>.<br/>
</div>
</td>
<td><div><pre>java.lang.AssertionError: expected [0.5403023058681398] but found [0.8414709848078965]
	at businessObject.CalculatorTest.testCos(CalculatorTest.java:82)
	at com.intellij.rt.execution.application.AppMain.main(AppMain.java:147)
... Removed 31 stack frames</pre></div><a href='#' onClick='toggleBox("stack-trace564742142", this, "Click to show all stack frames", "Click to hide stack frames")'>Click to show all stack frames</a>
<div class='stack-trace' id='stack-trace564742142'><pre>java.lang.AssertionError: expected [0.5403023058681398] but found [0.8414709848078965]
	at org.testng.Assert.fail(Assert.java:94)
	at org.testng.Assert.failNotEquals(Assert.java:494)
	at org.testng.Assert.assertEquals(Assert.java:123)
	at org.testng.Assert.assertEquals(Assert.java:165)
	at businessObject.CalculatorTest.testCos(CalculatorTest.java:82)
	at sun.reflect.NativeMethodAccessorImpl.invoke0(Native Method)
	at sun.reflect.NativeMethodAccessorImpl.invoke(NativeMethodAccessorImpl.java:62)
	at sun.reflect.DelegatingMethodAccessorImpl.invoke(DelegatingMethodAccessorImpl.java:43)
	at java.lang.reflect.Method.invoke(Method.java:498)
	at org.testng.internal.MethodInvocationHelper.invokeMethod(MethodInvocationHelper.java:84)
	at org.testng.internal.Invoker.invokeMethod(Invoker.java:714)
	at org.testng.internal.Invoker.invokeTestMethod(Invoker.java:901)
	at org.testng.internal.Invoker.invokeTestMethods(Invoker.java:1231)
	at org.testng.internal.TestMethodWorker.invokeTestMethods(TestMethodWorker.java:127)
	at org.testng.internal.TestMethodWorker.run(TestMethodWorker.java:111)
	at org.testng.TestRunner.privateRun(TestRunner.java:767)
	at org.testng.TestRunner.run(TestRunner.java:617)
	at org.testng.SuiteRunner.runTest(SuiteRunner.java:348)
	at org.testng.SuiteRunner.runSequentially(SuiteRunner.java:343)
	at org.testng.SuiteRunner.privateRun(SuiteRunner.java:305)
	at org.testng.SuiteRunner.run(SuiteRunner.java:254)
	at org.testng.SuiteRunnerWorker.runSuite(SuiteRunnerWorker.java:52)
	at org.testng.SuiteRunnerWorker.run(SuiteRunnerWorker.java:86)
	at org.testng.TestNG.runSuitesSequentially(TestNG.java:1224)
	at org.testng.TestNG.runSuitesLocally(TestNG.java:1149)
	at org.testng.TestNG.run(TestNG.java:1057)
	at org.testng.IDEARemoteTestNG.run(IDEARemoteTestNG.java:72)
	at org.testng.RemoteTestNGStarter.main(RemoteTestNGStarter.java:124)
	at sun.reflect.NativeMethodAccessorImpl.invoke0(Native Method)
	at sun.reflect.NativeMethodAccessorImpl.invoke(NativeMethodAccessorImpl.java:62)
	at sun.reflect.DelegatingMethodAccessorImpl.invoke(DelegatingMethodAccessorImpl.java:43)
	at java.lang.reflect.Method.invoke(Method.java:498)
	at com.intellij.rt.execution.application.AppMain.main(AppMain.java:147)
</pre></div></td>
<td>0</td>
<td>businessObject.CalculatorTest@50675690</td></tr>
<tr>
<td title='businessObject.CalculatorTest.testCtg()'><b>testCtg</b><br>Test class: businessObject.CalculatorTest<br>Parameters: -565656.0, 2.981118517223813<br/>
<a href="#Output-21257599" onClick='toggleBox("Output-21257599", this, "Show output", "Hide output");'>Show output</a>

<a href="#Output-21257599" onClick="toggleAllBoxes();">Show all outputs</a>
<div class='log' id="Output-21257599">
</br>Wed Nov 02 13:17:57 MSK 2016. Test faild: [tesNgTask][businessObject.CalculatorTest][testCtg]. Status <2>. Time duration <0>.<br/>
</br>Wed Nov 02 13:17:57 MSK 2016. Test faild: [tesNgTask][businessObject.CalculatorTest][testCtg]. Status <2>. Time duration <0>.<br/>
</div>
</td>
<td><div><pre>java.lang.AssertionError: expected [2.981118517223813] but found [-1.0]
	at businessObject.CalculatorTest.testCtg(CalculatorTest.java:77)
	at com.intellij.rt.execution.application.AppMain.main(AppMain.java:147)
... Removed 31 stack frames</pre></div><a href='#' onClick='toggleBox("stack-trace21257599", this, "Click to show all stack frames", "Click to hide stack frames")'>Click to show all stack frames</a>
<div class='stack-trace' id='stack-trace21257599'><pre>java.lang.AssertionError: expected [2.981118517223813] but found [-1.0]
	at org.testng.Assert.fail(Assert.java:94)
	at org.testng.Assert.failNotEquals(Assert.java:494)
	at org.testng.Assert.assertEquals(Assert.java:123)
	at org.testng.Assert.assertEquals(Assert.java:165)
	at businessObject.CalculatorTest.testCtg(CalculatorTest.java:77)
	at sun.reflect.NativeMethodAccessorImpl.invoke0(Native Method)
	at sun.reflect.NativeMethodAccessorImpl.invoke(NativeMethodAccessorImpl.java:62)
	at sun.reflect.DelegatingMethodAccessorImpl.invoke(DelegatingMethodAccessorImpl.java:43)
	at java.lang.reflect.Method.invoke(Method.java:498)
	at org.testng.internal.MethodInvocationHelper.invokeMethod(MethodInvocationHelper.java:84)
	at org.testng.internal.Invoker.invokeMethod(Invoker.java:714)
	at org.testng.internal.Invoker.invokeTestMethod(Invoker.java:901)
	at org.testng.internal.Invoker.invokeTestMethods(Invoker.java:1231)
	at org.testng.internal.TestMethodWorker.invokeTestMethods(TestMethodWorker.java:127)
	at org.testng.internal.TestMethodWorker.run(TestMethodWorker.java:111)
	at org.testng.TestRunner.privateRun(TestRunner.java:767)
	at org.testng.TestRunner.run(TestRunner.java:617)
	at org.testng.SuiteRunner.runTest(SuiteRunner.java:348)
	at org.testng.SuiteRunner.runSequentially(SuiteRunner.java:343)
	at org.testng.SuiteRunner.privateRun(SuiteRunner.java:305)
	at org.testng.SuiteRunner.run(SuiteRunner.java:254)
	at org.testng.SuiteRunnerWorker.runSuite(SuiteRunnerWorker.java:52)
	at org.testng.SuiteRunnerWorker.run(SuiteRunnerWorker.java:86)
	at org.testng.TestNG.runSuitesSequentially(TestNG.java:1224)
	at org.testng.TestNG.runSuitesLocally(TestNG.java:1149)
	at org.testng.TestNG.run(TestNG.java:1057)
	at org.testng.IDEARemoteTestNG.run(IDEARemoteTestNG.java:72)
	at org.testng.RemoteTestNGStarter.main(RemoteTestNGStarter.java:124)
	at sun.reflect.NativeMethodAccessorImpl.invoke0(Native Method)
	at sun.reflect.NativeMethodAccessorImpl.invoke(NativeMethodAccessorImpl.java:62)
	at sun.reflect.DelegatingMethodAccessorImpl.invoke(DelegatingMethodAccessorImpl.java:43)
	at java.lang.reflect.Method.invoke(Method.java:498)
	at com.intellij.rt.execution.application.AppMain.main(AppMain.java:147)
</pre></div></td>
<td>0</td>
<td>businessObject.CalculatorTest@50675690</td></tr>
<tr>
<td title='businessObject.CalculatorTest.testCtg()'><b>testCtg</b><br>Test class: businessObject.CalculatorTest<br>Parameters: 20.56, -0.1405626691891154<br/>
<a href="#Output-1816089958" onClick='toggleBox("Output-1816089958", this, "Show output", "Hide output");'>Show output</a>

<a href="#Output-1816089958" onClick="toggleAllBoxes();">Show all outputs</a>
<div class='log' id="Output-1816089958">
</br>Wed Nov 02 13:17:57 MSK 2016. Test faild: [tesNgTask][businessObject.CalculatorTest][testCtg]. Status <2>. Time duration <0>.<br/>
</br>Wed Nov 02 13:17:57 MSK 2016. Test faild: [tesNgTask][businessObject.CalculatorTest][testCtg]. Status <2>. Time duration <0>.<br/>
</div>
</td>
<td><div><pre>java.lang.AssertionError: expected [-0.1405626691891154] but found [1.0]
	at businessObject.CalculatorTest.testCtg(CalculatorTest.java:77)
	at com.intellij.rt.execution.application.AppMain.main(AppMain.java:147)
... Removed 31 stack frames</pre></div><a href='#' onClick='toggleBox("stack-trace1816089958", this, "Click to show all stack frames", "Click to hide stack frames")'>Click to show all stack frames</a>
<div class='stack-trace' id='stack-trace1816089958'><pre>java.lang.AssertionError: expected [-0.1405626691891154] but found [1.0]
	at org.testng.Assert.fail(Assert.java:94)
	at org.testng.Assert.failNotEquals(Assert.java:494)
	at org.testng.Assert.assertEquals(Assert.java:123)
	at org.testng.Assert.assertEquals(Assert.java:165)
	at businessObject.CalculatorTest.testCtg(CalculatorTest.java:77)
	at sun.reflect.NativeMethodAccessorImpl.invoke0(Native Method)
	at sun.reflect.NativeMethodAccessorImpl.invoke(NativeMethodAccessorImpl.java:62)
	at sun.reflect.DelegatingMethodAccessorImpl.invoke(DelegatingMethodAccessorImpl.java:43)
	at java.lang.reflect.Method.invoke(Method.java:498)
	at org.testng.internal.MethodInvocationHelper.invokeMethod(MethodInvocationHelper.java:84)
	at org.testng.internal.Invoker.invokeMethod(Invoker.java:714)
	at org.testng.internal.Invoker.invokeTestMethod(Invoker.java:901)
	at org.testng.internal.Invoker.invokeTestMethods(Invoker.java:1231)
	at org.testng.internal.TestMethodWorker.invokeTestMethods(TestMethodWorker.java:127)
	at org.testng.internal.TestMethodWorker.run(TestMethodWorker.java:111)
	at org.testng.TestRunner.privateRun(TestRunner.java:767)
	at org.testng.TestRunner.run(TestRunner.java:617)
	at org.testng.SuiteRunner.runTest(SuiteRunner.java:348)
	at org.testng.SuiteRunner.runSequentially(SuiteRunner.java:343)
	at org.testng.SuiteRunner.privateRun(SuiteRunner.java:305)
	at org.testng.SuiteRunner.run(SuiteRunner.java:254)
	at org.testng.SuiteRunnerWorker.runSuite(SuiteRunnerWorker.java:52)
	at org.testng.SuiteRunnerWorker.run(SuiteRunnerWorker.java:86)
	at org.testng.TestNG.runSuitesSequentially(TestNG.java:1224)
	at org.testng.TestNG.runSuitesLocally(TestNG.java:1149)
	at org.testng.TestNG.run(TestNG.java:1057)
	at org.testng.IDEARemoteTestNG.run(IDEARemoteTestNG.java:72)
	at org.testng.RemoteTestNGStarter.main(RemoteTestNGStarter.java:124)
	at sun.reflect.NativeMethodAccessorImpl.invoke0(Native Method)
	at sun.reflect.NativeMethodAccessorImpl.invoke(NativeMethodAccessorImpl.java:62)
	at sun.reflect.DelegatingMethodAccessorImpl.invoke(DelegatingMethodAccessorImpl.java:43)
	at java.lang.reflect.Method.invoke(Method.java:498)
	at com.intellij.rt.execution.application.AppMain.main(AppMain.java:147)
</pre></div></td>
<td>0</td>
<td>businessObject.CalculatorTest@50675690</td></tr>
<tr>
<td title='businessObject.CalculatorTest.testCtgFromZero()'><b>testCtgFromZero</b><br>Test class: businessObject.CalculatorTest<br>Parameters: 0.0<br/>
<a href="#Output-112619572" onClick='toggleBox("Output-112619572", this, "Show output", "Hide output");'>Show output</a>

<a href="#Output-112619572" onClick="toggleAllBoxes();">Show all outputs</a>
<div class='log' id="Output-112619572">
</br>Wed Nov 02 13:17:57 MSK 2016. Test faild: [tesNgTask][businessObject.CalculatorTest][testCtgFromZero]. Status <2>. Time duration <0>.<br/>
</br>Wed Nov 02 13:17:57 MSK 2016. Test faild: [tesNgTask][businessObject.CalculatorTest][testCtgFromZero]. Status <2>. Time duration <0>.<br/>
</div>
</td>
<td><div><pre>org.testng.TestException: 
Method CalculatorTest.testCtgFromZero(double)[pri:0, instance:businessObject.CalculatorTest@50675690] should have thrown an exception of class java.lang.IllegalArgumentException
	at com.intellij.rt.execution.application.AppMain.main(AppMain.java:147)
Method CalculatorTest.testCtgFromZero(double)[pri:0, instance:businessObject.CalculatorTest@50675690] should have thrown an exception of class java.lang.IllegalArgumentException
	... 20 more
... Removed 27 stack frames</pre></div><a href='#' onClick='toggleBox("stack-trace112619572", this, "Click to show all stack frames", "Click to hide stack frames")'>Click to show all stack frames</a>
<div class='stack-trace' id='stack-trace112619572'><pre>org.testng.TestException: 
Expected exception java.lang.IllegalArgumentException but got org.testng.TestException: 
Method CalculatorTest.testCtgFromZero(double)[pri:0, instance:businessObject.CalculatorTest@50675690] should have thrown an exception of class java.lang.IllegalArgumentException
	at org.testng.internal.Invoker.handleInvocationResults(Invoker.java:1497)
	at org.testng.internal.Invoker.invokeTestMethods(Invoker.java:1245)
	at org.testng.internal.TestMethodWorker.invokeTestMethods(TestMethodWorker.java:127)
	at org.testng.internal.TestMethodWorker.run(TestMethodWorker.java:111)
	at org.testng.TestRunner.privateRun(TestRunner.java:767)
	at org.testng.TestRunner.run(TestRunner.java:617)
	at org.testng.SuiteRunner.runTest(SuiteRunner.java:348)
	at org.testng.SuiteRunner.runSequentially(SuiteRunner.java:343)
	at org.testng.SuiteRunner.privateRun(SuiteRunner.java:305)
	at org.testng.SuiteRunner.run(SuiteRunner.java:254)
	at org.testng.SuiteRunnerWorker.runSuite(SuiteRunnerWorker.java:52)
	at org.testng.SuiteRunnerWorker.run(SuiteRunnerWorker.java:86)
	at org.testng.TestNG.runSuitesSequentially(TestNG.java:1224)
	at org.testng.TestNG.runSuitesLocally(TestNG.java:1149)
	at org.testng.TestNG.run(TestNG.java:1057)
	at org.testng.IDEARemoteTestNG.run(IDEARemoteTestNG.java:72)
	at org.testng.RemoteTestNGStarter.main(RemoteTestNGStarter.java:124)
	at sun.reflect.NativeMethodAccessorImpl.invoke0(Native Method)
	at sun.reflect.NativeMethodAccessorImpl.invoke(NativeMethodAccessorImpl.java:62)
	at sun.reflect.DelegatingMethodAccessorImpl.invoke(DelegatingMethodAccessorImpl.java:43)
	at java.lang.reflect.Method.invoke(Method.java:498)
	at com.intellij.rt.execution.application.AppMain.main(AppMain.java:147)
Caused by: org.testng.TestException: 
Method CalculatorTest.testCtgFromZero(double)[pri:0, instance:businessObject.CalculatorTest@50675690] should have thrown an exception of class java.lang.IllegalArgumentException
	at org.testng.internal.Invoker.handleInvocationResults(Invoker.java:1512)
	at org.testng.internal.Invoker.invokeMethod(Invoker.java:754)
	at org.testng.internal.Invoker.invokeTestMethod(Invoker.java:901)
	at org.testng.internal.Invoker.invokeTestMethods(Invoker.java:1231)
	... 20 more
</pre></div></td>
<td>0</td>
<td>businessObject.CalculatorTest@50675690</td></tr>
<tr>
<td title='businessObject.CalculatorTest.testDivOnZeroDouble()'><b>testDivOnZeroDouble</b><br>Test class: businessObject.CalculatorTest<br>Parameters: -656.555, 0.0<br/>
<a href="#Output-667346055" onClick='toggleBox("Output-667346055", this, "Show output", "Hide output");'>Show output</a>

<a href="#Output-667346055" onClick="toggleAllBoxes();">Show all outputs</a>
<div class='log' id="Output-667346055">
</br>Wed Nov 02 13:17:57 MSK 2016. Test faild: [tesNgTask][businessObject.CalculatorTest][testDivOnZeroDouble]. Status <2>. Time duration <0>.<br/>
</br>Wed Nov 02 13:17:57 MSK 2016. Test faild: [tesNgTask][businessObject.CalculatorTest][testDivOnZeroDouble]. Status <2>. Time duration <0>.<br/>
</div>
</td>
<td><div><pre>org.testng.TestException: 
Method CalculatorTest.testDivOnZeroDouble(double, double)[pri:0, instance:businessObject.CalculatorTest@50675690] should have thrown an exception of class java.lang.ArithmeticException
	at com.intellij.rt.execution.application.AppMain.main(AppMain.java:147)
Method CalculatorTest.testDivOnZeroDouble(double, double)[pri:0, instance:businessObject.CalculatorTest@50675690] should have thrown an exception of class java.lang.ArithmeticException
	... 20 more
... Removed 27 stack frames</pre></div><a href='#' onClick='toggleBox("stack-trace667346055", this, "Click to show all stack frames", "Click to hide stack frames")'>Click to show all stack frames</a>
<div class='stack-trace' id='stack-trace667346055'><pre>org.testng.TestException: 
Expected exception java.lang.ArithmeticException but got org.testng.TestException: 
Method CalculatorTest.testDivOnZeroDouble(double, double)[pri:0, instance:businessObject.CalculatorTest@50675690] should have thrown an exception of class java.lang.ArithmeticException
	at org.testng.internal.Invoker.handleInvocationResults(Invoker.java:1497)
	at org.testng.internal.Invoker.invokeTestMethods(Invoker.java:1245)
	at org.testng.internal.TestMethodWorker.invokeTestMethods(TestMethodWorker.java:127)
	at org.testng.internal.TestMethodWorker.run(TestMethodWorker.java:111)
	at org.testng.TestRunner.privateRun(TestRunner.java:767)
	at org.testng.TestRunner.run(TestRunner.java:617)
	at org.testng.SuiteRunner.runTest(SuiteRunner.java:348)
	at org.testng.SuiteRunner.runSequentially(SuiteRunner.java:343)
	at org.testng.SuiteRunner.privateRun(SuiteRunner.java:305)
	at org.testng.SuiteRunner.run(SuiteRunner.java:254)
	at org.testng.SuiteRunnerWorker.runSuite(SuiteRunnerWorker.java:52)
	at org.testng.SuiteRunnerWorker.run(SuiteRunnerWorker.java:86)
	at org.testng.TestNG.runSuitesSequentially(TestNG.java:1224)
	at org.testng.TestNG.runSuitesLocally(TestNG.java:1149)
	at org.testng.TestNG.run(TestNG.java:1057)
	at org.testng.IDEARemoteTestNG.run(IDEARemoteTestNG.java:72)
	at org.testng.RemoteTestNGStarter.main(RemoteTestNGStarter.java:124)
	at sun.reflect.NativeMethodAccessorImpl.invoke0(Native Method)
	at sun.reflect.NativeMethodAccessorImpl.invoke(NativeMethodAccessorImpl.java:62)
	at sun.reflect.DelegatingMethodAccessorImpl.invoke(DelegatingMethodAccessorImpl.java:43)
	at java.lang.reflect.Method.invoke(Method.java:498)
	at com.intellij.rt.execution.application.AppMain.main(AppMain.java:147)
Caused by: org.testng.TestException: 
Method CalculatorTest.testDivOnZeroDouble(double, double)[pri:0, instance:businessObject.CalculatorTest@50675690] should have thrown an exception of class java.lang.ArithmeticException
	at org.testng.internal.Invoker.handleInvocationResults(Invoker.java:1512)
	at org.testng.internal.Invoker.invokeMethod(Invoker.java:754)
	at org.testng.internal.Invoker.invokeTestMethod(Invoker.java:901)
	at org.testng.internal.Invoker.invokeTestMethods(Invoker.java:1231)
	... 20 more
</pre></div></td>
<td>0</td>
<td>businessObject.CalculatorTest@50675690</td></tr>
<tr>
<td title='businessObject.CalculatorTest.testDivOnZeroDouble()'><b>testDivOnZeroDouble</b><br>Test class: businessObject.CalculatorTest<br>Parameters: 579.2456, 0.0<br/>
<a href="#Output-1669712678" onClick='toggleBox("Output-1669712678", this, "Show output", "Hide output");'>Show output</a>

<a href="#Output-1669712678" onClick="toggleAllBoxes();">Show all outputs</a>
<div class='log' id="Output-1669712678">
</br>Wed Nov 02 13:17:57 MSK 2016. Test faild: [tesNgTask][businessObject.CalculatorTest][testDivOnZeroDouble]. Status <2>. Time duration <0>.<br/>
</br>Wed Nov 02 13:17:57 MSK 2016. Test faild: [tesNgTask][businessObject.CalculatorTest][testDivOnZeroDouble]. Status <2>. Time duration <0>.<br/>
</div>
</td>
<td><div><pre>org.testng.TestException: 
Method CalculatorTest.testDivOnZeroDouble(double, double)[pri:0, instance:businessObject.CalculatorTest@50675690] should have thrown an exception of class java.lang.ArithmeticException
	at com.intellij.rt.execution.application.AppMain.main(AppMain.java:147)
Method CalculatorTest.testDivOnZeroDouble(double, double)[pri:0, instance:businessObject.CalculatorTest@50675690] should have thrown an exception of class java.lang.ArithmeticException
	... 20 more
... Removed 27 stack frames</pre></div><a href='#' onClick='toggleBox("stack-trace1669712678", this, "Click to show all stack frames", "Click to hide stack frames")'>Click to show all stack frames</a>
<div class='stack-trace' id='stack-trace1669712678'><pre>org.testng.TestException: 
Expected exception java.lang.ArithmeticException but got org.testng.TestException: 
Method CalculatorTest.testDivOnZeroDouble(double, double)[pri:0, instance:businessObject.CalculatorTest@50675690] should have thrown an exception of class java.lang.ArithmeticException
	at org.testng.internal.Invoker.handleInvocationResults(Invoker.java:1497)
	at org.testng.internal.Invoker.invokeTestMethods(Invoker.java:1245)
	at org.testng.internal.TestMethodWorker.invokeTestMethods(TestMethodWorker.java:127)
	at org.testng.internal.TestMethodWorker.run(TestMethodWorker.java:111)
	at org.testng.TestRunner.privateRun(TestRunner.java:767)
	at org.testng.TestRunner.run(TestRunner.java:617)
	at org.testng.SuiteRunner.runTest(SuiteRunner.java:348)
	at org.testng.SuiteRunner.runSequentially(SuiteRunner.java:343)
	at org.testng.SuiteRunner.privateRun(SuiteRunner.java:305)
	at org.testng.SuiteRunner.run(SuiteRunner.java:254)
	at org.testng.SuiteRunnerWorker.runSuite(SuiteRunnerWorker.java:52)
	at org.testng.SuiteRunnerWorker.run(SuiteRunnerWorker.java:86)
	at org.testng.TestNG.runSuitesSequentially(TestNG.java:1224)
	at org.testng.TestNG.runSuitesLocally(TestNG.java:1149)
	at org.testng.TestNG.run(TestNG.java:1057)
	at org.testng.IDEARemoteTestNG.run(IDEARemoteTestNG.java:72)
	at org.testng.RemoteTestNGStarter.main(RemoteTestNGStarter.java:124)
	at sun.reflect.NativeMethodAccessorImpl.invoke0(Native Method)
	at sun.reflect.NativeMethodAccessorImpl.invoke(NativeMethodAccessorImpl.java:62)
	at sun.reflect.DelegatingMethodAccessorImpl.invoke(DelegatingMethodAccessorImpl.java:43)
	at java.lang.reflect.Method.invoke(Method.java:498)
	at com.intellij.rt.execution.application.AppMain.main(AppMain.java:147)
Caused by: org.testng.TestException: 
Method CalculatorTest.testDivOnZeroDouble(double, double)[pri:0, instance:businessObject.CalculatorTest@50675690] should have thrown an exception of class java.lang.ArithmeticException
	at org.testng.internal.Invoker.handleInvocationResults(Invoker.java:1512)
	at org.testng.internal.Invoker.invokeMethod(Invoker.java:754)
	at org.testng.internal.Invoker.invokeTestMethod(Invoker.java:901)
	at org.testng.internal.Invoker.invokeTestMethods(Invoker.java:1231)
	... 20 more
</pre></div></td>
<td>0</td>
<td>businessObject.CalculatorTest@50675690</td></tr>
<tr>
<td title='businessObject.CalculatorTest.testDivOnZeroDouble()'><b>testDivOnZeroDouble</b><br>Test class: businessObject.CalculatorTest<br>Parameters: 0.0, 0.0<br/>
<a href="#Output-683962652" onClick='toggleBox("Output-683962652", this, "Show output", "Hide output");'>Show output</a>

<a href="#Output-683962652" onClick="toggleAllBoxes();">Show all outputs</a>
<div class='log' id="Output-683962652">
</br>Wed Nov 02 13:17:57 MSK 2016. Test faild: [tesNgTask][businessObject.CalculatorTest][testDivOnZeroDouble]. Status <2>. Time duration <0>.<br/>
</br>Wed Nov 02 13:17:57 MSK 2016. Test faild: [tesNgTask][businessObject.CalculatorTest][testDivOnZeroDouble]. Status <2>. Time duration <0>.<br/>
</div>
</td>
<td><div><pre>org.testng.TestException: 
Method CalculatorTest.testDivOnZeroDouble(double, double)[pri:0, instance:businessObject.CalculatorTest@50675690] should have thrown an exception of class java.lang.ArithmeticException
	at com.intellij.rt.execution.application.AppMain.main(AppMain.java:147)
Method CalculatorTest.testDivOnZeroDouble(double, double)[pri:0, instance:businessObject.CalculatorTest@50675690] should have thrown an exception of class java.lang.ArithmeticException
	... 20 more
... Removed 27 stack frames</pre></div><a href='#' onClick='toggleBox("stack-trace683962652", this, "Click to show all stack frames", "Click to hide stack frames")'>Click to show all stack frames</a>
<div class='stack-trace' id='stack-trace683962652'><pre>org.testng.TestException: 
Expected exception java.lang.ArithmeticException but got org.testng.TestException: 
Method CalculatorTest.testDivOnZeroDouble(double, double)[pri:0, instance:businessObject.CalculatorTest@50675690] should have thrown an exception of class java.lang.ArithmeticException
	at org.testng.internal.Invoker.handleInvocationResults(Invoker.java:1497)
	at org.testng.internal.Invoker.invokeTestMethods(Invoker.java:1245)
	at org.testng.internal.TestMethodWorker.invokeTestMethods(TestMethodWorker.java:127)
	at org.testng.internal.TestMethodWorker.run(TestMethodWorker.java:111)
	at org.testng.TestRunner.privateRun(TestRunner.java:767)
	at org.testng.TestRunner.run(TestRunner.java:617)
	at org.testng.SuiteRunner.runTest(SuiteRunner.java:348)
	at org.testng.SuiteRunner.runSequentially(SuiteRunner.java:343)
	at org.testng.SuiteRunner.privateRun(SuiteRunner.java:305)
	at org.testng.SuiteRunner.run(SuiteRunner.java:254)
	at org.testng.SuiteRunnerWorker.runSuite(SuiteRunnerWorker.java:52)
	at org.testng.SuiteRunnerWorker.run(SuiteRunnerWorker.java:86)
	at org.testng.TestNG.runSuitesSequentially(TestNG.java:1224)
	at org.testng.TestNG.runSuitesLocally(TestNG.java:1149)
	at org.testng.TestNG.run(TestNG.java:1057)
	at org.testng.IDEARemoteTestNG.run(IDEARemoteTestNG.java:72)
	at org.testng.RemoteTestNGStarter.main(RemoteTestNGStarter.java:124)
	at sun.reflect.NativeMethodAccessorImpl.invoke0(Native Method)
	at sun.reflect.NativeMethodAccessorImpl.invoke(NativeMethodAccessorImpl.java:62)
	at sun.reflect.DelegatingMethodAccessorImpl.invoke(DelegatingMethodAccessorImpl.java:43)
	at java.lang.reflect.Method.invoke(Method.java:498)
	at com.intellij.rt.execution.application.AppMain.main(AppMain.java:147)
Caused by: org.testng.TestException: 
Method CalculatorTest.testDivOnZeroDouble(double, double)[pri:0, instance:businessObject.CalculatorTest@50675690] should have thrown an exception of class java.lang.ArithmeticException
	at org.testng.internal.Invoker.handleInvocationResults(Invoker.java:1512)
	at org.testng.internal.Invoker.invokeMethod(Invoker.java:754)
	at org.testng.internal.Invoker.invokeTestMethod(Invoker.java:901)
	at org.testng.internal.Invoker.invokeTestMethods(Invoker.java:1231)
	... 20 more
</pre></div></td>
<td>0</td>
<td>businessObject.CalculatorTest@50675690</td></tr>
<tr>
<td title='businessObject.CalculatorTest.testDivOnZeroLong()'><b>testDivOnZeroLong</b><br>Test class: businessObject.CalculatorTest<br>Parameters: 555556549, 0<br/>
<a href="#Output-341853399" onClick='toggleBox("Output-341853399", this, "Show output", "Hide output");'>Show output</a>

<a href="#Output-341853399" onClick="toggleAllBoxes();">Show all outputs</a>
<div class='log' id="Output-341853399">
</br>Wed Nov 02 13:17:57 MSK 2016. Test faild: [tesNgTask][businessObject.CalculatorTest][testDivOnZeroLong]. Status <2>. Time duration <0>.<br/>
</br>Wed Nov 02 13:17:57 MSK 2016. Test faild: [tesNgTask][businessObject.CalculatorTest][testDivOnZeroLong]. Status <2>. Time duration <0>.<br/>
</div>
</td>
<td><div><pre>org.testng.TestException: 
Expected exception java.lang.ArithmeticException but got java.lang.NumberFormatException: Attempt to divide by zero
	at com.intellij.rt.execution.application.AppMain.main(AppMain.java:147)
Expected exception java.lang.ArithmeticException but got java.lang.NumberFormatException: Attempt to divide by zero
	... 20 more
Caused by: java.lang.NumberFormatException: Attempt to divide by zero
	at businessObject.Calculator.div(Calculator.java:36)
	at businessObject.CalculatorTest.testDivOnZeroLong(CalculatorTest.java:102)
	... 22 more
... Removed 33 stack frames</pre></div><a href='#' onClick='toggleBox("stack-trace341853399", this, "Click to show all stack frames", "Click to hide stack frames")'>Click to show all stack frames</a>
<div class='stack-trace' id='stack-trace341853399'><pre>org.testng.TestException: 
Expected exception java.lang.ArithmeticException but got org.testng.TestException: 
Expected exception java.lang.ArithmeticException but got java.lang.NumberFormatException: Attempt to divide by zero
	at org.testng.internal.Invoker.handleInvocationResults(Invoker.java:1497)
	at org.testng.internal.Invoker.invokeTestMethods(Invoker.java:1245)
	at org.testng.internal.TestMethodWorker.invokeTestMethods(TestMethodWorker.java:127)
	at org.testng.internal.TestMethodWorker.run(TestMethodWorker.java:111)
	at org.testng.TestRunner.privateRun(TestRunner.java:767)
	at org.testng.TestRunner.run(TestRunner.java:617)
	at org.testng.SuiteRunner.runTest(SuiteRunner.java:348)
	at org.testng.SuiteRunner.runSequentially(SuiteRunner.java:343)
	at org.testng.SuiteRunner.privateRun(SuiteRunner.java:305)
	at org.testng.SuiteRunner.run(SuiteRunner.java:254)
	at org.testng.SuiteRunnerWorker.runSuite(SuiteRunnerWorker.java:52)
	at org.testng.SuiteRunnerWorker.run(SuiteRunnerWorker.java:86)
	at org.testng.TestNG.runSuitesSequentially(TestNG.java:1224)
	at org.testng.TestNG.runSuitesLocally(TestNG.java:1149)
	at org.testng.TestNG.run(TestNG.java:1057)
	at org.testng.IDEARemoteTestNG.run(IDEARemoteTestNG.java:72)
	at org.testng.RemoteTestNGStarter.main(RemoteTestNGStarter.java:124)
	at sun.reflect.NativeMethodAccessorImpl.invoke0(Native Method)
	at sun.reflect.NativeMethodAccessorImpl.invoke(NativeMethodAccessorImpl.java:62)
	at sun.reflect.DelegatingMethodAccessorImpl.invoke(DelegatingMethodAccessorImpl.java:43)
	at java.lang.reflect.Method.invoke(Method.java:498)
	at com.intellij.rt.execution.application.AppMain.main(AppMain.java:147)
Caused by: org.testng.TestException: 
Expected exception java.lang.ArithmeticException but got java.lang.NumberFormatException: Attempt to divide by zero
	at org.testng.internal.Invoker.handleInvocationResults(Invoker.java:1497)
	at org.testng.internal.Invoker.invokeMethod(Invoker.java:754)
	at org.testng.internal.Invoker.invokeTestMethod(Invoker.java:901)
	at org.testng.internal.Invoker.invokeTestMethods(Invoker.java:1231)
	... 20 more
Caused by: java.lang.NumberFormatException: Attempt to divide by zero
	at businessObject.Calculator.div(Calculator.java:36)
	at businessObject.CalculatorTest.testDivOnZeroLong(CalculatorTest.java:102)
	at sun.reflect.NativeMethodAccessorImpl.invoke0(Native Method)
	at sun.reflect.NativeMethodAccessorImpl.invoke(NativeMethodAccessorImpl.java:62)
	at sun.reflect.DelegatingMethodAccessorImpl.invoke(DelegatingMethodAccessorImpl.java:43)
	at java.lang.reflect.Method.invoke(Method.java:498)
	at org.testng.internal.MethodInvocationHelper.invokeMethod(MethodInvocationHelper.java:84)
	at org.testng.internal.Invoker.invokeMethod(Invoker.java:714)
	... 22 more
</pre></div></td>
<td>0</td>
<td>businessObject.CalculatorTest@50675690</td></tr>
<tr>
<td title='businessObject.CalculatorTest.testDivOnZeroLong()'><b>testDivOnZeroLong</b><br>Test class: businessObject.CalculatorTest<br>Parameters: -659894, 0<br/>
<a href="#Output-1195067075" onClick='toggleBox("Output-1195067075", this, "Show output", "Hide output");'>Show output</a>

<a href="#Output-1195067075" onClick="toggleAllBoxes();">Show all outputs</a>
<div class='log' id="Output-1195067075">
</br>Wed Nov 02 13:17:57 MSK 2016. Test faild: [tesNgTask][businessObject.CalculatorTest][testDivOnZeroLong]. Status <2>. Time duration <0>.<br/>
</br>Wed Nov 02 13:17:57 MSK 2016. Test faild: [tesNgTask][businessObject.CalculatorTest][testDivOnZeroLong]. Status <2>. Time duration <0>.<br/>
</div>
</td>
<td><div><pre>org.testng.TestException: 
Expected exception java.lang.ArithmeticException but got java.lang.NumberFormatException: Attempt to divide by zero
	at com.intellij.rt.execution.application.AppMain.main(AppMain.java:147)
Expected exception java.lang.ArithmeticException but got java.lang.NumberFormatException: Attempt to divide by zero
	... 20 more
Caused by: java.lang.NumberFormatException: Attempt to divide by zero
	at businessObject.Calculator.div(Calculator.java:36)
	at businessObject.CalculatorTest.testDivOnZeroLong(CalculatorTest.java:102)
	... 22 more
... Removed 33 stack frames</pre></div><a href='#' onClick='toggleBox("stack-trace1195067075", this, "Click to show all stack frames", "Click to hide stack frames")'>Click to show all stack frames</a>
<div class='stack-trace' id='stack-trace1195067075'><pre>org.testng.TestException: 
Expected exception java.lang.ArithmeticException but got org.testng.TestException: 
Expected exception java.lang.ArithmeticException but got java.lang.NumberFormatException: Attempt to divide by zero
	at org.testng.internal.Invoker.handleInvocationResults(Invoker.java:1497)
	at org.testng.internal.Invoker.invokeTestMethods(Invoker.java:1245)
	at org.testng.internal.TestMethodWorker.invokeTestMethods(TestMethodWorker.java:127)
	at org.testng.internal.TestMethodWorker.run(TestMethodWorker.java:111)
	at org.testng.TestRunner.privateRun(TestRunner.java:767)
	at org.testng.TestRunner.run(TestRunner.java:617)
	at org.testng.SuiteRunner.runTest(SuiteRunner.java:348)
	at org.testng.SuiteRunner.runSequentially(SuiteRunner.java:343)
	at org.testng.SuiteRunner.privateRun(SuiteRunner.java:305)
	at org.testng.SuiteRunner.run(SuiteRunner.java:254)
	at org.testng.SuiteRunnerWorker.runSuite(SuiteRunnerWorker.java:52)
	at org.testng.SuiteRunnerWorker.run(SuiteRunnerWorker.java:86)
	at org.testng.TestNG.runSuitesSequentially(TestNG.java:1224)
	at org.testng.TestNG.runSuitesLocally(TestNG.java:1149)
	at org.testng.TestNG.run(TestNG.java:1057)
	at org.testng.IDEARemoteTestNG.run(IDEARemoteTestNG.java:72)
	at org.testng.RemoteTestNGStarter.main(RemoteTestNGStarter.java:124)
	at sun.reflect.NativeMethodAccessorImpl.invoke0(Native Method)
	at sun.reflect.NativeMethodAccessorImpl.invoke(NativeMethodAccessorImpl.java:62)
	at sun.reflect.DelegatingMethodAccessorImpl.invoke(DelegatingMethodAccessorImpl.java:43)
	at java.lang.reflect.Method.invoke(Method.java:498)
	at com.intellij.rt.execution.application.AppMain.main(AppMain.java:147)
Caused by: org.testng.TestException: 
Expected exception java.lang.ArithmeticException but got java.lang.NumberFormatException: Attempt to divide by zero
	at org.testng.internal.Invoker.handleInvocationResults(Invoker.java:1497)
	at org.testng.internal.Invoker.invokeMethod(Invoker.java:754)
	at org.testng.internal.Invoker.invokeTestMethod(Invoker.java:901)
	at org.testng.internal.Invoker.invokeTestMethods(Invoker.java:1231)
	... 20 more
Caused by: java.lang.NumberFormatException: Attempt to divide by zero
	at businessObject.Calculator.div(Calculator.java:36)
	at businessObject.CalculatorTest.testDivOnZeroLong(CalculatorTest.java:102)
	at sun.reflect.NativeMethodAccessorImpl.invoke0(Native Method)
	at sun.reflect.NativeMethodAccessorImpl.invoke(NativeMethodAccessorImpl.java:62)
	at sun.reflect.DelegatingMethodAccessorImpl.invoke(DelegatingMethodAccessorImpl.java:43)
	at java.lang.reflect.Method.invoke(Method.java:498)
	at org.testng.internal.MethodInvocationHelper.invokeMethod(MethodInvocationHelper.java:84)
	at org.testng.internal.Invoker.invokeMethod(Invoker.java:714)
	... 22 more
</pre></div></td>
<td>0</td>
<td>businessObject.CalculatorTest@50675690</td></tr>
<tr>
<td title='businessObject.CalculatorTest.testDivOnZeroLong()'><b>testDivOnZeroLong</b><br>Test class: businessObject.CalculatorTest<br>Parameters: 0, 0<br/>
<a href="#Output-1684792003" onClick='toggleBox("Output-1684792003", this, "Show output", "Hide output");'>Show output</a>

<a href="#Output-1684792003" onClick="toggleAllBoxes();">Show all outputs</a>
<div class='log' id="Output-1684792003">
</br>Wed Nov 02 13:17:57 MSK 2016. Test faild: [tesNgTask][businessObject.CalculatorTest][testDivOnZeroLong]. Status <2>. Time duration <0>.<br/>
</br>Wed Nov 02 13:17:57 MSK 2016. Test faild: [tesNgTask][businessObject.CalculatorTest][testDivOnZeroLong]. Status <2>. Time duration <0>.<br/>
</div>
</td>
<td><div><pre>org.testng.TestException: 
Expected exception java.lang.ArithmeticException but got java.lang.NumberFormatException: Attempt to divide by zero
	at com.intellij.rt.execution.application.AppMain.main(AppMain.java:147)
Expected exception java.lang.ArithmeticException but got java.lang.NumberFormatException: Attempt to divide by zero
	... 20 more
Caused by: java.lang.NumberFormatException: Attempt to divide by zero
	at businessObject.Calculator.div(Calculator.java:36)
	at businessObject.CalculatorTest.testDivOnZeroLong(CalculatorTest.java:102)
	... 22 more
... Removed 33 stack frames</pre></div><a href='#' onClick='toggleBox("stack-trace1684792003", this, "Click to show all stack frames", "Click to hide stack frames")'>Click to show all stack frames</a>
<div class='stack-trace' id='stack-trace1684792003'><pre>org.testng.TestException: 
Expected exception java.lang.ArithmeticException but got org.testng.TestException: 
Expected exception java.lang.ArithmeticException but got java.lang.NumberFormatException: Attempt to divide by zero
	at org.testng.internal.Invoker.handleInvocationResults(Invoker.java:1497)
	at org.testng.internal.Invoker.invokeTestMethods(Invoker.java:1245)
	at org.testng.internal.TestMethodWorker.invokeTestMethods(TestMethodWorker.java:127)
	at org.testng.internal.TestMethodWorker.run(TestMethodWorker.java:111)
	at org.testng.TestRunner.privateRun(TestRunner.java:767)
	at org.testng.TestRunner.run(TestRunner.java:617)
	at org.testng.SuiteRunner.runTest(SuiteRunner.java:348)
	at org.testng.SuiteRunner.runSequentially(SuiteRunner.java:343)
	at org.testng.SuiteRunner.privateRun(SuiteRunner.java:305)
	at org.testng.SuiteRunner.run(SuiteRunner.java:254)
	at org.testng.SuiteRunnerWorker.runSuite(SuiteRunnerWorker.java:52)
	at org.testng.SuiteRunnerWorker.run(SuiteRunnerWorker.java:86)
	at org.testng.TestNG.runSuitesSequentially(TestNG.java:1224)
	at org.testng.TestNG.runSuitesLocally(TestNG.java:1149)
	at org.testng.TestNG.run(TestNG.java:1057)
	at org.testng.IDEARemoteTestNG.run(IDEARemoteTestNG.java:72)
	at org.testng.RemoteTestNGStarter.main(RemoteTestNGStarter.java:124)
	at sun.reflect.NativeMethodAccessorImpl.invoke0(Native Method)
	at sun.reflect.NativeMethodAccessorImpl.invoke(NativeMethodAccessorImpl.java:62)
	at sun.reflect.DelegatingMethodAccessorImpl.invoke(DelegatingMethodAccessorImpl.java:43)
	at java.lang.reflect.Method.invoke(Method.java:498)
	at com.intellij.rt.execution.application.AppMain.main(AppMain.java:147)
Caused by: org.testng.TestException: 
Expected exception java.lang.ArithmeticException but got java.lang.NumberFormatException: Attempt to divide by zero
	at org.testng.internal.Invoker.handleInvocationResults(Invoker.java:1497)
	at org.testng.internal.Invoker.invokeMethod(Invoker.java:754)
	at org.testng.internal.Invoker.invokeTestMethod(Invoker.java:901)
	at org.testng.internal.Invoker.invokeTestMethods(Invoker.java:1231)
	... 20 more
Caused by: java.lang.NumberFormatException: Attempt to divide by zero
	at businessObject.Calculator.div(Calculator.java:36)
	at businessObject.CalculatorTest.testDivOnZeroLong(CalculatorTest.java:102)
	at sun.reflect.NativeMethodAccessorImpl.invoke0(Native Method)
	at sun.reflect.NativeMethodAccessorImpl.invoke(NativeMethodAccessorImpl.java:62)
	at sun.reflect.DelegatingMethodAccessorImpl.invoke(DelegatingMethodAccessorImpl.java:43)
	at java.lang.reflect.Method.invoke(Method.java:498)
	at org.testng.internal.MethodInvocationHelper.invokeMethod(MethodInvocationHelper.java:84)
	at org.testng.internal.Invoker.invokeMethod(Invoker.java:714)
	... 22 more
</pre></div></td>
<td>0</td>
<td>businessObject.CalculatorTest@50675690</td></tr>
<tr>
<td title='businessObject.CalculatorTest.testIsNegWithPositiveNumber()'><b>testIsNegWithPositiveNumber</b><br>Test class: businessObject.CalculatorTest<br>Parameters: 4546468.0<br/>
<a href="#Output-433874882" onClick='toggleBox("Output-433874882", this, "Show output", "Hide output");'>Show output</a>

<a href="#Output-433874882" onClick="toggleAllBoxes();">Show all outputs</a>
<div class='log' id="Output-433874882">
</br>Wed Nov 02 13:17:57 MSK 2016. Test faild: [tesNgTask][businessObject.CalculatorTest][testIsNegWithPositiveNumber]. Status <2>. Time duration <0>.<br/>
</br>Wed Nov 02 13:17:57 MSK 2016. Test faild: [tesNgTask][businessObject.CalculatorTest][testIsNegWithPositiveNumber]. Status <2>. Time duration <0>.<br/>
</div>
</td>
<td><div><pre>java.lang.IllegalArgumentException: argument type mismatch
	at com.intellij.rt.execution.application.AppMain.main(AppMain.java:147)
... Removed 27 stack frames</pre></div><a href='#' onClick='toggleBox("stack-trace433874882", this, "Click to show all stack frames", "Click to hide stack frames")'>Click to show all stack frames</a>
<div class='stack-trace' id='stack-trace433874882'><pre>java.lang.IllegalArgumentException: argument type mismatch
	at sun.reflect.NativeMethodAccessorImpl.invoke0(Native Method)
	at sun.reflect.NativeMethodAccessorImpl.invoke(NativeMethodAccessorImpl.java:62)
	at sun.reflect.DelegatingMethodAccessorImpl.invoke(DelegatingMethodAccessorImpl.java:43)
	at java.lang.reflect.Method.invoke(Method.java:498)
	at org.testng.internal.MethodInvocationHelper.invokeMethod(MethodInvocationHelper.java:84)
	at org.testng.internal.Invoker.invokeMethod(Invoker.java:714)
	at org.testng.internal.Invoker.invokeTestMethod(Invoker.java:901)
	at org.testng.internal.Invoker.invokeTestMethods(Invoker.java:1231)
	at org.testng.internal.TestMethodWorker.invokeTestMethods(TestMethodWorker.java:127)
	at org.testng.internal.TestMethodWorker.run(TestMethodWorker.java:111)
	at org.testng.TestRunner.privateRun(TestRunner.java:767)
	at org.testng.TestRunner.run(TestRunner.java:617)
	at org.testng.SuiteRunner.runTest(SuiteRunner.java:348)
	at org.testng.SuiteRunner.runSequentially(SuiteRunner.java:343)
	at org.testng.SuiteRunner.privateRun(SuiteRunner.java:305)
	at org.testng.SuiteRunner.run(SuiteRunner.java:254)
	at org.testng.SuiteRunnerWorker.runSuite(SuiteRunnerWorker.java:52)
	at org.testng.SuiteRunnerWorker.run(SuiteRunnerWorker.java:86)
	at org.testng.TestNG.runSuitesSequentially(TestNG.java:1224)
	at org.testng.TestNG.runSuitesLocally(TestNG.java:1149)
	at org.testng.TestNG.run(TestNG.java:1057)
	at org.testng.IDEARemoteTestNG.run(IDEARemoteTestNG.java:72)
	at org.testng.RemoteTestNGStarter.main(RemoteTestNGStarter.java:124)
	at sun.reflect.NativeMethodAccessorImpl.invoke0(Native Method)
	at sun.reflect.NativeMethodAccessorImpl.invoke(NativeMethodAccessorImpl.java:62)
	at sun.reflect.DelegatingMethodAccessorImpl.invoke(DelegatingMethodAccessorImpl.java:43)
	at java.lang.reflect.Method.invoke(Method.java:498)
	at com.intellij.rt.execution.application.AppMain.main(AppMain.java:147)
</pre></div></td>
<td>0</td>
<td>businessObject.CalculatorTest@50675690</td></tr>
<tr>
<td title='businessObject.CalculatorTest.testIsPositive()'><b>testIsPositive</b><br>Test class: businessObject.CalculatorTest<br>Parameters: -555<br/>
<a href="#Output-231977479" onClick='toggleBox("Output-231977479", this, "Show output", "Hide output");'>Show output</a>

<a href="#Output-231977479" onClick="toggleAllBoxes();">Show all outputs</a>
<div class='log' id="Output-231977479">
</br>Wed Nov 02 13:17:57 MSK 2016. Test faild: [tesNgTask][businessObject.CalculatorTest][testIsPositive]. Status <2>. Time duration <0>.<br/>
</br>Wed Nov 02 13:17:57 MSK 2016. Test faild: [tesNgTask][businessObject.CalculatorTest][testIsPositive]. Status <2>. Time duration <0>.<br/>
</div>
</td>
<td><div><pre>java.lang.AssertionError: expected [true] but found [false]
	at businessObject.CalculatorTest.testIsPositive(CalculatorTest.java:92)
	at com.intellij.rt.execution.application.AppMain.main(AppMain.java:147)
... Removed 31 stack frames</pre></div><a href='#' onClick='toggleBox("stack-trace231977479", this, "Click to show all stack frames", "Click to hide stack frames")'>Click to show all stack frames</a>
<div class='stack-trace' id='stack-trace231977479'><pre>java.lang.AssertionError: expected [true] but found [false]
	at org.testng.Assert.fail(Assert.java:94)
	at org.testng.Assert.failNotEquals(Assert.java:494)
	at org.testng.Assert.assertTrue(Assert.java:42)
	at org.testng.Assert.assertTrue(Assert.java:52)
	at businessObject.CalculatorTest.testIsPositive(CalculatorTest.java:92)
	at sun.reflect.NativeMethodAccessorImpl.invoke0(Native Method)
	at sun.reflect.NativeMethodAccessorImpl.invoke(NativeMethodAccessorImpl.java:62)
	at sun.reflect.DelegatingMethodAccessorImpl.invoke(DelegatingMethodAccessorImpl.java:43)
	at java.lang.reflect.Method.invoke(Method.java:498)
	at org.testng.internal.MethodInvocationHelper.invokeMethod(MethodInvocationHelper.java:84)
	at org.testng.internal.Invoker.invokeMethod(Invoker.java:714)
	at org.testng.internal.Invoker.invokeTestMethod(Invoker.java:901)
	at org.testng.internal.Invoker.invokeTestMethods(Invoker.java:1231)
	at org.testng.internal.TestMethodWorker.invokeTestMethods(TestMethodWorker.java:127)
	at org.testng.internal.TestMethodWorker.run(TestMethodWorker.java:111)
	at org.testng.TestRunner.privateRun(TestRunner.java:767)
	at org.testng.TestRunner.run(TestRunner.java:617)
	at org.testng.SuiteRunner.runTest(SuiteRunner.java:348)
	at org.testng.SuiteRunner.runSequentially(SuiteRunner.java:343)
	at org.testng.SuiteRunner.privateRun(SuiteRunner.java:305)
	at org.testng.SuiteRunner.run(SuiteRunner.java:254)
	at org.testng.SuiteRunnerWorker.runSuite(SuiteRunnerWorker.java:52)
	at org.testng.SuiteRunnerWorker.run(SuiteRunnerWorker.java:86)
	at org.testng.TestNG.runSuitesSequentially(TestNG.java:1224)
	at org.testng.TestNG.runSuitesLocally(TestNG.java:1149)
	at org.testng.TestNG.run(TestNG.java:1057)
	at org.testng.IDEARemoteTestNG.run(IDEARemoteTestNG.java:72)
	at org.testng.RemoteTestNGStarter.main(RemoteTestNGStarter.java:124)
	at sun.reflect.NativeMethodAccessorImpl.invoke0(Native Method)
	at sun.reflect.NativeMethodAccessorImpl.invoke(NativeMethodAccessorImpl.java:62)
	at sun.reflect.DelegatingMethodAccessorImpl.invoke(DelegatingMethodAccessorImpl.java:43)
	at java.lang.reflect.Method.invoke(Method.java:498)
	at com.intellij.rt.execution.application.AppMain.main(AppMain.java:147)
</pre></div></td>
<td>0</td>
<td>businessObject.CalculatorTest@50675690</td></tr>
<tr>
<td title='businessObject.CalculatorTest.testMultDouble()'><b>testMultDouble</b><br>Test class: businessObject.CalculatorTest<br>Parameters: 456789.2323, 6.258, 2740734.0, 1.0E-10<br/>
<a href="#Output-1890627974" onClick='toggleBox("Output-1890627974", this, "Show output", "Hide output");'>Show output</a>

<a href="#Output-1890627974" onClick="toggleAllBoxes();">Show all outputs</a>
<div class='log' id="Output-1890627974">
</br>Wed Nov 02 13:17:57 MSK 2016. Test faild: [tesNgTask][businessObject.CalculatorTest][testMultDouble]. Status <2>. Time duration <0>.<br/>
</br>Wed Nov 02 13:17:57 MSK 2016. Test faild: [tesNgTask][businessObject.CalculatorTest][testMultDouble]. Status <2>. Time duration <0>.<br/>
</div>
</td>
<td><div><pre>java.lang.AssertionError: expected [2740734.0] but found [2858587.0]
	at businessObject.CalculatorTest.testMultDouble(CalculatorTest.java:47)
	at com.intellij.rt.execution.application.AppMain.main(AppMain.java:147)
... Removed 31 stack frames</pre></div><a href='#' onClick='toggleBox("stack-trace1890627974", this, "Click to show all stack frames", "Click to hide stack frames")'>Click to show all stack frames</a>
<div class='stack-trace' id='stack-trace1890627974'><pre>java.lang.AssertionError: expected [2740734.0] but found [2858587.0]
	at org.testng.Assert.fail(Assert.java:94)
	at org.testng.Assert.failNotEquals(Assert.java:494)
	at org.testng.Assert.assertEquals(Assert.java:207)
	at org.testng.Assert.assertEquals(Assert.java:220)
	at businessObject.CalculatorTest.testMultDouble(CalculatorTest.java:47)
	at sun.reflect.NativeMethodAccessorImpl.invoke0(Native Method)
	at sun.reflect.NativeMethodAccessorImpl.invoke(NativeMethodAccessorImpl.java:62)
	at sun.reflect.DelegatingMethodAccessorImpl.invoke(DelegatingMethodAccessorImpl.java:43)
	at java.lang.reflect.Method.invoke(Method.java:498)
	at org.testng.internal.MethodInvocationHelper.invokeMethod(MethodInvocationHelper.java:84)
	at org.testng.internal.Invoker.invokeMethod(Invoker.java:714)
	at org.testng.internal.Invoker.invokeTestMethod(Invoker.java:901)
	at org.testng.internal.Invoker.invokeTestMethods(Invoker.java:1231)
	at org.testng.internal.TestMethodWorker.invokeTestMethods(TestMethodWorker.java:127)
	at org.testng.internal.TestMethodWorker.run(TestMethodWorker.java:111)
	at org.testng.TestRunner.privateRun(TestRunner.java:767)
	at org.testng.TestRunner.run(TestRunner.java:617)
	at org.testng.SuiteRunner.runTest(SuiteRunner.java:348)
	at org.testng.SuiteRunner.runSequentially(SuiteRunner.java:343)
	at org.testng.SuiteRunner.privateRun(SuiteRunner.java:305)
	at org.testng.SuiteRunner.run(SuiteRunner.java:254)
	at org.testng.SuiteRunnerWorker.runSuite(SuiteRunnerWorker.java:52)
	at org.testng.SuiteRunnerWorker.run(SuiteRunnerWorker.java:86)
	at org.testng.TestNG.runSuitesSequentially(TestNG.java:1224)
	at org.testng.TestNG.runSuitesLocally(TestNG.java:1149)
	at org.testng.TestNG.run(TestNG.java:1057)
	at org.testng.IDEARemoteTestNG.run(IDEARemoteTestNG.java:72)
	at org.testng.RemoteTestNGStarter.main(RemoteTestNGStarter.java:124)
	at sun.reflect.NativeMethodAccessorImpl.invoke0(Native Method)
	at sun.reflect.NativeMethodAccessorImpl.invoke(NativeMethodAccessorImpl.java:62)
	at sun.reflect.DelegatingMethodAccessorImpl.invoke(DelegatingMethodAccessorImpl.java:43)
	at java.lang.reflect.Method.invoke(Method.java:498)
	at com.intellij.rt.execution.application.AppMain.main(AppMain.java:147)
</pre></div></td>
<td>0</td>
<td>businessObject.CalculatorTest@50675690</td></tr>
<tr>
<td title='businessObject.CalculatorTest.testMultDouble()'><b>testMultDouble</b><br>Test class: businessObject.CalculatorTest<br>Parameters: -5.213, -5.24, 25.0, 1.0E-10<br/>
<a href="#Output-1935972447" onClick='toggleBox("Output-1935972447", this, "Show output", "Hide output");'>Show output</a>

<a href="#Output-1935972447" onClick="toggleAllBoxes();">Show all outputs</a>
<div class='log' id="Output-1935972447">
</br>Wed Nov 02 13:17:57 MSK 2016. Test faild: [tesNgTask][businessObject.CalculatorTest][testMultDouble]. Status <2>. Time duration <0>.<br/>
</br>Wed Nov 02 13:17:57 MSK 2016. Test faild: [tesNgTask][businessObject.CalculatorTest][testMultDouble]. Status <2>. Time duration <0>.<br/>
</div>
</td>
<td><div><pre>java.lang.AssertionError: expected [25.0] but found [27.0]
	at businessObject.CalculatorTest.testMultDouble(CalculatorTest.java:47)
	at com.intellij.rt.execution.application.AppMain.main(AppMain.java:147)
... Removed 31 stack frames</pre></div><a href='#' onClick='toggleBox("stack-trace1935972447", this, "Click to show all stack frames", "Click to hide stack frames")'>Click to show all stack frames</a>
<div class='stack-trace' id='stack-trace1935972447'><pre>java.lang.AssertionError: expected [25.0] but found [27.0]
	at org.testng.Assert.fail(Assert.java:94)
	at org.testng.Assert.failNotEquals(Assert.java:494)
	at org.testng.Assert.assertEquals(Assert.java:207)
	at org.testng.Assert.assertEquals(Assert.java:220)
	at businessObject.CalculatorTest.testMultDouble(CalculatorTest.java:47)
	at sun.reflect.NativeMethodAccessorImpl.invoke0(Native Method)
	at sun.reflect.NativeMethodAccessorImpl.invoke(NativeMethodAccessorImpl.java:62)
	at sun.reflect.DelegatingMethodAccessorImpl.invoke(DelegatingMethodAccessorImpl.java:43)
	at java.lang.reflect.Method.invoke(Method.java:498)
	at org.testng.internal.MethodInvocationHelper.invokeMethod(MethodInvocationHelper.java:84)
	at org.testng.internal.Invoker.invokeMethod(Invoker.java:714)
	at org.testng.internal.Invoker.invokeTestMethod(Invoker.java:901)
	at org.testng.internal.Invoker.invokeTestMethods(Invoker.java:1231)
	at org.testng.internal.TestMethodWorker.invokeTestMethods(TestMethodWorker.java:127)
	at org.testng.internal.TestMethodWorker.run(TestMethodWorker.java:111)
	at org.testng.TestRunner.privateRun(TestRunner.java:767)
	at org.testng.TestRunner.run(TestRunner.java:617)
	at org.testng.SuiteRunner.runTest(SuiteRunner.java:348)
	at org.testng.SuiteRunner.runSequentially(SuiteRunner.java:343)
	at org.testng.SuiteRunner.privateRun(SuiteRunner.java:305)
	at org.testng.SuiteRunner.run(SuiteRunner.java:254)
	at org.testng.SuiteRunnerWorker.runSuite(SuiteRunnerWorker.java:52)
	at org.testng.SuiteRunnerWorker.run(SuiteRunnerWorker.java:86)
	at org.testng.TestNG.runSuitesSequentially(TestNG.java:1224)
	at org.testng.TestNG.runSuitesLocally(TestNG.java:1149)
	at org.testng.TestNG.run(TestNG.java:1057)
	at org.testng.IDEARemoteTestNG.run(IDEARemoteTestNG.java:72)
	at org.testng.RemoteTestNGStarter.main(RemoteTestNGStarter.java:124)
	at sun.reflect.NativeMethodAccessorImpl.invoke0(Native Method)
	at sun.reflect.NativeMethodAccessorImpl.invoke(NativeMethodAccessorImpl.java:62)
	at sun.reflect.DelegatingMethodAccessorImpl.invoke(DelegatingMethodAccessorImpl.java:43)
	at java.lang.reflect.Method.invoke(Method.java:498)
	at com.intellij.rt.execution.application.AppMain.main(AppMain.java:147)
</pre></div></td>
<td>0</td>
<td>businessObject.CalculatorTest@50675690</td></tr>
<tr>
<td title='businessObject.CalculatorTest.testMultDouble()'><b>testMultDouble</b><br>Test class: businessObject.CalculatorTest<br>Parameters: 30.23, -5.23, -150.0, 1.0E-10<br/>
<a href="#Output-1889248251" onClick='toggleBox("Output-1889248251", this, "Show output", "Hide output");'>Show output</a>

<a href="#Output-1889248251" onClick="toggleAllBoxes();">Show all outputs</a>
<div class='log' id="Output-1889248251">
</br>Wed Nov 02 13:17:57 MSK 2016. Test faild: [tesNgTask][businessObject.CalculatorTest][testMultDouble]. Status <2>. Time duration <0>.<br/>
</br>Wed Nov 02 13:17:57 MSK 2016. Test faild: [tesNgTask][businessObject.CalculatorTest][testMultDouble]. Status <2>. Time duration <0>.<br/>
</div>
</td>
<td><div><pre>java.lang.AssertionError: expected [-150.0] but found [-159.0]
	at businessObject.CalculatorTest.testMultDouble(CalculatorTest.java:47)
	at com.intellij.rt.execution.application.AppMain.main(AppMain.java:147)
... Removed 31 stack frames</pre></div><a href='#' onClick='toggleBox("stack-trace1889248251", this, "Click to show all stack frames", "Click to hide stack frames")'>Click to show all stack frames</a>
<div class='stack-trace' id='stack-trace1889248251'><pre>java.lang.AssertionError: expected [-150.0] but found [-159.0]
	at org.testng.Assert.fail(Assert.java:94)
	at org.testng.Assert.failNotEquals(Assert.java:494)
	at org.testng.Assert.assertEquals(Assert.java:207)
	at org.testng.Assert.assertEquals(Assert.java:220)
	at businessObject.CalculatorTest.testMultDouble(CalculatorTest.java:47)
	at sun.reflect.NativeMethodAccessorImpl.invoke0(Native Method)
	at sun.reflect.NativeMethodAccessorImpl.invoke(NativeMethodAccessorImpl.java:62)
	at sun.reflect.DelegatingMethodAccessorImpl.invoke(DelegatingMethodAccessorImpl.java:43)
	at java.lang.reflect.Method.invoke(Method.java:498)
	at org.testng.internal.MethodInvocationHelper.invokeMethod(MethodInvocationHelper.java:84)
	at org.testng.internal.Invoker.invokeMethod(Invoker.java:714)
	at org.testng.internal.Invoker.invokeTestMethod(Invoker.java:901)
	at org.testng.internal.Invoker.invokeTestMethods(Invoker.java:1231)
	at org.testng.internal.TestMethodWorker.invokeTestMethods(TestMethodWorker.java:127)
	at org.testng.internal.TestMethodWorker.run(TestMethodWorker.java:111)
	at org.testng.TestRunner.privateRun(TestRunner.java:767)
	at org.testng.TestRunner.run(TestRunner.java:617)
	at org.testng.SuiteRunner.runTest(SuiteRunner.java:348)
	at org.testng.SuiteRunner.runSequentially(SuiteRunner.java:343)
	at org.testng.SuiteRunner.privateRun(SuiteRunner.java:305)
	at org.testng.SuiteRunner.run(SuiteRunner.java:254)
	at org.testng.SuiteRunnerWorker.runSuite(SuiteRunnerWorker.java:52)
	at org.testng.SuiteRunnerWorker.run(SuiteRunnerWorker.java:86)
	at org.testng.TestNG.runSuitesSequentially(TestNG.java:1224)
	at org.testng.TestNG.runSuitesLocally(TestNG.java:1149)
	at org.testng.TestNG.run(TestNG.java:1057)
	at org.testng.IDEARemoteTestNG.run(IDEARemoteTestNG.java:72)
	at org.testng.RemoteTestNGStarter.main(RemoteTestNGStarter.java:124)
	at sun.reflect.NativeMethodAccessorImpl.invoke0(Native Method)
	at sun.reflect.NativeMethodAccessorImpl.invoke(NativeMethodAccessorImpl.java:62)
	at sun.reflect.DelegatingMethodAccessorImpl.invoke(DelegatingMethodAccessorImpl.java:43)
	at java.lang.reflect.Method.invoke(Method.java:498)
	at com.intellij.rt.execution.application.AppMain.main(AppMain.java:147)
</pre></div></td>
<td>0</td>
<td>businessObject.CalculatorTest@50675690</td></tr>
<tr>
<td title='businessObject.CalculatorTest.testMultDouble()'><b>testMultDouble</b><br>Test class: businessObject.CalculatorTest<br>Parameters: -8.23, 20.23, -160.0, 1.0E-10<br/>
<a href="#Output-1783047508" onClick='toggleBox("Output-1783047508", this, "Show output", "Hide output");'>Show output</a>

<a href="#Output-1783047508" onClick="toggleAllBoxes();">Show all outputs</a>
<div class='log' id="Output-1783047508">
</br>Wed Nov 02 13:17:57 MSK 2016. Test faild: [tesNgTask][businessObject.CalculatorTest][testMultDouble]. Status <2>. Time duration <0>.<br/>
</br>Wed Nov 02 13:17:57 MSK 2016. Test faild: [tesNgTask][businessObject.CalculatorTest][testMultDouble]. Status <2>. Time duration <0>.<br/>
</div>
</td>
<td><div><pre>java.lang.AssertionError: expected [-160.0] but found [-167.0]
	at businessObject.CalculatorTest.testMultDouble(CalculatorTest.java:47)
	at com.intellij.rt.execution.application.AppMain.main(AppMain.java:147)
... Removed 31 stack frames</pre></div><a href='#' onClick='toggleBox("stack-trace1783047508", this, "Click to show all stack frames", "Click to hide stack frames")'>Click to show all stack frames</a>
<div class='stack-trace' id='stack-trace1783047508'><pre>java.lang.AssertionError: expected [-160.0] but found [-167.0]
	at org.testng.Assert.fail(Assert.java:94)
	at org.testng.Assert.failNotEquals(Assert.java:494)
	at org.testng.Assert.assertEquals(Assert.java:207)
	at org.testng.Assert.assertEquals(Assert.java:220)
	at businessObject.CalculatorTest.testMultDouble(CalculatorTest.java:47)
	at sun.reflect.NativeMethodAccessorImpl.invoke0(Native Method)
	at sun.reflect.NativeMethodAccessorImpl.invoke(NativeMethodAccessorImpl.java:62)
	at sun.reflect.DelegatingMethodAccessorImpl.invoke(DelegatingMethodAccessorImpl.java:43)
	at java.lang.reflect.Method.invoke(Method.java:498)
	at org.testng.internal.MethodInvocationHelper.invokeMethod(MethodInvocationHelper.java:84)
	at org.testng.internal.Invoker.invokeMethod(Invoker.java:714)
	at org.testng.internal.Invoker.invokeTestMethod(Invoker.java:901)
	at org.testng.internal.Invoker.invokeTestMethods(Invoker.java:1231)
	at org.testng.internal.TestMethodWorker.invokeTestMethods(TestMethodWorker.java:127)
	at org.testng.internal.TestMethodWorker.run(TestMethodWorker.java:111)
	at org.testng.TestRunner.privateRun(TestRunner.java:767)
	at org.testng.TestRunner.run(TestRunner.java:617)
	at org.testng.SuiteRunner.runTest(SuiteRunner.java:348)
	at org.testng.SuiteRunner.runSequentially(SuiteRunner.java:343)
	at org.testng.SuiteRunner.privateRun(SuiteRunner.java:305)
	at org.testng.SuiteRunner.run(SuiteRunner.java:254)
	at org.testng.SuiteRunnerWorker.runSuite(SuiteRunnerWorker.java:52)
	at org.testng.SuiteRunnerWorker.run(SuiteRunnerWorker.java:86)
	at org.testng.TestNG.runSuitesSequentially(TestNG.java:1224)
	at org.testng.TestNG.runSuitesLocally(TestNG.java:1149)
	at org.testng.TestNG.run(TestNG.java:1057)
	at org.testng.IDEARemoteTestNG.run(IDEARemoteTestNG.java:72)
	at org.testng.RemoteTestNGStarter.main(RemoteTestNGStarter.java:124)
	at sun.reflect.NativeMethodAccessorImpl.invoke0(Native Method)
	at sun.reflect.NativeMethodAccessorImpl.invoke(NativeMethodAccessorImpl.java:62)
	at sun.reflect.DelegatingMethodAccessorImpl.invoke(DelegatingMethodAccessorImpl.java:43)
	at java.lang.reflect.Method.invoke(Method.java:498)
	at com.intellij.rt.execution.application.AppMain.main(AppMain.java:147)
</pre></div></td>
<td>0</td>
<td>businessObject.CalculatorTest@50675690</td></tr>
<tr>
<td title='businessObject.CalculatorTest.testPowNumZeroAndPowLessZero()'><b>testPowNumZeroAndPowLessZero</b><br>Test class: businessObject.CalculatorTest<br>Parameters: 0.0, -7.0<br/>
<a href="#Output-1296674576" onClick='toggleBox("Output-1296674576", this, "Show output", "Hide output");'>Show output</a>

<a href="#Output-1296674576" onClick="toggleAllBoxes();">Show all outputs</a>
<div class='log' id="Output-1296674576">
</br>Wed Nov 02 13:17:57 MSK 2016. Test faild: [tesNgTask][businessObject.CalculatorTest][testPowNumZeroAndPowLessZero]. Status <2>. Time duration <0>.<br/>
</br>Wed Nov 02 13:17:57 MSK 2016. Test faild: [tesNgTask][businessObject.CalculatorTest][testPowNumZeroAndPowLessZero]. Status <2>. Time duration <0>.<br/>
</div>
</td>
<td><div><pre>org.testng.TestException: 
Method CalculatorTest.testPowNumZeroAndPowLessZero(double, double)[pri:0, instance:businessObject.CalculatorTest@50675690] should have thrown an exception of class java.lang.IllegalArgumentException
	at com.intellij.rt.execution.application.AppMain.main(AppMain.java:147)
Method CalculatorTest.testPowNumZeroAndPowLessZero(double, double)[pri:0, instance:businessObject.CalculatorTest@50675690] should have thrown an exception of class java.lang.IllegalArgumentException
	... 20 more
... Removed 27 stack frames</pre></div><a href='#' onClick='toggleBox("stack-trace1296674576", this, "Click to show all stack frames", "Click to hide stack frames")'>Click to show all stack frames</a>
<div class='stack-trace' id='stack-trace1296674576'><pre>org.testng.TestException: 
Expected exception java.lang.IllegalArgumentException but got org.testng.TestException: 
Method CalculatorTest.testPowNumZeroAndPowLessZero(double, double)[pri:0, instance:businessObject.CalculatorTest@50675690] should have thrown an exception of class java.lang.IllegalArgumentException
	at org.testng.internal.Invoker.handleInvocationResults(Invoker.java:1497)
	at org.testng.internal.Invoker.invokeTestMethods(Invoker.java:1245)
	at org.testng.internal.TestMethodWorker.invokeTestMethods(TestMethodWorker.java:127)
	at org.testng.internal.TestMethodWorker.run(TestMethodWorker.java:111)
	at org.testng.TestRunner.privateRun(TestRunner.java:767)
	at org.testng.TestRunner.run(TestRunner.java:617)
	at org.testng.SuiteRunner.runTest(SuiteRunner.java:348)
	at org.testng.SuiteRunner.runSequentially(SuiteRunner.java:343)
	at org.testng.SuiteRunner.privateRun(SuiteRunner.java:305)
	at org.testng.SuiteRunner.run(SuiteRunner.java:254)
	at org.testng.SuiteRunnerWorker.runSuite(SuiteRunnerWorker.java:52)
	at org.testng.SuiteRunnerWorker.run(SuiteRunnerWorker.java:86)
	at org.testng.TestNG.runSuitesSequentially(TestNG.java:1224)
	at org.testng.TestNG.runSuitesLocally(TestNG.java:1149)
	at org.testng.TestNG.run(TestNG.java:1057)
	at org.testng.IDEARemoteTestNG.run(IDEARemoteTestNG.java:72)
	at org.testng.RemoteTestNGStarter.main(RemoteTestNGStarter.java:124)
	at sun.reflect.NativeMethodAccessorImpl.invoke0(Native Method)
	at sun.reflect.NativeMethodAccessorImpl.invoke(NativeMethodAccessorImpl.java:62)
	at sun.reflect.DelegatingMethodAccessorImpl.invoke(DelegatingMethodAccessorImpl.java:43)
	at java.lang.reflect.Method.invoke(Method.java:498)
	at com.intellij.rt.execution.application.AppMain.main(AppMain.java:147)
Caused by: org.testng.TestException: 
Method CalculatorTest.testPowNumZeroAndPowLessZero(double, double)[pri:0, instance:businessObject.CalculatorTest@50675690] should have thrown an exception of class java.lang.IllegalArgumentException
	at org.testng.internal.Invoker.handleInvocationResults(Invoker.java:1512)
	at org.testng.internal.Invoker.invokeMethod(Invoker.java:754)
	at org.testng.internal.Invoker.invokeTestMethod(Invoker.java:901)
	at org.testng.internal.Invoker.invokeTestMethods(Invoker.java:1231)
	... 20 more
</pre></div></td>
<td>0</td>
<td>businessObject.CalculatorTest@50675690</td></tr>
<tr>
<td title='businessObject.CalculatorTest.testSqrtWhenNumLessZero()'><b>testSqrtWhenNumLessZero</b><br>Test class: businessObject.CalculatorTest<br>Parameters: -5.6565656E7<br/>
<a href="#Output-2011791487" onClick='toggleBox("Output-2011791487", this, "Show output", "Hide output");'>Show output</a>

<a href="#Output-2011791487" onClick="toggleAllBoxes();">Show all outputs</a>
<div class='log' id="Output-2011791487">
</br>Wed Nov 02 13:17:57 MSK 2016. Test faild: [tesNgTask][businessObject.CalculatorTest][testSqrtWhenNumLessZero]. Status <2>. Time duration <0>.<br/>
</br>Wed Nov 02 13:17:57 MSK 2016. Test faild: [tesNgTask][businessObject.CalculatorTest][testSqrtWhenNumLessZero]. Status <2>. Time duration <0>.<br/>
</div>
</td>
<td><div><pre>org.testng.TestException: 
Method CalculatorTest.testSqrtWhenNumLessZero(double)[pri:0, instance:businessObject.CalculatorTest@50675690] should have thrown an exception of class java.lang.IllegalArgumentException
	at com.intellij.rt.execution.application.AppMain.main(AppMain.java:147)
Method CalculatorTest.testSqrtWhenNumLessZero(double)[pri:0, instance:businessObject.CalculatorTest@50675690] should have thrown an exception of class java.lang.IllegalArgumentException
	... 20 more
... Removed 27 stack frames</pre></div><a href='#' onClick='toggleBox("stack-trace2011791487", this, "Click to show all stack frames", "Click to hide stack frames")'>Click to show all stack frames</a>
<div class='stack-trace' id='stack-trace2011791487'><pre>org.testng.TestException: 
Expected exception java.lang.IllegalArgumentException but got org.testng.TestException: 
Method CalculatorTest.testSqrtWhenNumLessZero(double)[pri:0, instance:businessObject.CalculatorTest@50675690] should have thrown an exception of class java.lang.IllegalArgumentException
	at org.testng.internal.Invoker.handleInvocationResults(Invoker.java:1497)
	at org.testng.internal.Invoker.invokeTestMethods(Invoker.java:1245)
	at org.testng.internal.TestMethodWorker.invokeTestMethods(TestMethodWorker.java:127)
	at org.testng.internal.TestMethodWorker.run(TestMethodWorker.java:111)
	at org.testng.TestRunner.privateRun(TestRunner.java:767)
	at org.testng.TestRunner.run(TestRunner.java:617)
	at org.testng.SuiteRunner.runTest(SuiteRunner.java:348)
	at org.testng.SuiteRunner.runSequentially(SuiteRunner.java:343)
	at org.testng.SuiteRunner.privateRun(SuiteRunner.java:305)
	at org.testng.SuiteRunner.run(SuiteRunner.java:254)
	at org.testng.SuiteRunnerWorker.runSuite(SuiteRunnerWorker.java:52)
	at org.testng.SuiteRunnerWorker.run(SuiteRunnerWorker.java:86)
	at org.testng.TestNG.runSuitesSequentially(TestNG.java:1224)
	at org.testng.TestNG.runSuitesLocally(TestNG.java:1149)
	at org.testng.TestNG.run(TestNG.java:1057)
	at org.testng.IDEARemoteTestNG.run(IDEARemoteTestNG.java:72)
	at org.testng.RemoteTestNGStarter.main(RemoteTestNGStarter.java:124)
	at sun.reflect.NativeMethodAccessorImpl.invoke0(Native Method)
	at sun.reflect.NativeMethodAccessorImpl.invoke(NativeMethodAccessorImpl.java:62)
	at sun.reflect.DelegatingMethodAccessorImpl.invoke(DelegatingMethodAccessorImpl.java:43)
	at java.lang.reflect.Method.invoke(Method.java:498)
	at com.intellij.rt.execution.application.AppMain.main(AppMain.java:147)
Caused by: org.testng.TestException: 
Method CalculatorTest.testSqrtWhenNumLessZero(double)[pri:0, instance:businessObject.CalculatorTest@50675690] should have thrown an exception of class java.lang.IllegalArgumentException
	at org.testng.internal.Invoker.handleInvocationResults(Invoker.java:1512)
	at org.testng.internal.Invoker.invokeMethod(Invoker.java:754)
	at org.testng.internal.Invoker.invokeTestMethod(Invoker.java:901)
	at org.testng.internal.Invoker.invokeTestMethods(Invoker.java:1231)
	... 20 more
</pre></div></td>
<td>0</td>
<td>businessObject.CalculatorTest@50675690</td></tr>
<tr>
<td title='businessObject.CalculatorTest.testSubDouble()'><b>testSubDouble</b><br>Test class: businessObject.CalculatorTest<br>Parameters: -5.6562523E7, -456.0, -5.6562979E7, 1.0E-10<br/>
<a href="#Output-592959754" onClick='toggleBox("Output-592959754", this, "Show output", "Hide output");'>Show output</a>

<a href="#Output-592959754" onClick="toggleAllBoxes();">Show all outputs</a>
<div class='log' id="Output-592959754">
</br>Wed Nov 02 13:17:57 MSK 2016. Test faild: [tesNgTask][businessObject.CalculatorTest][testSubDouble]. Status <2>. Time duration <0>.<br/>
</br>Wed Nov 02 13:17:57 MSK 2016. Test faild: [tesNgTask][businessObject.CalculatorTest][testSubDouble]. Status <2>. Time duration <0>.<br/>
</div>
</td>
<td><div><pre>java.lang.AssertionError: expected [-5.6562979E7] but found [-5.6562067E7]
	at businessObject.CalculatorTest.testSubDouble(CalculatorTest.java:37)
	at com.intellij.rt.execution.application.AppMain.main(AppMain.java:147)
... Removed 31 stack frames</pre></div><a href='#' onClick='toggleBox("stack-trace592959754", this, "Click to show all stack frames", "Click to hide stack frames")'>Click to show all stack frames</a>
<div class='stack-trace' id='stack-trace592959754'><pre>java.lang.AssertionError: expected [-5.6562979E7] but found [-5.6562067E7]
	at org.testng.Assert.fail(Assert.java:94)
	at org.testng.Assert.failNotEquals(Assert.java:494)
	at org.testng.Assert.assertEquals(Assert.java:207)
	at org.testng.Assert.assertEquals(Assert.java:220)
	at businessObject.CalculatorTest.testSubDouble(CalculatorTest.java:37)
	at sun.reflect.NativeMethodAccessorImpl.invoke0(Native Method)
	at sun.reflect.NativeMethodAccessorImpl.invoke(NativeMethodAccessorImpl.java:62)
	at sun.reflect.DelegatingMethodAccessorImpl.invoke(DelegatingMethodAccessorImpl.java:43)
	at java.lang.reflect.Method.invoke(Method.java:498)
	at org.testng.internal.MethodInvocationHelper.invokeMethod(MethodInvocationHelper.java:84)
	at org.testng.internal.Invoker.invokeMethod(Invoker.java:714)
	at org.testng.internal.Invoker.invokeTestMethod(Invoker.java:901)
	at org.testng.internal.Invoker.invokeTestMethods(Invoker.java:1231)
	at org.testng.internal.TestMethodWorker.invokeTestMethods(TestMethodWorker.java:127)
	at org.testng.internal.TestMethodWorker.run(TestMethodWorker.java:111)
	at org.testng.TestRunner.privateRun(TestRunner.java:767)
	at org.testng.TestRunner.run(TestRunner.java:617)
	at org.testng.SuiteRunner.runTest(SuiteRunner.java:348)
	at org.testng.SuiteRunner.runSequentially(SuiteRunner.java:343)
	at org.testng.SuiteRunner.privateRun(SuiteRunner.java:305)
	at org.testng.SuiteRunner.run(SuiteRunner.java:254)
	at org.testng.SuiteRunnerWorker.runSuite(SuiteRunnerWorker.java:52)
	at org.testng.SuiteRunnerWorker.run(SuiteRunnerWorker.java:86)
	at org.testng.TestNG.runSuitesSequentially(TestNG.java:1224)
	at org.testng.TestNG.runSuitesLocally(TestNG.java:1149)
	at org.testng.TestNG.run(TestNG.java:1057)
	at org.testng.IDEARemoteTestNG.run(IDEARemoteTestNG.java:72)
	at org.testng.RemoteTestNGStarter.main(RemoteTestNGStarter.java:124)
	at sun.reflect.NativeMethodAccessorImpl.invoke0(Native Method)
	at sun.reflect.NativeMethodAccessorImpl.invoke(NativeMethodAccessorImpl.java:62)
	at sun.reflect.DelegatingMethodAccessorImpl.invoke(DelegatingMethodAccessorImpl.java:43)
	at java.lang.reflect.Method.invoke(Method.java:498)
	at com.intellij.rt.execution.application.AppMain.main(AppMain.java:147)
</pre></div></td>
<td>0</td>
<td>businessObject.CalculatorTest@50675690</td></tr>
<tr>
<td title='businessObject.CalculatorTest.testSubLong()'><b>testSubLong</b><br>Test class: businessObject.CalculatorTest<br>Parameters: 9223372036854775807, 98, 9223372036854775807<br/>
<a href="#Output-48914743" onClick='toggleBox("Output-48914743", this, "Show output", "Hide output");'>Show output</a>

<a href="#Output-48914743" onClick="toggleAllBoxes();">Show all outputs</a>
<div class='log' id="Output-48914743">
</br>Wed Nov 02 13:17:57 MSK 2016. Test faild: [tesNgTask][businessObject.CalculatorTest][testSubLong]. Status <2>. Time duration <0>.<br/>
</br>Wed Nov 02 13:17:57 MSK 2016. Test faild: [tesNgTask][businessObject.CalculatorTest][testSubLong]. Status <2>. Time duration <0>.<br/>
</div>
</td>
<td><div><pre>java.lang.AssertionError: expected [9223372036854775807] but found [9223372036854775709]
	at businessObject.CalculatorTest.testSubLong(CalculatorTest.java:31)
	at com.intellij.rt.execution.application.AppMain.main(AppMain.java:147)
... Removed 32 stack frames</pre></div><a href='#' onClick='toggleBox("stack-trace48914743", this, "Click to show all stack frames", "Click to hide stack frames")'>Click to show all stack frames</a>
<div class='stack-trace' id='stack-trace48914743'><pre>java.lang.AssertionError: expected [9223372036854775807] but found [9223372036854775709]
	at org.testng.Assert.fail(Assert.java:94)
	at org.testng.Assert.failNotEquals(Assert.java:494)
	at org.testng.Assert.assertEquals(Assert.java:123)
	at org.testng.Assert.assertEquals(Assert.java:265)
	at org.testng.Assert.assertEquals(Assert.java:275)
	at businessObject.CalculatorTest.testSubLong(CalculatorTest.java:31)
	at sun.reflect.NativeMethodAccessorImpl.invoke0(Native Method)
	at sun.reflect.NativeMethodAccessorImpl.invoke(NativeMethodAccessorImpl.java:62)
	at sun.reflect.DelegatingMethodAccessorImpl.invoke(DelegatingMethodAccessorImpl.java:43)
	at java.lang.reflect.Method.invoke(Method.java:498)
	at org.testng.internal.MethodInvocationHelper.invokeMethod(MethodInvocationHelper.java:84)
	at org.testng.internal.Invoker.invokeMethod(Invoker.java:714)
	at org.testng.internal.Invoker.invokeTestMethod(Invoker.java:901)
	at org.testng.internal.Invoker.invokeTestMethods(Invoker.java:1231)
	at org.testng.internal.TestMethodWorker.invokeTestMethods(TestMethodWorker.java:127)
	at org.testng.internal.TestMethodWorker.run(TestMethodWorker.java:111)
	at org.testng.TestRunner.privateRun(TestRunner.java:767)
	at org.testng.TestRunner.run(TestRunner.java:617)
	at org.testng.SuiteRunner.runTest(SuiteRunner.java:348)
	at org.testng.SuiteRunner.runSequentially(SuiteRunner.java:343)
	at org.testng.SuiteRunner.privateRun(SuiteRunner.java:305)
	at org.testng.SuiteRunner.run(SuiteRunner.java:254)
	at org.testng.SuiteRunnerWorker.runSuite(SuiteRunnerWorker.java:52)
	at org.testng.SuiteRunnerWorker.run(SuiteRunnerWorker.java:86)
	at org.testng.TestNG.runSuitesSequentially(TestNG.java:1224)
	at org.testng.TestNG.runSuitesLocally(TestNG.java:1149)
	at org.testng.TestNG.run(TestNG.java:1057)
	at org.testng.IDEARemoteTestNG.run(IDEARemoteTestNG.java:72)
	at org.testng.RemoteTestNGStarter.main(RemoteTestNGStarter.java:124)
	at sun.reflect.NativeMethodAccessorImpl.invoke0(Native Method)
	at sun.reflect.NativeMethodAccessorImpl.invoke(NativeMethodAccessorImpl.java:62)
	at sun.reflect.DelegatingMethodAccessorImpl.invoke(DelegatingMethodAccessorImpl.java:43)
	at java.lang.reflect.Method.invoke(Method.java:498)
	at com.intellij.rt.execution.application.AppMain.main(AppMain.java:147)
</pre></div></td>
<td>0</td>
<td>businessObject.CalculatorTest@50675690</td></tr>
<tr>
<td title='businessObject.CalculatorTest.testSubLong()'><b>testSubLong</b><br>Test class: businessObject.CalculatorTest<br>Parameters: -56562523, -456, 56562979<br/>
<a href="#Output-510109769" onClick='toggleBox("Output-510109769", this, "Show output", "Hide output");'>Show output</a>

<a href="#Output-510109769" onClick="toggleAllBoxes();">Show all outputs</a>
<div class='log' id="Output-510109769">
</br>Wed Nov 02 13:17:57 MSK 2016. Test faild: [tesNgTask][businessObject.CalculatorTest][testSubLong]. Status <2>. Time duration <0>.<br/>
</br>Wed Nov 02 13:17:57 MSK 2016. Test faild: [tesNgTask][businessObject.CalculatorTest][testSubLong]. Status <2>. Time duration <0>.<br/>
</div>
</td>
<td><div><pre>java.lang.AssertionError: expected [56562979] but found [-56562067]
	at businessObject.CalculatorTest.testSubLong(CalculatorTest.java:31)
	at com.intellij.rt.execution.application.AppMain.main(AppMain.java:147)
... Removed 32 stack frames</pre></div><a href='#' onClick='toggleBox("stack-trace510109769", this, "Click to show all stack frames", "Click to hide stack frames")'>Click to show all stack frames</a>
<div class='stack-trace' id='stack-trace510109769'><pre>java.lang.AssertionError: expected [56562979] but found [-56562067]
	at org.testng.Assert.fail(Assert.java:94)
	at org.testng.Assert.failNotEquals(Assert.java:494)
	at org.testng.Assert.assertEquals(Assert.java:123)
	at org.testng.Assert.assertEquals(Assert.java:265)
	at org.testng.Assert.assertEquals(Assert.java:275)
	at businessObject.CalculatorTest.testSubLong(CalculatorTest.java:31)
	at sun.reflect.NativeMethodAccessorImpl.invoke0(Native Method)
	at sun.reflect.NativeMethodAccessorImpl.invoke(NativeMethodAccessorImpl.java:62)
	at sun.reflect.DelegatingMethodAccessorImpl.invoke(DelegatingMethodAccessorImpl.java:43)
	at java.lang.reflect.Method.invoke(Method.java:498)
	at org.testng.internal.MethodInvocationHelper.invokeMethod(MethodInvocationHelper.java:84)
	at org.testng.internal.Invoker.invokeMethod(Invoker.java:714)
	at org.testng.internal.Invoker.invokeTestMethod(Invoker.java:901)
	at org.testng.internal.Invoker.invokeTestMethods(Invoker.java:1231)
	at org.testng.internal.TestMethodWorker.invokeTestMethods(TestMethodWorker.java:127)
	at org.testng.internal.TestMethodWorker.run(TestMethodWorker.java:111)
	at org.testng.TestRunner.privateRun(TestRunner.java:767)
	at org.testng.TestRunner.run(TestRunner.java:617)
	at org.testng.SuiteRunner.runTest(SuiteRunner.java:348)
	at org.testng.SuiteRunner.runSequentially(SuiteRunner.java:343)
	at org.testng.SuiteRunner.privateRun(SuiteRunner.java:305)
	at org.testng.SuiteRunner.run(SuiteRunner.java:254)
	at org.testng.SuiteRunnerWorker.runSuite(SuiteRunnerWorker.java:52)
	at org.testng.SuiteRunnerWorker.run(SuiteRunnerWorker.java:86)
	at org.testng.TestNG.runSuitesSequentially(TestNG.java:1224)
	at org.testng.TestNG.runSuitesLocally(TestNG.java:1149)
	at org.testng.TestNG.run(TestNG.java:1057)
	at org.testng.IDEARemoteTestNG.run(IDEARemoteTestNG.java:72)
	at org.testng.RemoteTestNGStarter.main(RemoteTestNGStarter.java:124)
	at sun.reflect.NativeMethodAccessorImpl.invoke0(Native Method)
	at sun.reflect.NativeMethodAccessorImpl.invoke(NativeMethodAccessorImpl.java:62)
	at sun.reflect.DelegatingMethodAccessorImpl.invoke(DelegatingMethodAccessorImpl.java:43)
	at java.lang.reflect.Method.invoke(Method.java:498)
	at com.intellij.rt.execution.application.AppMain.main(AppMain.java:147)
</pre></div></td>
<td>0</td>
<td>businessObject.CalculatorTest@50675690</td></tr>
<tr>
<td title='businessObject.CalculatorTest.testSubLong()'><b>testSubLong</b><br>Test class: businessObject.CalculatorTest<br>Parameters: 412341234123, -412341234123, 0<br/>
<a href="#Output-107456312" onClick='toggleBox("Output-107456312", this, "Show output", "Hide output");'>Show output</a>

<a href="#Output-107456312" onClick="toggleAllBoxes();">Show all outputs</a>
<div class='log' id="Output-107456312">
</br>Wed Nov 02 13:17:57 MSK 2016. Test faild: [tesNgTask][businessObject.CalculatorTest][testSubLong]. Status <2>. Time duration <0>.<br/>
</br>Wed Nov 02 13:17:57 MSK 2016. Test faild: [tesNgTask][businessObject.CalculatorTest][testSubLong]. Status <2>. Time duration <0>.<br/>
</div>
</td>
<td><div><pre>java.lang.AssertionError: expected [0] but found [824682468246]
	at businessObject.CalculatorTest.testSubLong(CalculatorTest.java:31)
	at com.intellij.rt.execution.application.AppMain.main(AppMain.java:147)
... Removed 32 stack frames</pre></div><a href='#' onClick='toggleBox("stack-trace107456312", this, "Click to show all stack frames", "Click to hide stack frames")'>Click to show all stack frames</a>
<div class='stack-trace' id='stack-trace107456312'><pre>java.lang.AssertionError: expected [0] but found [824682468246]
	at org.testng.Assert.fail(Assert.java:94)
	at org.testng.Assert.failNotEquals(Assert.java:494)
	at org.testng.Assert.assertEquals(Assert.java:123)
	at org.testng.Assert.assertEquals(Assert.java:265)
	at org.testng.Assert.assertEquals(Assert.java:275)
	at businessObject.CalculatorTest.testSubLong(CalculatorTest.java:31)
	at sun.reflect.NativeMethodAccessorImpl.invoke0(Native Method)
	at sun.reflect.NativeMethodAccessorImpl.invoke(NativeMethodAccessorImpl.java:62)
	at sun.reflect.DelegatingMethodAccessorImpl.invoke(DelegatingMethodAccessorImpl.java:43)
	at java.lang.reflect.Method.invoke(Method.java:498)
	at org.testng.internal.MethodInvocationHelper.invokeMethod(MethodInvocationHelper.java:84)
	at org.testng.internal.Invoker.invokeMethod(Invoker.java:714)
	at org.testng.internal.Invoker.invokeTestMethod(Invoker.java:901)
	at org.testng.internal.Invoker.invokeTestMethods(Invoker.java:1231)
	at org.testng.internal.TestMethodWorker.invokeTestMethods(TestMethodWorker.java:127)
	at org.testng.internal.TestMethodWorker.run(TestMethodWorker.java:111)
	at org.testng.TestRunner.privateRun(TestRunner.java:767)
	at org.testng.TestRunner.run(TestRunner.java:617)
	at org.testng.SuiteRunner.runTest(SuiteRunner.java:348)
	at org.testng.SuiteRunner.runSequentially(SuiteRunner.java:343)
	at org.testng.SuiteRunner.privateRun(SuiteRunner.java:305)
	at org.testng.SuiteRunner.run(SuiteRunner.java:254)
	at org.testng.SuiteRunnerWorker.runSuite(SuiteRunnerWorker.java:52)
	at org.testng.SuiteRunnerWorker.run(SuiteRunnerWorker.java:86)
	at org.testng.TestNG.runSuitesSequentially(TestNG.java:1224)
	at org.testng.TestNG.runSuitesLocally(TestNG.java:1149)
	at org.testng.TestNG.run(TestNG.java:1057)
	at org.testng.IDEARemoteTestNG.run(IDEARemoteTestNG.java:72)
	at org.testng.RemoteTestNGStarter.main(RemoteTestNGStarter.java:124)
	at sun.reflect.NativeMethodAccessorImpl.invoke0(Native Method)
	at sun.reflect.NativeMethodAccessorImpl.invoke(NativeMethodAccessorImpl.java:62)
	at sun.reflect.DelegatingMethodAccessorImpl.invoke(DelegatingMethodAccessorImpl.java:43)
	at java.lang.reflect.Method.invoke(Method.java:498)
	at com.intellij.rt.execution.application.AppMain.main(AppMain.java:147)
</pre></div></td>
<td>0</td>
<td>businessObject.CalculatorTest@50675690</td></tr>
<tr>
<td title='businessObject.CalculatorTest.testSubLong()'><b>testSubLong</b><br>Test class: businessObject.CalculatorTest<br>Parameters: -555555555555555, 5, 555555555555550<br/>
<a href="#Output-360067785" onClick='toggleBox("Output-360067785", this, "Show output", "Hide output");'>Show output</a>

<a href="#Output-360067785" onClick="toggleAllBoxes();">Show all outputs</a>
<div class='log' id="Output-360067785">
</br>Wed Nov 02 13:17:57 MSK 2016. Test faild: [tesNgTask][businessObject.CalculatorTest][testSubLong]. Status <2>. Time duration <0>.<br/>
</br>Wed Nov 02 13:17:57 MSK 2016. Test faild: [tesNgTask][businessObject.CalculatorTest][testSubLong]. Status <2>. Time duration <0>.<br/>
</div>
</td>
<td><div><pre>java.lang.AssertionError: expected [555555555555550] but found [-555555555555560]
	at businessObject.CalculatorTest.testSubLong(CalculatorTest.java:31)
	at com.intellij.rt.execution.application.AppMain.main(AppMain.java:147)
... Removed 32 stack frames</pre></div><a href='#' onClick='toggleBox("stack-trace360067785", this, "Click to show all stack frames", "Click to hide stack frames")'>Click to show all stack frames</a>
<div class='stack-trace' id='stack-trace360067785'><pre>java.lang.AssertionError: expected [555555555555550] but found [-555555555555560]
	at org.testng.Assert.fail(Assert.java:94)
	at org.testng.Assert.failNotEquals(Assert.java:494)
	at org.testng.Assert.assertEquals(Assert.java:123)
	at org.testng.Assert.assertEquals(Assert.java:265)
	at org.testng.Assert.assertEquals(Assert.java:275)
	at businessObject.CalculatorTest.testSubLong(CalculatorTest.java:31)
	at sun.reflect.NativeMethodAccessorImpl.invoke0(Native Method)
	at sun.reflect.NativeMethodAccessorImpl.invoke(NativeMethodAccessorImpl.java:62)
	at sun.reflect.DelegatingMethodAccessorImpl.invoke(DelegatingMethodAccessorImpl.java:43)
	at java.lang.reflect.Method.invoke(Method.java:498)
	at org.testng.internal.MethodInvocationHelper.invokeMethod(MethodInvocationHelper.java:84)
	at org.testng.internal.Invoker.invokeMethod(Invoker.java:714)
	at org.testng.internal.Invoker.invokeTestMethod(Invoker.java:901)
	at org.testng.internal.Invoker.invokeTestMethods(Invoker.java:1231)
	at org.testng.internal.TestMethodWorker.invokeTestMethods(TestMethodWorker.java:127)
	at org.testng.internal.TestMethodWorker.run(TestMethodWorker.java:111)
	at org.testng.TestRunner.privateRun(TestRunner.java:767)
	at org.testng.TestRunner.run(TestRunner.java:617)
	at org.testng.SuiteRunner.runTest(SuiteRunner.java:348)
	at org.testng.SuiteRunner.runSequentially(SuiteRunner.java:343)
	at org.testng.SuiteRunner.privateRun(SuiteRunner.java:305)
	at org.testng.SuiteRunner.run(SuiteRunner.java:254)
	at org.testng.SuiteRunnerWorker.runSuite(SuiteRunnerWorker.java:52)
	at org.testng.SuiteRunnerWorker.run(SuiteRunnerWorker.java:86)
	at org.testng.TestNG.runSuitesSequentially(TestNG.java:1224)
	at org.testng.TestNG.runSuitesLocally(TestNG.java:1149)
	at org.testng.TestNG.run(TestNG.java:1057)
	at org.testng.IDEARemoteTestNG.run(IDEARemoteTestNG.java:72)
	at org.testng.RemoteTestNGStarter.main(RemoteTestNGStarter.java:124)
	at sun.reflect.NativeMethodAccessorImpl.invoke0(Native Method)
	at sun.reflect.NativeMethodAccessorImpl.invoke(NativeMethodAccessorImpl.java:62)
	at sun.reflect.DelegatingMethodAccessorImpl.invoke(DelegatingMethodAccessorImpl.java:43)
	at java.lang.reflect.Method.invoke(Method.java:498)
	at com.intellij.rt.execution.application.AppMain.main(AppMain.java:147)
</pre></div></td>
<td>0</td>
<td>businessObject.CalculatorTest@50675690</td></tr>
<tr>
<td title='businessObject.CalculatorTest.testTg()'><b>testTg</b><br>Test class: businessObject.CalculatorTest<br>Parameters: -565656.0, 0.3354445635832207<br/>
<a href="#Output-1452012306" onClick='toggleBox("Output-1452012306", this, "Show output", "Hide output");'>Show output</a>

<a href="#Output-1452012306" onClick="toggleAllBoxes();">Show all outputs</a>
<div class='log' id="Output-1452012306">
</br>Wed Nov 02 13:18:25 MSK 2016. Test faild: [tesNgTask][businessObject.CalculatorTest][testTg]. Status <2>. Time duration <0>.<br/>
</br>Wed Nov 02 13:18:25 MSK 2016. Test faild: [tesNgTask][businessObject.CalculatorTest][testTg]. Status <2>. Time duration <0>.<br/>
</div>
</td>
<td><div><pre>java.lang.AssertionError: expected [0.3354445635832207] but found [1.0]
	at businessObject.CalculatorTest.testTg(CalculatorTest.java:72)
	at com.intellij.rt.execution.application.AppMain.main(AppMain.java:147)
... Removed 31 stack frames</pre></div><a href='#' onClick='toggleBox("stack-trace1452012306", this, "Click to show all stack frames", "Click to hide stack frames")'>Click to show all stack frames</a>
<div class='stack-trace' id='stack-trace1452012306'><pre>java.lang.AssertionError: expected [0.3354445635832207] but found [1.0]
	at org.testng.Assert.fail(Assert.java:94)
	at org.testng.Assert.failNotEquals(Assert.java:494)
	at org.testng.Assert.assertEquals(Assert.java:123)
	at org.testng.Assert.assertEquals(Assert.java:165)
	at businessObject.CalculatorTest.testTg(CalculatorTest.java:72)
	at sun.reflect.NativeMethodAccessorImpl.invoke0(Native Method)
	at sun.reflect.NativeMethodAccessorImpl.invoke(NativeMethodAccessorImpl.java:62)
	at sun.reflect.DelegatingMethodAccessorImpl.invoke(DelegatingMethodAccessorImpl.java:43)
	at java.lang.reflect.Method.invoke(Method.java:498)
	at org.testng.internal.MethodInvocationHelper.invokeMethod(MethodInvocationHelper.java:84)
	at org.testng.internal.Invoker.invokeMethod(Invoker.java:714)
	at org.testng.internal.Invoker.invokeTestMethod(Invoker.java:901)
	at org.testng.internal.Invoker.invokeTestMethods(Invoker.java:1231)
	at org.testng.internal.TestMethodWorker.invokeTestMethods(TestMethodWorker.java:127)
	at org.testng.internal.TestMethodWorker.run(TestMethodWorker.java:111)
	at org.testng.TestRunner.privateRun(TestRunner.java:767)
	at org.testng.TestRunner.run(TestRunner.java:617)
	at org.testng.SuiteRunner.runTest(SuiteRunner.java:348)
	at org.testng.SuiteRunner.runSequentially(SuiteRunner.java:343)
	at org.testng.SuiteRunner.privateRun(SuiteRunner.java:305)
	at org.testng.SuiteRunner.run(SuiteRunner.java:254)
	at org.testng.SuiteRunnerWorker.runSuite(SuiteRunnerWorker.java:52)
	at org.testng.SuiteRunnerWorker.run(SuiteRunnerWorker.java:86)
	at org.testng.TestNG.runSuitesSequentially(TestNG.java:1224)
	at org.testng.TestNG.runSuitesLocally(TestNG.java:1149)
	at org.testng.TestNG.run(TestNG.java:1057)
	at org.testng.IDEARemoteTestNG.run(IDEARemoteTestNG.java:72)
	at org.testng.RemoteTestNGStarter.main(RemoteTestNGStarter.java:124)
	at sun.reflect.NativeMethodAccessorImpl.invoke0(Native Method)
	at sun.reflect.NativeMethodAccessorImpl.invoke(NativeMethodAccessorImpl.java:62)
	at sun.reflect.DelegatingMethodAccessorImpl.invoke(DelegatingMethodAccessorImpl.java:43)
	at java.lang.reflect.Method.invoke(Method.java:498)
	at com.intellij.rt.execution.application.AppMain.main(AppMain.java:147)
</pre></div></td>
<td>0</td>
<td>businessObject.CalculatorTest@50675690</td></tr>
<tr>
<td title='businessObject.CalculatorTest.testTg()'><b>testTg</b><br>Test class: businessObject.CalculatorTest<br>Parameters: 0.0, 0.0<br/>
<a href="#Output-1486566962" onClick='toggleBox("Output-1486566962", this, "Show output", "Hide output");'>Show output</a>

<a href="#Output-1486566962" onClick="toggleAllBoxes();">Show all outputs</a>
<div class='log' id="Output-1486566962">
</br>Wed Nov 02 13:18:25 MSK 2016. Test faild: [tesNgTask][businessObject.CalculatorTest][testTg]. Status <2>. Time duration <0>.<br/>
</br>Wed Nov 02 13:18:25 MSK 2016. Test faild: [tesNgTask][businessObject.CalculatorTest][testTg]. Status <2>. Time duration <0>.<br/>
</div>
</td>
<td><div><pre>java.lang.AssertionError: expected [0.0] but found [NaN]
	at businessObject.CalculatorTest.testTg(CalculatorTest.java:72)
	at com.intellij.rt.execution.application.AppMain.main(AppMain.java:147)
... Removed 31 stack frames</pre></div><a href='#' onClick='toggleBox("stack-trace1486566962", this, "Click to show all stack frames", "Click to hide stack frames")'>Click to show all stack frames</a>
<div class='stack-trace' id='stack-trace1486566962'><pre>java.lang.AssertionError: expected [0.0] but found [NaN]
	at org.testng.Assert.fail(Assert.java:94)
	at org.testng.Assert.failNotEquals(Assert.java:494)
	at org.testng.Assert.assertEquals(Assert.java:123)
	at org.testng.Assert.assertEquals(Assert.java:165)
	at businessObject.CalculatorTest.testTg(CalculatorTest.java:72)
	at sun.reflect.NativeMethodAccessorImpl.invoke0(Native Method)
	at sun.reflect.NativeMethodAccessorImpl.invoke(NativeMethodAccessorImpl.java:62)
	at sun.reflect.DelegatingMethodAccessorImpl.invoke(DelegatingMethodAccessorImpl.java:43)
	at java.lang.reflect.Method.invoke(Method.java:498)
	at org.testng.internal.MethodInvocationHelper.invokeMethod(MethodInvocationHelper.java:84)
	at org.testng.internal.Invoker.invokeMethod(Invoker.java:714)
	at org.testng.internal.Invoker.invokeTestMethod(Invoker.java:901)
	at org.testng.internal.Invoker.invokeTestMethods(Invoker.java:1231)
	at org.testng.internal.TestMethodWorker.invokeTestMethods(TestMethodWorker.java:127)
	at org.testng.internal.TestMethodWorker.run(TestMethodWorker.java:111)
	at org.testng.TestRunner.privateRun(TestRunner.java:767)
	at org.testng.TestRunner.run(TestRunner.java:617)
	at org.testng.SuiteRunner.runTest(SuiteRunner.java:348)
	at org.testng.SuiteRunner.runSequentially(SuiteRunner.java:343)
	at org.testng.SuiteRunner.privateRun(SuiteRunner.java:305)
	at org.testng.SuiteRunner.run(SuiteRunner.java:254)
	at org.testng.SuiteRunnerWorker.runSuite(SuiteRunnerWorker.java:52)
	at org.testng.SuiteRunnerWorker.run(SuiteRunnerWorker.java:86)
	at org.testng.TestNG.runSuitesSequentially(TestNG.java:1224)
	at org.testng.TestNG.runSuitesLocally(TestNG.java:1149)
	at org.testng.TestNG.run(TestNG.java:1057)
	at org.testng.IDEARemoteTestNG.run(IDEARemoteTestNG.java:72)
	at org.testng.RemoteTestNGStarter.main(RemoteTestNGStarter.java:124)
	at sun.reflect.NativeMethodAccessorImpl.invoke0(Native Method)
	at sun.reflect.NativeMethodAccessorImpl.invoke(NativeMethodAccessorImpl.java:62)
	at sun.reflect.DelegatingMethodAccessorImpl.invoke(DelegatingMethodAccessorImpl.java:43)
	at java.lang.reflect.Method.invoke(Method.java:498)
	at com.intellij.rt.execution.application.AppMain.main(AppMain.java:147)
</pre></div></td>
<td>0</td>
<td>businessObject.CalculatorTest@50675690</td></tr>
<tr>
<td title='businessObject.CalculatorTest.testTg()'><b>testTg</b><br>Test class: businessObject.CalculatorTest<br>Parameters: 20.56, -7.114264447088601<br/>
<a href="#Output-1282287470" onClick='toggleBox("Output-1282287470", this, "Show output", "Hide output");'>Show output</a>

<a href="#Output-1282287470" onClick="toggleAllBoxes();">Show all outputs</a>
<div class='log' id="Output-1282287470">
</br>Wed Nov 02 13:18:25 MSK 2016. Test faild: [tesNgTask][businessObject.CalculatorTest][testTg]. Status <2>. Time duration <0>.<br/>
</br>Wed Nov 02 13:18:25 MSK 2016. Test faild: [tesNgTask][businessObject.CalculatorTest][testTg]. Status <2>. Time duration <0>.<br/>
</div>
</td>
<td><div><pre>java.lang.AssertionError: expected [-7.114264447088601] but found [1.0]
	at businessObject.CalculatorTest.testTg(CalculatorTest.java:72)
	at com.intellij.rt.execution.application.AppMain.main(AppMain.java:147)
... Removed 31 stack frames</pre></div><a href='#' onClick='toggleBox("stack-trace1282287470", this, "Click to show all stack frames", "Click to hide stack frames")'>Click to show all stack frames</a>
<div class='stack-trace' id='stack-trace1282287470'><pre>java.lang.AssertionError: expected [-7.114264447088601] but found [1.0]
	at org.testng.Assert.fail(Assert.java:94)
	at org.testng.Assert.failNotEquals(Assert.java:494)
	at org.testng.Assert.assertEquals(Assert.java:123)
	at org.testng.Assert.assertEquals(Assert.java:165)
	at businessObject.CalculatorTest.testTg(CalculatorTest.java:72)
	at sun.reflect.NativeMethodAccessorImpl.invoke0(Native Method)
	at sun.reflect.NativeMethodAccessorImpl.invoke(NativeMethodAccessorImpl.java:62)
	at sun.reflect.DelegatingMethodAccessorImpl.invoke(DelegatingMethodAccessorImpl.java:43)
	at java.lang.reflect.Method.invoke(Method.java:498)
	at org.testng.internal.MethodInvocationHelper.invokeMethod(MethodInvocationHelper.java:84)
	at org.testng.internal.Invoker.invokeMethod(Invoker.java:714)
	at org.testng.internal.Invoker.invokeTestMethod(Invoker.java:901)
	at org.testng.internal.Invoker.invokeTestMethods(Invoker.java:1231)
	at org.testng.internal.TestMethodWorker.invokeTestMethods(TestMethodWorker.java:127)
	at org.testng.internal.TestMethodWorker.run(TestMethodWorker.java:111)
	at org.testng.TestRunner.privateRun(TestRunner.java:767)
	at org.testng.TestRunner.run(TestRunner.java:617)
	at org.testng.SuiteRunner.runTest(SuiteRunner.java:348)
	at org.testng.SuiteRunner.runSequentially(SuiteRunner.java:343)
	at org.testng.SuiteRunner.privateRun(SuiteRunner.java:305)
	at org.testng.SuiteRunner.run(SuiteRunner.java:254)
	at org.testng.SuiteRunnerWorker.runSuite(SuiteRunnerWorker.java:52)
	at org.testng.SuiteRunnerWorker.run(SuiteRunnerWorker.java:86)
	at org.testng.TestNG.runSuitesSequentially(TestNG.java:1224)
	at org.testng.TestNG.runSuitesLocally(TestNG.java:1149)
	at org.testng.TestNG.run(TestNG.java:1057)
	at org.testng.IDEARemoteTestNG.run(IDEARemoteTestNG.java:72)
	at org.testng.RemoteTestNGStarter.main(RemoteTestNGStarter.java:124)
	at sun.reflect.NativeMethodAccessorImpl.invoke0(Native Method)
	at sun.reflect.NativeMethodAccessorImpl.invoke(NativeMethodAccessorImpl.java:62)
	at sun.reflect.DelegatingMethodAccessorImpl.invoke(DelegatingMethodAccessorImpl.java:43)
	at java.lang.reflect.Method.invoke(Method.java:498)
	at com.intellij.rt.execution.application.AppMain.main(AppMain.java:147)
</pre></div></td>
<td>0</td>
<td>businessObject.CalculatorTest@50675690</td></tr>
</table><p>
<table width='100%' border='1' class='invocation-passed'>
<tr><td colspan='4' align='center'><b>PASSED TESTS</b></td></tr>
<tr><td><b>Test method</b></td>
<td width="30%"><b>Exception</b></td>
<td width="10%"><b>Time (seconds)</b></td>
<td><b>Instance</b></td>
</tr>
<tr>
<td title='businessObject.CalculatorTest.testDivDouble()'><b>testDivDouble</b><br>Test class: businessObject.CalculatorTest<br>Parameters: 0.0, -5.656565656E9, 0.0, 1.0E-10<br/>
<a href="#Output-1898220577" onClick='toggleBox("Output-1898220577", this, "Show output", "Hide output");'>Show output</a>

<a href="#Output-1898220577" onClick="toggleAllBoxes();">Show all outputs</a>
<div class='log' id="Output-1898220577">
</br>Wed Nov 02 13:17:57 MSK 2016. Test passed: [tesNgTask][businessObject.CalculatorTest][testDivDouble]. Status <1>. Time duration <0>.<br/>
</br>Wed Nov 02 13:17:57 MSK 2016. Test passed: [tesNgTask][businessObject.CalculatorTest][testDivDouble]. Status <1>. Time duration <0>.<br/>
</div>
</td>
<td></td>
<td>0</td>
<td>businessObject.CalculatorTest@50675690</td></tr>
<tr>
<td title='businessObject.CalculatorTest.testDivDouble()'><b>testDivDouble</b><br>Test class: businessObject.CalculatorTest<br>Parameters: 456789.0, 6.0, 76131.5, 1.0E-10<br/>
<a href="#Output-1143371233" onClick='toggleBox("Output-1143371233", this, "Show output", "Hide output");'>Show output</a>

<a href="#Output-1143371233" onClick="toggleAllBoxes();">Show all outputs</a>
<div class='log' id="Output-1143371233">
</br>Wed Nov 02 13:17:57 MSK 2016. Test passed: [tesNgTask][businessObject.CalculatorTest][testDivDouble]. Status <1>. Time duration <16>.<br/>
</br>Wed Nov 02 13:17:57 MSK 2016. Test passed: [tesNgTask][businessObject.CalculatorTest][testDivDouble]. Status <1>. Time duration <16>.<br/>
</div>
</td>
<td></td>
<td>0</td>
<td>businessObject.CalculatorTest@50675690</td></tr>
<tr>
<td title='businessObject.CalculatorTest.testDivDouble()'><b>testDivDouble</b><br>Test class: businessObject.CalculatorTest<br>Parameters: -5.0, -5.0, 1.0, 1.0E-10<br/>
<a href="#Output-1634132079" onClick='toggleBox("Output-1634132079", this, "Show output", "Hide output");'>Show output</a>

<a href="#Output-1634132079" onClick="toggleAllBoxes();">Show all outputs</a>
<div class='log' id="Output-1634132079">
</br>Wed Nov 02 13:17:57 MSK 2016. Test passed: [tesNgTask][businessObject.CalculatorTest][testDivDouble]. Status <1>. Time duration <2>.<br/>
</br>Wed Nov 02 13:17:57 MSK 2016. Test passed: [tesNgTask][businessObject.CalculatorTest][testDivDouble]. Status <1>. Time duration <2>.<br/>
</div>
</td>
<td></td>
<td>0</td>
<td>businessObject.CalculatorTest@50675690</td></tr>
<tr>
<td title='businessObject.CalculatorTest.testDivDouble()'><b>testDivDouble</b><br>Test class: businessObject.CalculatorTest<br>Parameters: 30.0, -5.0, -6.0, 1.0E-10<br/>
<a href="#Output-1239548589" onClick='toggleBox("Output-1239548589", this, "Show output", "Hide output");'>Show output</a>

<a href="#Output-1239548589" onClick="toggleAllBoxes();">Show all outputs</a>
<div class='log' id="Output-1239548589">
</br>Wed Nov 02 13:17:57 MSK 2016. Test passed: [tesNgTask][businessObject.CalculatorTest][testDivDouble]. Status <1>. Time duration <0>.<br/>
</br>Wed Nov 02 13:17:57 MSK 2016. Test passed: [tesNgTask][businessObject.CalculatorTest][testDivDouble]. Status <1>. Time duration <0>.<br/>
</div>
</td>
<td></td>
<td>0</td>
<td>businessObject.CalculatorTest@50675690</td></tr>
<tr>
<td title='businessObject.CalculatorTest.testDivDouble()'><b>testDivDouble</b><br>Test class: businessObject.CalculatorTest<br>Parameters: -8.0, 20.0, -0.4, 1.0E-10<br/>
<a href="#Output-477289012" onClick='toggleBox("Output-477289012", this, "Show output", "Hide output");'>Show output</a>

<a href="#Output-477289012" onClick="toggleAllBoxes();">Show all outputs</a>
<div class='log' id="Output-477289012">
</br>Wed Nov 02 13:17:57 MSK 2016. Test passed: [tesNgTask][businessObject.CalculatorTest][testDivDouble]. Status <1>. Time duration <1>.<br/>
</br>Wed Nov 02 13:17:57 MSK 2016. Test passed: [tesNgTask][businessObject.CalculatorTest][testDivDouble]. Status <1>. Time duration <1>.<br/>
</div>
</td>
<td></td>
<td>0</td>
<td>businessObject.CalculatorTest@50675690</td></tr>
<tr>
<td title='businessObject.CalculatorTest.testDivLong()'><b>testDivLong</b><br>Test class: businessObject.CalculatorTest<br>Parameters: 5, 1, 5<br/>
<a href="#Output-1795960102" onClick='toggleBox("Output-1795960102", this, "Show output", "Hide output");'>Show output</a>

<a href="#Output-1795960102" onClick="toggleAllBoxes();">Show all outputs</a>
<div class='log' id="Output-1795960102">
</br>Wed Nov 02 13:17:57 MSK 2016. Test passed: [tesNgTask][businessObject.CalculatorTest][testDivLong]. Status <1>. Time duration <0>.<br/>
</br>Wed Nov 02 13:17:57 MSK 2016. Test passed: [tesNgTask][businessObject.CalculatorTest][testDivLong]. Status <1>. Time duration <0>.<br/>
</div>
</td>
<td></td>
<td>0</td>
<td>businessObject.CalculatorTest@50675690</td></tr>
<tr>
<td title='businessObject.CalculatorTest.testDivLong()'><b>testDivLong</b><br>Test class: businessObject.CalculatorTest<br>Parameters: -566, 656, 0<br/>
<a href="#Output-1027591600" onClick='toggleBox("Output-1027591600", this, "Show output", "Hide output");'>Show output</a>

<a href="#Output-1027591600" onClick="toggleAllBoxes();">Show all outputs</a>
<div class='log' id="Output-1027591600">
</br>Wed Nov 02 13:17:57 MSK 2016. Test passed: [tesNgTask][businessObject.CalculatorTest][testDivLong]. Status <1>. Time duration <0>.<br/>
</br>Wed Nov 02 13:17:57 MSK 2016. Test passed: [tesNgTask][businessObject.CalculatorTest][testDivLong]. Status <1>. Time duration <0>.<br/>
</div>
</td>
<td></td>
<td>0</td>
<td>businessObject.CalculatorTest@50675690</td></tr>
<tr>
<td title='businessObject.CalculatorTest.testDivLong()'><b>testDivLong</b><br>Test class: businessObject.CalculatorTest<br>Parameters: 5547, -555, -9<br/>
<a href="#Output-1678854096" onClick='toggleBox("Output-1678854096", this, "Show output", "Hide output");'>Show output</a>

<a href="#Output-1678854096" onClick="toggleAllBoxes();">Show all outputs</a>
<div class='log' id="Output-1678854096">
</br>Wed Nov 02 13:17:57 MSK 2016. Test passed: [tesNgTask][businessObject.CalculatorTest][testDivLong]. Status <1>. Time duration <0>.<br/>
</br>Wed Nov 02 13:17:57 MSK 2016. Test passed: [tesNgTask][businessObject.CalculatorTest][testDivLong]. Status <1>. Time duration <0>.<br/>
</div>
</td>
<td></td>
<td>0</td>
<td>businessObject.CalculatorTest@50675690</td></tr>
<tr>
<td title='businessObject.CalculatorTest.testDivLong()'><b>testDivLong</b><br>Test class: businessObject.CalculatorTest<br>Parameters: -5466, -565, 9<br/>
<a href="#Output-1849201180" onClick='toggleBox("Output-1849201180", this, "Show output", "Hide output");'>Show output</a>

<a href="#Output-1849201180" onClick="toggleAllBoxes();">Show all outputs</a>
<div class='log' id="Output-1849201180">
</br>Wed Nov 02 13:17:57 MSK 2016. Test passed: [tesNgTask][businessObject.CalculatorTest][testDivLong]. Status <1>. Time duration <0>.<br/>
</br>Wed Nov 02 13:17:57 MSK 2016. Test passed: [tesNgTask][businessObject.CalculatorTest][testDivLong]. Status <1>. Time duration <0>.<br/>
</div>
</td>
<td></td>
<td>0</td>
<td>businessObject.CalculatorTest@50675690</td></tr>
<tr>
<td title='businessObject.CalculatorTest.testIsNegative()'><b>testIsNegative</b><br>Test class: businessObject.CalculatorTest<br>Parameters: -555<br/>
<a href="#Output-103536485" onClick='toggleBox("Output-103536485", this, "Show output", "Hide output");'>Show output</a>

<a href="#Output-103536485" onClick="toggleAllBoxes();">Show all outputs</a>
<div class='log' id="Output-103536485">
</br>Wed Nov 02 13:17:57 MSK 2016. Test passed: [tesNgTask][businessObject.CalculatorTest][testIsNegative]. Status <1>. Time duration <0>.<br/>
</br>Wed Nov 02 13:17:57 MSK 2016. Test passed: [tesNgTask][businessObject.CalculatorTest][testIsNegative]. Status <1>. Time duration <0>.<br/>
</div>
</td>
<td></td>
<td>0</td>
<td>businessObject.CalculatorTest@50675690</td></tr>
<tr>
<td title='businessObject.CalculatorTest.testIsPosWithNegativeNumber()'><b>testIsPosWithNegativeNumber</b><br>Test class: businessObject.CalculatorTest<br>Parameters: -57987876<br/>
<a href="#Output-37380050" onClick='toggleBox("Output-37380050", this, "Show output", "Hide output");'>Show output</a>

<a href="#Output-37380050" onClick="toggleAllBoxes();">Show all outputs</a>
<div class='log' id="Output-37380050">
</br>Wed Nov 02 13:17:57 MSK 2016. Test passed: [tesNgTask][businessObject.CalculatorTest][testIsPosWithNegativeNumber]. Status <1>. Time duration <0>.<br/>
</br>Wed Nov 02 13:17:57 MSK 2016. Test passed: [tesNgTask][businessObject.CalculatorTest][testIsPosWithNegativeNumber]. Status <1>. Time duration <0>.<br/>
</div>
</td>
<td></td>
<td>0</td>
<td>businessObject.CalculatorTest@50675690</td></tr>
<tr>
<td title='businessObject.CalculatorTest.testIsPositive()'><b>testIsPositive</b><br>Test class: businessObject.CalculatorTest<br>Parameters: 32223<br/>
<a href="#Output-2023938592" onClick='toggleBox("Output-2023938592", this, "Show output", "Hide output");'>Show output</a>

<a href="#Output-2023938592" onClick="toggleAllBoxes();">Show all outputs</a>
<div class='log' id="Output-2023938592">
</br>Wed Nov 02 13:17:57 MSK 2016. Test passed: [tesNgTask][businessObject.CalculatorTest][testIsPositive]. Status <1>. Time duration <0>.<br/>
</br>Wed Nov 02 13:17:57 MSK 2016. Test passed: [tesNgTask][businessObject.CalculatorTest][testIsPositive]. Status <1>. Time duration <0>.<br/>
</div>
</td>
<td></td>
<td>0</td>
<td>businessObject.CalculatorTest@50675690</td></tr>
<tr>
<td title='businessObject.CalculatorTest.testMultDouble()'><b>testMultDouble</b><br>Test class: businessObject.CalculatorTest<br>Parameters: 0.0, -5.6565656562E9, 0.0, 1.0E-10<br/>
<a href="#Output-93314457" onClick='toggleBox("Output-93314457", this, "Show output", "Hide output");'>Show output</a>

<a href="#Output-93314457" onClick="toggleAllBoxes();">Show all outputs</a>
<div class='log' id="Output-93314457">
</br>Wed Nov 02 13:17:57 MSK 2016. Test passed: [tesNgTask][businessObject.CalculatorTest][testMultDouble]. Status <1>. Time duration <0>.<br/>
</br>Wed Nov 02 13:17:57 MSK 2016. Test passed: [tesNgTask][businessObject.CalculatorTest][testMultDouble]. Status <1>. Time duration <0>.<br/>
</div>
</td>
<td></td>
<td>0</td>
<td>businessObject.CalculatorTest@50675690</td></tr>
<tr>
<td title='businessObject.CalculatorTest.testMultDouble()'><b>testMultDouble</b><br>Test class: businessObject.CalculatorTest<br>Parameters: 0.0, 0.0, 0.0, 1.0E-10<br/>
<a href="#Output-1796371666" onClick='toggleBox("Output-1796371666", this, "Show output", "Hide output");'>Show output</a>

<a href="#Output-1796371666" onClick="toggleAllBoxes();">Show all outputs</a>
<div class='log' id="Output-1796371666">
</br>Wed Nov 02 13:17:57 MSK 2016. Test passed: [tesNgTask][businessObject.CalculatorTest][testMultDouble]. Status <1>. Time duration <0>.<br/>
</br>Wed Nov 02 13:17:57 MSK 2016. Test passed: [tesNgTask][businessObject.CalculatorTest][testMultDouble]. Status <1>. Time duration <0>.<br/>
</div>
</td>
<td></td>
<td>0</td>
<td>businessObject.CalculatorTest@50675690</td></tr>
<tr>
<td title='businessObject.CalculatorTest.testMultDouble()'><b>testMultDouble</b><br>Test class: businessObject.CalculatorTest<br>Parameters: 4.65467468465464E17, 0.0, 0.0, 1.0E-10<br/>
<a href="#Output-2076287037" onClick='toggleBox("Output-2076287037", this, "Show output", "Hide output");'>Show output</a>

<a href="#Output-2076287037" onClick="toggleAllBoxes();">Show all outputs</a>
<div class='log' id="Output-2076287037">
</br>Wed Nov 02 13:17:57 MSK 2016. Test passed: [tesNgTask][businessObject.CalculatorTest][testMultDouble]. Status <1>. Time duration <0>.<br/>
</br>Wed Nov 02 13:17:57 MSK 2016. Test passed: [tesNgTask][businessObject.CalculatorTest][testMultDouble]. Status <1>. Time duration <0>.<br/>
</div>
</td>
<td></td>
<td>0</td>
<td>businessObject.CalculatorTest@50675690</td></tr>
<tr>
<td title='businessObject.CalculatorTest.testMultLong()'><b>testMultLong</b><br>Test class: businessObject.CalculatorTest<br>Parameters: 0, -5656565656, 0<br/>
<a href="#Output-1381713434" onClick='toggleBox("Output-1381713434", this, "Show output", "Hide output");'>Show output</a>

<a href="#Output-1381713434" onClick="toggleAllBoxes();">Show all outputs</a>
<div class='log' id="Output-1381713434">
</br>Wed Nov 02 13:17:57 MSK 2016. Test passed: [tesNgTask][businessObject.CalculatorTest][testMultLong]. Status <1>. Time duration <0>.<br/>
</br>Wed Nov 02 13:17:57 MSK 2016. Test passed: [tesNgTask][businessObject.CalculatorTest][testMultLong]. Status <1>. Time duration <0>.<br/>
</div>
</td>
<td></td>
<td>0</td>
<td>businessObject.CalculatorTest@50675690</td></tr>
<tr>
<td title='businessObject.CalculatorTest.testMultLong()'><b>testMultLong</b><br>Test class: businessObject.CalculatorTest<br>Parameters: 0, 0, 0<br/>
<a href="#Output-1489092624" onClick='toggleBox("Output-1489092624", this, "Show output", "Hide output");'>Show output</a>

<a href="#Output-1489092624" onClick="toggleAllBoxes();">Show all outputs</a>
<div class='log' id="Output-1489092624">
</br>Wed Nov 02 13:17:57 MSK 2016. Test passed: [tesNgTask][businessObject.CalculatorTest][testMultLong]. Status <1>. Time duration <0>.<br/>
</br>Wed Nov 02 13:17:57 MSK 2016. Test passed: [tesNgTask][businessObject.CalculatorTest][testMultLong]. Status <1>. Time duration <0>.<br/>
</div>
</td>
<td></td>
<td>0</td>
<td>businessObject.CalculatorTest@50675690</td></tr>
<tr>
<td title='businessObject.CalculatorTest.testMultLong()'><b>testMultLong</b><br>Test class: businessObject.CalculatorTest<br>Parameters: 465467468465464000, 0, 0<br/>
<a href="#Output-192881625" onClick='toggleBox("Output-192881625", this, "Show output", "Hide output");'>Show output</a>

<a href="#Output-192881625" onClick="toggleAllBoxes();">Show all outputs</a>
<div class='log' id="Output-192881625">
</br>Wed Nov 02 13:17:57 MSK 2016. Test passed: [tesNgTask][businessObject.CalculatorTest][testMultLong]. Status <1>. Time duration <0>.<br/>
</br>Wed Nov 02 13:17:57 MSK 2016. Test passed: [tesNgTask][businessObject.CalculatorTest][testMultLong]. Status <1>. Time duration <0>.<br/>
</div>
</td>
<td></td>
<td>0</td>
<td>businessObject.CalculatorTest@50675690</td></tr>
<tr>
<td title='businessObject.CalculatorTest.testMultLong()'><b>testMultLong</b><br>Test class: businessObject.CalculatorTest<br>Parameters: 456789, 6, 2740734<br/>
<a href="#Output-1641313620" onClick='toggleBox("Output-1641313620", this, "Show output", "Hide output");'>Show output</a>

<a href="#Output-1641313620" onClick="toggleAllBoxes();">Show all outputs</a>
<div class='log' id="Output-1641313620">
</br>Wed Nov 02 13:17:57 MSK 2016. Test passed: [tesNgTask][businessObject.CalculatorTest][testMultLong]. Status <1>. Time duration <0>.<br/>
</br>Wed Nov 02 13:17:57 MSK 2016. Test passed: [tesNgTask][businessObject.CalculatorTest][testMultLong]. Status <1>. Time duration <0>.<br/>
</div>
</td>
<td></td>
<td>0</td>
<td>businessObject.CalculatorTest@50675690</td></tr>
<tr>
<td title='businessObject.CalculatorTest.testMultLong()'><b>testMultLong</b><br>Test class: businessObject.CalculatorTest<br>Parameters: -5, -5, 25<br/>
<a href="#Output-1773638882" onClick='toggleBox("Output-1773638882", this, "Show output", "Hide output");'>Show output</a>

<a href="#Output-1773638882" onClick="toggleAllBoxes();">Show all outputs</a>
<div class='log' id="Output-1773638882">
</br>Wed Nov 02 13:17:57 MSK 2016. Test passed: [tesNgTask][businessObject.CalculatorTest][testMultLong]. Status <1>. Time duration <0>.<br/>
</br>Wed Nov 02 13:17:57 MSK 2016. Test passed: [tesNgTask][businessObject.CalculatorTest][testMultLong]. Status <1>. Time duration <0>.<br/>
</div>
</td>
<td></td>
<td>0</td>
<td>businessObject.CalculatorTest@50675690</td></tr>
<tr>
<td title='businessObject.CalculatorTest.testMultLong()'><b>testMultLong</b><br>Test class: businessObject.CalculatorTest<br>Parameters: 30, -5, -150<br/>
<a href="#Output-1059063940" onClick='toggleBox("Output-1059063940", this, "Show output", "Hide output");'>Show output</a>

<a href="#Output-1059063940" onClick="toggleAllBoxes();">Show all outputs</a>
<div class='log' id="Output-1059063940">
</br>Wed Nov 02 13:17:57 MSK 2016. Test passed: [tesNgTask][businessObject.CalculatorTest][testMultLong]. Status <1>. Time duration <0>.<br/>
</br>Wed Nov 02 13:17:57 MSK 2016. Test passed: [tesNgTask][businessObject.CalculatorTest][testMultLong]. Status <1>. Time duration <0>.<br/>
</div>
</td>
<td></td>
<td>0</td>
<td>businessObject.CalculatorTest@50675690</td></tr>
<tr>
<td title='businessObject.CalculatorTest.testMultLong()'><b>testMultLong</b><br>Test class: businessObject.CalculatorTest<br>Parameters: -8, 20, -160<br/>
<a href="#Output-1295226194" onClick='toggleBox("Output-1295226194", this, "Show output", "Hide output");'>Show output</a>

<a href="#Output-1295226194" onClick="toggleAllBoxes();">Show all outputs</a>
<div class='log' id="Output-1295226194">
</br>Wed Nov 02 13:17:57 MSK 2016. Test passed: [tesNgTask][businessObject.CalculatorTest][testMultLong]. Status <1>. Time duration <16>.<br/>
</br>Wed Nov 02 13:17:57 MSK 2016. Test passed: [tesNgTask][businessObject.CalculatorTest][testMultLong]. Status <1>. Time duration <16>.<br/>
</div>
</td>
<td></td>
<td>0</td>
<td>businessObject.CalculatorTest@50675690</td></tr>
<tr>
<td title='businessObject.CalculatorTest.testPow()'><b>testPow</b><br>Test class: businessObject.CalculatorTest<br>Parameters: 4.65467468465464E17, 0.0, 1.0<br/>
<a href="#Output-252651381" onClick='toggleBox("Output-252651381", this, "Show output", "Hide output");'>Show output</a>

<a href="#Output-252651381" onClick="toggleAllBoxes();">Show all outputs</a>
<div class='log' id="Output-252651381">
</br>Wed Nov 02 13:17:57 MSK 2016. Test passed: [tesNgTask][businessObject.CalculatorTest][testPow]. Status <1>. Time duration <0>.<br/>
</br>Wed Nov 02 13:17:57 MSK 2016. Test passed: [tesNgTask][businessObject.CalculatorTest][testPow]. Status <1>. Time duration <0>.<br/>
</div>
</td>
<td></td>
<td>0</td>
<td>businessObject.CalculatorTest@50675690</td></tr>
<tr>
<td title='businessObject.CalculatorTest.testPow()'><b>testPow</b><br>Test class: businessObject.CalculatorTest<br>Parameters: 456789.0, 6.0, 9.08434924831199E33<br/>
<a href="#Output-1514840818" onClick='toggleBox("Output-1514840818", this, "Show output", "Hide output");'>Show output</a>

<a href="#Output-1514840818" onClick="toggleAllBoxes();">Show all outputs</a>
<div class='log' id="Output-1514840818">
</br>Wed Nov 02 13:17:57 MSK 2016. Test passed: [tesNgTask][businessObject.CalculatorTest][testPow]. Status <1>. Time duration <0>.<br/>
</br>Wed Nov 02 13:17:57 MSK 2016. Test passed: [tesNgTask][businessObject.CalculatorTest][testPow]. Status <1>. Time duration <0>.<br/>
</div>
</td>
<td></td>
<td>0</td>
<td>businessObject.CalculatorTest@50675690</td></tr>
<tr>
<td title='businessObject.CalculatorTest.testPow()'><b>testPow</b><br>Test class: businessObject.CalculatorTest<br>Parameters: -5.0, -5.0, -3.2E-4<br/>
<a href="#Output-1704064279" onClick='toggleBox("Output-1704064279", this, "Show output", "Hide output");'>Show output</a>

<a href="#Output-1704064279" onClick="toggleAllBoxes();">Show all outputs</a>
<div class='log' id="Output-1704064279">
</br>Wed Nov 02 13:17:57 MSK 2016. Test passed: [tesNgTask][businessObject.CalculatorTest][testPow]. Status <1>. Time duration <0>.<br/>
</br>Wed Nov 02 13:17:57 MSK 2016. Test passed: [tesNgTask][businessObject.CalculatorTest][testPow]. Status <1>. Time duration <0>.<br/>
</div>
</td>
<td></td>
<td>0</td>
<td>businessObject.CalculatorTest@50675690</td></tr>
<tr>
<td title='businessObject.CalculatorTest.testPow()'><b>testPow</b><br>Test class: businessObject.CalculatorTest<br>Parameters: 30.0, -5.0, 4.11522633744856E-8<br/>
<a href="#Output-878274034" onClick='toggleBox("Output-878274034", this, "Show output", "Hide output");'>Show output</a>

<a href="#Output-878274034" onClick="toggleAllBoxes();">Show all outputs</a>
<div class='log' id="Output-878274034">
</br>Wed Nov 02 13:17:57 MSK 2016. Test passed: [tesNgTask][businessObject.CalculatorTest][testPow]. Status <1>. Time duration <0>.<br/>
</br>Wed Nov 02 13:17:57 MSK 2016. Test passed: [tesNgTask][businessObject.CalculatorTest][testPow]. Status <1>. Time duration <0>.<br/>
</div>
</td>
<td></td>
<td>0</td>
<td>businessObject.CalculatorTest@50675690</td></tr>
<tr>
<td title='businessObject.CalculatorTest.testPow()'><b>testPow</b><br>Test class: businessObject.CalculatorTest<br>Parameters: -8.0, 20.0, 1.15292150460684698E18<br/>
<a href="#Output-1117509763" onClick='toggleBox("Output-1117509763", this, "Show output", "Hide output");'>Show output</a>

<a href="#Output-1117509763" onClick="toggleAllBoxes();">Show all outputs</a>
<div class='log' id="Output-1117509763">
</br>Wed Nov 02 13:17:57 MSK 2016. Test passed: [tesNgTask][businessObject.CalculatorTest][testPow]. Status <1>. Time duration <0>.<br/>
</br>Wed Nov 02 13:17:57 MSK 2016. Test passed: [tesNgTask][businessObject.CalculatorTest][testPow]. Status <1>. Time duration <0>.<br/>
</div>
</td>
<td></td>
<td>0</td>
<td>businessObject.CalculatorTest@50675690</td></tr>
<tr>
<td title='businessObject.CalculatorTest.testSin()'><b>testSin</b><br>Test class: businessObject.CalculatorTest<br>Parameters: -5656.0, -0.9057828422998849<br/>
<a href="#Output-1461149300" onClick='toggleBox("Output-1461149300", this, "Show output", "Hide output");'>Show output</a>

<a href="#Output-1461149300" onClick="toggleAllBoxes();">Show all outputs</a>
<div class='log' id="Output-1461149300">
</br>Wed Nov 02 13:17:57 MSK 2016. Test passed: [tesNgTask][businessObject.CalculatorTest][testSin]. Status <1>. Time duration <0>.<br/>
</br>Wed Nov 02 13:17:57 MSK 2016. Test passed: [tesNgTask][businessObject.CalculatorTest][testSin]. Status <1>. Time duration <0>.<br/>
</div>
</td>
<td></td>
<td>0</td>
<td>businessObject.CalculatorTest@50675690</td></tr>
<tr>
<td title='businessObject.CalculatorTest.testSin()'><b>testSin</b><br>Test class: businessObject.CalculatorTest<br>Parameters: 0.0, 0.0<br/>
<a href="#Output-2075495587" onClick='toggleBox("Output-2075495587", this, "Show output", "Hide output");'>Show output</a>

<a href="#Output-2075495587" onClick="toggleAllBoxes();">Show all outputs</a>
<div class='log' id="Output-2075495587">
</br>Wed Nov 02 13:17:57 MSK 2016. Test passed: [tesNgTask][businessObject.CalculatorTest][testSin]. Status <1>. Time duration <0>.<br/>
</br>Wed Nov 02 13:17:57 MSK 2016. Test passed: [tesNgTask][businessObject.CalculatorTest][testSin]. Status <1>. Time duration <0>.<br/>
</div>
</td>
<td></td>
<td>0</td>
<td>businessObject.CalculatorTest@50675690</td></tr>
<tr>
<td title='businessObject.CalculatorTest.testSin()'><b>testSin</b><br>Test class: businessObject.CalculatorTest<br>Parameters: 20.56, 0.9902650886087779<br/>
<a href="#Output-206835546" onClick='toggleBox("Output-206835546", this, "Show output", "Hide output");'>Show output</a>

<a href="#Output-206835546" onClick="toggleAllBoxes();">Show all outputs</a>
<div class='log' id="Output-206835546">
</br>Wed Nov 02 13:17:57 MSK 2016. Test passed: [tesNgTask][businessObject.CalculatorTest][testSin]. Status <1>. Time duration <16>.<br/>
</br>Wed Nov 02 13:17:57 MSK 2016. Test passed: [tesNgTask][businessObject.CalculatorTest][testSin]. Status <1>. Time duration <16>.<br/>
</div>
</td>
<td></td>
<td>0</td>
<td>businessObject.CalculatorTest@50675690</td></tr>
<tr>
<td title='businessObject.CalculatorTest.testSin()'><b>testSin</b><br>Test class: businessObject.CalculatorTest<br>Parameters: 1.0, 0.8414709848078965<br/>
<a href="#Output-1997287019" onClick='toggleBox("Output-1997287019", this, "Show output", "Hide output");'>Show output</a>

<a href="#Output-1997287019" onClick="toggleAllBoxes();">Show all outputs</a>
<div class='log' id="Output-1997287019">
</br>Wed Nov 02 13:17:57 MSK 2016. Test passed: [tesNgTask][businessObject.CalculatorTest][testSin]. Status <1>. Time duration <0>.<br/>
</br>Wed Nov 02 13:17:57 MSK 2016. Test passed: [tesNgTask][businessObject.CalculatorTest][testSin]. Status <1>. Time duration <0>.<br/>
</div>
</td>
<td></td>
<td>0</td>
<td>businessObject.CalculatorTest@50675690</td></tr>
<tr>
<td title='businessObject.CalculatorTest.testSqrt()'><b>testSqrt</b><br>Test class: businessObject.CalculatorTest<br>Parameters: 0.0, 0.0<br/>
<a href="#Output-436546048" onClick='toggleBox("Output-436546048", this, "Show output", "Hide output");'>Show output</a>

<a href="#Output-436546048" onClick="toggleAllBoxes();">Show all outputs</a>
<div class='log' id="Output-436546048">
</br>Wed Nov 02 13:17:57 MSK 2016. Test passed: [tesNgTask][businessObject.CalculatorTest][testSqrt]. Status <1>. Time duration <0>.<br/>
</br>Wed Nov 02 13:17:57 MSK 2016. Test passed: [tesNgTask][businessObject.CalculatorTest][testSqrt]. Status <1>. Time duration <0>.<br/>
</div>
</td>
<td></td>
<td>0</td>
<td>businessObject.CalculatorTest@50675690</td></tr>
<tr>
<td title='businessObject.CalculatorTest.testSqrt()'><b>testSqrt</b><br>Test class: businessObject.CalculatorTest<br>Parameters: 6.0, 2.449489742783178<br/>
<a href="#Output-1300393335" onClick='toggleBox("Output-1300393335", this, "Show output", "Hide output");'>Show output</a>

<a href="#Output-1300393335" onClick="toggleAllBoxes();">Show all outputs</a>
<div class='log' id="Output-1300393335">
</br>Wed Nov 02 13:17:57 MSK 2016. Test passed: [tesNgTask][businessObject.CalculatorTest][testSqrt]. Status <1>. Time duration <0>.<br/>
</br>Wed Nov 02 13:17:57 MSK 2016. Test passed: [tesNgTask][businessObject.CalculatorTest][testSqrt]. Status <1>. Time duration <0>.<br/>
</div>
</td>
<td></td>
<td>0</td>
<td>businessObject.CalculatorTest@50675690</td></tr>
<tr>
<td title='businessObject.CalculatorTest.testSqrt()'><b>testSqrt</b><br>Test class: businessObject.CalculatorTest<br>Parameters: 20.56, 4.534313619501853<br/>
<a href="#Output-1627428162" onClick='toggleBox("Output-1627428162", this, "Show output", "Hide output");'>Show output</a>

<a href="#Output-1627428162" onClick="toggleAllBoxes();">Show all outputs</a>
<div class='log' id="Output-1627428162">
</br>Wed Nov 02 13:17:57 MSK 2016. Test passed: [tesNgTask][businessObject.CalculatorTest][testSqrt]. Status <1>. Time duration <0>.<br/>
</br>Wed Nov 02 13:17:57 MSK 2016. Test passed: [tesNgTask][businessObject.CalculatorTest][testSqrt]. Status <1>. Time duration <0>.<br/>
</div>
</td>
<td></td>
<td>0</td>
<td>businessObject.CalculatorTest@50675690</td></tr>
<tr>
<td title='businessObject.CalculatorTest.testSubDouble()'><b>testSubDouble</b><br>Test class: businessObject.CalculatorTest<br>Parameters: 0.0, 0.0, 0.0, 1.0E-10<br/>
<a href="#Output-439928219" onClick='toggleBox("Output-439928219", this, "Show output", "Hide output");'>Show output</a>

<a href="#Output-439928219" onClick="toggleAllBoxes();">Show all outputs</a>
<div class='log' id="Output-439928219">
</br>Wed Nov 02 13:17:57 MSK 2016. Test passed: [tesNgTask][businessObject.CalculatorTest][testSubDouble]. Status <1>. Time duration <0>.<br/>
</br>Wed Nov 02 13:17:57 MSK 2016. Test passed: [tesNgTask][businessObject.CalculatorTest][testSubDouble]. Status <1>. Time duration <0>.<br/>
</div>
</td>
<td></td>
<td>0</td>
<td>businessObject.CalculatorTest@50675690</td></tr>
<tr>
<td title='businessObject.CalculatorTest.testSubDouble()'><b>testSubDouble</b><br>Test class: businessObject.CalculatorTest<br>Parameters: 0.0, -4.654564564E9, 4.654564564E9, 1.0E-10<br/>
<a href="#Output-2138564891" onClick='toggleBox("Output-2138564891", this, "Show output", "Hide output");'>Show output</a>

<a href="#Output-2138564891" onClick="toggleAllBoxes();">Show all outputs</a>
<div class='log' id="Output-2138564891">
</br>Wed Nov 02 13:17:57 MSK 2016. Test passed: [tesNgTask][businessObject.CalculatorTest][testSubDouble]. Status <1>. Time duration <0>.<br/>
</br>Wed Nov 02 13:17:57 MSK 2016. Test passed: [tesNgTask][businessObject.CalculatorTest][testSubDouble]. Status <1>. Time duration <0>.<br/>
</div>
</td>
<td></td>
<td>0</td>
<td>businessObject.CalculatorTest@50675690</td></tr>
<tr>
<td title='businessObject.CalculatorTest.testSubDouble()'><b>testSubDouble</b><br>Test class: businessObject.CalculatorTest<br>Parameters: 5.4646546546E10, 0.0, 5.4646546546E10, 1.0E-10<br/>
<a href="#Output-1151755506" onClick='toggleBox("Output-1151755506", this, "Show output", "Hide output");'>Show output</a>

<a href="#Output-1151755506" onClick="toggleAllBoxes();">Show all outputs</a>
<div class='log' id="Output-1151755506">
</br>Wed Nov 02 13:17:57 MSK 2016. Test passed: [tesNgTask][businessObject.CalculatorTest][testSubDouble]. Status <1>. Time duration <0>.<br/>
</br>Wed Nov 02 13:17:57 MSK 2016. Test passed: [tesNgTask][businessObject.CalculatorTest][testSubDouble]. Status <1>. Time duration <0>.<br/>
</div>
</td>
<td></td>
<td>0</td>
<td>businessObject.CalculatorTest@50675690</td></tr>
<tr>
<td title='businessObject.CalculatorTest.testSubDouble()'><b>testSubDouble</b><br>Test class: businessObject.CalculatorTest<br>Parameters: 9.89898989898989E19, 98.0, 9.89898989898989E19, 1.0E-10<br/>
<a href="#Output-2141179775" onClick='toggleBox("Output-2141179775", this, "Show output", "Hide output");'>Show output</a>

<a href="#Output-2141179775" onClick="toggleAllBoxes();">Show all outputs</a>
<div class='log' id="Output-2141179775">
</br>Wed Nov 02 13:17:57 MSK 2016. Test passed: [tesNgTask][businessObject.CalculatorTest][testSubDouble]. Status <1>. Time duration <0>.<br/>
</br>Wed Nov 02 13:17:57 MSK 2016. Test passed: [tesNgTask][businessObject.CalculatorTest][testSubDouble]. Status <1>. Time duration <0>.<br/>
</div>
</td>
<td></td>
<td>0</td>
<td>businessObject.CalculatorTest@50675690</td></tr>
<tr>
<td title='businessObject.CalculatorTest.testSubDouble()'><b>testSubDouble</b><br>Test class: businessObject.CalculatorTest<br>Parameters: 4.12341234123E11, 4.12341234123E11, 0.0, 1.0E-10<br/>
<a href="#Output-341748265" onClick='toggleBox("Output-341748265", this, "Show output", "Hide output");'>Show output</a>

<a href="#Output-341748265" onClick="toggleAllBoxes();">Show all outputs</a>
<div class='log' id="Output-341748265">
</br>Wed Nov 02 13:17:57 MSK 2016. Test passed: [tesNgTask][businessObject.CalculatorTest][testSubDouble]. Status <1>. Time duration <0>.<br/>
</br>Wed Nov 02 13:17:57 MSK 2016. Test passed: [tesNgTask][businessObject.CalculatorTest][testSubDouble]. Status <1>. Time duration <0>.<br/>
</div>
</td>
<td></td>
<td>0</td>
<td>businessObject.CalculatorTest@50675690</td></tr>
<tr>
<td title='businessObject.CalculatorTest.testSubDouble()'><b>testSubDouble</b><br>Test class: businessObject.CalculatorTest<br>Parameters: -5.55555555555555E14, 5.0, -5.5555555555556E14, 1.0E-10<br/>
<a href="#Output-364604394" onClick='toggleBox("Output-364604394", this, "Show output", "Hide output");'>Show output</a>

<a href="#Output-364604394" onClick="toggleAllBoxes();">Show all outputs</a>
<div class='log' id="Output-364604394">
</br>Wed Nov 02 13:17:57 MSK 2016. Test passed: [tesNgTask][businessObject.CalculatorTest][testSubDouble]. Status <1>. Time duration <0>.<br/>
</br>Wed Nov 02 13:17:57 MSK 2016. Test passed: [tesNgTask][businessObject.CalculatorTest][testSubDouble]. Status <1>. Time duration <0>.<br/>
</div>
</td>
<td></td>
<td>0</td>
<td>businessObject.CalculatorTest@50675690</td></tr>
<tr>
<td title='businessObject.CalculatorTest.testSubLong()'><b>testSubLong</b><br>Test class: businessObject.CalculatorTest<br>Parameters: 0, 0, 0<br/>
<a href="#Output-146370526" onClick='toggleBox("Output-146370526", this, "Show output", "Hide output");'>Show output</a>

<a href="#Output-146370526" onClick="toggleAllBoxes();">Show all outputs</a>
<div class='log' id="Output-146370526">
</br>Wed Nov 02 13:17:57 MSK 2016. Test passed: [tesNgTask][businessObject.CalculatorTest][testSubLong]. Status <1>. Time duration <0>.<br/>
</br>Wed Nov 02 13:17:57 MSK 2016. Test passed: [tesNgTask][businessObject.CalculatorTest][testSubLong]. Status <1>. Time duration <0>.<br/>
</div>
</td>
<td></td>
<td>0</td>
<td>businessObject.CalculatorTest@50675690</td></tr>
<tr>
<td title='businessObject.CalculatorTest.testSubLong()'><b>testSubLong</b><br>Test class: businessObject.CalculatorTest<br>Parameters: 0, -4654564564, 4654564564<br/>
<a href="#Output-758013696" onClick='toggleBox("Output-758013696", this, "Show output", "Hide output");'>Show output</a>

<a href="#Output-758013696" onClick="toggleAllBoxes();">Show all outputs</a>
<div class='log' id="Output-758013696">
</br>Wed Nov 02 13:17:57 MSK 2016. Test passed: [tesNgTask][businessObject.CalculatorTest][testSubLong]. Status <1>. Time duration <0>.<br/>
</br>Wed Nov 02 13:17:57 MSK 2016. Test passed: [tesNgTask][businessObject.CalculatorTest][testSubLong]. Status <1>. Time duration <0>.<br/>
</div>
</td>
<td></td>
<td>0</td>
<td>businessObject.CalculatorTest@50675690</td></tr>
<tr>
<td title='businessObject.CalculatorTest.testSubLong()'><b>testSubLong</b><br>Test class: businessObject.CalculatorTest<br>Parameters: 54646546546, 0, 54646546546<br/>
<a href="#Output-1279309678" onClick='toggleBox("Output-1279309678", this, "Show output", "Hide output");'>Show output</a>

<a href="#Output-1279309678" onClick="toggleAllBoxes();">Show all outputs</a>
<div class='log' id="Output-1279309678">
</br>Wed Nov 02 13:17:57 MSK 2016. Test passed: [tesNgTask][businessObject.CalculatorTest][testSubLong]. Status <1>. Time duration <0>.<br/>
</br>Wed Nov 02 13:17:57 MSK 2016. Test passed: [tesNgTask][businessObject.CalculatorTest][testSubLong]. Status <1>. Time duration <0>.<br/>
</div>
</td>
<td></td>
<td>0</td>
<td>businessObject.CalculatorTest@50675690</td></tr>
<tr>
<td title='businessObject.CalculatorTest.testSumDouble()'><b>testSumDouble</b><br>Test class: businessObject.CalculatorTest<br>Parameters: -564.25, 564.25, 0.0, 1.0E-10<br/>
<a href="#Output-1426329391" onClick='toggleBox("Output-1426329391", this, "Show output", "Hide output");'>Show output</a>

<a href="#Output-1426329391" onClick="toggleAllBoxes();">Show all outputs</a>
<div class='log' id="Output-1426329391">
</br>Wed Nov 02 13:17:59 MSK 2016. Test passed: [tesNgTask][businessObject.CalculatorTest][testSumDouble]. Status <1>. Time duration <2025>.<br/>
</br>Wed Nov 02 13:17:59 MSK 2016. Test passed: [tesNgTask][businessObject.CalculatorTest][testSumDouble]. Status <1>. Time duration <2025>.<br/>
</div>
</td>
<td></td>
<td>2</td>
<td>businessObject.CalculatorTest@50675690</td></tr>
<tr>
<td title='businessObject.CalculatorTest.testSumDouble()'><b>testSumDouble</b><br>Test class: businessObject.CalculatorTest<br>Parameters: 1000.05, 250.5, 1250.55, 1.0E-10<br/>
<a href="#Output-1690859824" onClick='toggleBox("Output-1690859824", this, "Show output", "Hide output");'>Show output</a>

<a href="#Output-1690859824" onClick="toggleAllBoxes();">Show all outputs</a>
<div class='log' id="Output-1690859824">
</br>Wed Nov 02 13:18:01 MSK 2016. Test passed: [tesNgTask][businessObject.CalculatorTest][testSumDouble]. Status <1>. Time duration <2011>.<br/>
</br>Wed Nov 02 13:18:01 MSK 2016. Test passed: [tesNgTask][businessObject.CalculatorTest][testSumDouble]. Status <1>. Time duration <2011>.<br/>
</div>
</td>
<td></td>
<td>2</td>
<td>businessObject.CalculatorTest@50675690</td></tr>
<tr>
<td title='businessObject.CalculatorTest.testSumDouble()'><b>testSumDouble</b><br>Test class: businessObject.CalculatorTest<br>Parameters: 1500.50005, -500.0, 1000.50005, 1.0E-10<br/>
<a href="#Output-1074593562" onClick='toggleBox("Output-1074593562", this, "Show output", "Hide output");'>Show output</a>

<a href="#Output-1074593562" onClick="toggleAllBoxes();">Show all outputs</a>
<div class='log' id="Output-1074593562">
</br>Wed Nov 02 13:18:03 MSK 2016. Test passed: [tesNgTask][businessObject.CalculatorTest][testSumDouble]. Status <1>. Time duration <2002>.<br/>
</br>Wed Nov 02 13:18:03 MSK 2016. Test passed: [tesNgTask][businessObject.CalculatorTest][testSumDouble]. Status <1>. Time duration <2002>.<br/>
</div>
</td>
<td></td>
<td>2</td>
<td>businessObject.CalculatorTest@50675690</td></tr>
<tr>
<td title='businessObject.CalculatorTest.testSumDouble()'><b>testSumDouble</b><br>Test class: businessObject.CalculatorTest<br>Parameters: -800.2, -200.4, -1000.6, 1.0E-10<br/>
<a href="#Output-660017404" onClick='toggleBox("Output-660017404", this, "Show output", "Hide output");'>Show output</a>

<a href="#Output-660017404" onClick="toggleAllBoxes();">Show all outputs</a>
<div class='log' id="Output-660017404">
</br>Wed Nov 02 13:18:05 MSK 2016. Test passed: [tesNgTask][businessObject.CalculatorTest][testSumDouble]. Status <1>. Time duration <2010>.<br/>
</br>Wed Nov 02 13:18:05 MSK 2016. Test passed: [tesNgTask][businessObject.CalculatorTest][testSumDouble]. Status <1>. Time duration <2010>.<br/>
</div>
</td>
<td></td>
<td>2</td>
<td>businessObject.CalculatorTest@50675690</td></tr>
<tr>
<td title='businessObject.CalculatorTest.testSumDouble()'><b>testSumDouble</b><br>Test class: businessObject.CalculatorTest<br>Parameters: 0.0, 0.0, 0.0, 1.0E-10<br/>
<a href="#Output-1381965390" onClick='toggleBox("Output-1381965390", this, "Show output", "Hide output");'>Show output</a>

<a href="#Output-1381965390" onClick="toggleAllBoxes();">Show all outputs</a>
<div class='log' id="Output-1381965390">
</br>Wed Nov 02 13:18:07 MSK 2016. Test passed: [tesNgTask][businessObject.CalculatorTest][testSumDouble]. Status <1>. Time duration <2002>.<br/>
</br>Wed Nov 02 13:18:07 MSK 2016. Test passed: [tesNgTask][businessObject.CalculatorTest][testSumDouble]. Status <1>. Time duration <2002>.<br/>
</div>
</td>
<td></td>
<td>2</td>
<td>businessObject.CalculatorTest@50675690</td></tr>
<tr>
<td title='businessObject.CalculatorTest.testSumDouble()'><b>testSumDouble</b><br>Test class: businessObject.CalculatorTest<br>Parameters: 0.0, 5656.25852, 5656.25852, 1.0E-10<br/>
<a href="#Output-1979313356" onClick='toggleBox("Output-1979313356", this, "Show output", "Hide output");'>Show output</a>

<a href="#Output-1979313356" onClick="toggleAllBoxes();">Show all outputs</a>
<div class='log' id="Output-1979313356">
</br>Wed Nov 02 13:18:09 MSK 2016. Test passed: [tesNgTask][businessObject.CalculatorTest][testSumDouble]. Status <1>. Time duration <2013>.<br/>
</br>Wed Nov 02 13:18:09 MSK 2016. Test passed: [tesNgTask][businessObject.CalculatorTest][testSumDouble]. Status <1>. Time duration <2013>.<br/>
</div>
</td>
<td></td>
<td>2</td>
<td>businessObject.CalculatorTest@50675690</td></tr>
<tr>
<td title='businessObject.CalculatorTest.testSumDouble()'><b>testSumDouble</b><br>Test class: businessObject.CalculatorTest<br>Parameters: -989898.232325787, 0.0, -989898.232325787, 1.0E-10<br/>
<a href="#Output-1386883398" onClick='toggleBox("Output-1386883398", this, "Show output", "Hide output");'>Show output</a>

<a href="#Output-1386883398" onClick="toggleAllBoxes();">Show all outputs</a>
<div class='log' id="Output-1386883398">
</br>Wed Nov 02 13:18:11 MSK 2016. Test passed: [tesNgTask][businessObject.CalculatorTest][testSumDouble]. Status <1>. Time duration <2008>.<br/>
</br>Wed Nov 02 13:18:11 MSK 2016. Test passed: [tesNgTask][businessObject.CalculatorTest][testSumDouble]. Status <1>. Time duration <2008>.<br/>
</div>
</td>
<td></td>
<td>2</td>
<td>businessObject.CalculatorTest@50675690</td></tr>
<tr>
<td title='businessObject.CalculatorTest.testSumLong()'><b>testSumLong</b><br>Test class: businessObject.CalculatorTest<br>Parameters: -500000, 0, -500000<br/>
<a href="#Output-1306854175" onClick='toggleBox("Output-1306854175", this, "Show output", "Hide output");'>Show output</a>

<a href="#Output-1306854175" onClick="toggleAllBoxes();">Show all outputs</a>
<div class='log' id="Output-1306854175">
</br>Wed Nov 02 13:18:13 MSK 2016. Test passed: [tesNgTask][businessObject.CalculatorTest][testSumLong]. Status <1>. Time duration <2000>.<br/>
</br>Wed Nov 02 13:18:13 MSK 2016. Test passed: [tesNgTask][businessObject.CalculatorTest][testSumLong]. Status <1>. Time duration <2000>.<br/>
</div>
</td>
<td></td>
<td>2</td>
<td>businessObject.CalculatorTest@50675690</td></tr>
<tr>
<td title='businessObject.CalculatorTest.testSumLong()'><b>testSumLong</b><br>Test class: businessObject.CalculatorTest<br>Parameters: 9223372036854775807, 0, 9223372036854775807<br/>
<a href="#Output-1742920067" onClick='toggleBox("Output-1742920067", this, "Show output", "Hide output");'>Show output</a>

<a href="#Output-1742920067" onClick="toggleAllBoxes();">Show all outputs</a>
<div class='log' id="Output-1742920067">
</br>Wed Nov 02 13:18:15 MSK 2016. Test passed: [tesNgTask][businessObject.CalculatorTest][testSumLong]. Status <1>. Time duration <2000>.<br/>
</br>Wed Nov 02 13:18:15 MSK 2016. Test passed: [tesNgTask][businessObject.CalculatorTest][testSumLong]. Status <1>. Time duration <2000>.<br/>
</div>
</td>
<td></td>
<td>2</td>
<td>businessObject.CalculatorTest@50675690</td></tr>
<tr>
<td title='businessObject.CalculatorTest.testSumLong()'><b>testSumLong</b><br>Test class: businessObject.CalculatorTest<br>Parameters: 15, 20, 35<br/>
<a href="#Output-1564984895" onClick='toggleBox("Output-1564984895", this, "Show output", "Hide output");'>Show output</a>

<a href="#Output-1564984895" onClick="toggleAllBoxes();">Show all outputs</a>
<div class='log' id="Output-1564984895">
</br>Wed Nov 02 13:18:17 MSK 2016. Test passed: [tesNgTask][businessObject.CalculatorTest][testSumLong]. Status <1>. Time duration <2009>.<br/>
</br>Wed Nov 02 13:18:17 MSK 2016. Test passed: [tesNgTask][businessObject.CalculatorTest][testSumLong]. Status <1>. Time duration <2009>.<br/>
</div>
</td>
<td></td>
<td>2</td>
<td>businessObject.CalculatorTest@50675690</td></tr>
<tr>
<td title='businessObject.CalculatorTest.testSumLong()'><b>testSumLong</b><br>Test class: businessObject.CalculatorTest<br>Parameters: -1250, -50, -1300<br/>
<a href="#Output-1587819720" onClick='toggleBox("Output-1587819720", this, "Show output", "Hide output");'>Show output</a>

<a href="#Output-1587819720" onClick="toggleAllBoxes();">Show all outputs</a>
<div class='log' id="Output-1587819720">
</br>Wed Nov 02 13:18:19 MSK 2016. Test passed: [tesNgTask][businessObject.CalculatorTest][testSumLong]. Status <1>. Time duration <2001>.<br/>
</br>Wed Nov 02 13:18:19 MSK 2016. Test passed: [tesNgTask][businessObject.CalculatorTest][testSumLong]. Status <1>. Time duration <2001>.<br/>
</div>
</td>
<td></td>
<td>2</td>
<td>businessObject.CalculatorTest@50675690</td></tr>
<tr>
<td title='businessObject.CalculatorTest.testSumLong()'><b>testSumLong</b><br>Test class: businessObject.CalculatorTest<br>Parameters: 0, 0, 0<br/>
<a href="#Output-1002191352" onClick='toggleBox("Output-1002191352", this, "Show output", "Hide output");'>Show output</a>

<a href="#Output-1002191352" onClick="toggleAllBoxes();">Show all outputs</a>
<div class='log' id="Output-1002191352">
</br>Wed Nov 02 13:18:21 MSK 2016. Test passed: [tesNgTask][businessObject.CalculatorTest][testSumLong]. Status <1>. Time duration <2008>.<br/>
</br>Wed Nov 02 13:18:21 MSK 2016. Test passed: [tesNgTask][businessObject.CalculatorTest][testSumLong]. Status <1>. Time duration <2008>.<br/>
</div>
</td>
<td></td>
<td>2</td>
<td>businessObject.CalculatorTest@50675690</td></tr>
<tr>
<td title='businessObject.CalculatorTest.testSumLong()'><b>testSumLong</b><br>Test class: businessObject.CalculatorTest<br>Parameters: -878787, 878787, 0<br/>
<a href="#Output-1256440269" onClick='toggleBox("Output-1256440269", this, "Show output", "Hide output");'>Show output</a>

<a href="#Output-1256440269" onClick="toggleAllBoxes();">Show all outputs</a>
<div class='log' id="Output-1256440269">
</br>Wed Nov 02 13:18:23 MSK 2016. Test passed: [tesNgTask][businessObject.CalculatorTest][testSumLong]. Status <1>. Time duration <2014>.<br/>
</br>Wed Nov 02 13:18:23 MSK 2016. Test passed: [tesNgTask][businessObject.CalculatorTest][testSumLong]. Status <1>. Time duration <2014>.<br/>
</div>
</td>
<td></td>
<td>2</td>
<td>businessObject.CalculatorTest@50675690</td></tr>
<tr>
<td title='businessObject.CalculatorTest.testSumLong()'><b>testSumLong</b><br>Test class: businessObject.CalculatorTest<br>Parameters: 595959595959, -59, 595959595900<br/>
<a href="#Output-704024720" onClick='toggleBox("Output-704024720", this, "Show output", "Hide output");'>Show output</a>

<a href="#Output-704024720" onClick="toggleAllBoxes();">Show all outputs</a>
<div class='log' id="Output-704024720">
</br>Wed Nov 02 13:18:25 MSK 2016. Test passed: [tesNgTask][businessObject.CalculatorTest][testSumLong]. Status <1>. Time duration <2001>.<br/>
</br>Wed Nov 02 13:18:25 MSK 2016. Test passed: [tesNgTask][businessObject.CalculatorTest][testSumLong]. Status <1>. Time duration <2001>.<br/>
</div>
</td>
<td></td>
<td>2</td>
<td>businessObject.CalculatorTest@50675690</td></tr>
</table><p>
</body>
</html>