<html>
<head>
<title>TestNG:  Regression test for calculation</title>
<link href="../testng.css" rel="stylesheet" type="text/css" />
<link href="../my-testng.css" rel="stylesheet" type="text/css" />

<style type="text/css">
.log { display: none;} 
.stack-trace { display: none;} 
</style>
<script type="text/javascript">
<!--
function flip(e) {
  current = e.style.display;
  if (current == 'block') {
    e.style.display = 'none';
    return 0;
  }
  else {
    e.style.display = 'block';
    return 1;
  }
}

function toggleBox(szDivId, elem, msg1, msg2)
{
  var res = -1;  if (document.getElementById) {
    res = flip(document.getElementById(szDivId));
  }
  else if (document.all) {
    // this is the way old msie versions work
    res = flip(document.all[szDivId]);
  }
  if(elem) {
    if(res == 0) elem.innerHTML = msg1; else elem.innerHTML = msg2;
  }

}

function toggleAllBoxes() {
  if (document.getElementsByTagName) {
    d = document.getElementsByTagName('div');
    for (i = 0; i < d.length; i++) {
      if (d[i].className == 'log') {
        flip(d[i]);
      }
    }
  }
}

// -->
</script>

</head>
<body>
<h2 align='center'>Regression test for calculation</h2><table border='1' align="center">
<tr>
<td>Tests passed/Failed/Skipped:</td><td>57/29/0</td>
</tr><tr>
<td>Started on:</td><td>Tue Nov 01 20:31:44 MSK 2016</td>
</tr>
<tr><td>Total time:</td><td>7 seconds (7459 ms)</td>
</tr><tr>
<td>Included groups:</td><td>regression </td>
</tr><tr>
<td>Excluded groups:</td><td></td>
</tr>
</table><p/>
<small><i>(Hover the method name to see the test class name)</i></small><p/>
<table width='100%' border='1' class='invocation-failed'>
<tr><td colspan='4' align='center'><b>FAILED TESTS</b></td></tr>
<tr><td><b>Test method</b></td>
<td width="30%"><b>Exception</b></td>
<td width="10%"><b>Time (seconds)</b></td>
<td><b>Instance</b></td>
</tr>
<tr>
<td title='businessObject.CalculatorTest.testCos()'><b>testCos</b><br>Test class: businessObject.CalculatorTest<br>Parameters: -565656.0, 0.9480811024049992<br/>
<a href="#Output-1175591602" onClick='toggleBox("Output-1175591602", this, "Show output", "Hide output");'>Show output</a>

<a href="#Output-1175591602" onClick="toggleAllBoxes();">Show all outputs</a>
<div class='log' id="Output-1175591602">
</br>Tue Nov 01 20:31:45 MSK 2016. Test faild: [Regression test for calculation][businessObject.CalculatorTest][testCos]. Status <2>. Time duration <2>.<br/>
</div>
</td>
<td><div><pre>java.lang.AssertionError: expected [0.9480811024049992] but found [0.3180286516377352]
	at org.testng.Assert.fail(Assert.java:94)
	at org.testng.Assert.failNotEquals(Assert.java:494)
	at org.testng.Assert.assertEquals(Assert.java:123)
	at org.testng.Assert.assertEquals(Assert.java:165)
	at businessObject.CalculatorTest.testCos(CalculatorTest.java:81)
	at sun.reflect.NativeMethodAccessorImpl.invoke0(Native Method)
	at sun.reflect.NativeMethodAccessorImpl.invoke(NativeMethodAccessorImpl.java:62)
	at sun.reflect.DelegatingMethodAccessorImpl.invoke(DelegatingMethodAccessorImpl.java:43)
	at java.lang.reflect.Method.invoke(Method.java:498)
	at org.testng.internal.MethodInvocationHelper.invokeMethod(MethodInvocationHelper.java:84)
	at org.testng.internal.Invoker.invokeMethod(Invoker.java:714)
	at org.testng.internal.Invoker.invokeTestMethod(Invoker.java:901)
	at org.testng.internal.Invoker.invokeTestMethods(Invoker.java:1231)
	at org.testng.internal.TestMethodWorker.invokeTestMethods(TestMethodWorker.java:127)
	at org.testng.internal.TestMethodWorker.run(TestMethodWorker.java:111)
	at java.util.concurrent.ThreadPoolExecutor.runWorker(ThreadPoolExecutor.java:1142)
	at java.util.concurrent.ThreadPoolExecutor$Worker.run(ThreadPoolExecutor.java:617)
	at java.lang.Thread.run(Thread.java:745)
</pre></div><a href='#' onClick='toggleBox("stack-trace1175591602", this, "Click to show all stack frames", "Click to hide stack frames")'>Click to show all stack frames</a>
<div class='stack-trace' id='stack-trace1175591602'><pre>java.lang.AssertionError: expected [0.9480811024049992] but found [0.3180286516377352]
	at org.testng.Assert.fail(Assert.java:94)
	at org.testng.Assert.failNotEquals(Assert.java:494)
	at org.testng.Assert.assertEquals(Assert.java:123)
	at org.testng.Assert.assertEquals(Assert.java:165)
	at businessObject.CalculatorTest.testCos(CalculatorTest.java:81)
	at sun.reflect.NativeMethodAccessorImpl.invoke0(Native Method)
	at sun.reflect.NativeMethodAccessorImpl.invoke(NativeMethodAccessorImpl.java:62)
	at sun.reflect.DelegatingMethodAccessorImpl.invoke(DelegatingMethodAccessorImpl.java:43)
	at java.lang.reflect.Method.invoke(Method.java:498)
	at org.testng.internal.MethodInvocationHelper.invokeMethod(MethodInvocationHelper.java:84)
	at org.testng.internal.Invoker.invokeMethod(Invoker.java:714)
	at org.testng.internal.Invoker.invokeTestMethod(Invoker.java:901)
	at org.testng.internal.Invoker.invokeTestMethods(Invoker.java:1231)
	at org.testng.internal.TestMethodWorker.invokeTestMethods(TestMethodWorker.java:127)
	at org.testng.internal.TestMethodWorker.run(TestMethodWorker.java:111)
	at java.util.concurrent.ThreadPoolExecutor.runWorker(ThreadPoolExecutor.java:1142)
	at java.util.concurrent.ThreadPoolExecutor$Worker.run(ThreadPoolExecutor.java:617)
	at java.lang.Thread.run(Thread.java:745)
</pre></div></td>
<td>0</td>
<td>businessObject.CalculatorTest@2d6a9952</td></tr>
<tr>
<td title='businessObject.CalculatorTest.testCos()'><b>testCos</b><br>Test class: businessObject.CalculatorTest<br>Parameters: 0.0, 1.0<br/>
<a href="#Output-1450428365" onClick='toggleBox("Output-1450428365", this, "Show output", "Hide output");'>Show output</a>

<a href="#Output-1450428365" onClick="toggleAllBoxes();">Show all outputs</a>
<div class='log' id="Output-1450428365">
</br>Tue Nov 01 20:31:45 MSK 2016. Test faild: [Regression test for calculation][businessObject.CalculatorTest][testCos]. Status <2>. Time duration <1>.<br/>
</div>
</td>
<td><div><pre>java.lang.AssertionError: expected [1.0] but found [0.0]
	at org.testng.Assert.fail(Assert.java:94)
	at org.testng.Assert.failNotEquals(Assert.java:494)
	at org.testng.Assert.assertEquals(Assert.java:123)
	at org.testng.Assert.assertEquals(Assert.java:165)
	at businessObject.CalculatorTest.testCos(CalculatorTest.java:81)
	at sun.reflect.NativeMethodAccessorImpl.invoke0(Native Method)
	at sun.reflect.NativeMethodAccessorImpl.invoke(NativeMethodAccessorImpl.java:62)
	at sun.reflect.DelegatingMethodAccessorImpl.invoke(DelegatingMethodAccessorImpl.java:43)
	at java.lang.reflect.Method.invoke(Method.java:498)
	at org.testng.internal.MethodInvocationHelper.invokeMethod(MethodInvocationHelper.java:84)
	at org.testng.internal.Invoker.invokeMethod(Invoker.java:714)
	at org.testng.internal.Invoker.invokeTestMethod(Invoker.java:901)
	at org.testng.internal.Invoker.invokeTestMethods(Invoker.java:1231)
	at org.testng.internal.TestMethodWorker.invokeTestMethods(TestMethodWorker.java:127)
	at org.testng.internal.TestMethodWorker.run(TestMethodWorker.java:111)
	at java.util.concurrent.ThreadPoolExecutor.runWorker(ThreadPoolExecutor.java:1142)
	at java.util.concurrent.ThreadPoolExecutor$Worker.run(ThreadPoolExecutor.java:617)
	at java.lang.Thread.run(Thread.java:745)
</pre></div><a href='#' onClick='toggleBox("stack-trace1450428365", this, "Click to show all stack frames", "Click to hide stack frames")'>Click to show all stack frames</a>
<div class='stack-trace' id='stack-trace1450428365'><pre>java.lang.AssertionError: expected [1.0] but found [0.0]
	at org.testng.Assert.fail(Assert.java:94)
	at org.testng.Assert.failNotEquals(Assert.java:494)
	at org.testng.Assert.assertEquals(Assert.java:123)
	at org.testng.Assert.assertEquals(Assert.java:165)
	at businessObject.CalculatorTest.testCos(CalculatorTest.java:81)
	at sun.reflect.NativeMethodAccessorImpl.invoke0(Native Method)
	at sun.reflect.NativeMethodAccessorImpl.invoke(NativeMethodAccessorImpl.java:62)
	at sun.reflect.DelegatingMethodAccessorImpl.invoke(DelegatingMethodAccessorImpl.java:43)
	at java.lang.reflect.Method.invoke(Method.java:498)
	at org.testng.internal.MethodInvocationHelper.invokeMethod(MethodInvocationHelper.java:84)
	at org.testng.internal.Invoker.invokeMethod(Invoker.java:714)
	at org.testng.internal.Invoker.invokeTestMethod(Invoker.java:901)
	at org.testng.internal.Invoker.invokeTestMethods(Invoker.java:1231)
	at org.testng.internal.TestMethodWorker.invokeTestMethods(TestMethodWorker.java:127)
	at org.testng.internal.TestMethodWorker.run(TestMethodWorker.java:111)
	at java.util.concurrent.ThreadPoolExecutor.runWorker(ThreadPoolExecutor.java:1142)
	at java.util.concurrent.ThreadPoolExecutor$Worker.run(ThreadPoolExecutor.java:617)
	at java.lang.Thread.run(Thread.java:745)
</pre></div></td>
<td>0</td>
<td>businessObject.CalculatorTest@2d6a9952</td></tr>
<tr>
<td title='businessObject.CalculatorTest.testCos()'><b>testCos</b><br>Test class: businessObject.CalculatorTest<br>Parameters: 20.56, -0.13919430405964572<br/>
<a href="#Output-652278647" onClick='toggleBox("Output-652278647", this, "Show output", "Hide output");'>Show output</a>

<a href="#Output-652278647" onClick="toggleAllBoxes();">Show all outputs</a>
<div class='log' id="Output-652278647">
</br>Tue Nov 01 20:31:45 MSK 2016. Test faild: [Regression test for calculation][businessObject.CalculatorTest][testCos]. Status <2>. Time duration <1>.<br/>
</div>
</td>
<td><div><pre>java.lang.AssertionError: expected [-0.13919430405964572] but found [0.9902650886087779]
	at org.testng.Assert.fail(Assert.java:94)
	at org.testng.Assert.failNotEquals(Assert.java:494)
	at org.testng.Assert.assertEquals(Assert.java:123)
	at org.testng.Assert.assertEquals(Assert.java:165)
	at businessObject.CalculatorTest.testCos(CalculatorTest.java:81)
	at sun.reflect.NativeMethodAccessorImpl.invoke0(Native Method)
	at sun.reflect.NativeMethodAccessorImpl.invoke(NativeMethodAccessorImpl.java:62)
	at sun.reflect.DelegatingMethodAccessorImpl.invoke(DelegatingMethodAccessorImpl.java:43)
	at java.lang.reflect.Method.invoke(Method.java:498)
	at org.testng.internal.MethodInvocationHelper.invokeMethod(MethodInvocationHelper.java:84)
	at org.testng.internal.Invoker.invokeMethod(Invoker.java:714)
	at org.testng.internal.Invoker.invokeTestMethod(Invoker.java:901)
	at org.testng.internal.Invoker.invokeTestMethods(Invoker.java:1231)
	at org.testng.internal.TestMethodWorker.invokeTestMethods(TestMethodWorker.java:127)
	at org.testng.internal.TestMethodWorker.run(TestMethodWorker.java:111)
	at java.util.concurrent.ThreadPoolExecutor.runWorker(ThreadPoolExecutor.java:1142)
	at java.util.concurrent.ThreadPoolExecutor$Worker.run(ThreadPoolExecutor.java:617)
	at java.lang.Thread.run(Thread.java:745)
</pre></div><a href='#' onClick='toggleBox("stack-trace652278647", this, "Click to show all stack frames", "Click to hide stack frames")'>Click to show all stack frames</a>
<div class='stack-trace' id='stack-trace652278647'><pre>java.lang.AssertionError: expected [-0.13919430405964572] but found [0.9902650886087779]
	at org.testng.Assert.fail(Assert.java:94)
	at org.testng.Assert.failNotEquals(Assert.java:494)
	at org.testng.Assert.assertEquals(Assert.java:123)
	at org.testng.Assert.assertEquals(Assert.java:165)
	at businessObject.CalculatorTest.testCos(CalculatorTest.java:81)
	at sun.reflect.NativeMethodAccessorImpl.invoke0(Native Method)
	at sun.reflect.NativeMethodAccessorImpl.invoke(NativeMethodAccessorImpl.java:62)
	at sun.reflect.DelegatingMethodAccessorImpl.invoke(DelegatingMethodAccessorImpl.java:43)
	at java.lang.reflect.Method.invoke(Method.java:498)
	at org.testng.internal.MethodInvocationHelper.invokeMethod(MethodInvocationHelper.java:84)
	at org.testng.internal.Invoker.invokeMethod(Invoker.java:714)
	at org.testng.internal.Invoker.invokeTestMethod(Invoker.java:901)
	at org.testng.internal.Invoker.invokeTestMethods(Invoker.java:1231)
	at org.testng.internal.TestMethodWorker.invokeTestMethods(TestMethodWorker.java:127)
	at org.testng.internal.TestMethodWorker.run(TestMethodWorker.java:111)
	at java.util.concurrent.ThreadPoolExecutor.runWorker(ThreadPoolExecutor.java:1142)
	at java.util.concurrent.ThreadPoolExecutor$Worker.run(ThreadPoolExecutor.java:617)
	at java.lang.Thread.run(Thread.java:745)
</pre></div></td>
<td>0</td>
<td>businessObject.CalculatorTest@2d6a9952</td></tr>
<tr>
<td title='businessObject.CalculatorTest.testCos()'><b>testCos</b><br>Test class: businessObject.CalculatorTest<br>Parameters: 1.0, 0.5403023058681398<br/>
<a href="#Output-520594255" onClick='toggleBox("Output-520594255", this, "Show output", "Hide output");'>Show output</a>

<a href="#Output-520594255" onClick="toggleAllBoxes();">Show all outputs</a>
<div class='log' id="Output-520594255">
</br>Tue Nov 01 20:31:45 MSK 2016. Test faild: [Regression test for calculation][businessObject.CalculatorTest][testCos]. Status <2>. Time duration <1>.<br/>
</div>
</td>
<td><div><pre>java.lang.AssertionError: expected [0.5403023058681398] but found [0.8414709848078965]
	at org.testng.Assert.fail(Assert.java:94)
	at org.testng.Assert.failNotEquals(Assert.java:494)
	at org.testng.Assert.assertEquals(Assert.java:123)
	at org.testng.Assert.assertEquals(Assert.java:165)
	at businessObject.CalculatorTest.testCos(CalculatorTest.java:81)
	at sun.reflect.NativeMethodAccessorImpl.invoke0(Native Method)
	at sun.reflect.NativeMethodAccessorImpl.invoke(NativeMethodAccessorImpl.java:62)
	at sun.reflect.DelegatingMethodAccessorImpl.invoke(DelegatingMethodAccessorImpl.java:43)
	at java.lang.reflect.Method.invoke(Method.java:498)
	at org.testng.internal.MethodInvocationHelper.invokeMethod(MethodInvocationHelper.java:84)
	at org.testng.internal.Invoker.invokeMethod(Invoker.java:714)
	at org.testng.internal.Invoker.invokeTestMethod(Invoker.java:901)
	at org.testng.internal.Invoker.invokeTestMethods(Invoker.java:1231)
	at org.testng.internal.TestMethodWorker.invokeTestMethods(TestMethodWorker.java:127)
	at org.testng.internal.TestMethodWorker.run(TestMethodWorker.java:111)
	at java.util.concurrent.ThreadPoolExecutor.runWorker(ThreadPoolExecutor.java:1142)
	at java.util.concurrent.ThreadPoolExecutor$Worker.run(ThreadPoolExecutor.java:617)
	at java.lang.Thread.run(Thread.java:745)
</pre></div><a href='#' onClick='toggleBox("stack-trace520594255", this, "Click to show all stack frames", "Click to hide stack frames")'>Click to show all stack frames</a>
<div class='stack-trace' id='stack-trace520594255'><pre>java.lang.AssertionError: expected [0.5403023058681398] but found [0.8414709848078965]
	at org.testng.Assert.fail(Assert.java:94)
	at org.testng.Assert.failNotEquals(Assert.java:494)
	at org.testng.Assert.assertEquals(Assert.java:123)
	at org.testng.Assert.assertEquals(Assert.java:165)
	at businessObject.CalculatorTest.testCos(CalculatorTest.java:81)
	at sun.reflect.NativeMethodAccessorImpl.invoke0(Native Method)
	at sun.reflect.NativeMethodAccessorImpl.invoke(NativeMethodAccessorImpl.java:62)
	at sun.reflect.DelegatingMethodAccessorImpl.invoke(DelegatingMethodAccessorImpl.java:43)
	at java.lang.reflect.Method.invoke(Method.java:498)
	at org.testng.internal.MethodInvocationHelper.invokeMethod(MethodInvocationHelper.java:84)
	at org.testng.internal.Invoker.invokeMethod(Invoker.java:714)
	at org.testng.internal.Invoker.invokeTestMethod(Invoker.java:901)
	at org.testng.internal.Invoker.invokeTestMethods(Invoker.java:1231)
	at org.testng.internal.TestMethodWorker.invokeTestMethods(TestMethodWorker.java:127)
	at org.testng.internal.TestMethodWorker.run(TestMethodWorker.java:111)
	at java.util.concurrent.ThreadPoolExecutor.runWorker(ThreadPoolExecutor.java:1142)
	at java.util.concurrent.ThreadPoolExecutor$Worker.run(ThreadPoolExecutor.java:617)
	at java.lang.Thread.run(Thread.java:745)
</pre></div></td>
<td>0</td>
<td>businessObject.CalculatorTest@2d6a9952</td></tr>
<tr>
<td title='businessObject.CalculatorTest.testCtg()'><b>testCtg</b><br>Test class: businessObject.CalculatorTest<br>Parameters: -565656.0, 2.981118517223813<br/>
<a href="#Output-1664458895" onClick='toggleBox("Output-1664458895", this, "Show output", "Hide output");'>Show output</a>

<a href="#Output-1664458895" onClick="toggleAllBoxes();">Show all outputs</a>
<div class='log' id="Output-1664458895">
</br>Tue Nov 01 20:31:45 MSK 2016. Test faild: [Regression test for calculation][businessObject.CalculatorTest][testCtg]. Status <2>. Time duration <2>.<br/>
</div>
</td>
<td><div><pre>java.lang.AssertionError: expected [2.981118517223813] but found [-1.0]
	at org.testng.Assert.fail(Assert.java:94)
	at org.testng.Assert.failNotEquals(Assert.java:494)
	at org.testng.Assert.assertEquals(Assert.java:123)
	at org.testng.Assert.assertEquals(Assert.java:165)
	at businessObject.CalculatorTest.testCtg(CalculatorTest.java:76)
	at sun.reflect.NativeMethodAccessorImpl.invoke0(Native Method)
	at sun.reflect.NativeMethodAccessorImpl.invoke(NativeMethodAccessorImpl.java:62)
	at sun.reflect.DelegatingMethodAccessorImpl.invoke(DelegatingMethodAccessorImpl.java:43)
	at java.lang.reflect.Method.invoke(Method.java:498)
	at org.testng.internal.MethodInvocationHelper.invokeMethod(MethodInvocationHelper.java:84)
	at org.testng.internal.Invoker.invokeMethod(Invoker.java:714)
	at org.testng.internal.Invoker.invokeTestMethod(Invoker.java:901)
	at org.testng.internal.Invoker.invokeTestMethods(Invoker.java:1231)
	at org.testng.internal.TestMethodWorker.invokeTestMethods(TestMethodWorker.java:127)
	at org.testng.internal.TestMethodWorker.run(TestMethodWorker.java:111)
	at java.util.concurrent.ThreadPoolExecutor.runWorker(ThreadPoolExecutor.java:1142)
	at java.util.concurrent.ThreadPoolExecutor$Worker.run(ThreadPoolExecutor.java:617)
	at java.lang.Thread.run(Thread.java:745)
</pre></div><a href='#' onClick='toggleBox("stack-trace1664458895", this, "Click to show all stack frames", "Click to hide stack frames")'>Click to show all stack frames</a>
<div class='stack-trace' id='stack-trace1664458895'><pre>java.lang.AssertionError: expected [2.981118517223813] but found [-1.0]
	at org.testng.Assert.fail(Assert.java:94)
	at org.testng.Assert.failNotEquals(Assert.java:494)
	at org.testng.Assert.assertEquals(Assert.java:123)
	at org.testng.Assert.assertEquals(Assert.java:165)
	at businessObject.CalculatorTest.testCtg(CalculatorTest.java:76)
	at sun.reflect.NativeMethodAccessorImpl.invoke0(Native Method)
	at sun.reflect.NativeMethodAccessorImpl.invoke(NativeMethodAccessorImpl.java:62)
	at sun.reflect.DelegatingMethodAccessorImpl.invoke(DelegatingMethodAccessorImpl.java:43)
	at java.lang.reflect.Method.invoke(Method.java:498)
	at org.testng.internal.MethodInvocationHelper.invokeMethod(MethodInvocationHelper.java:84)
	at org.testng.internal.Invoker.invokeMethod(Invoker.java:714)
	at org.testng.internal.Invoker.invokeTestMethod(Invoker.java:901)
	at org.testng.internal.Invoker.invokeTestMethods(Invoker.java:1231)
	at org.testng.internal.TestMethodWorker.invokeTestMethods(TestMethodWorker.java:127)
	at org.testng.internal.TestMethodWorker.run(TestMethodWorker.java:111)
	at java.util.concurrent.ThreadPoolExecutor.runWorker(ThreadPoolExecutor.java:1142)
	at java.util.concurrent.ThreadPoolExecutor$Worker.run(ThreadPoolExecutor.java:617)
	at java.lang.Thread.run(Thread.java:745)
</pre></div></td>
<td>0</td>
<td>businessObject.CalculatorTest@2d6a9952</td></tr>
<tr>
<td title='businessObject.CalculatorTest.testCtg()'><b>testCtg</b><br>Test class: businessObject.CalculatorTest<br>Parameters: 20.56, -0.1405626691891154<br/>
<a href="#Output-50564623" onClick='toggleBox("Output-50564623", this, "Show output", "Hide output");'>Show output</a>

<a href="#Output-50564623" onClick="toggleAllBoxes();">Show all outputs</a>
<div class='log' id="Output-50564623">
</br>Tue Nov 01 20:31:45 MSK 2016. Test faild: [Regression test for calculation][businessObject.CalculatorTest][testCtg]. Status <2>. Time duration <1>.<br/>
</div>
</td>
<td><div><pre>java.lang.AssertionError: expected [-0.1405626691891154] but found [1.0]
	at org.testng.Assert.fail(Assert.java:94)
	at org.testng.Assert.failNotEquals(Assert.java:494)
	at org.testng.Assert.assertEquals(Assert.java:123)
	at org.testng.Assert.assertEquals(Assert.java:165)
	at businessObject.CalculatorTest.testCtg(CalculatorTest.java:76)
	at sun.reflect.NativeMethodAccessorImpl.invoke0(Native Method)
	at sun.reflect.NativeMethodAccessorImpl.invoke(NativeMethodAccessorImpl.java:62)
	at sun.reflect.DelegatingMethodAccessorImpl.invoke(DelegatingMethodAccessorImpl.java:43)
	at java.lang.reflect.Method.invoke(Method.java:498)
	at org.testng.internal.MethodInvocationHelper.invokeMethod(MethodInvocationHelper.java:84)
	at org.testng.internal.Invoker.invokeMethod(Invoker.java:714)
	at org.testng.internal.Invoker.invokeTestMethod(Invoker.java:901)
	at org.testng.internal.Invoker.invokeTestMethods(Invoker.java:1231)
	at org.testng.internal.TestMethodWorker.invokeTestMethods(TestMethodWorker.java:127)
	at org.testng.internal.TestMethodWorker.run(TestMethodWorker.java:111)
	at java.util.concurrent.ThreadPoolExecutor.runWorker(ThreadPoolExecutor.java:1142)
	at java.util.concurrent.ThreadPoolExecutor$Worker.run(ThreadPoolExecutor.java:617)
	at java.lang.Thread.run(Thread.java:745)
</pre></div><a href='#' onClick='toggleBox("stack-trace50564623", this, "Click to show all stack frames", "Click to hide stack frames")'>Click to show all stack frames</a>
<div class='stack-trace' id='stack-trace50564623'><pre>java.lang.AssertionError: expected [-0.1405626691891154] but found [1.0]
	at org.testng.Assert.fail(Assert.java:94)
	at org.testng.Assert.failNotEquals(Assert.java:494)
	at org.testng.Assert.assertEquals(Assert.java:123)
	at org.testng.Assert.assertEquals(Assert.java:165)
	at businessObject.CalculatorTest.testCtg(CalculatorTest.java:76)
	at sun.reflect.NativeMethodAccessorImpl.invoke0(Native Method)
	at sun.reflect.NativeMethodAccessorImpl.invoke(NativeMethodAccessorImpl.java:62)
	at sun.reflect.DelegatingMethodAccessorImpl.invoke(DelegatingMethodAccessorImpl.java:43)
	at java.lang.reflect.Method.invoke(Method.java:498)
	at org.testng.internal.MethodInvocationHelper.invokeMethod(MethodInvocationHelper.java:84)
	at org.testng.internal.Invoker.invokeMethod(Invoker.java:714)
	at org.testng.internal.Invoker.invokeTestMethod(Invoker.java:901)
	at org.testng.internal.Invoker.invokeTestMethods(Invoker.java:1231)
	at org.testng.internal.TestMethodWorker.invokeTestMethods(TestMethodWorker.java:127)
	at org.testng.internal.TestMethodWorker.run(TestMethodWorker.java:111)
	at java.util.concurrent.ThreadPoolExecutor.runWorker(ThreadPoolExecutor.java:1142)
	at java.util.concurrent.ThreadPoolExecutor$Worker.run(ThreadPoolExecutor.java:617)
	at java.lang.Thread.run(Thread.java:745)
</pre></div></td>
<td>0</td>
<td>businessObject.CalculatorTest@2d6a9952</td></tr>
<tr>
<td title='businessObject.CalculatorTest.testCtgFromZero()'><b>testCtgFromZero</b><br>Test class: businessObject.CalculatorTest<br>Parameters: 0.0<br/>
<a href="#Output-114612089" onClick='toggleBox("Output-114612089", this, "Show output", "Hide output");'>Show output</a>

<a href="#Output-114612089" onClick="toggleAllBoxes();">Show all outputs</a>
<div class='log' id="Output-114612089">
</br>Tue Nov 01 20:31:45 MSK 2016. Test faild: [Regression test for calculation][businessObject.CalculatorTest][testCtgFromZero]. Status <2>. Time duration <0>.<br/>
</div>
</td>
<td><div><pre>org.testng.TestException: 
Expected exception java.lang.IllegalArgumentException but got org.testng.TestException: 
Method CalculatorTest.testCtgFromZero(double)[pri:0, instance:businessObject.CalculatorTest@2d6a9952] should have thrown an exception of class java.lang.IllegalArgumentException
	at org.testng.internal.Invoker.handleInvocationResults(Invoker.java:1497)
	at org.testng.internal.Invoker.invokeTestMethods(Invoker.java:1245)
	at org.testng.internal.TestMethodWorker.invokeTestMethods(TestMethodWorker.java:127)
	at org.testng.internal.TestMethodWorker.run(TestMethodWorker.java:111)
	at java.util.concurrent.ThreadPoolExecutor.runWorker(ThreadPoolExecutor.java:1142)
	at java.util.concurrent.ThreadPoolExecutor$Worker.run(ThreadPoolExecutor.java:617)
	at java.lang.Thread.run(Thread.java:745)
Caused by: org.testng.TestException: 
Method CalculatorTest.testCtgFromZero(double)[pri:0, instance:businessObject.CalculatorTest@2d6a9952] should have thrown an exception of class java.lang.IllegalArgumentException
	at org.testng.internal.Invoker.handleInvocationResults(Invoker.java:1512)
	at org.testng.internal.Invoker.invokeMethod(Invoker.java:754)
	at org.testng.internal.Invoker.invokeTestMethod(Invoker.java:901)
	at org.testng.internal.Invoker.invokeTestMethods(Invoker.java:1231)
	... 5 more
</pre></div><a href='#' onClick='toggleBox("stack-trace114612089", this, "Click to show all stack frames", "Click to hide stack frames")'>Click to show all stack frames</a>
<div class='stack-trace' id='stack-trace114612089'><pre>org.testng.TestException: 
Expected exception java.lang.IllegalArgumentException but got org.testng.TestException: 
Method CalculatorTest.testCtgFromZero(double)[pri:0, instance:businessObject.CalculatorTest@2d6a9952] should have thrown an exception of class java.lang.IllegalArgumentException
	at org.testng.internal.Invoker.handleInvocationResults(Invoker.java:1497)
	at org.testng.internal.Invoker.invokeTestMethods(Invoker.java:1245)
	at org.testng.internal.TestMethodWorker.invokeTestMethods(TestMethodWorker.java:127)
	at org.testng.internal.TestMethodWorker.run(TestMethodWorker.java:111)
	at java.util.concurrent.ThreadPoolExecutor.runWorker(ThreadPoolExecutor.java:1142)
	at java.util.concurrent.ThreadPoolExecutor$Worker.run(ThreadPoolExecutor.java:617)
	at java.lang.Thread.run(Thread.java:745)
Caused by: org.testng.TestException: 
Method CalculatorTest.testCtgFromZero(double)[pri:0, instance:businessObject.CalculatorTest@2d6a9952] should have thrown an exception of class java.lang.IllegalArgumentException
	at org.testng.internal.Invoker.handleInvocationResults(Invoker.java:1512)
	at org.testng.internal.Invoker.invokeMethod(Invoker.java:754)
	at org.testng.internal.Invoker.invokeTestMethod(Invoker.java:901)
	at org.testng.internal.Invoker.invokeTestMethods(Invoker.java:1231)
	... 5 more
</pre></div></td>
<td>0</td>
<td>businessObject.CalculatorTest@2d6a9952</td></tr>
<tr>
<td title='businessObject.CalculatorTest.testDivOnZeroDouble()'><b>testDivOnZeroDouble</b><br>Test class: businessObject.CalculatorTest<br>Parameters: -656.555, 0.0<br/>
<a href="#Output-230983603" onClick='toggleBox("Output-230983603", this, "Show output", "Hide output");'>Show output</a>

<a href="#Output-230983603" onClick="toggleAllBoxes();">Show all outputs</a>
<div class='log' id="Output-230983603">
</br>Tue Nov 01 20:31:45 MSK 2016. Test faild: [Regression test for calculation][businessObject.CalculatorTest][testDivOnZeroDouble]. Status <2>. Time duration <1>.<br/>
</div>
</td>
<td><div><pre>org.testng.TestException: 
Expected exception java.lang.ArithmeticException but got org.testng.TestException: 
Method CalculatorTest.testDivOnZeroDouble(double, double)[pri:0, instance:businessObject.CalculatorTest@2d6a9952] should have thrown an exception of class java.lang.ArithmeticException
	at org.testng.internal.Invoker.handleInvocationResults(Invoker.java:1497)
	at org.testng.internal.Invoker.invokeTestMethods(Invoker.java:1245)
	at org.testng.internal.TestMethodWorker.invokeTestMethods(TestMethodWorker.java:127)
	at org.testng.internal.TestMethodWorker.run(TestMethodWorker.java:111)
	at java.util.concurrent.ThreadPoolExecutor.runWorker(ThreadPoolExecutor.java:1142)
	at java.util.concurrent.ThreadPoolExecutor$Worker.run(ThreadPoolExecutor.java:617)
	at java.lang.Thread.run(Thread.java:745)
Caused by: org.testng.TestException: 
Method CalculatorTest.testDivOnZeroDouble(double, double)[pri:0, instance:businessObject.CalculatorTest@2d6a9952] should have thrown an exception of class java.lang.ArithmeticException
	at org.testng.internal.Invoker.handleInvocationResults(Invoker.java:1512)
	at org.testng.internal.Invoker.invokeMethod(Invoker.java:754)
	at org.testng.internal.Invoker.invokeTestMethod(Invoker.java:901)
	at org.testng.internal.Invoker.invokeTestMethods(Invoker.java:1231)
	... 5 more
</pre></div><a href='#' onClick='toggleBox("stack-trace230983603", this, "Click to show all stack frames", "Click to hide stack frames")'>Click to show all stack frames</a>
<div class='stack-trace' id='stack-trace230983603'><pre>org.testng.TestException: 
Expected exception java.lang.ArithmeticException but got org.testng.TestException: 
Method CalculatorTest.testDivOnZeroDouble(double, double)[pri:0, instance:businessObject.CalculatorTest@2d6a9952] should have thrown an exception of class java.lang.ArithmeticException
	at org.testng.internal.Invoker.handleInvocationResults(Invoker.java:1497)
	at org.testng.internal.Invoker.invokeTestMethods(Invoker.java:1245)
	at org.testng.internal.TestMethodWorker.invokeTestMethods(TestMethodWorker.java:127)
	at org.testng.internal.TestMethodWorker.run(TestMethodWorker.java:111)
	at java.util.concurrent.ThreadPoolExecutor.runWorker(ThreadPoolExecutor.java:1142)
	at java.util.concurrent.ThreadPoolExecutor$Worker.run(ThreadPoolExecutor.java:617)
	at java.lang.Thread.run(Thread.java:745)
Caused by: org.testng.TestException: 
Method CalculatorTest.testDivOnZeroDouble(double, double)[pri:0, instance:businessObject.CalculatorTest@2d6a9952] should have thrown an exception of class java.lang.ArithmeticException
	at org.testng.internal.Invoker.handleInvocationResults(Invoker.java:1512)
	at org.testng.internal.Invoker.invokeMethod(Invoker.java:754)
	at org.testng.internal.Invoker.invokeTestMethod(Invoker.java:901)
	at org.testng.internal.Invoker.invokeTestMethods(Invoker.java:1231)
	... 5 more
</pre></div></td>
<td>0</td>
<td>businessObject.CalculatorTest@2d6a9952</td></tr>
<tr>
<td title='businessObject.CalculatorTest.testDivOnZeroDouble()'><b>testDivOnZeroDouble</b><br>Test class: businessObject.CalculatorTest<br>Parameters: 579.2456, 0.0<br/>
<a href="#Output-450455733" onClick='toggleBox("Output-450455733", this, "Show output", "Hide output");'>Show output</a>

<a href="#Output-450455733" onClick="toggleAllBoxes();">Show all outputs</a>
<div class='log' id="Output-450455733">
</br>Tue Nov 01 20:31:45 MSK 2016. Test faild: [Regression test for calculation][businessObject.CalculatorTest][testDivOnZeroDouble]. Status <2>. Time duration <1>.<br/>
</div>
</td>
<td><div><pre>org.testng.TestException: 
Expected exception java.lang.ArithmeticException but got org.testng.TestException: 
Method CalculatorTest.testDivOnZeroDouble(double, double)[pri:0, instance:businessObject.CalculatorTest@2d6a9952] should have thrown an exception of class java.lang.ArithmeticException
	at org.testng.internal.Invoker.handleInvocationResults(Invoker.java:1497)
	at org.testng.internal.Invoker.invokeTestMethods(Invoker.java:1245)
	at org.testng.internal.TestMethodWorker.invokeTestMethods(TestMethodWorker.java:127)
	at org.testng.internal.TestMethodWorker.run(TestMethodWorker.java:111)
	at java.util.concurrent.ThreadPoolExecutor.runWorker(ThreadPoolExecutor.java:1142)
	at java.util.concurrent.ThreadPoolExecutor$Worker.run(ThreadPoolExecutor.java:617)
	at java.lang.Thread.run(Thread.java:745)
Caused by: org.testng.TestException: 
Method CalculatorTest.testDivOnZeroDouble(double, double)[pri:0, instance:businessObject.CalculatorTest@2d6a9952] should have thrown an exception of class java.lang.ArithmeticException
	at org.testng.internal.Invoker.handleInvocationResults(Invoker.java:1512)
	at org.testng.internal.Invoker.invokeMethod(Invoker.java:754)
	at org.testng.internal.Invoker.invokeTestMethod(Invoker.java:901)
	at org.testng.internal.Invoker.invokeTestMethods(Invoker.java:1231)
	... 5 more
</pre></div><a href='#' onClick='toggleBox("stack-trace450455733", this, "Click to show all stack frames", "Click to hide stack frames")'>Click to show all stack frames</a>
<div class='stack-trace' id='stack-trace450455733'><pre>org.testng.TestException: 
Expected exception java.lang.ArithmeticException but got org.testng.TestException: 
Method CalculatorTest.testDivOnZeroDouble(double, double)[pri:0, instance:businessObject.CalculatorTest@2d6a9952] should have thrown an exception of class java.lang.ArithmeticException
	at org.testng.internal.Invoker.handleInvocationResults(Invoker.java:1497)
	at org.testng.internal.Invoker.invokeTestMethods(Invoker.java:1245)
	at org.testng.internal.TestMethodWorker.invokeTestMethods(TestMethodWorker.java:127)
	at org.testng.internal.TestMethodWorker.run(TestMethodWorker.java:111)
	at java.util.concurrent.ThreadPoolExecutor.runWorker(ThreadPoolExecutor.java:1142)
	at java.util.concurrent.ThreadPoolExecutor$Worker.run(ThreadPoolExecutor.java:617)
	at java.lang.Thread.run(Thread.java:745)
Caused by: org.testng.TestException: 
Method CalculatorTest.testDivOnZeroDouble(double, double)[pri:0, instance:businessObject.CalculatorTest@2d6a9952] should have thrown an exception of class java.lang.ArithmeticException
	at org.testng.internal.Invoker.handleInvocationResults(Invoker.java:1512)
	at org.testng.internal.Invoker.invokeMethod(Invoker.java:754)
	at org.testng.internal.Invoker.invokeTestMethod(Invoker.java:901)
	at org.testng.internal.Invoker.invokeTestMethods(Invoker.java:1231)
	... 5 more
</pre></div></td>
<td>0</td>
<td>businessObject.CalculatorTest@2d6a9952</td></tr>
<tr>
<td title='businessObject.CalculatorTest.testDivOnZeroDouble()'><b>testDivOnZeroDouble</b><br>Test class: businessObject.CalculatorTest<br>Parameters: 0.0, 0.0<br/>
<a href="#Output-1912004384" onClick='toggleBox("Output-1912004384", this, "Show output", "Hide output");'>Show output</a>

<a href="#Output-1912004384" onClick="toggleAllBoxes();">Show all outputs</a>
<div class='log' id="Output-1912004384">
</br>Tue Nov 01 20:31:45 MSK 2016. Test faild: [Regression test for calculation][businessObject.CalculatorTest][testDivOnZeroDouble]. Status <2>. Time duration <2>.<br/>
</div>
</td>
<td><div><pre>org.testng.TestException: 
Expected exception java.lang.ArithmeticException but got org.testng.TestException: 
Method CalculatorTest.testDivOnZeroDouble(double, double)[pri:0, instance:businessObject.CalculatorTest@2d6a9952] should have thrown an exception of class java.lang.ArithmeticException
	at org.testng.internal.Invoker.handleInvocationResults(Invoker.java:1497)
	at org.testng.internal.Invoker.invokeTestMethods(Invoker.java:1245)
	at org.testng.internal.TestMethodWorker.invokeTestMethods(TestMethodWorker.java:127)
	at org.testng.internal.TestMethodWorker.run(TestMethodWorker.java:111)
	at java.util.concurrent.ThreadPoolExecutor.runWorker(ThreadPoolExecutor.java:1142)
	at java.util.concurrent.ThreadPoolExecutor$Worker.run(ThreadPoolExecutor.java:617)
	at java.lang.Thread.run(Thread.java:745)
Caused by: org.testng.TestException: 
Method CalculatorTest.testDivOnZeroDouble(double, double)[pri:0, instance:businessObject.CalculatorTest@2d6a9952] should have thrown an exception of class java.lang.ArithmeticException
	at org.testng.internal.Invoker.handleInvocationResults(Invoker.java:1512)
	at org.testng.internal.Invoker.invokeMethod(Invoker.java:754)
	at org.testng.internal.Invoker.invokeTestMethod(Invoker.java:901)
	at org.testng.internal.Invoker.invokeTestMethods(Invoker.java:1231)
	... 5 more
</pre></div><a href='#' onClick='toggleBox("stack-trace1912004384", this, "Click to show all stack frames", "Click to hide stack frames")'>Click to show all stack frames</a>
<div class='stack-trace' id='stack-trace1912004384'><pre>org.testng.TestException: 
Expected exception java.lang.ArithmeticException but got org.testng.TestException: 
Method CalculatorTest.testDivOnZeroDouble(double, double)[pri:0, instance:businessObject.CalculatorTest@2d6a9952] should have thrown an exception of class java.lang.ArithmeticException
	at org.testng.internal.Invoker.handleInvocationResults(Invoker.java:1497)
	at org.testng.internal.Invoker.invokeTestMethods(Invoker.java:1245)
	at org.testng.internal.TestMethodWorker.invokeTestMethods(TestMethodWorker.java:127)
	at org.testng.internal.TestMethodWorker.run(TestMethodWorker.java:111)
	at java.util.concurrent.ThreadPoolExecutor.runWorker(ThreadPoolExecutor.java:1142)
	at java.util.concurrent.ThreadPoolExecutor$Worker.run(ThreadPoolExecutor.java:617)
	at java.lang.Thread.run(Thread.java:745)
Caused by: org.testng.TestException: 
Method CalculatorTest.testDivOnZeroDouble(double, double)[pri:0, instance:businessObject.CalculatorTest@2d6a9952] should have thrown an exception of class java.lang.ArithmeticException
	at org.testng.internal.Invoker.handleInvocationResults(Invoker.java:1512)
	at org.testng.internal.Invoker.invokeMethod(Invoker.java:754)
	at org.testng.internal.Invoker.invokeTestMethod(Invoker.java:901)
	at org.testng.internal.Invoker.invokeTestMethods(Invoker.java:1231)
	... 5 more
</pre></div></td>
<td>0</td>
<td>businessObject.CalculatorTest@2d6a9952</td></tr>
<tr>
<td title='businessObject.CalculatorTest.testDivOnZeroLong()'><b>testDivOnZeroLong</b><br>Test class: businessObject.CalculatorTest<br>Parameters: 555556549, 0<br/>
<a href="#Output-749469827" onClick='toggleBox("Output-749469827", this, "Show output", "Hide output");'>Show output</a>

<a href="#Output-749469827" onClick="toggleAllBoxes();">Show all outputs</a>
<div class='log' id="Output-749469827">
</br>Tue Nov 01 20:31:45 MSK 2016. Test faild: [Regression test for calculation][businessObject.CalculatorTest][testDivOnZeroLong]. Status <2>. Time duration <0>.<br/>
</div>
</td>
<td><div><pre>org.testng.TestException: 
Expected exception java.lang.ArithmeticException but got org.testng.TestException: 
Expected exception java.lang.ArithmeticException but got java.lang.NumberFormatException: Attempt to divide by zero
	at org.testng.internal.Invoker.handleInvocationResults(Invoker.java:1497)
	at org.testng.internal.Invoker.invokeTestMethods(Invoker.java:1245)
	at org.testng.internal.TestMethodWorker.invokeTestMethods(TestMethodWorker.java:127)
	at org.testng.internal.TestMethodWorker.run(TestMethodWorker.java:111)
	at java.util.concurrent.ThreadPoolExecutor.runWorker(ThreadPoolExecutor.java:1142)
	at java.util.concurrent.ThreadPoolExecutor$Worker.run(ThreadPoolExecutor.java:617)
	at java.lang.Thread.run(Thread.java:745)
Caused by: org.testng.TestException: 
Expected exception java.lang.ArithmeticException but got java.lang.NumberFormatException: Attempt to divide by zero
	at org.testng.internal.Invoker.handleInvocationResults(Invoker.java:1497)
	at org.testng.internal.Invoker.invokeMethod(Invoker.java:754)
	at org.testng.internal.Invoker.invokeTestMethod(Invoker.java:901)
	at org.testng.internal.Invoker.invokeTestMethods(Invoker.java:1231)
	... 5 more
Caused by: java.lang.NumberFormatException: Attempt to divide by zero
	at businessObject.Calculator.div(Calculator.java:36)
	at businessObject.CalculatorTest.testDivOnZeroLong(CalculatorTest.java:101)
	at sun.reflect.NativeMethodAccessorImpl.invoke0(Native Method)
	at sun.reflect.NativeMethodAccessorImpl.invoke(NativeMethodAccessorImpl.java:62)
	at sun.reflect.DelegatingMethodAccessorImpl.invoke(DelegatingMethodAccessorImpl.java:43)
	at java.lang.reflect.Method.invoke(Method.java:498)
	at org.testng.internal.MethodInvocationHelper.invokeMethod(MethodInvocationHelper.java:84)
	at org.testng.internal.Invoker.invokeMethod(Invoker.java:714)
	... 7 more
</pre></div><a href='#' onClick='toggleBox("stack-trace749469827", this, "Click to show all stack frames", "Click to hide stack frames")'>Click to show all stack frames</a>
<div class='stack-trace' id='stack-trace749469827'><pre>org.testng.TestException: 
Expected exception java.lang.ArithmeticException but got org.testng.TestException: 
Expected exception java.lang.ArithmeticException but got java.lang.NumberFormatException: Attempt to divide by zero
	at org.testng.internal.Invoker.handleInvocationResults(Invoker.java:1497)
	at org.testng.internal.Invoker.invokeTestMethods(Invoker.java:1245)
	at org.testng.internal.TestMethodWorker.invokeTestMethods(TestMethodWorker.java:127)
	at org.testng.internal.TestMethodWorker.run(TestMethodWorker.java:111)
	at java.util.concurrent.ThreadPoolExecutor.runWorker(ThreadPoolExecutor.java:1142)
	at java.util.concurrent.ThreadPoolExecutor$Worker.run(ThreadPoolExecutor.java:617)
	at java.lang.Thread.run(Thread.java:745)
Caused by: org.testng.TestException: 
Expected exception java.lang.ArithmeticException but got java.lang.NumberFormatException: Attempt to divide by zero
	at org.testng.internal.Invoker.handleInvocationResults(Invoker.java:1497)
	at org.testng.internal.Invoker.invokeMethod(Invoker.java:754)
	at org.testng.internal.Invoker.invokeTestMethod(Invoker.java:901)
	at org.testng.internal.Invoker.invokeTestMethods(Invoker.java:1231)
	... 5 more
Caused by: java.lang.NumberFormatException: Attempt to divide by zero
	at businessObject.Calculator.div(Calculator.java:36)
	at businessObject.CalculatorTest.testDivOnZeroLong(CalculatorTest.java:101)
	at sun.reflect.NativeMethodAccessorImpl.invoke0(Native Method)
	at sun.reflect.NativeMethodAccessorImpl.invoke(NativeMethodAccessorImpl.java:62)
	at sun.reflect.DelegatingMethodAccessorImpl.invoke(DelegatingMethodAccessorImpl.java:43)
	at java.lang.reflect.Method.invoke(Method.java:498)
	at org.testng.internal.MethodInvocationHelper.invokeMethod(MethodInvocationHelper.java:84)
	at org.testng.internal.Invoker.invokeMethod(Invoker.java:714)
	... 7 more
</pre></div></td>
<td>0</td>
<td>businessObject.CalculatorTest@2d6a9952</td></tr>
<tr>
<td title='businessObject.CalculatorTest.testDivOnZeroLong()'><b>testDivOnZeroLong</b><br>Test class: businessObject.CalculatorTest<br>Parameters: -659894, 0<br/>
<a href="#Output-1966306611" onClick='toggleBox("Output-1966306611", this, "Show output", "Hide output");'>Show output</a>

<a href="#Output-1966306611" onClick="toggleAllBoxes();">Show all outputs</a>
<div class='log' id="Output-1966306611">
</br>Tue Nov 01 20:31:45 MSK 2016. Test faild: [Regression test for calculation][businessObject.CalculatorTest][testDivOnZeroLong]. Status <2>. Time duration <1>.<br/>
</div>
</td>
<td><div><pre>org.testng.TestException: 
Expected exception java.lang.ArithmeticException but got org.testng.TestException: 
Expected exception java.lang.ArithmeticException but got java.lang.NumberFormatException: Attempt to divide by zero
	at org.testng.internal.Invoker.handleInvocationResults(Invoker.java:1497)
	at org.testng.internal.Invoker.invokeTestMethods(Invoker.java:1245)
	at org.testng.internal.TestMethodWorker.invokeTestMethods(TestMethodWorker.java:127)
	at org.testng.internal.TestMethodWorker.run(TestMethodWorker.java:111)
	at java.util.concurrent.ThreadPoolExecutor.runWorker(ThreadPoolExecutor.java:1142)
	at java.util.concurrent.ThreadPoolExecutor$Worker.run(ThreadPoolExecutor.java:617)
	at java.lang.Thread.run(Thread.java:745)
Caused by: org.testng.TestException: 
Expected exception java.lang.ArithmeticException but got java.lang.NumberFormatException: Attempt to divide by zero
	at org.testng.internal.Invoker.handleInvocationResults(Invoker.java:1497)
	at org.testng.internal.Invoker.invokeMethod(Invoker.java:754)
	at org.testng.internal.Invoker.invokeTestMethod(Invoker.java:901)
	at org.testng.internal.Invoker.invokeTestMethods(Invoker.java:1231)
	... 5 more
Caused by: java.lang.NumberFormatException: Attempt to divide by zero
	at businessObject.Calculator.div(Calculator.java:36)
	at businessObject.CalculatorTest.testDivOnZeroLong(CalculatorTest.java:101)
	at sun.reflect.NativeMethodAccessorImpl.invoke0(Native Method)
	at sun.reflect.NativeMethodAccessorImpl.invoke(NativeMethodAccessorImpl.java:62)
	at sun.reflect.DelegatingMethodAccessorImpl.invoke(DelegatingMethodAccessorImpl.java:43)
	at java.lang.reflect.Method.invoke(Method.java:498)
	at org.testng.internal.MethodInvocationHelper.invokeMethod(MethodInvocationHelper.java:84)
	at org.testng.internal.Invoker.invokeMethod(Invoker.java:714)
	... 7 more
</pre></div><a href='#' onClick='toggleBox("stack-trace1966306611", this, "Click to show all stack frames", "Click to hide stack frames")'>Click to show all stack frames</a>
<div class='stack-trace' id='stack-trace1966306611'><pre>org.testng.TestException: 
Expected exception java.lang.ArithmeticException but got org.testng.TestException: 
Expected exception java.lang.ArithmeticException but got java.lang.NumberFormatException: Attempt to divide by zero
	at org.testng.internal.Invoker.handleInvocationResults(Invoker.java:1497)
	at org.testng.internal.Invoker.invokeTestMethods(Invoker.java:1245)
	at org.testng.internal.TestMethodWorker.invokeTestMethods(TestMethodWorker.java:127)
	at org.testng.internal.TestMethodWorker.run(TestMethodWorker.java:111)
	at java.util.concurrent.ThreadPoolExecutor.runWorker(ThreadPoolExecutor.java:1142)
	at java.util.concurrent.ThreadPoolExecutor$Worker.run(ThreadPoolExecutor.java:617)
	at java.lang.Thread.run(Thread.java:745)
Caused by: org.testng.TestException: 
Expected exception java.lang.ArithmeticException but got java.lang.NumberFormatException: Attempt to divide by zero
	at org.testng.internal.Invoker.handleInvocationResults(Invoker.java:1497)
	at org.testng.internal.Invoker.invokeMethod(Invoker.java:754)
	at org.testng.internal.Invoker.invokeTestMethod(Invoker.java:901)
	at org.testng.internal.Invoker.invokeTestMethods(Invoker.java:1231)
	... 5 more
Caused by: java.lang.NumberFormatException: Attempt to divide by zero
	at businessObject.Calculator.div(Calculator.java:36)
	at businessObject.CalculatorTest.testDivOnZeroLong(CalculatorTest.java:101)
	at sun.reflect.NativeMethodAccessorImpl.invoke0(Native Method)
	at sun.reflect.NativeMethodAccessorImpl.invoke(NativeMethodAccessorImpl.java:62)
	at sun.reflect.DelegatingMethodAccessorImpl.invoke(DelegatingMethodAccessorImpl.java:43)
	at java.lang.reflect.Method.invoke(Method.java:498)
	at org.testng.internal.MethodInvocationHelper.invokeMethod(MethodInvocationHelper.java:84)
	at org.testng.internal.Invoker.invokeMethod(Invoker.java:714)
	... 7 more
</pre></div></td>
<td>0</td>
<td>businessObject.CalculatorTest@2d6a9952</td></tr>
<tr>
<td title='businessObject.CalculatorTest.testDivOnZeroLong()'><b>testDivOnZeroLong</b><br>Test class: businessObject.CalculatorTest<br>Parameters: 0, 0<br/>
<a href="#Output-945593979" onClick='toggleBox("Output-945593979", this, "Show output", "Hide output");'>Show output</a>

<a href="#Output-945593979" onClick="toggleAllBoxes();">Show all outputs</a>
<div class='log' id="Output-945593979">
</br>Tue Nov 01 20:31:45 MSK 2016. Test faild: [Regression test for calculation][businessObject.CalculatorTest][testDivOnZeroLong]. Status <2>. Time duration <1>.<br/>
</div>
</td>
<td><div><pre>org.testng.TestException: 
Expected exception java.lang.ArithmeticException but got org.testng.TestException: 
Expected exception java.lang.ArithmeticException but got java.lang.NumberFormatException: Attempt to divide by zero
	at org.testng.internal.Invoker.handleInvocationResults(Invoker.java:1497)
	at org.testng.internal.Invoker.invokeTestMethods(Invoker.java:1245)
	at org.testng.internal.TestMethodWorker.invokeTestMethods(TestMethodWorker.java:127)
	at org.testng.internal.TestMethodWorker.run(TestMethodWorker.java:111)
	at java.util.concurrent.ThreadPoolExecutor.runWorker(ThreadPoolExecutor.java:1142)
	at java.util.concurrent.ThreadPoolExecutor$Worker.run(ThreadPoolExecutor.java:617)
	at java.lang.Thread.run(Thread.java:745)
Caused by: org.testng.TestException: 
Expected exception java.lang.ArithmeticException but got java.lang.NumberFormatException: Attempt to divide by zero
	at org.testng.internal.Invoker.handleInvocationResults(Invoker.java:1497)
	at org.testng.internal.Invoker.invokeMethod(Invoker.java:754)
	at org.testng.internal.Invoker.invokeTestMethod(Invoker.java:901)
	at org.testng.internal.Invoker.invokeTestMethods(Invoker.java:1231)
	... 5 more
Caused by: java.lang.NumberFormatException: Attempt to divide by zero
	at businessObject.Calculator.div(Calculator.java:36)
	at businessObject.CalculatorTest.testDivOnZeroLong(CalculatorTest.java:101)
	at sun.reflect.NativeMethodAccessorImpl.invoke0(Native Method)
	at sun.reflect.NativeMethodAccessorImpl.invoke(NativeMethodAccessorImpl.java:62)
	at sun.reflect.DelegatingMethodAccessorImpl.invoke(DelegatingMethodAccessorImpl.java:43)
	at java.lang.reflect.Method.invoke(Method.java:498)
	at org.testng.internal.MethodInvocationHelper.invokeMethod(MethodInvocationHelper.java:84)
	at org.testng.internal.Invoker.invokeMethod(Invoker.java:714)
	... 7 more
</pre></div><a href='#' onClick='toggleBox("stack-trace945593979", this, "Click to show all stack frames", "Click to hide stack frames")'>Click to show all stack frames</a>
<div class='stack-trace' id='stack-trace945593979'><pre>org.testng.TestException: 
Expected exception java.lang.ArithmeticException but got org.testng.TestException: 
Expected exception java.lang.ArithmeticException but got java.lang.NumberFormatException: Attempt to divide by zero
	at org.testng.internal.Invoker.handleInvocationResults(Invoker.java:1497)
	at org.testng.internal.Invoker.invokeTestMethods(Invoker.java:1245)
	at org.testng.internal.TestMethodWorker.invokeTestMethods(TestMethodWorker.java:127)
	at org.testng.internal.TestMethodWorker.run(TestMethodWorker.java:111)
	at java.util.concurrent.ThreadPoolExecutor.runWorker(ThreadPoolExecutor.java:1142)
	at java.util.concurrent.ThreadPoolExecutor$Worker.run(ThreadPoolExecutor.java:617)
	at java.lang.Thread.run(Thread.java:745)
Caused by: org.testng.TestException: 
Expected exception java.lang.ArithmeticException but got java.lang.NumberFormatException: Attempt to divide by zero
	at org.testng.internal.Invoker.handleInvocationResults(Invoker.java:1497)
	at org.testng.internal.Invoker.invokeMethod(Invoker.java:754)
	at org.testng.internal.Invoker.invokeTestMethod(Invoker.java:901)
	at org.testng.internal.Invoker.invokeTestMethods(Invoker.java:1231)
	... 5 more
Caused by: java.lang.NumberFormatException: Attempt to divide by zero
	at businessObject.Calculator.div(Calculator.java:36)
	at businessObject.CalculatorTest.testDivOnZeroLong(CalculatorTest.java:101)
	at sun.reflect.NativeMethodAccessorImpl.invoke0(Native Method)
	at sun.reflect.NativeMethodAccessorImpl.invoke(NativeMethodAccessorImpl.java:62)
	at sun.reflect.DelegatingMethodAccessorImpl.invoke(DelegatingMethodAccessorImpl.java:43)
	at java.lang.reflect.Method.invoke(Method.java:498)
	at org.testng.internal.MethodInvocationHelper.invokeMethod(MethodInvocationHelper.java:84)
	at org.testng.internal.Invoker.invokeMethod(Invoker.java:714)
	... 7 more
</pre></div></td>
<td>0</td>
<td>businessObject.CalculatorTest@2d6a9952</td></tr>
<tr>
<td title='businessObject.CalculatorTest.testIsNegWithPositiveNumber()'><b>testIsNegWithPositiveNumber</b><br>Test class: businessObject.CalculatorTest<br>Parameters: 4546468.0<br/>
<a href="#Output-1946727942" onClick='toggleBox("Output-1946727942", this, "Show output", "Hide output");'>Show output</a>

<a href="#Output-1946727942" onClick="toggleAllBoxes();">Show all outputs</a>
<div class='log' id="Output-1946727942">
</br>Tue Nov 01 20:31:45 MSK 2016. Test faild: [Regression test for calculation][businessObject.CalculatorTest][testIsNegWithPositiveNumber]. Status <2>. Time duration <2>.<br/>
</div>
</td>
<td><div><pre>java.lang.IllegalArgumentException: argument type mismatch
	at sun.reflect.NativeMethodAccessorImpl.invoke0(Native Method)
	at sun.reflect.NativeMethodAccessorImpl.invoke(NativeMethodAccessorImpl.java:62)
	at sun.reflect.DelegatingMethodAccessorImpl.invoke(DelegatingMethodAccessorImpl.java:43)
	at java.lang.reflect.Method.invoke(Method.java:498)
	at org.testng.internal.MethodInvocationHelper.invokeMethod(MethodInvocationHelper.java:84)
	at org.testng.internal.Invoker.invokeMethod(Invoker.java:714)
	at org.testng.internal.Invoker.invokeTestMethod(Invoker.java:901)
	at org.testng.internal.Invoker.invokeTestMethods(Invoker.java:1231)
	at org.testng.internal.TestMethodWorker.invokeTestMethods(TestMethodWorker.java:127)
	at org.testng.internal.TestMethodWorker.run(TestMethodWorker.java:111)
	at java.util.concurrent.ThreadPoolExecutor.runWorker(ThreadPoolExecutor.java:1142)
	at java.util.concurrent.ThreadPoolExecutor$Worker.run(ThreadPoolExecutor.java:617)
	at java.lang.Thread.run(Thread.java:745)
</pre></div><a href='#' onClick='toggleBox("stack-trace1946727942", this, "Click to show all stack frames", "Click to hide stack frames")'>Click to show all stack frames</a>
<div class='stack-trace' id='stack-trace1946727942'><pre>java.lang.IllegalArgumentException: argument type mismatch
	at sun.reflect.NativeMethodAccessorImpl.invoke0(Native Method)
	at sun.reflect.NativeMethodAccessorImpl.invoke(NativeMethodAccessorImpl.java:62)
	at sun.reflect.DelegatingMethodAccessorImpl.invoke(DelegatingMethodAccessorImpl.java:43)
	at java.lang.reflect.Method.invoke(Method.java:498)
	at org.testng.internal.MethodInvocationHelper.invokeMethod(MethodInvocationHelper.java:84)
	at org.testng.internal.Invoker.invokeMethod(Invoker.java:714)
	at org.testng.internal.Invoker.invokeTestMethod(Invoker.java:901)
	at org.testng.internal.Invoker.invokeTestMethods(Invoker.java:1231)
	at org.testng.internal.TestMethodWorker.invokeTestMethods(TestMethodWorker.java:127)
	at org.testng.internal.TestMethodWorker.run(TestMethodWorker.java:111)
	at java.util.concurrent.ThreadPoolExecutor.runWorker(ThreadPoolExecutor.java:1142)
	at java.util.concurrent.ThreadPoolExecutor$Worker.run(ThreadPoolExecutor.java:617)
	at java.lang.Thread.run(Thread.java:745)
</pre></div></td>
<td>0</td>
<td>businessObject.CalculatorTest@2d6a9952</td></tr>
<tr>
<td title='businessObject.CalculatorTest.testIsPositive()'><b>testIsPositive</b><br>Test class: businessObject.CalculatorTest<br>Parameters: -555<br/>
<a href="#Output-2130959821" onClick='toggleBox("Output-2130959821", this, "Show output", "Hide output");'>Show output</a>

<a href="#Output-2130959821" onClick="toggleAllBoxes();">Show all outputs</a>
<div class='log' id="Output-2130959821">
</br>Tue Nov 01 20:31:45 MSK 2016. Test faild: [Regression test for calculation][businessObject.CalculatorTest][testIsPositive]. Status <2>. Time duration <1>.<br/>
</div>
</td>
<td><div><pre>java.lang.AssertionError: expected [true] but found [false]
	at org.testng.Assert.fail(Assert.java:94)
	at org.testng.Assert.failNotEquals(Assert.java:494)
	at org.testng.Assert.assertTrue(Assert.java:42)
	at org.testng.Assert.assertTrue(Assert.java:52)
	at businessObject.CalculatorTest.testIsPositive(CalculatorTest.java:91)
	at sun.reflect.NativeMethodAccessorImpl.invoke0(Native Method)
	at sun.reflect.NativeMethodAccessorImpl.invoke(NativeMethodAccessorImpl.java:62)
	at sun.reflect.DelegatingMethodAccessorImpl.invoke(DelegatingMethodAccessorImpl.java:43)
	at java.lang.reflect.Method.invoke(Method.java:498)
	at org.testng.internal.MethodInvocationHelper.invokeMethod(MethodInvocationHelper.java:84)
	at org.testng.internal.Invoker.invokeMethod(Invoker.java:714)
	at org.testng.internal.Invoker.invokeTestMethod(Invoker.java:901)
	at org.testng.internal.Invoker.invokeTestMethods(Invoker.java:1231)
	at org.testng.internal.TestMethodWorker.invokeTestMethods(TestMethodWorker.java:127)
	at org.testng.internal.TestMethodWorker.run(TestMethodWorker.java:111)
	at java.util.concurrent.ThreadPoolExecutor.runWorker(ThreadPoolExecutor.java:1142)
	at java.util.concurrent.ThreadPoolExecutor$Worker.run(ThreadPoolExecutor.java:617)
	at java.lang.Thread.run(Thread.java:745)
</pre></div><a href='#' onClick='toggleBox("stack-trace2130959821", this, "Click to show all stack frames", "Click to hide stack frames")'>Click to show all stack frames</a>
<div class='stack-trace' id='stack-trace2130959821'><pre>java.lang.AssertionError: expected [true] but found [false]
	at org.testng.Assert.fail(Assert.java:94)
	at org.testng.Assert.failNotEquals(Assert.java:494)
	at org.testng.Assert.assertTrue(Assert.java:42)
	at org.testng.Assert.assertTrue(Assert.java:52)
	at businessObject.CalculatorTest.testIsPositive(CalculatorTest.java:91)
	at sun.reflect.NativeMethodAccessorImpl.invoke0(Native Method)
	at sun.reflect.NativeMethodAccessorImpl.invoke(NativeMethodAccessorImpl.java:62)
	at sun.reflect.DelegatingMethodAccessorImpl.invoke(DelegatingMethodAccessorImpl.java:43)
	at java.lang.reflect.Method.invoke(Method.java:498)
	at org.testng.internal.MethodInvocationHelper.invokeMethod(MethodInvocationHelper.java:84)
	at org.testng.internal.Invoker.invokeMethod(Invoker.java:714)
	at org.testng.internal.Invoker.invokeTestMethod(Invoker.java:901)
	at org.testng.internal.Invoker.invokeTestMethods(Invoker.java:1231)
	at org.testng.internal.TestMethodWorker.invokeTestMethods(TestMethodWorker.java:127)
	at org.testng.internal.TestMethodWorker.run(TestMethodWorker.java:111)
	at java.util.concurrent.ThreadPoolExecutor.runWorker(ThreadPoolExecutor.java:1142)
	at java.util.concurrent.ThreadPoolExecutor$Worker.run(ThreadPoolExecutor.java:617)
	at java.lang.Thread.run(Thread.java:745)
</pre></div></td>
<td>0</td>
<td>businessObject.CalculatorTest@2d6a9952</td></tr>
<tr>
<td title='businessObject.CalculatorTest.testMultDouble()'><b>testMultDouble</b><br>Test class: businessObject.CalculatorTest<br>Parameters: 456789.2323, 6.258, 2740734.0, 1.0E-10<br/>
<a href="#Output-352302433" onClick='toggleBox("Output-352302433", this, "Show output", "Hide output");'>Show output</a>

<a href="#Output-352302433" onClick="toggleAllBoxes();">Show all outputs</a>
<div class='log' id="Output-352302433">
</br>Tue Nov 01 20:31:45 MSK 2016. Test faild: [Regression test for calculation][businessObject.CalculatorTest][testMultDouble]. Status <2>. Time duration <1>.<br/>
</div>
</td>
<td><div><pre>java.lang.AssertionError: expected [2740734.0] but found [2858587.0]
	at org.testng.Assert.fail(Assert.java:94)
	at org.testng.Assert.failNotEquals(Assert.java:494)
	at org.testng.Assert.assertEquals(Assert.java:207)
	at org.testng.Assert.assertEquals(Assert.java:220)
	at businessObject.CalculatorTest.testMultDouble(CalculatorTest.java:46)
	at sun.reflect.NativeMethodAccessorImpl.invoke0(Native Method)
	at sun.reflect.NativeMethodAccessorImpl.invoke(NativeMethodAccessorImpl.java:62)
	at sun.reflect.DelegatingMethodAccessorImpl.invoke(DelegatingMethodAccessorImpl.java:43)
	at java.lang.reflect.Method.invoke(Method.java:498)
	at org.testng.internal.MethodInvocationHelper.invokeMethod(MethodInvocationHelper.java:84)
	at org.testng.internal.Invoker.invokeMethod(Invoker.java:714)
	at org.testng.internal.Invoker.invokeTestMethod(Invoker.java:901)
	at org.testng.internal.Invoker.invokeTestMethods(Invoker.java:1231)
	at org.testng.internal.TestMethodWorker.invokeTestMethods(TestMethodWorker.java:127)
	at org.testng.internal.TestMethodWorker.run(TestMethodWorker.java:111)
	at java.util.concurrent.ThreadPoolExecutor.runWorker(ThreadPoolExecutor.java:1142)
	at java.util.concurrent.ThreadPoolExecutor$Worker.run(ThreadPoolExecutor.java:617)
	at java.lang.Thread.run(Thread.java:745)
</pre></div><a href='#' onClick='toggleBox("stack-trace352302433", this, "Click to show all stack frames", "Click to hide stack frames")'>Click to show all stack frames</a>
<div class='stack-trace' id='stack-trace352302433'><pre>java.lang.AssertionError: expected [2740734.0] but found [2858587.0]
	at org.testng.Assert.fail(Assert.java:94)
	at org.testng.Assert.failNotEquals(Assert.java:494)
	at org.testng.Assert.assertEquals(Assert.java:207)
	at org.testng.Assert.assertEquals(Assert.java:220)
	at businessObject.CalculatorTest.testMultDouble(CalculatorTest.java:46)
	at sun.reflect.NativeMethodAccessorImpl.invoke0(Native Method)
	at sun.reflect.NativeMethodAccessorImpl.invoke(NativeMethodAccessorImpl.java:62)
	at sun.reflect.DelegatingMethodAccessorImpl.invoke(DelegatingMethodAccessorImpl.java:43)
	at java.lang.reflect.Method.invoke(Method.java:498)
	at org.testng.internal.MethodInvocationHelper.invokeMethod(MethodInvocationHelper.java:84)
	at org.testng.internal.Invoker.invokeMethod(Invoker.java:714)
	at org.testng.internal.Invoker.invokeTestMethod(Invoker.java:901)
	at org.testng.internal.Invoker.invokeTestMethods(Invoker.java:1231)
	at org.testng.internal.TestMethodWorker.invokeTestMethods(TestMethodWorker.java:127)
	at org.testng.internal.TestMethodWorker.run(TestMethodWorker.java:111)
	at java.util.concurrent.ThreadPoolExecutor.runWorker(ThreadPoolExecutor.java:1142)
	at java.util.concurrent.ThreadPoolExecutor$Worker.run(ThreadPoolExecutor.java:617)
	at java.lang.Thread.run(Thread.java:745)
</pre></div></td>
<td>0</td>
<td>businessObject.CalculatorTest@2d6a9952</td></tr>
<tr>
<td title='businessObject.CalculatorTest.testMultDouble()'><b>testMultDouble</b><br>Test class: businessObject.CalculatorTest<br>Parameters: -5.213, -5.24, 25.0, 1.0E-10<br/>
<a href="#Output-568302793" onClick='toggleBox("Output-568302793", this, "Show output", "Hide output");'>Show output</a>

<a href="#Output-568302793" onClick="toggleAllBoxes();">Show all outputs</a>
<div class='log' id="Output-568302793">
</br>Tue Nov 01 20:31:45 MSK 2016. Test faild: [Regression test for calculation][businessObject.CalculatorTest][testMultDouble]. Status <2>. Time duration <0>.<br/>
</div>
</td>
<td><div><pre>java.lang.AssertionError: expected [25.0] but found [27.0]
	at org.testng.Assert.fail(Assert.java:94)
	at org.testng.Assert.failNotEquals(Assert.java:494)
	at org.testng.Assert.assertEquals(Assert.java:207)
	at org.testng.Assert.assertEquals(Assert.java:220)
	at businessObject.CalculatorTest.testMultDouble(CalculatorTest.java:46)
	at sun.reflect.NativeMethodAccessorImpl.invoke0(Native Method)
	at sun.reflect.NativeMethodAccessorImpl.invoke(NativeMethodAccessorImpl.java:62)
	at sun.reflect.DelegatingMethodAccessorImpl.invoke(DelegatingMethodAccessorImpl.java:43)
	at java.lang.reflect.Method.invoke(Method.java:498)
	at org.testng.internal.MethodInvocationHelper.invokeMethod(MethodInvocationHelper.java:84)
	at org.testng.internal.Invoker.invokeMethod(Invoker.java:714)
	at org.testng.internal.Invoker.invokeTestMethod(Invoker.java:901)
	at org.testng.internal.Invoker.invokeTestMethods(Invoker.java:1231)
	at org.testng.internal.TestMethodWorker.invokeTestMethods(TestMethodWorker.java:127)
	at org.testng.internal.TestMethodWorker.run(TestMethodWorker.java:111)
	at java.util.concurrent.ThreadPoolExecutor.runWorker(ThreadPoolExecutor.java:1142)
	at java.util.concurrent.ThreadPoolExecutor$Worker.run(ThreadPoolExecutor.java:617)
	at java.lang.Thread.run(Thread.java:745)
</pre></div><a href='#' onClick='toggleBox("stack-trace568302793", this, "Click to show all stack frames", "Click to hide stack frames")'>Click to show all stack frames</a>
<div class='stack-trace' id='stack-trace568302793'><pre>java.lang.AssertionError: expected [25.0] but found [27.0]
	at org.testng.Assert.fail(Assert.java:94)
	at org.testng.Assert.failNotEquals(Assert.java:494)
	at org.testng.Assert.assertEquals(Assert.java:207)
	at org.testng.Assert.assertEquals(Assert.java:220)
	at businessObject.CalculatorTest.testMultDouble(CalculatorTest.java:46)
	at sun.reflect.NativeMethodAccessorImpl.invoke0(Native Method)
	at sun.reflect.NativeMethodAccessorImpl.invoke(NativeMethodAccessorImpl.java:62)
	at sun.reflect.DelegatingMethodAccessorImpl.invoke(DelegatingMethodAccessorImpl.java:43)
	at java.lang.reflect.Method.invoke(Method.java:498)
	at org.testng.internal.MethodInvocationHelper.invokeMethod(MethodInvocationHelper.java:84)
	at org.testng.internal.Invoker.invokeMethod(Invoker.java:714)
	at org.testng.internal.Invoker.invokeTestMethod(Invoker.java:901)
	at org.testng.internal.Invoker.invokeTestMethods(Invoker.java:1231)
	at org.testng.internal.TestMethodWorker.invokeTestMethods(TestMethodWorker.java:127)
	at org.testng.internal.TestMethodWorker.run(TestMethodWorker.java:111)
	at java.util.concurrent.ThreadPoolExecutor.runWorker(ThreadPoolExecutor.java:1142)
	at java.util.concurrent.ThreadPoolExecutor$Worker.run(ThreadPoolExecutor.java:617)
	at java.lang.Thread.run(Thread.java:745)
</pre></div></td>
<td>0</td>
<td>businessObject.CalculatorTest@2d6a9952</td></tr>
<tr>
<td title='businessObject.CalculatorTest.testMultDouble()'><b>testMultDouble</b><br>Test class: businessObject.CalculatorTest<br>Parameters: 30.23, -5.23, -150.0, 1.0E-10<br/>
<a href="#Output-1261554107" onClick='toggleBox("Output-1261554107", this, "Show output", "Hide output");'>Show output</a>

<a href="#Output-1261554107" onClick="toggleAllBoxes();">Show all outputs</a>
<div class='log' id="Output-1261554107">
</br>Tue Nov 01 20:31:45 MSK 2016. Test faild: [Regression test for calculation][businessObject.CalculatorTest][testMultDouble]. Status <2>. Time duration <1>.<br/>
</div>
</td>
<td><div><pre>java.lang.AssertionError: expected [-150.0] but found [-159.0]
	at org.testng.Assert.fail(Assert.java:94)
	at org.testng.Assert.failNotEquals(Assert.java:494)
	at org.testng.Assert.assertEquals(Assert.java:207)
	at org.testng.Assert.assertEquals(Assert.java:220)
	at businessObject.CalculatorTest.testMultDouble(CalculatorTest.java:46)
	at sun.reflect.NativeMethodAccessorImpl.invoke0(Native Method)
	at sun.reflect.NativeMethodAccessorImpl.invoke(NativeMethodAccessorImpl.java:62)
	at sun.reflect.DelegatingMethodAccessorImpl.invoke(DelegatingMethodAccessorImpl.java:43)
	at java.lang.reflect.Method.invoke(Method.java:498)
	at org.testng.internal.MethodInvocationHelper.invokeMethod(MethodInvocationHelper.java:84)
	at org.testng.internal.Invoker.invokeMethod(Invoker.java:714)
	at org.testng.internal.Invoker.invokeTestMethod(Invoker.java:901)
	at org.testng.internal.Invoker.invokeTestMethods(Invoker.java:1231)
	at org.testng.internal.TestMethodWorker.invokeTestMethods(TestMethodWorker.java:127)
	at org.testng.internal.TestMethodWorker.run(TestMethodWorker.java:111)
	at java.util.concurrent.ThreadPoolExecutor.runWorker(ThreadPoolExecutor.java:1142)
	at java.util.concurrent.ThreadPoolExecutor$Worker.run(ThreadPoolExecutor.java:617)
	at java.lang.Thread.run(Thread.java:745)
</pre></div><a href='#' onClick='toggleBox("stack-trace1261554107", this, "Click to show all stack frames", "Click to hide stack frames")'>Click to show all stack frames</a>
<div class='stack-trace' id='stack-trace1261554107'><pre>java.lang.AssertionError: expected [-150.0] but found [-159.0]
	at org.testng.Assert.fail(Assert.java:94)
	at org.testng.Assert.failNotEquals(Assert.java:494)
	at org.testng.Assert.assertEquals(Assert.java:207)
	at org.testng.Assert.assertEquals(Assert.java:220)
	at businessObject.CalculatorTest.testMultDouble(CalculatorTest.java:46)
	at sun.reflect.NativeMethodAccessorImpl.invoke0(Native Method)
	at sun.reflect.NativeMethodAccessorImpl.invoke(NativeMethodAccessorImpl.java:62)
	at sun.reflect.DelegatingMethodAccessorImpl.invoke(DelegatingMethodAccessorImpl.java:43)
	at java.lang.reflect.Method.invoke(Method.java:498)
	at org.testng.internal.MethodInvocationHelper.invokeMethod(MethodInvocationHelper.java:84)
	at org.testng.internal.Invoker.invokeMethod(Invoker.java:714)
	at org.testng.internal.Invoker.invokeTestMethod(Invoker.java:901)
	at org.testng.internal.Invoker.invokeTestMethods(Invoker.java:1231)
	at org.testng.internal.TestMethodWorker.invokeTestMethods(TestMethodWorker.java:127)
	at org.testng.internal.TestMethodWorker.run(TestMethodWorker.java:111)
	at java.util.concurrent.ThreadPoolExecutor.runWorker(ThreadPoolExecutor.java:1142)
	at java.util.concurrent.ThreadPoolExecutor$Worker.run(ThreadPoolExecutor.java:617)
	at java.lang.Thread.run(Thread.java:745)
</pre></div></td>
<td>0</td>
<td>businessObject.CalculatorTest@2d6a9952</td></tr>
<tr>
<td title='businessObject.CalculatorTest.testMultDouble()'><b>testMultDouble</b><br>Test class: businessObject.CalculatorTest<br>Parameters: -8.23, 20.23, -160.0, 1.0E-10<br/>
<a href="#Output-1257120210" onClick='toggleBox("Output-1257120210", this, "Show output", "Hide output");'>Show output</a>

<a href="#Output-1257120210" onClick="toggleAllBoxes();">Show all outputs</a>
<div class='log' id="Output-1257120210">
</br>Tue Nov 01 20:31:45 MSK 2016. Test faild: [Regression test for calculation][businessObject.CalculatorTest][testMultDouble]. Status <2>. Time duration <1>.<br/>
</div>
</td>
<td><div><pre>java.lang.AssertionError: expected [-160.0] but found [-167.0]
	at org.testng.Assert.fail(Assert.java:94)
	at org.testng.Assert.failNotEquals(Assert.java:494)
	at org.testng.Assert.assertEquals(Assert.java:207)
	at org.testng.Assert.assertEquals(Assert.java:220)
	at businessObject.CalculatorTest.testMultDouble(CalculatorTest.java:46)
	at sun.reflect.NativeMethodAccessorImpl.invoke0(Native Method)
	at sun.reflect.NativeMethodAccessorImpl.invoke(NativeMethodAccessorImpl.java:62)
	at sun.reflect.DelegatingMethodAccessorImpl.invoke(DelegatingMethodAccessorImpl.java:43)
	at java.lang.reflect.Method.invoke(Method.java:498)
	at org.testng.internal.MethodInvocationHelper.invokeMethod(MethodInvocationHelper.java:84)
	at org.testng.internal.Invoker.invokeMethod(Invoker.java:714)
	at org.testng.internal.Invoker.invokeTestMethod(Invoker.java:901)
	at org.testng.internal.Invoker.invokeTestMethods(Invoker.java:1231)
	at org.testng.internal.TestMethodWorker.invokeTestMethods(TestMethodWorker.java:127)
	at org.testng.internal.TestMethodWorker.run(TestMethodWorker.java:111)
	at java.util.concurrent.ThreadPoolExecutor.runWorker(ThreadPoolExecutor.java:1142)
	at java.util.concurrent.ThreadPoolExecutor$Worker.run(ThreadPoolExecutor.java:617)
	at java.lang.Thread.run(Thread.java:745)
</pre></div><a href='#' onClick='toggleBox("stack-trace1257120210", this, "Click to show all stack frames", "Click to hide stack frames")'>Click to show all stack frames</a>
<div class='stack-trace' id='stack-trace1257120210'><pre>java.lang.AssertionError: expected [-160.0] but found [-167.0]
	at org.testng.Assert.fail(Assert.java:94)
	at org.testng.Assert.failNotEquals(Assert.java:494)
	at org.testng.Assert.assertEquals(Assert.java:207)
	at org.testng.Assert.assertEquals(Assert.java:220)
	at businessObject.CalculatorTest.testMultDouble(CalculatorTest.java:46)
	at sun.reflect.NativeMethodAccessorImpl.invoke0(Native Method)
	at sun.reflect.NativeMethodAccessorImpl.invoke(NativeMethodAccessorImpl.java:62)
	at sun.reflect.DelegatingMethodAccessorImpl.invoke(DelegatingMethodAccessorImpl.java:43)
	at java.lang.reflect.Method.invoke(Method.java:498)
	at org.testng.internal.MethodInvocationHelper.invokeMethod(MethodInvocationHelper.java:84)
	at org.testng.internal.Invoker.invokeMethod(Invoker.java:714)
	at org.testng.internal.Invoker.invokeTestMethod(Invoker.java:901)
	at org.testng.internal.Invoker.invokeTestMethods(Invoker.java:1231)
	at org.testng.internal.TestMethodWorker.invokeTestMethods(TestMethodWorker.java:127)
	at org.testng.internal.TestMethodWorker.run(TestMethodWorker.java:111)
	at java.util.concurrent.ThreadPoolExecutor.runWorker(ThreadPoolExecutor.java:1142)
	at java.util.concurrent.ThreadPoolExecutor$Worker.run(ThreadPoolExecutor.java:617)
	at java.lang.Thread.run(Thread.java:745)
</pre></div></td>
<td>0</td>
<td>businessObject.CalculatorTest@2d6a9952</td></tr>
<tr>
<td title='businessObject.CalculatorTest.testPowNumZeroAndPowLessZero()'><b>testPowNumZeroAndPowLessZero</b><br>Test class: businessObject.CalculatorTest<br>Parameters: 0.0, -7.0<br/>
<a href="#Output-680900965" onClick='toggleBox("Output-680900965", this, "Show output", "Hide output");'>Show output</a>

<a href="#Output-680900965" onClick="toggleAllBoxes();">Show all outputs</a>
<div class='log' id="Output-680900965">
</br>Tue Nov 01 20:31:45 MSK 2016. Test faild: [Regression test for calculation][businessObject.CalculatorTest][testPowNumZeroAndPowLessZero]. Status <2>. Time duration <1>.<br/>
</div>
</td>
<td><div><pre>org.testng.TestException: 
Expected exception java.lang.IllegalArgumentException but got org.testng.TestException: 
Method CalculatorTest.testPowNumZeroAndPowLessZero(double, double)[pri:0, instance:businessObject.CalculatorTest@2d6a9952] should have thrown an exception of class java.lang.IllegalArgumentException
	at org.testng.internal.Invoker.handleInvocationResults(Invoker.java:1497)
	at org.testng.internal.Invoker.invokeTestMethods(Invoker.java:1245)
	at org.testng.internal.TestMethodWorker.invokeTestMethods(TestMethodWorker.java:127)
	at org.testng.internal.TestMethodWorker.run(TestMethodWorker.java:111)
	at java.util.concurrent.ThreadPoolExecutor.runWorker(ThreadPoolExecutor.java:1142)
	at java.util.concurrent.ThreadPoolExecutor$Worker.run(ThreadPoolExecutor.java:617)
	at java.lang.Thread.run(Thread.java:745)
Caused by: org.testng.TestException: 
Method CalculatorTest.testPowNumZeroAndPowLessZero(double, double)[pri:0, instance:businessObject.CalculatorTest@2d6a9952] should have thrown an exception of class java.lang.IllegalArgumentException
	at org.testng.internal.Invoker.handleInvocationResults(Invoker.java:1512)
	at org.testng.internal.Invoker.invokeMethod(Invoker.java:754)
	at org.testng.internal.Invoker.invokeTestMethod(Invoker.java:901)
	at org.testng.internal.Invoker.invokeTestMethods(Invoker.java:1231)
	... 5 more
</pre></div><a href='#' onClick='toggleBox("stack-trace680900965", this, "Click to show all stack frames", "Click to hide stack frames")'>Click to show all stack frames</a>
<div class='stack-trace' id='stack-trace680900965'><pre>org.testng.TestException: 
Expected exception java.lang.IllegalArgumentException but got org.testng.TestException: 
Method CalculatorTest.testPowNumZeroAndPowLessZero(double, double)[pri:0, instance:businessObject.CalculatorTest@2d6a9952] should have thrown an exception of class java.lang.IllegalArgumentException
	at org.testng.internal.Invoker.handleInvocationResults(Invoker.java:1497)
	at org.testng.internal.Invoker.invokeTestMethods(Invoker.java:1245)
	at org.testng.internal.TestMethodWorker.invokeTestMethods(TestMethodWorker.java:127)
	at org.testng.internal.TestMethodWorker.run(TestMethodWorker.java:111)
	at java.util.concurrent.ThreadPoolExecutor.runWorker(ThreadPoolExecutor.java:1142)
	at java.util.concurrent.ThreadPoolExecutor$Worker.run(ThreadPoolExecutor.java:617)
	at java.lang.Thread.run(Thread.java:745)
Caused by: org.testng.TestException: 
Method CalculatorTest.testPowNumZeroAndPowLessZero(double, double)[pri:0, instance:businessObject.CalculatorTest@2d6a9952] should have thrown an exception of class java.lang.IllegalArgumentException
	at org.testng.internal.Invoker.handleInvocationResults(Invoker.java:1512)
	at org.testng.internal.Invoker.invokeMethod(Invoker.java:754)
	at org.testng.internal.Invoker.invokeTestMethod(Invoker.java:901)
	at org.testng.internal.Invoker.invokeTestMethods(Invoker.java:1231)
	... 5 more
</pre></div></td>
<td>0</td>
<td>businessObject.CalculatorTest@2d6a9952</td></tr>
<tr>
<td title='businessObject.CalculatorTest.testSqrtWhenNumLessZero()'><b>testSqrtWhenNumLessZero</b><br>Test class: businessObject.CalculatorTest<br>Parameters: -5.6565656E7<br/>
<a href="#Output-137662834" onClick='toggleBox("Output-137662834", this, "Show output", "Hide output");'>Show output</a>

<a href="#Output-137662834" onClick="toggleAllBoxes();">Show all outputs</a>
<div class='log' id="Output-137662834">
</br>Tue Nov 01 20:31:45 MSK 2016. Test faild: [Regression test for calculation][businessObject.CalculatorTest][testSqrtWhenNumLessZero]. Status <2>. Time duration <1>.<br/>
</div>
</td>
<td><div><pre>org.testng.TestException: 
Expected exception java.lang.IllegalArgumentException but got org.testng.TestException: 
Method CalculatorTest.testSqrtWhenNumLessZero(double)[pri:0, instance:businessObject.CalculatorTest@2d6a9952] should have thrown an exception of class java.lang.IllegalArgumentException
	at org.testng.internal.Invoker.handleInvocationResults(Invoker.java:1497)
	at org.testng.internal.Invoker.invokeTestMethods(Invoker.java:1245)
	at org.testng.internal.TestMethodWorker.invokeTestMethods(TestMethodWorker.java:127)
	at org.testng.internal.TestMethodWorker.run(TestMethodWorker.java:111)
	at java.util.concurrent.ThreadPoolExecutor.runWorker(ThreadPoolExecutor.java:1142)
	at java.util.concurrent.ThreadPoolExecutor$Worker.run(ThreadPoolExecutor.java:617)
	at java.lang.Thread.run(Thread.java:745)
Caused by: org.testng.TestException: 
Method CalculatorTest.testSqrtWhenNumLessZero(double)[pri:0, instance:businessObject.CalculatorTest@2d6a9952] should have thrown an exception of class java.lang.IllegalArgumentException
	at org.testng.internal.Invoker.handleInvocationResults(Invoker.java:1512)
	at org.testng.internal.Invoker.invokeMethod(Invoker.java:754)
	at org.testng.internal.Invoker.invokeTestMethod(Invoker.java:901)
	at org.testng.internal.Invoker.invokeTestMethods(Invoker.java:1231)
	... 5 more
</pre></div><a href='#' onClick='toggleBox("stack-trace137662834", this, "Click to show all stack frames", "Click to hide stack frames")'>Click to show all stack frames</a>
<div class='stack-trace' id='stack-trace137662834'><pre>org.testng.TestException: 
Expected exception java.lang.IllegalArgumentException but got org.testng.TestException: 
Method CalculatorTest.testSqrtWhenNumLessZero(double)[pri:0, instance:businessObject.CalculatorTest@2d6a9952] should have thrown an exception of class java.lang.IllegalArgumentException
	at org.testng.internal.Invoker.handleInvocationResults(Invoker.java:1497)
	at org.testng.internal.Invoker.invokeTestMethods(Invoker.java:1245)
	at org.testng.internal.TestMethodWorker.invokeTestMethods(TestMethodWorker.java:127)
	at org.testng.internal.TestMethodWorker.run(TestMethodWorker.java:111)
	at java.util.concurrent.ThreadPoolExecutor.runWorker(ThreadPoolExecutor.java:1142)
	at java.util.concurrent.ThreadPoolExecutor$Worker.run(ThreadPoolExecutor.java:617)
	at java.lang.Thread.run(Thread.java:745)
Caused by: org.testng.TestException: 
Method CalculatorTest.testSqrtWhenNumLessZero(double)[pri:0, instance:businessObject.CalculatorTest@2d6a9952] should have thrown an exception of class java.lang.IllegalArgumentException
	at org.testng.internal.Invoker.handleInvocationResults(Invoker.java:1512)
	at org.testng.internal.Invoker.invokeMethod(Invoker.java:754)
	at org.testng.internal.Invoker.invokeTestMethod(Invoker.java:901)
	at org.testng.internal.Invoker.invokeTestMethods(Invoker.java:1231)
	... 5 more
</pre></div></td>
<td>0</td>
<td>businessObject.CalculatorTest@2d6a9952</td></tr>
<tr>
<td title='businessObject.CalculatorTest.testSubDouble()'><b>testSubDouble</b><br>Test class: businessObject.CalculatorTest<br>Parameters: -5.6562523E7, -456.0, -5.6562979E7, 1.0E-10<br/>
<a href="#Output-1966777276" onClick='toggleBox("Output-1966777276", this, "Show output", "Hide output");'>Show output</a>

<a href="#Output-1966777276" onClick="toggleAllBoxes();">Show all outputs</a>
<div class='log' id="Output-1966777276">
</br>Tue Nov 01 20:31:45 MSK 2016. Test faild: [Regression test for calculation][businessObject.CalculatorTest][testSubDouble]. Status <2>. Time duration <3>.<br/>
</div>
</td>
<td><div><pre>java.lang.AssertionError: expected [-5.6562979E7] but found [-5.6562067E7]
	at org.testng.Assert.fail(Assert.java:94)
	at org.testng.Assert.failNotEquals(Assert.java:494)
	at org.testng.Assert.assertEquals(Assert.java:207)
	at org.testng.Assert.assertEquals(Assert.java:220)
	at businessObject.CalculatorTest.testSubDouble(CalculatorTest.java:36)
	at sun.reflect.NativeMethodAccessorImpl.invoke0(Native Method)
	at sun.reflect.NativeMethodAccessorImpl.invoke(NativeMethodAccessorImpl.java:62)
	at sun.reflect.DelegatingMethodAccessorImpl.invoke(DelegatingMethodAccessorImpl.java:43)
	at java.lang.reflect.Method.invoke(Method.java:498)
	at org.testng.internal.MethodInvocationHelper.invokeMethod(MethodInvocationHelper.java:84)
	at org.testng.internal.Invoker.invokeMethod(Invoker.java:714)
	at org.testng.internal.Invoker.invokeTestMethod(Invoker.java:901)
	at org.testng.internal.Invoker.invokeTestMethods(Invoker.java:1231)
	at org.testng.internal.TestMethodWorker.invokeTestMethods(TestMethodWorker.java:127)
	at org.testng.internal.TestMethodWorker.run(TestMethodWorker.java:111)
	at java.util.concurrent.ThreadPoolExecutor.runWorker(ThreadPoolExecutor.java:1142)
	at java.util.concurrent.ThreadPoolExecutor$Worker.run(ThreadPoolExecutor.java:617)
	at java.lang.Thread.run(Thread.java:745)
</pre></div><a href='#' onClick='toggleBox("stack-trace1966777276", this, "Click to show all stack frames", "Click to hide stack frames")'>Click to show all stack frames</a>
<div class='stack-trace' id='stack-trace1966777276'><pre>java.lang.AssertionError: expected [-5.6562979E7] but found [-5.6562067E7]
	at org.testng.Assert.fail(Assert.java:94)
	at org.testng.Assert.failNotEquals(Assert.java:494)
	at org.testng.Assert.assertEquals(Assert.java:207)
	at org.testng.Assert.assertEquals(Assert.java:220)
	at businessObject.CalculatorTest.testSubDouble(CalculatorTest.java:36)
	at sun.reflect.NativeMethodAccessorImpl.invoke0(Native Method)
	at sun.reflect.NativeMethodAccessorImpl.invoke(NativeMethodAccessorImpl.java:62)
	at sun.reflect.DelegatingMethodAccessorImpl.invoke(DelegatingMethodAccessorImpl.java:43)
	at java.lang.reflect.Method.invoke(Method.java:498)
	at org.testng.internal.MethodInvocationHelper.invokeMethod(MethodInvocationHelper.java:84)
	at org.testng.internal.Invoker.invokeMethod(Invoker.java:714)
	at org.testng.internal.Invoker.invokeTestMethod(Invoker.java:901)
	at org.testng.internal.Invoker.invokeTestMethods(Invoker.java:1231)
	at org.testng.internal.TestMethodWorker.invokeTestMethods(TestMethodWorker.java:127)
	at org.testng.internal.TestMethodWorker.run(TestMethodWorker.java:111)
	at java.util.concurrent.ThreadPoolExecutor.runWorker(ThreadPoolExecutor.java:1142)
	at java.util.concurrent.ThreadPoolExecutor$Worker.run(ThreadPoolExecutor.java:617)
	at java.lang.Thread.run(Thread.java:745)
</pre></div></td>
<td>0</td>
<td>businessObject.CalculatorTest@2d6a9952</td></tr>
<tr>
<td title='businessObject.CalculatorTest.testSubLong()'><b>testSubLong</b><br>Test class: businessObject.CalculatorTest<br>Parameters: 9223372036854775807, 98, 9223372036854775807<br/>
<a href="#Output-326220568" onClick='toggleBox("Output-326220568", this, "Show output", "Hide output");'>Show output</a>

<a href="#Output-326220568" onClick="toggleAllBoxes();">Show all outputs</a>
<div class='log' id="Output-326220568">
</br>Tue Nov 01 20:31:45 MSK 2016. Test faild: [Regression test for calculation][businessObject.CalculatorTest][testSubLong]. Status <2>. Time duration <0>.<br/>
</div>
</td>
<td><div><pre>java.lang.AssertionError: expected [9223372036854775807] but found [9223372036854775709]
	at org.testng.Assert.fail(Assert.java:94)
	at org.testng.Assert.failNotEquals(Assert.java:494)
	at org.testng.Assert.assertEquals(Assert.java:123)
	at org.testng.Assert.assertEquals(Assert.java:265)
	at org.testng.Assert.assertEquals(Assert.java:275)
	at businessObject.CalculatorTest.testSubLong(CalculatorTest.java:30)
	at sun.reflect.NativeMethodAccessorImpl.invoke0(Native Method)
	at sun.reflect.NativeMethodAccessorImpl.invoke(NativeMethodAccessorImpl.java:62)
	at sun.reflect.DelegatingMethodAccessorImpl.invoke(DelegatingMethodAccessorImpl.java:43)
	at java.lang.reflect.Method.invoke(Method.java:498)
	at org.testng.internal.MethodInvocationHelper.invokeMethod(MethodInvocationHelper.java:84)
	at org.testng.internal.Invoker.invokeMethod(Invoker.java:714)
	at org.testng.internal.Invoker.invokeTestMethod(Invoker.java:901)
	at org.testng.internal.Invoker.invokeTestMethods(Invoker.java:1231)
	at org.testng.internal.TestMethodWorker.invokeTestMethods(TestMethodWorker.java:127)
	at org.testng.internal.TestMethodWorker.run(TestMethodWorker.java:111)
	at java.util.concurrent.ThreadPoolExecutor.runWorker(ThreadPoolExecutor.java:1142)
	at java.util.concurrent.ThreadPoolExecutor$Worker.run(ThreadPoolExecutor.java:617)
	at java.lang.Thread.run(Thread.java:745)
</pre></div><a href='#' onClick='toggleBox("stack-trace326220568", this, "Click to show all stack frames", "Click to hide stack frames")'>Click to show all stack frames</a>
<div class='stack-trace' id='stack-trace326220568'><pre>java.lang.AssertionError: expected [9223372036854775807] but found [9223372036854775709]
	at org.testng.Assert.fail(Assert.java:94)
	at org.testng.Assert.failNotEquals(Assert.java:494)
	at org.testng.Assert.assertEquals(Assert.java:123)
	at org.testng.Assert.assertEquals(Assert.java:265)
	at org.testng.Assert.assertEquals(Assert.java:275)
	at businessObject.CalculatorTest.testSubLong(CalculatorTest.java:30)
	at sun.reflect.NativeMethodAccessorImpl.invoke0(Native Method)
	at sun.reflect.NativeMethodAccessorImpl.invoke(NativeMethodAccessorImpl.java:62)
	at sun.reflect.DelegatingMethodAccessorImpl.invoke(DelegatingMethodAccessorImpl.java:43)
	at java.lang.reflect.Method.invoke(Method.java:498)
	at org.testng.internal.MethodInvocationHelper.invokeMethod(MethodInvocationHelper.java:84)
	at org.testng.internal.Invoker.invokeMethod(Invoker.java:714)
	at org.testng.internal.Invoker.invokeTestMethod(Invoker.java:901)
	at org.testng.internal.Invoker.invokeTestMethods(Invoker.java:1231)
	at org.testng.internal.TestMethodWorker.invokeTestMethods(TestMethodWorker.java:127)
	at org.testng.internal.TestMethodWorker.run(TestMethodWorker.java:111)
	at java.util.concurrent.ThreadPoolExecutor.runWorker(ThreadPoolExecutor.java:1142)
	at java.util.concurrent.ThreadPoolExecutor$Worker.run(ThreadPoolExecutor.java:617)
	at java.lang.Thread.run(Thread.java:745)
</pre></div></td>
<td>0</td>
<td>businessObject.CalculatorTest@2d6a9952</td></tr>
<tr>
<td title='businessObject.CalculatorTest.testSubLong()'><b>testSubLong</b><br>Test class: businessObject.CalculatorTest<br>Parameters: -56562523, -456, 56562979<br/>
<a href="#Output-1682310433" onClick='toggleBox("Output-1682310433", this, "Show output", "Hide output");'>Show output</a>

<a href="#Output-1682310433" onClick="toggleAllBoxes();">Show all outputs</a>
<div class='log' id="Output-1682310433">
</br>Tue Nov 01 20:31:45 MSK 2016. Test faild: [Regression test for calculation][businessObject.CalculatorTest][testSubLong]. Status <2>. Time duration <2>.<br/>
</div>
</td>
<td><div><pre>java.lang.AssertionError: expected [56562979] but found [-56562067]
	at org.testng.Assert.fail(Assert.java:94)
	at org.testng.Assert.failNotEquals(Assert.java:494)
	at org.testng.Assert.assertEquals(Assert.java:123)
	at org.testng.Assert.assertEquals(Assert.java:265)
	at org.testng.Assert.assertEquals(Assert.java:275)
	at businessObject.CalculatorTest.testSubLong(CalculatorTest.java:30)
	at sun.reflect.NativeMethodAccessorImpl.invoke0(Native Method)
	at sun.reflect.NativeMethodAccessorImpl.invoke(NativeMethodAccessorImpl.java:62)
	at sun.reflect.DelegatingMethodAccessorImpl.invoke(DelegatingMethodAccessorImpl.java:43)
	at java.lang.reflect.Method.invoke(Method.java:498)
	at org.testng.internal.MethodInvocationHelper.invokeMethod(MethodInvocationHelper.java:84)
	at org.testng.internal.Invoker.invokeMethod(Invoker.java:714)
	at org.testng.internal.Invoker.invokeTestMethod(Invoker.java:901)
	at org.testng.internal.Invoker.invokeTestMethods(Invoker.java:1231)
	at org.testng.internal.TestMethodWorker.invokeTestMethods(TestMethodWorker.java:127)
	at org.testng.internal.TestMethodWorker.run(TestMethodWorker.java:111)
	at java.util.concurrent.ThreadPoolExecutor.runWorker(ThreadPoolExecutor.java:1142)
	at java.util.concurrent.ThreadPoolExecutor$Worker.run(ThreadPoolExecutor.java:617)
	at java.lang.Thread.run(Thread.java:745)
</pre></div><a href='#' onClick='toggleBox("stack-trace1682310433", this, "Click to show all stack frames", "Click to hide stack frames")'>Click to show all stack frames</a>
<div class='stack-trace' id='stack-trace1682310433'><pre>java.lang.AssertionError: expected [56562979] but found [-56562067]
	at org.testng.Assert.fail(Assert.java:94)
	at org.testng.Assert.failNotEquals(Assert.java:494)
	at org.testng.Assert.assertEquals(Assert.java:123)
	at org.testng.Assert.assertEquals(Assert.java:265)
	at org.testng.Assert.assertEquals(Assert.java:275)
	at businessObject.CalculatorTest.testSubLong(CalculatorTest.java:30)
	at sun.reflect.NativeMethodAccessorImpl.invoke0(Native Method)
	at sun.reflect.NativeMethodAccessorImpl.invoke(NativeMethodAccessorImpl.java:62)
	at sun.reflect.DelegatingMethodAccessorImpl.invoke(DelegatingMethodAccessorImpl.java:43)
	at java.lang.reflect.Method.invoke(Method.java:498)
	at org.testng.internal.MethodInvocationHelper.invokeMethod(MethodInvocationHelper.java:84)
	at org.testng.internal.Invoker.invokeMethod(Invoker.java:714)
	at org.testng.internal.Invoker.invokeTestMethod(Invoker.java:901)
	at org.testng.internal.Invoker.invokeTestMethods(Invoker.java:1231)
	at org.testng.internal.TestMethodWorker.invokeTestMethods(TestMethodWorker.java:127)
	at org.testng.internal.TestMethodWorker.run(TestMethodWorker.java:111)
	at java.util.concurrent.ThreadPoolExecutor.runWorker(ThreadPoolExecutor.java:1142)
	at java.util.concurrent.ThreadPoolExecutor$Worker.run(ThreadPoolExecutor.java:617)
	at java.lang.Thread.run(Thread.java:745)
</pre></div></td>
<td>0</td>
<td>businessObject.CalculatorTest@2d6a9952</td></tr>
<tr>
<td title='businessObject.CalculatorTest.testSubLong()'><b>testSubLong</b><br>Test class: businessObject.CalculatorTest<br>Parameters: 412341234123, -412341234123, 0<br/>
<a href="#Output-9251702" onClick='toggleBox("Output-9251702", this, "Show output", "Hide output");'>Show output</a>

<a href="#Output-9251702" onClick="toggleAllBoxes();">Show all outputs</a>
<div class='log' id="Output-9251702">
</br>Tue Nov 01 20:31:45 MSK 2016. Test faild: [Regression test for calculation][businessObject.CalculatorTest][testSubLong]. Status <2>. Time duration <1>.<br/>
</div>
</td>
<td><div><pre>java.lang.AssertionError: expected [0] but found [824682468246]
	at org.testng.Assert.fail(Assert.java:94)
	at org.testng.Assert.failNotEquals(Assert.java:494)
	at org.testng.Assert.assertEquals(Assert.java:123)
	at org.testng.Assert.assertEquals(Assert.java:265)
	at org.testng.Assert.assertEquals(Assert.java:275)
	at businessObject.CalculatorTest.testSubLong(CalculatorTest.java:30)
	at sun.reflect.NativeMethodAccessorImpl.invoke0(Native Method)
	at sun.reflect.NativeMethodAccessorImpl.invoke(NativeMethodAccessorImpl.java:62)
	at sun.reflect.DelegatingMethodAccessorImpl.invoke(DelegatingMethodAccessorImpl.java:43)
	at java.lang.reflect.Method.invoke(Method.java:498)
	at org.testng.internal.MethodInvocationHelper.invokeMethod(MethodInvocationHelper.java:84)
	at org.testng.internal.Invoker.invokeMethod(Invoker.java:714)
	at org.testng.internal.Invoker.invokeTestMethod(Invoker.java:901)
	at org.testng.internal.Invoker.invokeTestMethods(Invoker.java:1231)
	at org.testng.internal.TestMethodWorker.invokeTestMethods(TestMethodWorker.java:127)
	at org.testng.internal.TestMethodWorker.run(TestMethodWorker.java:111)
	at java.util.concurrent.ThreadPoolExecutor.runWorker(ThreadPoolExecutor.java:1142)
	at java.util.concurrent.ThreadPoolExecutor$Worker.run(ThreadPoolExecutor.java:617)
	at java.lang.Thread.run(Thread.java:745)
</pre></div><a href='#' onClick='toggleBox("stack-trace9251702", this, "Click to show all stack frames", "Click to hide stack frames")'>Click to show all stack frames</a>
<div class='stack-trace' id='stack-trace9251702'><pre>java.lang.AssertionError: expected [0] but found [824682468246]
	at org.testng.Assert.fail(Assert.java:94)
	at org.testng.Assert.failNotEquals(Assert.java:494)
	at org.testng.Assert.assertEquals(Assert.java:123)
	at org.testng.Assert.assertEquals(Assert.java:265)
	at org.testng.Assert.assertEquals(Assert.java:275)
	at businessObject.CalculatorTest.testSubLong(CalculatorTest.java:30)
	at sun.reflect.NativeMethodAccessorImpl.invoke0(Native Method)
	at sun.reflect.NativeMethodAccessorImpl.invoke(NativeMethodAccessorImpl.java:62)
	at sun.reflect.DelegatingMethodAccessorImpl.invoke(DelegatingMethodAccessorImpl.java:43)
	at java.lang.reflect.Method.invoke(Method.java:498)
	at org.testng.internal.MethodInvocationHelper.invokeMethod(MethodInvocationHelper.java:84)
	at org.testng.internal.Invoker.invokeMethod(Invoker.java:714)
	at org.testng.internal.Invoker.invokeTestMethod(Invoker.java:901)
	at org.testng.internal.Invoker.invokeTestMethods(Invoker.java:1231)
	at org.testng.internal.TestMethodWorker.invokeTestMethods(TestMethodWorker.java:127)
	at org.testng.internal.TestMethodWorker.run(TestMethodWorker.java:111)
	at java.util.concurrent.ThreadPoolExecutor.runWorker(ThreadPoolExecutor.java:1142)
	at java.util.concurrent.ThreadPoolExecutor$Worker.run(ThreadPoolExecutor.java:617)
	at java.lang.Thread.run(Thread.java:745)
</pre></div></td>
<td>0</td>
<td>businessObject.CalculatorTest@2d6a9952</td></tr>
<tr>
<td title='businessObject.CalculatorTest.testSubLong()'><b>testSubLong</b><br>Test class: businessObject.CalculatorTest<br>Parameters: -555555555555555, 5, 555555555555550<br/>
<a href="#Output-910530394" onClick='toggleBox("Output-910530394", this, "Show output", "Hide output");'>Show output</a>

<a href="#Output-910530394" onClick="toggleAllBoxes();">Show all outputs</a>
<div class='log' id="Output-910530394">
</br>Tue Nov 01 20:31:45 MSK 2016. Test faild: [Regression test for calculation][businessObject.CalculatorTest][testSubLong]. Status <2>. Time duration <1>.<br/>
</div>
</td>
<td><div><pre>java.lang.AssertionError: expected [555555555555550] but found [-555555555555560]
	at org.testng.Assert.fail(Assert.java:94)
	at org.testng.Assert.failNotEquals(Assert.java:494)
	at org.testng.Assert.assertEquals(Assert.java:123)
	at org.testng.Assert.assertEquals(Assert.java:265)
	at org.testng.Assert.assertEquals(Assert.java:275)
	at businessObject.CalculatorTest.testSubLong(CalculatorTest.java:30)
	at sun.reflect.NativeMethodAccessorImpl.invoke0(Native Method)
	at sun.reflect.NativeMethodAccessorImpl.invoke(NativeMethodAccessorImpl.java:62)
	at sun.reflect.DelegatingMethodAccessorImpl.invoke(DelegatingMethodAccessorImpl.java:43)
	at java.lang.reflect.Method.invoke(Method.java:498)
	at org.testng.internal.MethodInvocationHelper.invokeMethod(MethodInvocationHelper.java:84)
	at org.testng.internal.Invoker.invokeMethod(Invoker.java:714)
	at org.testng.internal.Invoker.invokeTestMethod(Invoker.java:901)
	at org.testng.internal.Invoker.invokeTestMethods(Invoker.java:1231)
	at org.testng.internal.TestMethodWorker.invokeTestMethods(TestMethodWorker.java:127)
	at org.testng.internal.TestMethodWorker.run(TestMethodWorker.java:111)
	at java.util.concurrent.ThreadPoolExecutor.runWorker(ThreadPoolExecutor.java:1142)
	at java.util.concurrent.ThreadPoolExecutor$Worker.run(ThreadPoolExecutor.java:617)
	at java.lang.Thread.run(Thread.java:745)
</pre></div><a href='#' onClick='toggleBox("stack-trace910530394", this, "Click to show all stack frames", "Click to hide stack frames")'>Click to show all stack frames</a>
<div class='stack-trace' id='stack-trace910530394'><pre>java.lang.AssertionError: expected [555555555555550] but found [-555555555555560]
	at org.testng.Assert.fail(Assert.java:94)
	at org.testng.Assert.failNotEquals(Assert.java:494)
	at org.testng.Assert.assertEquals(Assert.java:123)
	at org.testng.Assert.assertEquals(Assert.java:265)
	at org.testng.Assert.assertEquals(Assert.java:275)
	at businessObject.CalculatorTest.testSubLong(CalculatorTest.java:30)
	at sun.reflect.NativeMethodAccessorImpl.invoke0(Native Method)
	at sun.reflect.NativeMethodAccessorImpl.invoke(NativeMethodAccessorImpl.java:62)
	at sun.reflect.DelegatingMethodAccessorImpl.invoke(DelegatingMethodAccessorImpl.java:43)
	at java.lang.reflect.Method.invoke(Method.java:498)
	at org.testng.internal.MethodInvocationHelper.invokeMethod(MethodInvocationHelper.java:84)
	at org.testng.internal.Invoker.invokeMethod(Invoker.java:714)
	at org.testng.internal.Invoker.invokeTestMethod(Invoker.java:901)
	at org.testng.internal.Invoker.invokeTestMethods(Invoker.java:1231)
	at org.testng.internal.TestMethodWorker.invokeTestMethods(TestMethodWorker.java:127)
	at org.testng.internal.TestMethodWorker.run(TestMethodWorker.java:111)
	at java.util.concurrent.ThreadPoolExecutor.runWorker(ThreadPoolExecutor.java:1142)
	at java.util.concurrent.ThreadPoolExecutor$Worker.run(ThreadPoolExecutor.java:617)
	at java.lang.Thread.run(Thread.java:745)
</pre></div></td>
<td>0</td>
<td>businessObject.CalculatorTest@2d6a9952</td></tr>
<tr>
<td title='businessObject.CalculatorTest.testTg()'><b>testTg</b><br>Test class: businessObject.CalculatorTest<br>Parameters: -565656.0, 0.3354445635832207<br/>
<a href="#Output-383730987" onClick='toggleBox("Output-383730987", this, "Show output", "Hide output");'>Show output</a>

<a href="#Output-383730987" onClick="toggleAllBoxes();">Show all outputs</a>
<div class='log' id="Output-383730987">
</br>Tue Nov 01 20:31:45 MSK 2016. Test faild: [Regression test for calculation][businessObject.CalculatorTest][testTg]. Status <2>. Time duration <1>.<br/>
</div>
</td>
<td><div><pre>java.lang.AssertionError: expected [0.3354445635832207] but found [1.0]
	at org.testng.Assert.fail(Assert.java:94)
	at org.testng.Assert.failNotEquals(Assert.java:494)
	at org.testng.Assert.assertEquals(Assert.java:123)
	at org.testng.Assert.assertEquals(Assert.java:165)
	at businessObject.CalculatorTest.testTg(CalculatorTest.java:71)
	at sun.reflect.NativeMethodAccessorImpl.invoke0(Native Method)
	at sun.reflect.NativeMethodAccessorImpl.invoke(NativeMethodAccessorImpl.java:62)
	at sun.reflect.DelegatingMethodAccessorImpl.invoke(DelegatingMethodAccessorImpl.java:43)
	at java.lang.reflect.Method.invoke(Method.java:498)
	at org.testng.internal.MethodInvocationHelper.invokeMethod(MethodInvocationHelper.java:84)
	at org.testng.internal.Invoker.invokeMethod(Invoker.java:714)
	at org.testng.internal.Invoker.invokeTestMethod(Invoker.java:901)
	at org.testng.internal.Invoker.invokeTestMethods(Invoker.java:1231)
	at org.testng.internal.TestMethodWorker.invokeTestMethods(TestMethodWorker.java:127)
	at org.testng.internal.TestMethodWorker.run(TestMethodWorker.java:111)
	at java.util.concurrent.ThreadPoolExecutor.runWorker(ThreadPoolExecutor.java:1142)
	at java.util.concurrent.ThreadPoolExecutor$Worker.run(ThreadPoolExecutor.java:617)
	at java.lang.Thread.run(Thread.java:745)
</pre></div><a href='#' onClick='toggleBox("stack-trace383730987", this, "Click to show all stack frames", "Click to hide stack frames")'>Click to show all stack frames</a>
<div class='stack-trace' id='stack-trace383730987'><pre>java.lang.AssertionError: expected [0.3354445635832207] but found [1.0]
	at org.testng.Assert.fail(Assert.java:94)
	at org.testng.Assert.failNotEquals(Assert.java:494)
	at org.testng.Assert.assertEquals(Assert.java:123)
	at org.testng.Assert.assertEquals(Assert.java:165)
	at businessObject.CalculatorTest.testTg(CalculatorTest.java:71)
	at sun.reflect.NativeMethodAccessorImpl.invoke0(Native Method)
	at sun.reflect.NativeMethodAccessorImpl.invoke(NativeMethodAccessorImpl.java:62)
	at sun.reflect.DelegatingMethodAccessorImpl.invoke(DelegatingMethodAccessorImpl.java:43)
	at java.lang.reflect.Method.invoke(Method.java:498)
	at org.testng.internal.MethodInvocationHelper.invokeMethod(MethodInvocationHelper.java:84)
	at org.testng.internal.Invoker.invokeMethod(Invoker.java:714)
	at org.testng.internal.Invoker.invokeTestMethod(Invoker.java:901)
	at org.testng.internal.Invoker.invokeTestMethods(Invoker.java:1231)
	at org.testng.internal.TestMethodWorker.invokeTestMethods(TestMethodWorker.java:127)
	at org.testng.internal.TestMethodWorker.run(TestMethodWorker.java:111)
	at java.util.concurrent.ThreadPoolExecutor.runWorker(ThreadPoolExecutor.java:1142)
	at java.util.concurrent.ThreadPoolExecutor$Worker.run(ThreadPoolExecutor.java:617)
	at java.lang.Thread.run(Thread.java:745)
</pre></div></td>
<td>0</td>
<td>businessObject.CalculatorTest@2d6a9952</td></tr>
<tr>
<td title='businessObject.CalculatorTest.testTg()'><b>testTg</b><br>Test class: businessObject.CalculatorTest<br>Parameters: 0.0, 0.0<br/>
<a href="#Output-429451530" onClick='toggleBox("Output-429451530", this, "Show output", "Hide output");'>Show output</a>

<a href="#Output-429451530" onClick="toggleAllBoxes();">Show all outputs</a>
<div class='log' id="Output-429451530">
</br>Tue Nov 01 20:31:45 MSK 2016. Test faild: [Regression test for calculation][businessObject.CalculatorTest][testTg]. Status <2>. Time duration <0>.<br/>
</div>
</td>
<td><div><pre>java.lang.AssertionError: expected [0.0] but found [NaN]
	at org.testng.Assert.fail(Assert.java:94)
	at org.testng.Assert.failNotEquals(Assert.java:494)
	at org.testng.Assert.assertEquals(Assert.java:123)
	at org.testng.Assert.assertEquals(Assert.java:165)
	at businessObject.CalculatorTest.testTg(CalculatorTest.java:71)
	at sun.reflect.NativeMethodAccessorImpl.invoke0(Native Method)
	at sun.reflect.NativeMethodAccessorImpl.invoke(NativeMethodAccessorImpl.java:62)
	at sun.reflect.DelegatingMethodAccessorImpl.invoke(DelegatingMethodAccessorImpl.java:43)
	at java.lang.reflect.Method.invoke(Method.java:498)
	at org.testng.internal.MethodInvocationHelper.invokeMethod(MethodInvocationHelper.java:84)
	at org.testng.internal.Invoker.invokeMethod(Invoker.java:714)
	at org.testng.internal.Invoker.invokeTestMethod(Invoker.java:901)
	at org.testng.internal.Invoker.invokeTestMethods(Invoker.java:1231)
	at org.testng.internal.TestMethodWorker.invokeTestMethods(TestMethodWorker.java:127)
	at org.testng.internal.TestMethodWorker.run(TestMethodWorker.java:111)
	at java.util.concurrent.ThreadPoolExecutor.runWorker(ThreadPoolExecutor.java:1142)
	at java.util.concurrent.ThreadPoolExecutor$Worker.run(ThreadPoolExecutor.java:617)
	at java.lang.Thread.run(Thread.java:745)
</pre></div><a href='#' onClick='toggleBox("stack-trace429451530", this, "Click to show all stack frames", "Click to hide stack frames")'>Click to show all stack frames</a>
<div class='stack-trace' id='stack-trace429451530'><pre>java.lang.AssertionError: expected [0.0] but found [NaN]
	at org.testng.Assert.fail(Assert.java:94)
	at org.testng.Assert.failNotEquals(Assert.java:494)
	at org.testng.Assert.assertEquals(Assert.java:123)
	at org.testng.Assert.assertEquals(Assert.java:165)
	at businessObject.CalculatorTest.testTg(CalculatorTest.java:71)
	at sun.reflect.NativeMethodAccessorImpl.invoke0(Native Method)
	at sun.reflect.NativeMethodAccessorImpl.invoke(NativeMethodAccessorImpl.java:62)
	at sun.reflect.DelegatingMethodAccessorImpl.invoke(DelegatingMethodAccessorImpl.java:43)
	at java.lang.reflect.Method.invoke(Method.java:498)
	at org.testng.internal.MethodInvocationHelper.invokeMethod(MethodInvocationHelper.java:84)
	at org.testng.internal.Invoker.invokeMethod(Invoker.java:714)
	at org.testng.internal.Invoker.invokeTestMethod(Invoker.java:901)
	at org.testng.internal.Invoker.invokeTestMethods(Invoker.java:1231)
	at org.testng.internal.TestMethodWorker.invokeTestMethods(TestMethodWorker.java:127)
	at org.testng.internal.TestMethodWorker.run(TestMethodWorker.java:111)
	at java.util.concurrent.ThreadPoolExecutor.runWorker(ThreadPoolExecutor.java:1142)
	at java.util.concurrent.ThreadPoolExecutor$Worker.run(ThreadPoolExecutor.java:617)
	at java.lang.Thread.run(Thread.java:745)
</pre></div></td>
<td>0</td>
<td>businessObject.CalculatorTest@2d6a9952</td></tr>
<tr>
<td title='businessObject.CalculatorTest.testTg()'><b>testTg</b><br>Test class: businessObject.CalculatorTest<br>Parameters: 20.56, -7.114264447088601<br/>
<a href="#Output-170165173" onClick='toggleBox("Output-170165173", this, "Show output", "Hide output");'>Show output</a>

<a href="#Output-170165173" onClick="toggleAllBoxes();">Show all outputs</a>
<div class='log' id="Output-170165173">
</br>Tue Nov 01 20:31:45 MSK 2016. Test faild: [Regression test for calculation][businessObject.CalculatorTest][testTg]. Status <2>. Time duration <0>.<br/>
</div>
</td>
<td><div><pre>java.lang.AssertionError: expected [-7.114264447088601] but found [1.0]
	at org.testng.Assert.fail(Assert.java:94)
	at org.testng.Assert.failNotEquals(Assert.java:494)
	at org.testng.Assert.assertEquals(Assert.java:123)
	at org.testng.Assert.assertEquals(Assert.java:165)
	at businessObject.CalculatorTest.testTg(CalculatorTest.java:71)
	at sun.reflect.NativeMethodAccessorImpl.invoke0(Native Method)
	at sun.reflect.NativeMethodAccessorImpl.invoke(NativeMethodAccessorImpl.java:62)
	at sun.reflect.DelegatingMethodAccessorImpl.invoke(DelegatingMethodAccessorImpl.java:43)
	at java.lang.reflect.Method.invoke(Method.java:498)
	at org.testng.internal.MethodInvocationHelper.invokeMethod(MethodInvocationHelper.java:84)
	at org.testng.internal.Invoker.invokeMethod(Invoker.java:714)
	at org.testng.internal.Invoker.invokeTestMethod(Invoker.java:901)
	at org.testng.internal.Invoker.invokeTestMethods(Invoker.java:1231)
	at org.testng.internal.TestMethodWorker.invokeTestMethods(TestMethodWorker.java:127)
	at org.testng.internal.TestMethodWorker.run(TestMethodWorker.java:111)
	at java.util.concurrent.ThreadPoolExecutor.runWorker(ThreadPoolExecutor.java:1142)
	at java.util.concurrent.ThreadPoolExecutor$Worker.run(ThreadPoolExecutor.java:617)
	at java.lang.Thread.run(Thread.java:745)
</pre></div><a href='#' onClick='toggleBox("stack-trace170165173", this, "Click to show all stack frames", "Click to hide stack frames")'>Click to show all stack frames</a>
<div class='stack-trace' id='stack-trace170165173'><pre>java.lang.AssertionError: expected [-7.114264447088601] but found [1.0]
	at org.testng.Assert.fail(Assert.java:94)
	at org.testng.Assert.failNotEquals(Assert.java:494)
	at org.testng.Assert.assertEquals(Assert.java:123)
	at org.testng.Assert.assertEquals(Assert.java:165)
	at businessObject.CalculatorTest.testTg(CalculatorTest.java:71)
	at sun.reflect.NativeMethodAccessorImpl.invoke0(Native Method)
	at sun.reflect.NativeMethodAccessorImpl.invoke(NativeMethodAccessorImpl.java:62)
	at sun.reflect.DelegatingMethodAccessorImpl.invoke(DelegatingMethodAccessorImpl.java:43)
	at java.lang.reflect.Method.invoke(Method.java:498)
	at org.testng.internal.MethodInvocationHelper.invokeMethod(MethodInvocationHelper.java:84)
	at org.testng.internal.Invoker.invokeMethod(Invoker.java:714)
	at org.testng.internal.Invoker.invokeTestMethod(Invoker.java:901)
	at org.testng.internal.Invoker.invokeTestMethods(Invoker.java:1231)
	at org.testng.internal.TestMethodWorker.invokeTestMethods(TestMethodWorker.java:127)
	at org.testng.internal.TestMethodWorker.run(TestMethodWorker.java:111)
	at java.util.concurrent.ThreadPoolExecutor.runWorker(ThreadPoolExecutor.java:1142)
	at java.util.concurrent.ThreadPoolExecutor$Worker.run(ThreadPoolExecutor.java:617)
	at java.lang.Thread.run(Thread.java:745)
</pre></div></td>
<td>0</td>
<td>businessObject.CalculatorTest@2d6a9952</td></tr>
</table><p>
<table width='100%' border='1' class='invocation-passed'>
<tr><td colspan='4' align='center'><b>PASSED TESTS</b></td></tr>
<tr><td><b>Test method</b></td>
<td width="30%"><b>Exception</b></td>
<td width="10%"><b>Time (seconds)</b></td>
<td><b>Instance</b></td>
</tr>
<tr>
<td title='businessObject.CalculatorTest.testDivDouble()'><b>testDivDouble</b><br>Test class: businessObject.CalculatorTest<br>Parameters: 0.0, -5.656565656E9, 0.0, 1.0E-10<br/>
<a href="#Output-1081921757" onClick='toggleBox("Output-1081921757", this, "Show output", "Hide output");'>Show output</a>

<a href="#Output-1081921757" onClick="toggleAllBoxes();">Show all outputs</a>
<div class='log' id="Output-1081921757">
</br>Tue Nov 01 20:31:45 MSK 2016. Test passed: [Regression test for calculation][businessObject.CalculatorTest][testDivDouble]. Status <1>. Time duration <0>.<br/>
</div>
</td>
<td></td>
<td>0</td>
<td>businessObject.CalculatorTest@2d6a9952</td></tr>
<tr>
<td title='businessObject.CalculatorTest.testDivDouble()'><b>testDivDouble</b><br>Test class: businessObject.CalculatorTest<br>Parameters: 456789.0, 6.0, 76131.5, 1.0E-10<br/>
<a href="#Output-90515244" onClick='toggleBox("Output-90515244", this, "Show output", "Hide output");'>Show output</a>

<a href="#Output-90515244" onClick="toggleAllBoxes();">Show all outputs</a>
<div class='log' id="Output-90515244">
</br>Tue Nov 01 20:31:45 MSK 2016. Test passed: [Regression test for calculation][businessObject.CalculatorTest][testDivDouble]. Status <1>. Time duration <0>.<br/>
</div>
</td>
<td></td>
<td>0</td>
<td>businessObject.CalculatorTest@2d6a9952</td></tr>
<tr>
<td title='businessObject.CalculatorTest.testDivDouble()'><b>testDivDouble</b><br>Test class: businessObject.CalculatorTest<br>Parameters: -5.0, -5.0, 1.0, 1.0E-10<br/>
<a href="#Output-668655892" onClick='toggleBox("Output-668655892", this, "Show output", "Hide output");'>Show output</a>

<a href="#Output-668655892" onClick="toggleAllBoxes();">Show all outputs</a>
<div class='log' id="Output-668655892">
</br>Tue Nov 01 20:31:45 MSK 2016. Test passed: [Regression test for calculation][businessObject.CalculatorTest][testDivDouble]. Status <1>. Time duration <0>.<br/>
</div>
</td>
<td></td>
<td>0</td>
<td>businessObject.CalculatorTest@2d6a9952</td></tr>
<tr>
<td title='businessObject.CalculatorTest.testDivDouble()'><b>testDivDouble</b><br>Test class: businessObject.CalculatorTest<br>Parameters: 30.0, -5.0, -6.0, 1.0E-10<br/>
<a href="#Output-1934506294" onClick='toggleBox("Output-1934506294", this, "Show output", "Hide output");'>Show output</a>

<a href="#Output-1934506294" onClick="toggleAllBoxes();">Show all outputs</a>
<div class='log' id="Output-1934506294">
</br>Tue Nov 01 20:31:45 MSK 2016. Test passed: [Regression test for calculation][businessObject.CalculatorTest][testDivDouble]. Status <1>. Time duration <1>.<br/>
</div>
</td>
<td></td>
<td>0</td>
<td>businessObject.CalculatorTest@2d6a9952</td></tr>
<tr>
<td title='businessObject.CalculatorTest.testDivDouble()'><b>testDivDouble</b><br>Test class: businessObject.CalculatorTest<br>Parameters: -8.0, 20.0, -0.4, 1.0E-10<br/>
<a href="#Output-1435690426" onClick='toggleBox("Output-1435690426", this, "Show output", "Hide output");'>Show output</a>

<a href="#Output-1435690426" onClick="toggleAllBoxes();">Show all outputs</a>
<div class='log' id="Output-1435690426">
</br>Tue Nov 01 20:31:45 MSK 2016. Test passed: [Regression test for calculation][businessObject.CalculatorTest][testDivDouble]. Status <1>. Time duration <0>.<br/>
</div>
</td>
<td></td>
<td>0</td>
<td>businessObject.CalculatorTest@2d6a9952</td></tr>
<tr>
<td title='businessObject.CalculatorTest.testDivLong()'><b>testDivLong</b><br>Test class: businessObject.CalculatorTest<br>Parameters: 5, 1, 5<br/>
<a href="#Output-155215882" onClick='toggleBox("Output-155215882", this, "Show output", "Hide output");'>Show output</a>

<a href="#Output-155215882" onClick="toggleAllBoxes();">Show all outputs</a>
<div class='log' id="Output-155215882">
</br>Tue Nov 01 20:31:45 MSK 2016. Test passed: [Regression test for calculation][businessObject.CalculatorTest][testDivLong]. Status <1>. Time duration <0>.<br/>
</div>
</td>
<td></td>
<td>0</td>
<td>businessObject.CalculatorTest@2d6a9952</td></tr>
<tr>
<td title='businessObject.CalculatorTest.testDivLong()'><b>testDivLong</b><br>Test class: businessObject.CalculatorTest<br>Parameters: -566, 656, 0<br/>
<a href="#Output-189101981" onClick='toggleBox("Output-189101981", this, "Show output", "Hide output");'>Show output</a>

<a href="#Output-189101981" onClick="toggleAllBoxes();">Show all outputs</a>
<div class='log' id="Output-189101981">
</br>Tue Nov 01 20:31:45 MSK 2016. Test passed: [Regression test for calculation][businessObject.CalculatorTest][testDivLong]. Status <1>. Time duration <0>.<br/>
</div>
</td>
<td></td>
<td>0</td>
<td>businessObject.CalculatorTest@2d6a9952</td></tr>
<tr>
<td title='businessObject.CalculatorTest.testDivLong()'><b>testDivLong</b><br>Test class: businessObject.CalculatorTest<br>Parameters: 5547, -555, -9<br/>
<a href="#Output-1236860026" onClick='toggleBox("Output-1236860026", this, "Show output", "Hide output");'>Show output</a>

<a href="#Output-1236860026" onClick="toggleAllBoxes();">Show all outputs</a>
<div class='log' id="Output-1236860026">
</br>Tue Nov 01 20:31:45 MSK 2016. Test passed: [Regression test for calculation][businessObject.CalculatorTest][testDivLong]. Status <1>. Time duration <2>.<br/>
</div>
</td>
<td></td>
<td>0</td>
<td>businessObject.CalculatorTest@2d6a9952</td></tr>
<tr>
<td title='businessObject.CalculatorTest.testDivLong()'><b>testDivLong</b><br>Test class: businessObject.CalculatorTest<br>Parameters: -5466, -565, 9<br/>
<a href="#Output-664258770" onClick='toggleBox("Output-664258770", this, "Show output", "Hide output");'>Show output</a>

<a href="#Output-664258770" onClick="toggleAllBoxes();">Show all outputs</a>
<div class='log' id="Output-664258770">
</br>Tue Nov 01 20:31:45 MSK 2016. Test passed: [Regression test for calculation][businessObject.CalculatorTest][testDivLong]. Status <1>. Time duration <1>.<br/>
</div>
</td>
<td></td>
<td>0</td>
<td>businessObject.CalculatorTest@2d6a9952</td></tr>
<tr>
<td title='businessObject.CalculatorTest.testIsNegative()'><b>testIsNegative</b><br>Test class: businessObject.CalculatorTest<br>Parameters: -555<br/>
<a href="#Output-851209294" onClick='toggleBox("Output-851209294", this, "Show output", "Hide output");'>Show output</a>

<a href="#Output-851209294" onClick="toggleAllBoxes();">Show all outputs</a>
<div class='log' id="Output-851209294">
</br>Tue Nov 01 20:31:45 MSK 2016. Test passed: [Regression test for calculation][businessObject.CalculatorTest][testIsNegative]. Status <1>. Time duration <0>.<br/>
</div>
</td>
<td></td>
<td>0</td>
<td>businessObject.CalculatorTest@2d6a9952</td></tr>
<tr>
<td title='businessObject.CalculatorTest.testIsPosWithNegativeNumber()'><b>testIsPosWithNegativeNumber</b><br>Test class: businessObject.CalculatorTest<br>Parameters: -57987876<br/>
<a href="#Output-262767059" onClick='toggleBox("Output-262767059", this, "Show output", "Hide output");'>Show output</a>

<a href="#Output-262767059" onClick="toggleAllBoxes();">Show all outputs</a>
<div class='log' id="Output-262767059">
</br>Tue Nov 01 20:31:45 MSK 2016. Test passed: [Regression test for calculation][businessObject.CalculatorTest][testIsPosWithNegativeNumber]. Status <1>. Time duration <0>.<br/>
</div>
</td>
<td></td>
<td>0</td>
<td>businessObject.CalculatorTest@2d6a9952</td></tr>
<tr>
<td title='businessObject.CalculatorTest.testIsPositive()'><b>testIsPositive</b><br>Test class: businessObject.CalculatorTest<br>Parameters: 32223<br/>
<a href="#Output-1859097380" onClick='toggleBox("Output-1859097380", this, "Show output", "Hide output");'>Show output</a>

<a href="#Output-1859097380" onClick="toggleAllBoxes();">Show all outputs</a>
<div class='log' id="Output-1859097380">
</br>Tue Nov 01 20:31:45 MSK 2016. Test passed: [Regression test for calculation][businessObject.CalculatorTest][testIsPositive]. Status <1>. Time duration <0>.<br/>
</div>
</td>
<td></td>
<td>0</td>
<td>businessObject.CalculatorTest@2d6a9952</td></tr>
<tr>
<td title='businessObject.CalculatorTest.testMultDouble()'><b>testMultDouble</b><br>Test class: businessObject.CalculatorTest<br>Parameters: 0.0, -5.6565656562E9, 0.0, 1.0E-10<br/>
<a href="#Output-2105082767" onClick='toggleBox("Output-2105082767", this, "Show output", "Hide output");'>Show output</a>

<a href="#Output-2105082767" onClick="toggleAllBoxes();">Show all outputs</a>
<div class='log' id="Output-2105082767">
</br>Tue Nov 01 20:31:45 MSK 2016. Test passed: [Regression test for calculation][businessObject.CalculatorTest][testMultDouble]. Status <1>. Time duration <0>.<br/>
</div>
</td>
<td></td>
<td>0</td>
<td>businessObject.CalculatorTest@2d6a9952</td></tr>
<tr>
<td title='businessObject.CalculatorTest.testMultDouble()'><b>testMultDouble</b><br>Test class: businessObject.CalculatorTest<br>Parameters: 0.0, 0.0, 0.0, 1.0E-10<br/>
<a href="#Output-1866328503" onClick='toggleBox("Output-1866328503", this, "Show output", "Hide output");'>Show output</a>

<a href="#Output-1866328503" onClick="toggleAllBoxes();">Show all outputs</a>
<div class='log' id="Output-1866328503">
</br>Tue Nov 01 20:31:45 MSK 2016. Test passed: [Regression test for calculation][businessObject.CalculatorTest][testMultDouble]. Status <1>. Time duration <0>.<br/>
</div>
</td>
<td></td>
<td>0</td>
<td>businessObject.CalculatorTest@2d6a9952</td></tr>
<tr>
<td title='businessObject.CalculatorTest.testMultDouble()'><b>testMultDouble</b><br>Test class: businessObject.CalculatorTest<br>Parameters: 4.65467468465464E17, 0.0, 0.0, 1.0E-10<br/>
<a href="#Output-246529064" onClick='toggleBox("Output-246529064", this, "Show output", "Hide output");'>Show output</a>

<a href="#Output-246529064" onClick="toggleAllBoxes();">Show all outputs</a>
<div class='log' id="Output-246529064">
</br>Tue Nov 01 20:31:45 MSK 2016. Test passed: [Regression test for calculation][businessObject.CalculatorTest][testMultDouble]. Status <1>. Time duration <0>.<br/>
</div>
</td>
<td></td>
<td>0</td>
<td>businessObject.CalculatorTest@2d6a9952</td></tr>
<tr>
<td title='businessObject.CalculatorTest.testMultLong()'><b>testMultLong</b><br>Test class: businessObject.CalculatorTest<br>Parameters: 0, -5656565656, 0<br/>
<a href="#Output-1800083352" onClick='toggleBox("Output-1800083352", this, "Show output", "Hide output");'>Show output</a>

<a href="#Output-1800083352" onClick="toggleAllBoxes();">Show all outputs</a>
<div class='log' id="Output-1800083352">
</br>Tue Nov 01 20:31:45 MSK 2016. Test passed: [Regression test for calculation][businessObject.CalculatorTest][testMultLong]. Status <1>. Time duration <3>.<br/>
</div>
</td>
<td></td>
<td>0</td>
<td>businessObject.CalculatorTest@2d6a9952</td></tr>
<tr>
<td title='businessObject.CalculatorTest.testMultLong()'><b>testMultLong</b><br>Test class: businessObject.CalculatorTest<br>Parameters: 0, 0, 0<br/>
<a href="#Output-1514284145" onClick='toggleBox("Output-1514284145", this, "Show output", "Hide output");'>Show output</a>

<a href="#Output-1514284145" onClick="toggleAllBoxes();">Show all outputs</a>
<div class='log' id="Output-1514284145">
</br>Tue Nov 01 20:31:45 MSK 2016. Test passed: [Regression test for calculation][businessObject.CalculatorTest][testMultLong]. Status <1>. Time duration <3>.<br/>
</div>
</td>
<td></td>
<td>0</td>
<td>businessObject.CalculatorTest@2d6a9952</td></tr>
<tr>
<td title='businessObject.CalculatorTest.testMultLong()'><b>testMultLong</b><br>Test class: businessObject.CalculatorTest<br>Parameters: 465467468465464000, 0, 0<br/>
<a href="#Output-1117673292" onClick='toggleBox("Output-1117673292", this, "Show output", "Hide output");'>Show output</a>

<a href="#Output-1117673292" onClick="toggleAllBoxes();">Show all outputs</a>
<div class='log' id="Output-1117673292">
</br>Tue Nov 01 20:31:45 MSK 2016. Test passed: [Regression test for calculation][businessObject.CalculatorTest][testMultLong]. Status <1>. Time duration <2>.<br/>
</div>
</td>
<td></td>
<td>0</td>
<td>businessObject.CalculatorTest@2d6a9952</td></tr>
<tr>
<td title='businessObject.CalculatorTest.testMultLong()'><b>testMultLong</b><br>Test class: businessObject.CalculatorTest<br>Parameters: 456789, 6, 2740734<br/>
<a href="#Output-24830421" onClick='toggleBox("Output-24830421", this, "Show output", "Hide output");'>Show output</a>

<a href="#Output-24830421" onClick="toggleAllBoxes();">Show all outputs</a>
<div class='log' id="Output-24830421">
</br>Tue Nov 01 20:31:45 MSK 2016. Test passed: [Regression test for calculation][businessObject.CalculatorTest][testMultLong]. Status <1>. Time duration <1>.<br/>
</div>
</td>
<td></td>
<td>0</td>
<td>businessObject.CalculatorTest@2d6a9952</td></tr>
<tr>
<td title='businessObject.CalculatorTest.testMultLong()'><b>testMultLong</b><br>Test class: businessObject.CalculatorTest<br>Parameters: -5, -5, 25<br/>
<a href="#Output-851362229" onClick='toggleBox("Output-851362229", this, "Show output", "Hide output");'>Show output</a>

<a href="#Output-851362229" onClick="toggleAllBoxes();">Show all outputs</a>
<div class='log' id="Output-851362229">
</br>Tue Nov 01 20:31:45 MSK 2016. Test passed: [Regression test for calculation][businessObject.CalculatorTest][testMultLong]. Status <1>. Time duration <0>.<br/>
</div>
</td>
<td></td>
<td>0</td>
<td>businessObject.CalculatorTest@2d6a9952</td></tr>
<tr>
<td title='businessObject.CalculatorTest.testMultLong()'><b>testMultLong</b><br>Test class: businessObject.CalculatorTest<br>Parameters: 30, -5, -150<br/>
<a href="#Output-2031356479" onClick='toggleBox("Output-2031356479", this, "Show output", "Hide output");'>Show output</a>

<a href="#Output-2031356479" onClick="toggleAllBoxes();">Show all outputs</a>
<div class='log' id="Output-2031356479">
</br>Tue Nov 01 20:31:45 MSK 2016. Test passed: [Regression test for calculation][businessObject.CalculatorTest][testMultLong]. Status <1>. Time duration <0>.<br/>
</div>
</td>
<td></td>
<td>0</td>
<td>businessObject.CalculatorTest@2d6a9952</td></tr>
<tr>
<td title='businessObject.CalculatorTest.testMultLong()'><b>testMultLong</b><br>Test class: businessObject.CalculatorTest<br>Parameters: -8, 20, -160<br/>
<a href="#Output-1233127014" onClick='toggleBox("Output-1233127014", this, "Show output", "Hide output");'>Show output</a>

<a href="#Output-1233127014" onClick="toggleAllBoxes();">Show all outputs</a>
<div class='log' id="Output-1233127014">
</br>Tue Nov 01 20:31:45 MSK 2016. Test passed: [Regression test for calculation][businessObject.CalculatorTest][testMultLong]. Status <1>. Time duration <0>.<br/>
</div>
</td>
<td></td>
<td>0</td>
<td>businessObject.CalculatorTest@2d6a9952</td></tr>
<tr>
<td title='businessObject.CalculatorTest.testPow()'><b>testPow</b><br>Test class: businessObject.CalculatorTest<br>Parameters: 4.65467468465464E17, 0.0, 1.0<br/>
<a href="#Output-1278836007" onClick='toggleBox("Output-1278836007", this, "Show output", "Hide output");'>Show output</a>

<a href="#Output-1278836007" onClick="toggleAllBoxes();">Show all outputs</a>
<div class='log' id="Output-1278836007">
</br>Tue Nov 01 20:31:45 MSK 2016. Test passed: [Regression test for calculation][businessObject.CalculatorTest][testPow]. Status <1>. Time duration <1>.<br/>
</div>
</td>
<td></td>
<td>0</td>
<td>businessObject.CalculatorTest@2d6a9952</td></tr>
<tr>
<td title='businessObject.CalculatorTest.testPow()'><b>testPow</b><br>Test class: businessObject.CalculatorTest<br>Parameters: 456789.0, 6.0, 9.08434924831199E33<br/>
<a href="#Output-226730400" onClick='toggleBox("Output-226730400", this, "Show output", "Hide output");'>Show output</a>

<a href="#Output-226730400" onClick="toggleAllBoxes();">Show all outputs</a>
<div class='log' id="Output-226730400">
</br>Tue Nov 01 20:31:45 MSK 2016. Test passed: [Regression test for calculation][businessObject.CalculatorTest][testPow]. Status <1>. Time duration <0>.<br/>
</div>
</td>
<td></td>
<td>0</td>
<td>businessObject.CalculatorTest@2d6a9952</td></tr>
<tr>
<td title='businessObject.CalculatorTest.testPow()'><b>testPow</b><br>Test class: businessObject.CalculatorTest<br>Parameters: -5.0, -5.0, -3.2E-4<br/>
<a href="#Output-911794547" onClick='toggleBox("Output-911794547", this, "Show output", "Hide output");'>Show output</a>

<a href="#Output-911794547" onClick="toggleAllBoxes();">Show all outputs</a>
<div class='log' id="Output-911794547">
</br>Tue Nov 01 20:31:45 MSK 2016. Test passed: [Regression test for calculation][businessObject.CalculatorTest][testPow]. Status <1>. Time duration <0>.<br/>
</div>
</td>
<td></td>
<td>0</td>
<td>businessObject.CalculatorTest@2d6a9952</td></tr>
<tr>
<td title='businessObject.CalculatorTest.testPow()'><b>testPow</b><br>Test class: businessObject.CalculatorTest<br>Parameters: 30.0, -5.0, 4.11522633744856E-8<br/>
<a href="#Output-1062994940" onClick='toggleBox("Output-1062994940", this, "Show output", "Hide output");'>Show output</a>

<a href="#Output-1062994940" onClick="toggleAllBoxes();">Show all outputs</a>
<div class='log' id="Output-1062994940">
</br>Tue Nov 01 20:31:45 MSK 2016. Test passed: [Regression test for calculation][businessObject.CalculatorTest][testPow]. Status <1>. Time duration <0>.<br/>
</div>
</td>
<td></td>
<td>0</td>
<td>businessObject.CalculatorTest@2d6a9952</td></tr>
<tr>
<td title='businessObject.CalculatorTest.testPow()'><b>testPow</b><br>Test class: businessObject.CalculatorTest<br>Parameters: -8.0, 20.0, 1.15292150460684698E18<br/>
<a href="#Output-948666741" onClick='toggleBox("Output-948666741", this, "Show output", "Hide output");'>Show output</a>

<a href="#Output-948666741" onClick="toggleAllBoxes();">Show all outputs</a>
<div class='log' id="Output-948666741">
</br>Tue Nov 01 20:31:45 MSK 2016. Test passed: [Regression test for calculation][businessObject.CalculatorTest][testPow]. Status <1>. Time duration <1>.<br/>
</div>
</td>
<td></td>
<td>0</td>
<td>businessObject.CalculatorTest@2d6a9952</td></tr>
<tr>
<td title='businessObject.CalculatorTest.testSin()'><b>testSin</b><br>Test class: businessObject.CalculatorTest<br>Parameters: -5656.0, -0.9057828422998849<br/>
<a href="#Output-2145746761" onClick='toggleBox("Output-2145746761", this, "Show output", "Hide output");'>Show output</a>

<a href="#Output-2145746761" onClick="toggleAllBoxes();">Show all outputs</a>
<div class='log' id="Output-2145746761">
</br>Tue Nov 01 20:31:45 MSK 2016. Test passed: [Regression test for calculation][businessObject.CalculatorTest][testSin]. Status <1>. Time duration <0>.<br/>
</div>
</td>
<td></td>
<td>0</td>
<td>businessObject.CalculatorTest@2d6a9952</td></tr>
<tr>
<td title='businessObject.CalculatorTest.testSin()'><b>testSin</b><br>Test class: businessObject.CalculatorTest<br>Parameters: 0.0, 0.0<br/>
<a href="#Output-860575541" onClick='toggleBox("Output-860575541", this, "Show output", "Hide output");'>Show output</a>

<a href="#Output-860575541" onClick="toggleAllBoxes();">Show all outputs</a>
<div class='log' id="Output-860575541">
</br>Tue Nov 01 20:31:45 MSK 2016. Test passed: [Regression test for calculation][businessObject.CalculatorTest][testSin]. Status <1>. Time duration <0>.<br/>
</div>
</td>
<td></td>
<td>0</td>
<td>businessObject.CalculatorTest@2d6a9952</td></tr>
<tr>
<td title='businessObject.CalculatorTest.testSin()'><b>testSin</b><br>Test class: businessObject.CalculatorTest<br>Parameters: 20.56, 0.9902650886087779<br/>
<a href="#Output-1490509219" onClick='toggleBox("Output-1490509219", this, "Show output", "Hide output");'>Show output</a>

<a href="#Output-1490509219" onClick="toggleAllBoxes();">Show all outputs</a>
<div class='log' id="Output-1490509219">
</br>Tue Nov 01 20:31:45 MSK 2016. Test passed: [Regression test for calculation][businessObject.CalculatorTest][testSin]. Status <1>. Time duration <1>.<br/>
</div>
</td>
<td></td>
<td>0</td>
<td>businessObject.CalculatorTest@2d6a9952</td></tr>
<tr>
<td title='businessObject.CalculatorTest.testSin()'><b>testSin</b><br>Test class: businessObject.CalculatorTest<br>Parameters: 1.0, 0.8414709848078965<br/>
<a href="#Output-1551868547" onClick='toggleBox("Output-1551868547", this, "Show output", "Hide output");'>Show output</a>

<a href="#Output-1551868547" onClick="toggleAllBoxes();">Show all outputs</a>
<div class='log' id="Output-1551868547">
</br>Tue Nov 01 20:31:45 MSK 2016. Test passed: [Regression test for calculation][businessObject.CalculatorTest][testSin]. Status <1>. Time duration <0>.<br/>
</div>
</td>
<td></td>
<td>0</td>
<td>businessObject.CalculatorTest@2d6a9952</td></tr>
<tr>
<td title='businessObject.CalculatorTest.testSqrt()'><b>testSqrt</b><br>Test class: businessObject.CalculatorTest<br>Parameters: 0.0, 0.0<br/>
<a href="#Output-1545678345" onClick='toggleBox("Output-1545678345", this, "Show output", "Hide output");'>Show output</a>

<a href="#Output-1545678345" onClick="toggleAllBoxes();">Show all outputs</a>
<div class='log' id="Output-1545678345">
</br>Tue Nov 01 20:31:45 MSK 2016. Test passed: [Regression test for calculation][businessObject.CalculatorTest][testSqrt]. Status <1>. Time duration <1>.<br/>
</div>
</td>
<td></td>
<td>0</td>
<td>businessObject.CalculatorTest@2d6a9952</td></tr>
<tr>
<td title='businessObject.CalculatorTest.testSqrt()'><b>testSqrt</b><br>Test class: businessObject.CalculatorTest<br>Parameters: 6.0, 2.449489742783178<br/>
<a href="#Output-77033765" onClick='toggleBox("Output-77033765", this, "Show output", "Hide output");'>Show output</a>

<a href="#Output-77033765" onClick="toggleAllBoxes();">Show all outputs</a>
<div class='log' id="Output-77033765">
</br>Tue Nov 01 20:31:45 MSK 2016. Test passed: [Regression test for calculation][businessObject.CalculatorTest][testSqrt]. Status <1>. Time duration <1>.<br/>
</div>
</td>
<td></td>
<td>0</td>
<td>businessObject.CalculatorTest@2d6a9952</td></tr>
<tr>
<td title='businessObject.CalculatorTest.testSqrt()'><b>testSqrt</b><br>Test class: businessObject.CalculatorTest<br>Parameters: 20.56, 4.534313619501853<br/>
<a href="#Output-146522190" onClick='toggleBox("Output-146522190", this, "Show output", "Hide output");'>Show output</a>

<a href="#Output-146522190" onClick="toggleAllBoxes();">Show all outputs</a>
<div class='log' id="Output-146522190">
</br>Tue Nov 01 20:31:45 MSK 2016. Test passed: [Regression test for calculation][businessObject.CalculatorTest][testSqrt]. Status <1>. Time duration <0>.<br/>
</div>
</td>
<td></td>
<td>0</td>
<td>businessObject.CalculatorTest@2d6a9952</td></tr>
<tr>
<td title='businessObject.CalculatorTest.testSubDouble()'><b>testSubDouble</b><br>Test class: businessObject.CalculatorTest<br>Parameters: 0.0, 0.0, 0.0, 1.0E-10<br/>
<a href="#Output-1522084960" onClick='toggleBox("Output-1522084960", this, "Show output", "Hide output");'>Show output</a>

<a href="#Output-1522084960" onClick="toggleAllBoxes();">Show all outputs</a>
<div class='log' id="Output-1522084960">
</br>Tue Nov 01 20:31:45 MSK 2016. Test passed: [Regression test for calculation][businessObject.CalculatorTest][testSubDouble]. Status <1>. Time duration <0>.<br/>
</div>
</td>
<td></td>
<td>0</td>
<td>businessObject.CalculatorTest@2d6a9952</td></tr>
<tr>
<td title='businessObject.CalculatorTest.testSubDouble()'><b>testSubDouble</b><br>Test class: businessObject.CalculatorTest<br>Parameters: 0.0, -4.654564564E9, 4.654564564E9, 1.0E-10<br/>
<a href="#Output-264044632" onClick='toggleBox("Output-264044632", this, "Show output", "Hide output");'>Show output</a>

<a href="#Output-264044632" onClick="toggleAllBoxes();">Show all outputs</a>
<div class='log' id="Output-264044632">
</br>Tue Nov 01 20:31:45 MSK 2016. Test passed: [Regression test for calculation][businessObject.CalculatorTest][testSubDouble]. Status <1>. Time duration <0>.<br/>
</div>
</td>
<td></td>
<td>0</td>
<td>businessObject.CalculatorTest@2d6a9952</td></tr>
<tr>
<td title='businessObject.CalculatorTest.testSubDouble()'><b>testSubDouble</b><br>Test class: businessObject.CalculatorTest<br>Parameters: 5.4646546546E10, 0.0, 5.4646546546E10, 1.0E-10<br/>
<a href="#Output-807163603" onClick='toggleBox("Output-807163603", this, "Show output", "Hide output");'>Show output</a>

<a href="#Output-807163603" onClick="toggleAllBoxes();">Show all outputs</a>
<div class='log' id="Output-807163603">
</br>Tue Nov 01 20:31:45 MSK 2016. Test passed: [Regression test for calculation][businessObject.CalculatorTest][testSubDouble]. Status <1>. Time duration <0>.<br/>
</div>
</td>
<td></td>
<td>0</td>
<td>businessObject.CalculatorTest@2d6a9952</td></tr>
<tr>
<td title='businessObject.CalculatorTest.testSubDouble()'><b>testSubDouble</b><br>Test class: businessObject.CalculatorTest<br>Parameters: 9.89898989898989E19, 98.0, 9.89898989898989E19, 1.0E-10<br/>
<a href="#Output-1727224110" onClick='toggleBox("Output-1727224110", this, "Show output", "Hide output");'>Show output</a>

<a href="#Output-1727224110" onClick="toggleAllBoxes();">Show all outputs</a>
<div class='log' id="Output-1727224110">
</br>Tue Nov 01 20:31:45 MSK 2016. Test passed: [Regression test for calculation][businessObject.CalculatorTest][testSubDouble]. Status <1>. Time duration <0>.<br/>
</div>
</td>
<td></td>
<td>0</td>
<td>businessObject.CalculatorTest@2d6a9952</td></tr>
<tr>
<td title='businessObject.CalculatorTest.testSubDouble()'><b>testSubDouble</b><br>Test class: businessObject.CalculatorTest<br>Parameters: 4.12341234123E11, 4.12341234123E11, 0.0, 1.0E-10<br/>
<a href="#Output-1083880642" onClick='toggleBox("Output-1083880642", this, "Show output", "Hide output");'>Show output</a>

<a href="#Output-1083880642" onClick="toggleAllBoxes();">Show all outputs</a>
<div class='log' id="Output-1083880642">
</br>Tue Nov 01 20:31:45 MSK 2016. Test passed: [Regression test for calculation][businessObject.CalculatorTest][testSubDouble]. Status <1>. Time duration <0>.<br/>
</div>
</td>
<td></td>
<td>0</td>
<td>businessObject.CalculatorTest@2d6a9952</td></tr>
<tr>
<td title='businessObject.CalculatorTest.testSubDouble()'><b>testSubDouble</b><br>Test class: businessObject.CalculatorTest<br>Parameters: -5.55555555555555E14, 5.0, -5.5555555555556E14, 1.0E-10<br/>
<a href="#Output-1012711382" onClick='toggleBox("Output-1012711382", this, "Show output", "Hide output");'>Show output</a>

<a href="#Output-1012711382" onClick="toggleAllBoxes();">Show all outputs</a>
<div class='log' id="Output-1012711382">
</br>Tue Nov 01 20:31:45 MSK 2016. Test passed: [Regression test for calculation][businessObject.CalculatorTest][testSubDouble]. Status <1>. Time duration <0>.<br/>
</div>
</td>
<td></td>
<td>0</td>
<td>businessObject.CalculatorTest@2d6a9952</td></tr>
<tr>
<td title='businessObject.CalculatorTest.testSubLong()'><b>testSubLong</b><br>Test class: businessObject.CalculatorTest<br>Parameters: 0, 0, 0<br/>
<a href="#Output-66584189" onClick='toggleBox("Output-66584189", this, "Show output", "Hide output");'>Show output</a>

<a href="#Output-66584189" onClick="toggleAllBoxes();">Show all outputs</a>
<div class='log' id="Output-66584189">
</br>Tue Nov 01 20:31:45 MSK 2016. Test passed: [Regression test for calculation][businessObject.CalculatorTest][testSubLong]. Status <1>. Time duration <4>.<br/>
</div>
</td>
<td></td>
<td>0</td>
<td>businessObject.CalculatorTest@2d6a9952</td></tr>
<tr>
<td title='businessObject.CalculatorTest.testSubLong()'><b>testSubLong</b><br>Test class: businessObject.CalculatorTest<br>Parameters: 0, -4654564564, 4654564564<br/>
<a href="#Output-582827834" onClick='toggleBox("Output-582827834", this, "Show output", "Hide output");'>Show output</a>

<a href="#Output-582827834" onClick="toggleAllBoxes();">Show all outputs</a>
<div class='log' id="Output-582827834">
</br>Tue Nov 01 20:31:45 MSK 2016. Test passed: [Regression test for calculation][businessObject.CalculatorTest][testSubLong]. Status <1>. Time duration <1>.<br/>
</div>
</td>
<td></td>
<td>0</td>
<td>businessObject.CalculatorTest@2d6a9952</td></tr>
<tr>
<td title='businessObject.CalculatorTest.testSubLong()'><b>testSubLong</b><br>Test class: businessObject.CalculatorTest<br>Parameters: 54646546546, 0, 54646546546<br/>
<a href="#Output-237933854" onClick='toggleBox("Output-237933854", this, "Show output", "Hide output");'>Show output</a>

<a href="#Output-237933854" onClick="toggleAllBoxes();">Show all outputs</a>
<div class='log' id="Output-237933854">
</br>Tue Nov 01 20:31:45 MSK 2016. Test passed: [Regression test for calculation][businessObject.CalculatorTest][testSubLong]. Status <1>. Time duration <0>.<br/>
</div>
</td>
<td></td>
<td>0</td>
<td>businessObject.CalculatorTest@2d6a9952</td></tr>
<tr>
<td title='businessObject.CalculatorTest.testSumDouble()'><b>testSumDouble</b><br>Test class: businessObject.CalculatorTest<br>Parameters: -564.25, 564.25, 0.0, 1.0E-10<br/>
<a href="#Output-484170914" onClick='toggleBox("Output-484170914", this, "Show output", "Hide output");'>Show output</a>

<a href="#Output-484170914" onClick="toggleAllBoxes();">Show all outputs</a>
<div class='log' id="Output-484170914">
</br>Tue Nov 01 20:31:45 MSK 2016. Test passed: [Regression test for calculation][businessObject.CalculatorTest][testSumDouble]. Status <1>. Time duration <1>.<br/>
</div>
</td>
<td></td>
<td>0</td>
<td>businessObject.CalculatorTest@2d6a9952</td></tr>
<tr>
<td title='businessObject.CalculatorTest.testSumDouble()'><b>testSumDouble</b><br>Test class: businessObject.CalculatorTest<br>Parameters: 1000.05, 250.5, 1250.55, 1.0E-10<br/>
<a href="#Output-413758320" onClick='toggleBox("Output-413758320", this, "Show output", "Hide output");'>Show output</a>

<a href="#Output-413758320" onClick="toggleAllBoxes();">Show all outputs</a>
<div class='log' id="Output-413758320">
</br>Tue Nov 01 20:31:45 MSK 2016. Test passed: [Regression test for calculation][businessObject.CalculatorTest][testSumDouble]. Status <1>. Time duration <0>.<br/>
</div>
</td>
<td></td>
<td>0</td>
<td>businessObject.CalculatorTest@2d6a9952</td></tr>
<tr>
<td title='businessObject.CalculatorTest.testSumDouble()'><b>testSumDouble</b><br>Test class: businessObject.CalculatorTest<br>Parameters: 1500.50005, -500.0, 1000.50005, 1.0E-10<br/>
<a href="#Output-226555907" onClick='toggleBox("Output-226555907", this, "Show output", "Hide output");'>Show output</a>

<a href="#Output-226555907" onClick="toggleAllBoxes();">Show all outputs</a>
<div class='log' id="Output-226555907">
</br>Tue Nov 01 20:31:45 MSK 2016. Test passed: [Regression test for calculation][businessObject.CalculatorTest][testSumDouble]. Status <1>. Time duration <0>.<br/>
</div>
</td>
<td></td>
<td>0</td>
<td>businessObject.CalculatorTest@2d6a9952</td></tr>
<tr>
<td title='businessObject.CalculatorTest.testSumDouble()'><b>testSumDouble</b><br>Test class: businessObject.CalculatorTest<br>Parameters: -800.2, -200.4, -1000.6, 1.0E-10<br/>
<a href="#Output-1425753194" onClick='toggleBox("Output-1425753194", this, "Show output", "Hide output");'>Show output</a>

<a href="#Output-1425753194" onClick="toggleAllBoxes();">Show all outputs</a>
<div class='log' id="Output-1425753194">
</br>Tue Nov 01 20:31:45 MSK 2016. Test passed: [Regression test for calculation][businessObject.CalculatorTest][testSumDouble]. Status <1>. Time duration <1>.<br/>
</div>
</td>
<td></td>
<td>0</td>
<td>businessObject.CalculatorTest@2d6a9952</td></tr>
<tr>
<td title='businessObject.CalculatorTest.testSumDouble()'><b>testSumDouble</b><br>Test class: businessObject.CalculatorTest<br>Parameters: 0.0, 0.0, 0.0, 1.0E-10<br/>
<a href="#Output-377994395" onClick='toggleBox("Output-377994395", this, "Show output", "Hide output");'>Show output</a>

<a href="#Output-377994395" onClick="toggleAllBoxes();">Show all outputs</a>
<div class='log' id="Output-377994395">
</br>Tue Nov 01 20:31:45 MSK 2016. Test passed: [Regression test for calculation][businessObject.CalculatorTest][testSumDouble]. Status <1>. Time duration <0>.<br/>
</div>
</td>
<td></td>
<td>0</td>
<td>businessObject.CalculatorTest@2d6a9952</td></tr>
<tr>
<td title='businessObject.CalculatorTest.testSumDouble()'><b>testSumDouble</b><br>Test class: businessObject.CalculatorTest<br>Parameters: 0.0, 5656.25852, 5656.25852, 1.0E-10<br/>
<a href="#Output-1164345288" onClick='toggleBox("Output-1164345288", this, "Show output", "Hide output");'>Show output</a>

<a href="#Output-1164345288" onClick="toggleAllBoxes();">Show all outputs</a>
<div class='log' id="Output-1164345288">
</br>Tue Nov 01 20:31:45 MSK 2016. Test passed: [Regression test for calculation][businessObject.CalculatorTest][testSumDouble]. Status <1>. Time duration <0>.<br/>
</div>
</td>
<td></td>
<td>0</td>
<td>businessObject.CalculatorTest@2d6a9952</td></tr>
<tr>
<td title='businessObject.CalculatorTest.testSumDouble()'><b>testSumDouble</b><br>Test class: businessObject.CalculatorTest<br>Parameters: -989898.232325787, 0.0, -989898.232325787, 1.0E-10<br/>
<a href="#Output-1336723335" onClick='toggleBox("Output-1336723335", this, "Show output", "Hide output");'>Show output</a>

<a href="#Output-1336723335" onClick="toggleAllBoxes();">Show all outputs</a>
<div class='log' id="Output-1336723335">
</br>Tue Nov 01 20:31:45 MSK 2016. Test passed: [Regression test for calculation][businessObject.CalculatorTest][testSumDouble]. Status <1>. Time duration <1>.<br/>
</div>
</td>
<td></td>
<td>0</td>
<td>businessObject.CalculatorTest@2d6a9952</td></tr>
<tr>
<td title='businessObject.CalculatorTest.testSumLong()'><b>testSumLong</b><br>Test class: businessObject.CalculatorTest<br>Parameters: -500000, 0, -500000<br/>
<a href="#Output-1106903564" onClick='toggleBox("Output-1106903564", this, "Show output", "Hide output");'>Show output</a>

<a href="#Output-1106903564" onClick="toggleAllBoxes();">Show all outputs</a>
<div class='log' id="Output-1106903564">
</br>Tue Nov 01 20:31:46 MSK 2016. Test passed: [Regression test for calculation][businessObject.CalculatorTest][testSumLong]. Status <1>. Time duration <1003>.<br/>
</div>
</td>
<td></td>
<td>1</td>
<td>businessObject.CalculatorTest@2d6a9952</td></tr>
<tr>
<td title='businessObject.CalculatorTest.testSumLong()'><b>testSumLong</b><br>Test class: businessObject.CalculatorTest<br>Parameters: 9223372036854775807, 0, 9223372036854775807<br/>
<a href="#Output-1790057932" onClick='toggleBox("Output-1790057932", this, "Show output", "Hide output");'>Show output</a>

<a href="#Output-1790057932" onClick="toggleAllBoxes();">Show all outputs</a>
<div class='log' id="Output-1790057932">
</br>Tue Nov 01 20:31:47 MSK 2016. Test passed: [Regression test for calculation][businessObject.CalculatorTest][testSumLong]. Status <1>. Time duration <1016>.<br/>
</div>
</td>
<td></td>
<td>1</td>
<td>businessObject.CalculatorTest@2d6a9952</td></tr>
<tr>
<td title='businessObject.CalculatorTest.testSumLong()'><b>testSumLong</b><br>Test class: businessObject.CalculatorTest<br>Parameters: 15, 20, 35<br/>
<a href="#Output-484222829" onClick='toggleBox("Output-484222829", this, "Show output", "Hide output");'>Show output</a>

<a href="#Output-484222829" onClick="toggleAllBoxes();">Show all outputs</a>
<div class='log' id="Output-484222829">
</br>Tue Nov 01 20:31:48 MSK 2016. Test passed: [Regression test for calculation][businessObject.CalculatorTest][testSumLong]. Status <1>. Time duration <1000>.<br/>
</div>
</td>
<td></td>
<td>1</td>
<td>businessObject.CalculatorTest@2d6a9952</td></tr>
<tr>
<td title='businessObject.CalculatorTest.testSumLong()'><b>testSumLong</b><br>Test class: businessObject.CalculatorTest<br>Parameters: -1250, -50, -1300<br/>
<a href="#Output-895863694" onClick='toggleBox("Output-895863694", this, "Show output", "Hide output");'>Show output</a>

<a href="#Output-895863694" onClick="toggleAllBoxes();">Show all outputs</a>
<div class='log' id="Output-895863694">
</br>Tue Nov 01 20:31:49 MSK 2016. Test passed: [Regression test for calculation][businessObject.CalculatorTest][testSumLong]. Status <1>. Time duration <1006>.<br/>
</div>
</td>
<td></td>
<td>1</td>
<td>businessObject.CalculatorTest@2d6a9952</td></tr>
<tr>
<td title='businessObject.CalculatorTest.testSumLong()'><b>testSumLong</b><br>Test class: businessObject.CalculatorTest<br>Parameters: 0, 0, 0<br/>
<a href="#Output-614352204" onClick='toggleBox("Output-614352204", this, "Show output", "Hide output");'>Show output</a>

<a href="#Output-614352204" onClick="toggleAllBoxes();">Show all outputs</a>
<div class='log' id="Output-614352204">
</br>Tue Nov 01 20:31:50 MSK 2016. Test passed: [Regression test for calculation][businessObject.CalculatorTest][testSumLong]. Status <1>. Time duration <1001>.<br/>
</div>
</td>
<td></td>
<td>1</td>
<td>businessObject.CalculatorTest@2d6a9952</td></tr>
<tr>
<td title='businessObject.CalculatorTest.testSumLong()'><b>testSumLong</b><br>Test class: businessObject.CalculatorTest<br>Parameters: -878787, 878787, 0<br/>
<a href="#Output-1589141614" onClick='toggleBox("Output-1589141614", this, "Show output", "Hide output");'>Show output</a>

<a href="#Output-1589141614" onClick="toggleAllBoxes();">Show all outputs</a>
<div class='log' id="Output-1589141614">
</br>Tue Nov 01 20:31:51 MSK 2016. Test passed: [Regression test for calculation][businessObject.CalculatorTest][testSumLong]. Status <1>. Time duration <1012>.<br/>
</div>
</td>
<td></td>
<td>1</td>
<td>businessObject.CalculatorTest@2d6a9952</td></tr>
<tr>
<td title='businessObject.CalculatorTest.testSumLong()'><b>testSumLong</b><br>Test class: businessObject.CalculatorTest<br>Parameters: 595959595959, -59, 595959595900<br/>
<a href="#Output-665207579" onClick='toggleBox("Output-665207579", this, "Show output", "Hide output");'>Show output</a>

<a href="#Output-665207579" onClick="toggleAllBoxes();">Show all outputs</a>
<div class='log' id="Output-665207579">
</br>Tue Nov 01 20:31:52 MSK 2016. Test passed: [Regression test for calculation][businessObject.CalculatorTest][testSumLong]. Status <1>. Time duration <1003>.<br/>
</div>
</td>
<td></td>
<td>1</td>
<td>businessObject.CalculatorTest@2d6a9952</td></tr>
</table><p>
</body>
</html>