<html>
<head>
<title>TestNG:  Regression test for calculation</title>
<link href="../testng.css" rel="stylesheet" type="text/css" />
<link href="../my-testng.css" rel="stylesheet" type="text/css" />

<style type="text/css">
.log { display: none;} 
.stack-trace { display: none;} 
</style>
<script type="text/javascript">
<!--
function flip(e) {
  current = e.style.display;
  if (current == 'block') {
    e.style.display = 'none';
    return 0;
  }
  else {
    e.style.display = 'block';
    return 1;
  }
}

function toggleBox(szDivId, elem, msg1, msg2)
{
  var res = -1;  if (document.getElementById) {
    res = flip(document.getElementById(szDivId));
  }
  else if (document.all) {
    // this is the way old msie versions work
    res = flip(document.all[szDivId]);
  }
  if(elem) {
    if(res == 0) elem.innerHTML = msg1; else elem.innerHTML = msg2;
  }

}

function toggleAllBoxes() {
  if (document.getElementsByTagName) {
    d = document.getElementsByTagName('div');
    for (i = 0; i < d.length; i++) {
      if (d[i].className == 'log') {
        flip(d[i]);
      }
    }
  }
}

// -->
</script>

</head>
<body>
<h2 align='center'>Regression test for calculation</h2><table border='1' align="center">
<tr>
<td>Tests passed/Failed/Skipped:</td><td>57/29/0</td>
</tr><tr>
<td>Started on:</td><td>Tue Nov 01 20:48:54 MSK 2016</td>
</tr>
<tr><td>Total time:</td><td>28 seconds (28606 ms)</td>
</tr><tr>
<td>Included groups:</td><td>regression </td>
</tr><tr>
<td>Excluded groups:</td><td></td>
</tr>
</table><p/>
<small><i>(Hover the method name to see the test class name)</i></small><p/>
<table width='100%' border='1' class='invocation-failed'>
<tr><td colspan='4' align='center'><b>FAILED TESTS</b></td></tr>
<tr><td><b>Test method</b></td>
<td width="30%"><b>Exception</b></td>
<td width="10%"><b>Time (seconds)</b></td>
<td><b>Instance</b></td>
</tr>
<tr>
<td title='businessObject.CalculatorTest.testCos()'><b>testCos</b><br>Test class: businessObject.CalculatorTest<br>Parameters: -565656.0, 0.9480811024049992<br/>
<a href="#Output-36380466" onClick='toggleBox("Output-36380466", this, "Show output", "Hide output");'>Show output</a>

<a href="#Output-36380466" onClick="toggleAllBoxes();">Show all outputs</a>
<div class='log' id="Output-36380466">
</br>Tue Nov 01 20:48:54 MSK 2016. Test faild: [Regression test for calculation][businessObject.CalculatorTest][testCos]. Status <2>. Time duration <0>.<br/>
</div>
</td>
<td><div><pre>java.lang.AssertionError: expected [0.9480811024049992] but found [0.3180286516377352]
	at businessObject.CalculatorTest.testCos(CalculatorTest.java:82)
	at java.util.concurrent.ThreadPoolExecutor.runWorker(ThreadPoolExecutor.java:1142)
	at java.util.concurrent.ThreadPoolExecutor$Worker.run(ThreadPoolExecutor.java:617)
	at java.lang.Thread.run(Thread.java:745)
... Removed 14 stack frames</pre></div><a href='#' onClick='toggleBox("stack-trace36380466", this, "Click to show all stack frames", "Click to hide stack frames")'>Click to show all stack frames</a>
<div class='stack-trace' id='stack-trace36380466'><pre>java.lang.AssertionError: expected [0.9480811024049992] but found [0.3180286516377352]
	at org.testng.Assert.fail(Assert.java:94)
	at org.testng.Assert.failNotEquals(Assert.java:494)
	at org.testng.Assert.assertEquals(Assert.java:123)
	at org.testng.Assert.assertEquals(Assert.java:165)
	at businessObject.CalculatorTest.testCos(CalculatorTest.java:82)
	at sun.reflect.NativeMethodAccessorImpl.invoke0(Native Method)
	at sun.reflect.NativeMethodAccessorImpl.invoke(NativeMethodAccessorImpl.java:62)
	at sun.reflect.DelegatingMethodAccessorImpl.invoke(DelegatingMethodAccessorImpl.java:43)
	at java.lang.reflect.Method.invoke(Method.java:498)
	at org.testng.internal.MethodInvocationHelper.invokeMethod(MethodInvocationHelper.java:84)
	at org.testng.internal.Invoker.invokeMethod(Invoker.java:714)
	at org.testng.internal.Invoker.invokeTestMethod(Invoker.java:901)
	at org.testng.internal.Invoker.invokeTestMethods(Invoker.java:1231)
	at org.testng.internal.TestMethodWorker.invokeTestMethods(TestMethodWorker.java:127)
	at org.testng.internal.TestMethodWorker.run(TestMethodWorker.java:111)
	at java.util.concurrent.ThreadPoolExecutor.runWorker(ThreadPoolExecutor.java:1142)
	at java.util.concurrent.ThreadPoolExecutor$Worker.run(ThreadPoolExecutor.java:617)
	at java.lang.Thread.run(Thread.java:745)
</pre></div></td>
<td>0</td>
<td>businessObject.CalculatorTest@47d384ee</td></tr>
<tr>
<td title='businessObject.CalculatorTest.testCos()'><b>testCos</b><br>Test class: businessObject.CalculatorTest<br>Parameters: 0.0, 1.0<br/>
<a href="#Output-229269086" onClick='toggleBox("Output-229269086", this, "Show output", "Hide output");'>Show output</a>

<a href="#Output-229269086" onClick="toggleAllBoxes();">Show all outputs</a>
<div class='log' id="Output-229269086">
</br>Tue Nov 01 20:48:54 MSK 2016. Test faild: [Regression test for calculation][businessObject.CalculatorTest][testCos]. Status <2>. Time duration <0>.<br/>
</div>
</td>
<td><div><pre>java.lang.AssertionError: expected [1.0] but found [0.0]
	at businessObject.CalculatorTest.testCos(CalculatorTest.java:82)
	at java.util.concurrent.ThreadPoolExecutor.runWorker(ThreadPoolExecutor.java:1142)
	at java.util.concurrent.ThreadPoolExecutor$Worker.run(ThreadPoolExecutor.java:617)
	at java.lang.Thread.run(Thread.java:745)
... Removed 14 stack frames</pre></div><a href='#' onClick='toggleBox("stack-trace229269086", this, "Click to show all stack frames", "Click to hide stack frames")'>Click to show all stack frames</a>
<div class='stack-trace' id='stack-trace229269086'><pre>java.lang.AssertionError: expected [1.0] but found [0.0]
	at org.testng.Assert.fail(Assert.java:94)
	at org.testng.Assert.failNotEquals(Assert.java:494)
	at org.testng.Assert.assertEquals(Assert.java:123)
	at org.testng.Assert.assertEquals(Assert.java:165)
	at businessObject.CalculatorTest.testCos(CalculatorTest.java:82)
	at sun.reflect.NativeMethodAccessorImpl.invoke0(Native Method)
	at sun.reflect.NativeMethodAccessorImpl.invoke(NativeMethodAccessorImpl.java:62)
	at sun.reflect.DelegatingMethodAccessorImpl.invoke(DelegatingMethodAccessorImpl.java:43)
	at java.lang.reflect.Method.invoke(Method.java:498)
	at org.testng.internal.MethodInvocationHelper.invokeMethod(MethodInvocationHelper.java:84)
	at org.testng.internal.Invoker.invokeMethod(Invoker.java:714)
	at org.testng.internal.Invoker.invokeTestMethod(Invoker.java:901)
	at org.testng.internal.Invoker.invokeTestMethods(Invoker.java:1231)
	at org.testng.internal.TestMethodWorker.invokeTestMethods(TestMethodWorker.java:127)
	at org.testng.internal.TestMethodWorker.run(TestMethodWorker.java:111)
	at java.util.concurrent.ThreadPoolExecutor.runWorker(ThreadPoolExecutor.java:1142)
	at java.util.concurrent.ThreadPoolExecutor$Worker.run(ThreadPoolExecutor.java:617)
	at java.lang.Thread.run(Thread.java:745)
</pre></div></td>
<td>0</td>
<td>businessObject.CalculatorTest@47d384ee</td></tr>
<tr>
<td title='businessObject.CalculatorTest.testCos()'><b>testCos</b><br>Test class: businessObject.CalculatorTest<br>Parameters: 20.56, -0.13919430405964572<br/>
<a href="#Output-2045089099" onClick='toggleBox("Output-2045089099", this, "Show output", "Hide output");'>Show output</a>

<a href="#Output-2045089099" onClick="toggleAllBoxes();">Show all outputs</a>
<div class='log' id="Output-2045089099">
</br>Tue Nov 01 20:48:54 MSK 2016. Test faild: [Regression test for calculation][businessObject.CalculatorTest][testCos]. Status <2>. Time duration <0>.<br/>
</div>
</td>
<td><div><pre>java.lang.AssertionError: expected [-0.13919430405964572] but found [0.9902650886087779]
	at businessObject.CalculatorTest.testCos(CalculatorTest.java:82)
	at java.util.concurrent.ThreadPoolExecutor.runWorker(ThreadPoolExecutor.java:1142)
	at java.util.concurrent.ThreadPoolExecutor$Worker.run(ThreadPoolExecutor.java:617)
	at java.lang.Thread.run(Thread.java:745)
... Removed 14 stack frames</pre></div><a href='#' onClick='toggleBox("stack-trace2045089099", this, "Click to show all stack frames", "Click to hide stack frames")'>Click to show all stack frames</a>
<div class='stack-trace' id='stack-trace2045089099'><pre>java.lang.AssertionError: expected [-0.13919430405964572] but found [0.9902650886087779]
	at org.testng.Assert.fail(Assert.java:94)
	at org.testng.Assert.failNotEquals(Assert.java:494)
	at org.testng.Assert.assertEquals(Assert.java:123)
	at org.testng.Assert.assertEquals(Assert.java:165)
	at businessObject.CalculatorTest.testCos(CalculatorTest.java:82)
	at sun.reflect.NativeMethodAccessorImpl.invoke0(Native Method)
	at sun.reflect.NativeMethodAccessorImpl.invoke(NativeMethodAccessorImpl.java:62)
	at sun.reflect.DelegatingMethodAccessorImpl.invoke(DelegatingMethodAccessorImpl.java:43)
	at java.lang.reflect.Method.invoke(Method.java:498)
	at org.testng.internal.MethodInvocationHelper.invokeMethod(MethodInvocationHelper.java:84)
	at org.testng.internal.Invoker.invokeMethod(Invoker.java:714)
	at org.testng.internal.Invoker.invokeTestMethod(Invoker.java:901)
	at org.testng.internal.Invoker.invokeTestMethods(Invoker.java:1231)
	at org.testng.internal.TestMethodWorker.invokeTestMethods(TestMethodWorker.java:127)
	at org.testng.internal.TestMethodWorker.run(TestMethodWorker.java:111)
	at java.util.concurrent.ThreadPoolExecutor.runWorker(ThreadPoolExecutor.java:1142)
	at java.util.concurrent.ThreadPoolExecutor$Worker.run(ThreadPoolExecutor.java:617)
	at java.lang.Thread.run(Thread.java:745)
</pre></div></td>
<td>0</td>
<td>businessObject.CalculatorTest@47d384ee</td></tr>
<tr>
<td title='businessObject.CalculatorTest.testCos()'><b>testCos</b><br>Test class: businessObject.CalculatorTest<br>Parameters: 1.0, 0.5403023058681398<br/>
<a href="#Output-1100739082" onClick='toggleBox("Output-1100739082", this, "Show output", "Hide output");'>Show output</a>

<a href="#Output-1100739082" onClick="toggleAllBoxes();">Show all outputs</a>
<div class='log' id="Output-1100739082">
</br>Tue Nov 01 20:48:54 MSK 2016. Test faild: [Regression test for calculation][businessObject.CalculatorTest][testCos]. Status <2>. Time duration <0>.<br/>
</div>
</td>
<td><div><pre>java.lang.AssertionError: expected [0.5403023058681398] but found [0.8414709848078965]
	at businessObject.CalculatorTest.testCos(CalculatorTest.java:82)
	at java.util.concurrent.ThreadPoolExecutor.runWorker(ThreadPoolExecutor.java:1142)
	at java.util.concurrent.ThreadPoolExecutor$Worker.run(ThreadPoolExecutor.java:617)
	at java.lang.Thread.run(Thread.java:745)
... Removed 14 stack frames</pre></div><a href='#' onClick='toggleBox("stack-trace1100739082", this, "Click to show all stack frames", "Click to hide stack frames")'>Click to show all stack frames</a>
<div class='stack-trace' id='stack-trace1100739082'><pre>java.lang.AssertionError: expected [0.5403023058681398] but found [0.8414709848078965]
	at org.testng.Assert.fail(Assert.java:94)
	at org.testng.Assert.failNotEquals(Assert.java:494)
	at org.testng.Assert.assertEquals(Assert.java:123)
	at org.testng.Assert.assertEquals(Assert.java:165)
	at businessObject.CalculatorTest.testCos(CalculatorTest.java:82)
	at sun.reflect.NativeMethodAccessorImpl.invoke0(Native Method)
	at sun.reflect.NativeMethodAccessorImpl.invoke(NativeMethodAccessorImpl.java:62)
	at sun.reflect.DelegatingMethodAccessorImpl.invoke(DelegatingMethodAccessorImpl.java:43)
	at java.lang.reflect.Method.invoke(Method.java:498)
	at org.testng.internal.MethodInvocationHelper.invokeMethod(MethodInvocationHelper.java:84)
	at org.testng.internal.Invoker.invokeMethod(Invoker.java:714)
	at org.testng.internal.Invoker.invokeTestMethod(Invoker.java:901)
	at org.testng.internal.Invoker.invokeTestMethods(Invoker.java:1231)
	at org.testng.internal.TestMethodWorker.invokeTestMethods(TestMethodWorker.java:127)
	at org.testng.internal.TestMethodWorker.run(TestMethodWorker.java:111)
	at java.util.concurrent.ThreadPoolExecutor.runWorker(ThreadPoolExecutor.java:1142)
	at java.util.concurrent.ThreadPoolExecutor$Worker.run(ThreadPoolExecutor.java:617)
	at java.lang.Thread.run(Thread.java:745)
</pre></div></td>
<td>0</td>
<td>businessObject.CalculatorTest@47d384ee</td></tr>
<tr>
<td title='businessObject.CalculatorTest.testCtg()'><b>testCtg</b><br>Test class: businessObject.CalculatorTest<br>Parameters: -565656.0, 2.981118517223813<br/>
<a href="#Output-162663152" onClick='toggleBox("Output-162663152", this, "Show output", "Hide output");'>Show output</a>

<a href="#Output-162663152" onClick="toggleAllBoxes();">Show all outputs</a>
<div class='log' id="Output-162663152">
</br>Tue Nov 01 20:48:54 MSK 2016. Test faild: [Regression test for calculation][businessObject.CalculatorTest][testCtg]. Status <2>. Time duration <0>.<br/>
</div>
</td>
<td><div><pre>java.lang.AssertionError: expected [2.981118517223813] but found [-1.0]
	at businessObject.CalculatorTest.testCtg(CalculatorTest.java:77)
	at java.util.concurrent.ThreadPoolExecutor.runWorker(ThreadPoolExecutor.java:1142)
	at java.util.concurrent.ThreadPoolExecutor$Worker.run(ThreadPoolExecutor.java:617)
	at java.lang.Thread.run(Thread.java:745)
... Removed 14 stack frames</pre></div><a href='#' onClick='toggleBox("stack-trace162663152", this, "Click to show all stack frames", "Click to hide stack frames")'>Click to show all stack frames</a>
<div class='stack-trace' id='stack-trace162663152'><pre>java.lang.AssertionError: expected [2.981118517223813] but found [-1.0]
	at org.testng.Assert.fail(Assert.java:94)
	at org.testng.Assert.failNotEquals(Assert.java:494)
	at org.testng.Assert.assertEquals(Assert.java:123)
	at org.testng.Assert.assertEquals(Assert.java:165)
	at businessObject.CalculatorTest.testCtg(CalculatorTest.java:77)
	at sun.reflect.NativeMethodAccessorImpl.invoke0(Native Method)
	at sun.reflect.NativeMethodAccessorImpl.invoke(NativeMethodAccessorImpl.java:62)
	at sun.reflect.DelegatingMethodAccessorImpl.invoke(DelegatingMethodAccessorImpl.java:43)
	at java.lang.reflect.Method.invoke(Method.java:498)
	at org.testng.internal.MethodInvocationHelper.invokeMethod(MethodInvocationHelper.java:84)
	at org.testng.internal.Invoker.invokeMethod(Invoker.java:714)
	at org.testng.internal.Invoker.invokeTestMethod(Invoker.java:901)
	at org.testng.internal.Invoker.invokeTestMethods(Invoker.java:1231)
	at org.testng.internal.TestMethodWorker.invokeTestMethods(TestMethodWorker.java:127)
	at org.testng.internal.TestMethodWorker.run(TestMethodWorker.java:111)
	at java.util.concurrent.ThreadPoolExecutor.runWorker(ThreadPoolExecutor.java:1142)
	at java.util.concurrent.ThreadPoolExecutor$Worker.run(ThreadPoolExecutor.java:617)
	at java.lang.Thread.run(Thread.java:745)
</pre></div></td>
<td>0</td>
<td>businessObject.CalculatorTest@47d384ee</td></tr>
<tr>
<td title='businessObject.CalculatorTest.testCtg()'><b>testCtg</b><br>Test class: businessObject.CalculatorTest<br>Parameters: 20.56, -0.1405626691891154<br/>
<a href="#Output-782825161" onClick='toggleBox("Output-782825161", this, "Show output", "Hide output");'>Show output</a>

<a href="#Output-782825161" onClick="toggleAllBoxes();">Show all outputs</a>
<div class='log' id="Output-782825161">
</br>Tue Nov 01 20:48:54 MSK 2016. Test faild: [Regression test for calculation][businessObject.CalculatorTest][testCtg]. Status <2>. Time duration <0>.<br/>
</div>
</td>
<td><div><pre>java.lang.AssertionError: expected [-0.1405626691891154] but found [1.0]
	at businessObject.CalculatorTest.testCtg(CalculatorTest.java:77)
	at java.util.concurrent.ThreadPoolExecutor.runWorker(ThreadPoolExecutor.java:1142)
	at java.util.concurrent.ThreadPoolExecutor$Worker.run(ThreadPoolExecutor.java:617)
	at java.lang.Thread.run(Thread.java:745)
... Removed 14 stack frames</pre></div><a href='#' onClick='toggleBox("stack-trace782825161", this, "Click to show all stack frames", "Click to hide stack frames")'>Click to show all stack frames</a>
<div class='stack-trace' id='stack-trace782825161'><pre>java.lang.AssertionError: expected [-0.1405626691891154] but found [1.0]
	at org.testng.Assert.fail(Assert.java:94)
	at org.testng.Assert.failNotEquals(Assert.java:494)
	at org.testng.Assert.assertEquals(Assert.java:123)
	at org.testng.Assert.assertEquals(Assert.java:165)
	at businessObject.CalculatorTest.testCtg(CalculatorTest.java:77)
	at sun.reflect.NativeMethodAccessorImpl.invoke0(Native Method)
	at sun.reflect.NativeMethodAccessorImpl.invoke(NativeMethodAccessorImpl.java:62)
	at sun.reflect.DelegatingMethodAccessorImpl.invoke(DelegatingMethodAccessorImpl.java:43)
	at java.lang.reflect.Method.invoke(Method.java:498)
	at org.testng.internal.MethodInvocationHelper.invokeMethod(MethodInvocationHelper.java:84)
	at org.testng.internal.Invoker.invokeMethod(Invoker.java:714)
	at org.testng.internal.Invoker.invokeTestMethod(Invoker.java:901)
	at org.testng.internal.Invoker.invokeTestMethods(Invoker.java:1231)
	at org.testng.internal.TestMethodWorker.invokeTestMethods(TestMethodWorker.java:127)
	at org.testng.internal.TestMethodWorker.run(TestMethodWorker.java:111)
	at java.util.concurrent.ThreadPoolExecutor.runWorker(ThreadPoolExecutor.java:1142)
	at java.util.concurrent.ThreadPoolExecutor$Worker.run(ThreadPoolExecutor.java:617)
	at java.lang.Thread.run(Thread.java:745)
</pre></div></td>
<td>0</td>
<td>businessObject.CalculatorTest@47d384ee</td></tr>
<tr>
<td title='businessObject.CalculatorTest.testCtgFromZero()'><b>testCtgFromZero</b><br>Test class: businessObject.CalculatorTest<br>Parameters: 0.0<br/>
<a href="#Output-1277125106" onClick='toggleBox("Output-1277125106", this, "Show output", "Hide output");'>Show output</a>

<a href="#Output-1277125106" onClick="toggleAllBoxes();">Show all outputs</a>
<div class='log' id="Output-1277125106">
</br>Tue Nov 01 20:48:54 MSK 2016. Test faild: [Regression test for calculation][businessObject.CalculatorTest][testCtgFromZero]. Status <2>. Time duration <0>.<br/>
</div>
</td>
<td><div><pre>org.testng.TestException: 
Method CalculatorTest.testCtgFromZero(double)[pri:0, instance:businessObject.CalculatorTest@47d384ee] should have thrown an exception of class java.lang.IllegalArgumentException
	at java.util.concurrent.ThreadPoolExecutor.runWorker(ThreadPoolExecutor.java:1142)
	at java.util.concurrent.ThreadPoolExecutor$Worker.run(ThreadPoolExecutor.java:617)
	at java.lang.Thread.run(Thread.java:745)
Method CalculatorTest.testCtgFromZero(double)[pri:0, instance:businessObject.CalculatorTest@47d384ee] should have thrown an exception of class java.lang.IllegalArgumentException
	... 5 more
... Removed 10 stack frames</pre></div><a href='#' onClick='toggleBox("stack-trace1277125106", this, "Click to show all stack frames", "Click to hide stack frames")'>Click to show all stack frames</a>
<div class='stack-trace' id='stack-trace1277125106'><pre>org.testng.TestException: 
Expected exception java.lang.IllegalArgumentException but got org.testng.TestException: 
Method CalculatorTest.testCtgFromZero(double)[pri:0, instance:businessObject.CalculatorTest@47d384ee] should have thrown an exception of class java.lang.IllegalArgumentException
	at org.testng.internal.Invoker.handleInvocationResults(Invoker.java:1497)
	at org.testng.internal.Invoker.invokeTestMethods(Invoker.java:1245)
	at org.testng.internal.TestMethodWorker.invokeTestMethods(TestMethodWorker.java:127)
	at org.testng.internal.TestMethodWorker.run(TestMethodWorker.java:111)
	at java.util.concurrent.ThreadPoolExecutor.runWorker(ThreadPoolExecutor.java:1142)
	at java.util.concurrent.ThreadPoolExecutor$Worker.run(ThreadPoolExecutor.java:617)
	at java.lang.Thread.run(Thread.java:745)
Caused by: org.testng.TestException: 
Method CalculatorTest.testCtgFromZero(double)[pri:0, instance:businessObject.CalculatorTest@47d384ee] should have thrown an exception of class java.lang.IllegalArgumentException
	at org.testng.internal.Invoker.handleInvocationResults(Invoker.java:1512)
	at org.testng.internal.Invoker.invokeMethod(Invoker.java:754)
	at org.testng.internal.Invoker.invokeTestMethod(Invoker.java:901)
	at org.testng.internal.Invoker.invokeTestMethods(Invoker.java:1231)
	... 5 more
</pre></div></td>
<td>0</td>
<td>businessObject.CalculatorTest@47d384ee</td></tr>
<tr>
<td title='businessObject.CalculatorTest.testDivOnZeroDouble()'><b>testDivOnZeroDouble</b><br>Test class: businessObject.CalculatorTest<br>Parameters: -656.555, 0.0<br/>
<a href="#Output-187784282" onClick='toggleBox("Output-187784282", this, "Show output", "Hide output");'>Show output</a>

<a href="#Output-187784282" onClick="toggleAllBoxes();">Show all outputs</a>
<div class='log' id="Output-187784282">
</br>Tue Nov 01 20:48:54 MSK 2016. Test faild: [Regression test for calculation][businessObject.CalculatorTest][testDivOnZeroDouble]. Status <2>. Time duration <0>.<br/>
</div>
</td>
<td><div><pre>org.testng.TestException: 
Method CalculatorTest.testDivOnZeroDouble(double, double)[pri:0, instance:businessObject.CalculatorTest@47d384ee] should have thrown an exception of class java.lang.ArithmeticException
	at java.util.concurrent.ThreadPoolExecutor.runWorker(ThreadPoolExecutor.java:1142)
	at java.util.concurrent.ThreadPoolExecutor$Worker.run(ThreadPoolExecutor.java:617)
	at java.lang.Thread.run(Thread.java:745)
Method CalculatorTest.testDivOnZeroDouble(double, double)[pri:0, instance:businessObject.CalculatorTest@47d384ee] should have thrown an exception of class java.lang.ArithmeticException
	... 5 more
... Removed 10 stack frames</pre></div><a href='#' onClick='toggleBox("stack-trace187784282", this, "Click to show all stack frames", "Click to hide stack frames")'>Click to show all stack frames</a>
<div class='stack-trace' id='stack-trace187784282'><pre>org.testng.TestException: 
Expected exception java.lang.ArithmeticException but got org.testng.TestException: 
Method CalculatorTest.testDivOnZeroDouble(double, double)[pri:0, instance:businessObject.CalculatorTest@47d384ee] should have thrown an exception of class java.lang.ArithmeticException
	at org.testng.internal.Invoker.handleInvocationResults(Invoker.java:1497)
	at org.testng.internal.Invoker.invokeTestMethods(Invoker.java:1245)
	at org.testng.internal.TestMethodWorker.invokeTestMethods(TestMethodWorker.java:127)
	at org.testng.internal.TestMethodWorker.run(TestMethodWorker.java:111)
	at java.util.concurrent.ThreadPoolExecutor.runWorker(ThreadPoolExecutor.java:1142)
	at java.util.concurrent.ThreadPoolExecutor$Worker.run(ThreadPoolExecutor.java:617)
	at java.lang.Thread.run(Thread.java:745)
Caused by: org.testng.TestException: 
Method CalculatorTest.testDivOnZeroDouble(double, double)[pri:0, instance:businessObject.CalculatorTest@47d384ee] should have thrown an exception of class java.lang.ArithmeticException
	at org.testng.internal.Invoker.handleInvocationResults(Invoker.java:1512)
	at org.testng.internal.Invoker.invokeMethod(Invoker.java:754)
	at org.testng.internal.Invoker.invokeTestMethod(Invoker.java:901)
	at org.testng.internal.Invoker.invokeTestMethods(Invoker.java:1231)
	... 5 more
</pre></div></td>
<td>0</td>
<td>businessObject.CalculatorTest@47d384ee</td></tr>
<tr>
<td title='businessObject.CalculatorTest.testDivOnZeroDouble()'><b>testDivOnZeroDouble</b><br>Test class: businessObject.CalculatorTest<br>Parameters: 579.2456, 0.0<br/>
<a href="#Output-386875316" onClick='toggleBox("Output-386875316", this, "Show output", "Hide output");'>Show output</a>

<a href="#Output-386875316" onClick="toggleAllBoxes();">Show all outputs</a>
<div class='log' id="Output-386875316">
</br>Tue Nov 01 20:48:54 MSK 2016. Test faild: [Regression test for calculation][businessObject.CalculatorTest][testDivOnZeroDouble]. Status <2>. Time duration <0>.<br/>
</div>
</td>
<td><div><pre>org.testng.TestException: 
Method CalculatorTest.testDivOnZeroDouble(double, double)[pri:0, instance:businessObject.CalculatorTest@47d384ee] should have thrown an exception of class java.lang.ArithmeticException
	at java.util.concurrent.ThreadPoolExecutor.runWorker(ThreadPoolExecutor.java:1142)
	at java.util.concurrent.ThreadPoolExecutor$Worker.run(ThreadPoolExecutor.java:617)
	at java.lang.Thread.run(Thread.java:745)
Method CalculatorTest.testDivOnZeroDouble(double, double)[pri:0, instance:businessObject.CalculatorTest@47d384ee] should have thrown an exception of class java.lang.ArithmeticException
	... 5 more
... Removed 10 stack frames</pre></div><a href='#' onClick='toggleBox("stack-trace386875316", this, "Click to show all stack frames", "Click to hide stack frames")'>Click to show all stack frames</a>
<div class='stack-trace' id='stack-trace386875316'><pre>org.testng.TestException: 
Expected exception java.lang.ArithmeticException but got org.testng.TestException: 
Method CalculatorTest.testDivOnZeroDouble(double, double)[pri:0, instance:businessObject.CalculatorTest@47d384ee] should have thrown an exception of class java.lang.ArithmeticException
	at org.testng.internal.Invoker.handleInvocationResults(Invoker.java:1497)
	at org.testng.internal.Invoker.invokeTestMethods(Invoker.java:1245)
	at org.testng.internal.TestMethodWorker.invokeTestMethods(TestMethodWorker.java:127)
	at org.testng.internal.TestMethodWorker.run(TestMethodWorker.java:111)
	at java.util.concurrent.ThreadPoolExecutor.runWorker(ThreadPoolExecutor.java:1142)
	at java.util.concurrent.ThreadPoolExecutor$Worker.run(ThreadPoolExecutor.java:617)
	at java.lang.Thread.run(Thread.java:745)
Caused by: org.testng.TestException: 
Method CalculatorTest.testDivOnZeroDouble(double, double)[pri:0, instance:businessObject.CalculatorTest@47d384ee] should have thrown an exception of class java.lang.ArithmeticException
	at org.testng.internal.Invoker.handleInvocationResults(Invoker.java:1512)
	at org.testng.internal.Invoker.invokeMethod(Invoker.java:754)
	at org.testng.internal.Invoker.invokeTestMethod(Invoker.java:901)
	at org.testng.internal.Invoker.invokeTestMethods(Invoker.java:1231)
	... 5 more
</pre></div></td>
<td>0</td>
<td>businessObject.CalculatorTest@47d384ee</td></tr>
<tr>
<td title='businessObject.CalculatorTest.testDivOnZeroDouble()'><b>testDivOnZeroDouble</b><br>Test class: businessObject.CalculatorTest<br>Parameters: 0.0, 0.0<br/>
<a href="#Output-1469603576" onClick='toggleBox("Output-1469603576", this, "Show output", "Hide output");'>Show output</a>

<a href="#Output-1469603576" onClick="toggleAllBoxes();">Show all outputs</a>
<div class='log' id="Output-1469603576">
</br>Tue Nov 01 20:48:54 MSK 2016. Test faild: [Regression test for calculation][businessObject.CalculatorTest][testDivOnZeroDouble]. Status <2>. Time duration <0>.<br/>
</div>
</td>
<td><div><pre>org.testng.TestException: 
Method CalculatorTest.testDivOnZeroDouble(double, double)[pri:0, instance:businessObject.CalculatorTest@47d384ee] should have thrown an exception of class java.lang.ArithmeticException
	at java.util.concurrent.ThreadPoolExecutor.runWorker(ThreadPoolExecutor.java:1142)
	at java.util.concurrent.ThreadPoolExecutor$Worker.run(ThreadPoolExecutor.java:617)
	at java.lang.Thread.run(Thread.java:745)
Method CalculatorTest.testDivOnZeroDouble(double, double)[pri:0, instance:businessObject.CalculatorTest@47d384ee] should have thrown an exception of class java.lang.ArithmeticException
	... 5 more
... Removed 10 stack frames</pre></div><a href='#' onClick='toggleBox("stack-trace1469603576", this, "Click to show all stack frames", "Click to hide stack frames")'>Click to show all stack frames</a>
<div class='stack-trace' id='stack-trace1469603576'><pre>org.testng.TestException: 
Expected exception java.lang.ArithmeticException but got org.testng.TestException: 
Method CalculatorTest.testDivOnZeroDouble(double, double)[pri:0, instance:businessObject.CalculatorTest@47d384ee] should have thrown an exception of class java.lang.ArithmeticException
	at org.testng.internal.Invoker.handleInvocationResults(Invoker.java:1497)
	at org.testng.internal.Invoker.invokeTestMethods(Invoker.java:1245)
	at org.testng.internal.TestMethodWorker.invokeTestMethods(TestMethodWorker.java:127)
	at org.testng.internal.TestMethodWorker.run(TestMethodWorker.java:111)
	at java.util.concurrent.ThreadPoolExecutor.runWorker(ThreadPoolExecutor.java:1142)
	at java.util.concurrent.ThreadPoolExecutor$Worker.run(ThreadPoolExecutor.java:617)
	at java.lang.Thread.run(Thread.java:745)
Caused by: org.testng.TestException: 
Method CalculatorTest.testDivOnZeroDouble(double, double)[pri:0, instance:businessObject.CalculatorTest@47d384ee] should have thrown an exception of class java.lang.ArithmeticException
	at org.testng.internal.Invoker.handleInvocationResults(Invoker.java:1512)
	at org.testng.internal.Invoker.invokeMethod(Invoker.java:754)
	at org.testng.internal.Invoker.invokeTestMethod(Invoker.java:901)
	at org.testng.internal.Invoker.invokeTestMethods(Invoker.java:1231)
	... 5 more
</pre></div></td>
<td>0</td>
<td>businessObject.CalculatorTest@47d384ee</td></tr>
<tr>
<td title='businessObject.CalculatorTest.testDivOnZeroLong()'><b>testDivOnZeroLong</b><br>Test class: businessObject.CalculatorTest<br>Parameters: 555556549, 0<br/>
<a href="#Output-424387503" onClick='toggleBox("Output-424387503", this, "Show output", "Hide output");'>Show output</a>

<a href="#Output-424387503" onClick="toggleAllBoxes();">Show all outputs</a>
<div class='log' id="Output-424387503">
</br>Tue Nov 01 20:48:54 MSK 2016. Test faild: [Regression test for calculation][businessObject.CalculatorTest][testDivOnZeroLong]. Status <2>. Time duration <0>.<br/>
</div>
</td>
<td><div><pre>org.testng.TestException: 
Expected exception java.lang.ArithmeticException but got java.lang.NumberFormatException: Attempt to divide by zero
	at java.util.concurrent.ThreadPoolExecutor.runWorker(ThreadPoolExecutor.java:1142)
	at java.util.concurrent.ThreadPoolExecutor$Worker.run(ThreadPoolExecutor.java:617)
	at java.lang.Thread.run(Thread.java:745)
Expected exception java.lang.ArithmeticException but got java.lang.NumberFormatException: Attempt to divide by zero
	... 5 more
Caused by: java.lang.NumberFormatException: Attempt to divide by zero
	at businessObject.Calculator.div(Calculator.java:36)
	at businessObject.CalculatorTest.testDivOnZeroLong(CalculatorTest.java:102)
	... 7 more
... Removed 16 stack frames</pre></div><a href='#' onClick='toggleBox("stack-trace424387503", this, "Click to show all stack frames", "Click to hide stack frames")'>Click to show all stack frames</a>
<div class='stack-trace' id='stack-trace424387503'><pre>org.testng.TestException: 
Expected exception java.lang.ArithmeticException but got org.testng.TestException: 
Expected exception java.lang.ArithmeticException but got java.lang.NumberFormatException: Attempt to divide by zero
	at org.testng.internal.Invoker.handleInvocationResults(Invoker.java:1497)
	at org.testng.internal.Invoker.invokeTestMethods(Invoker.java:1245)
	at org.testng.internal.TestMethodWorker.invokeTestMethods(TestMethodWorker.java:127)
	at org.testng.internal.TestMethodWorker.run(TestMethodWorker.java:111)
	at java.util.concurrent.ThreadPoolExecutor.runWorker(ThreadPoolExecutor.java:1142)
	at java.util.concurrent.ThreadPoolExecutor$Worker.run(ThreadPoolExecutor.java:617)
	at java.lang.Thread.run(Thread.java:745)
Caused by: org.testng.TestException: 
Expected exception java.lang.ArithmeticException but got java.lang.NumberFormatException: Attempt to divide by zero
	at org.testng.internal.Invoker.handleInvocationResults(Invoker.java:1497)
	at org.testng.internal.Invoker.invokeMethod(Invoker.java:754)
	at org.testng.internal.Invoker.invokeTestMethod(Invoker.java:901)
	at org.testng.internal.Invoker.invokeTestMethods(Invoker.java:1231)
	... 5 more
Caused by: java.lang.NumberFormatException: Attempt to divide by zero
	at businessObject.Calculator.div(Calculator.java:36)
	at businessObject.CalculatorTest.testDivOnZeroLong(CalculatorTest.java:102)
	at sun.reflect.NativeMethodAccessorImpl.invoke0(Native Method)
	at sun.reflect.NativeMethodAccessorImpl.invoke(NativeMethodAccessorImpl.java:62)
	at sun.reflect.DelegatingMethodAccessorImpl.invoke(DelegatingMethodAccessorImpl.java:43)
	at java.lang.reflect.Method.invoke(Method.java:498)
	at org.testng.internal.MethodInvocationHelper.invokeMethod(MethodInvocationHelper.java:84)
	at org.testng.internal.Invoker.invokeMethod(Invoker.java:714)
	... 7 more
</pre></div></td>
<td>0</td>
<td>businessObject.CalculatorTest@47d384ee</td></tr>
<tr>
<td title='businessObject.CalculatorTest.testDivOnZeroLong()'><b>testDivOnZeroLong</b><br>Test class: businessObject.CalculatorTest<br>Parameters: -659894, 0<br/>
<a href="#Output-1136628037" onClick='toggleBox("Output-1136628037", this, "Show output", "Hide output");'>Show output</a>

<a href="#Output-1136628037" onClick="toggleAllBoxes();">Show all outputs</a>
<div class='log' id="Output-1136628037">
</br>Tue Nov 01 20:48:54 MSK 2016. Test faild: [Regression test for calculation][businessObject.CalculatorTest][testDivOnZeroLong]. Status <2>. Time duration <0>.<br/>
</div>
</td>
<td><div><pre>org.testng.TestException: 
Expected exception java.lang.ArithmeticException but got java.lang.NumberFormatException: Attempt to divide by zero
	at java.util.concurrent.ThreadPoolExecutor.runWorker(ThreadPoolExecutor.java:1142)
	at java.util.concurrent.ThreadPoolExecutor$Worker.run(ThreadPoolExecutor.java:617)
	at java.lang.Thread.run(Thread.java:745)
Expected exception java.lang.ArithmeticException but got java.lang.NumberFormatException: Attempt to divide by zero
	... 5 more
Caused by: java.lang.NumberFormatException: Attempt to divide by zero
	at businessObject.Calculator.div(Calculator.java:36)
	at businessObject.CalculatorTest.testDivOnZeroLong(CalculatorTest.java:102)
	... 7 more
... Removed 16 stack frames</pre></div><a href='#' onClick='toggleBox("stack-trace1136628037", this, "Click to show all stack frames", "Click to hide stack frames")'>Click to show all stack frames</a>
<div class='stack-trace' id='stack-trace1136628037'><pre>org.testng.TestException: 
Expected exception java.lang.ArithmeticException but got org.testng.TestException: 
Expected exception java.lang.ArithmeticException but got java.lang.NumberFormatException: Attempt to divide by zero
	at org.testng.internal.Invoker.handleInvocationResults(Invoker.java:1497)
	at org.testng.internal.Invoker.invokeTestMethods(Invoker.java:1245)
	at org.testng.internal.TestMethodWorker.invokeTestMethods(TestMethodWorker.java:127)
	at org.testng.internal.TestMethodWorker.run(TestMethodWorker.java:111)
	at java.util.concurrent.ThreadPoolExecutor.runWorker(ThreadPoolExecutor.java:1142)
	at java.util.concurrent.ThreadPoolExecutor$Worker.run(ThreadPoolExecutor.java:617)
	at java.lang.Thread.run(Thread.java:745)
Caused by: org.testng.TestException: 
Expected exception java.lang.ArithmeticException but got java.lang.NumberFormatException: Attempt to divide by zero
	at org.testng.internal.Invoker.handleInvocationResults(Invoker.java:1497)
	at org.testng.internal.Invoker.invokeMethod(Invoker.java:754)
	at org.testng.internal.Invoker.invokeTestMethod(Invoker.java:901)
	at org.testng.internal.Invoker.invokeTestMethods(Invoker.java:1231)
	... 5 more
Caused by: java.lang.NumberFormatException: Attempt to divide by zero
	at businessObject.Calculator.div(Calculator.java:36)
	at businessObject.CalculatorTest.testDivOnZeroLong(CalculatorTest.java:102)
	at sun.reflect.NativeMethodAccessorImpl.invoke0(Native Method)
	at sun.reflect.NativeMethodAccessorImpl.invoke(NativeMethodAccessorImpl.java:62)
	at sun.reflect.DelegatingMethodAccessorImpl.invoke(DelegatingMethodAccessorImpl.java:43)
	at java.lang.reflect.Method.invoke(Method.java:498)
	at org.testng.internal.MethodInvocationHelper.invokeMethod(MethodInvocationHelper.java:84)
	at org.testng.internal.Invoker.invokeMethod(Invoker.java:714)
	... 7 more
</pre></div></td>
<td>0</td>
<td>businessObject.CalculatorTest@47d384ee</td></tr>
<tr>
<td title='businessObject.CalculatorTest.testDivOnZeroLong()'><b>testDivOnZeroLong</b><br>Test class: businessObject.CalculatorTest<br>Parameters: 0, 0<br/>
<a href="#Output-1166142375" onClick='toggleBox("Output-1166142375", this, "Show output", "Hide output");'>Show output</a>

<a href="#Output-1166142375" onClick="toggleAllBoxes();">Show all outputs</a>
<div class='log' id="Output-1166142375">
</br>Tue Nov 01 20:48:54 MSK 2016. Test faild: [Regression test for calculation][businessObject.CalculatorTest][testDivOnZeroLong]. Status <2>. Time duration <2>.<br/>
</div>
</td>
<td><div><pre>org.testng.TestException: 
Expected exception java.lang.ArithmeticException but got java.lang.NumberFormatException: Attempt to divide by zero
	at java.util.concurrent.ThreadPoolExecutor.runWorker(ThreadPoolExecutor.java:1142)
	at java.util.concurrent.ThreadPoolExecutor$Worker.run(ThreadPoolExecutor.java:617)
	at java.lang.Thread.run(Thread.java:745)
Expected exception java.lang.ArithmeticException but got java.lang.NumberFormatException: Attempt to divide by zero
	... 5 more
Caused by: java.lang.NumberFormatException: Attempt to divide by zero
	at businessObject.Calculator.div(Calculator.java:36)
	at businessObject.CalculatorTest.testDivOnZeroLong(CalculatorTest.java:102)
	... 7 more
... Removed 16 stack frames</pre></div><a href='#' onClick='toggleBox("stack-trace1166142375", this, "Click to show all stack frames", "Click to hide stack frames")'>Click to show all stack frames</a>
<div class='stack-trace' id='stack-trace1166142375'><pre>org.testng.TestException: 
Expected exception java.lang.ArithmeticException but got org.testng.TestException: 
Expected exception java.lang.ArithmeticException but got java.lang.NumberFormatException: Attempt to divide by zero
	at org.testng.internal.Invoker.handleInvocationResults(Invoker.java:1497)
	at org.testng.internal.Invoker.invokeTestMethods(Invoker.java:1245)
	at org.testng.internal.TestMethodWorker.invokeTestMethods(TestMethodWorker.java:127)
	at org.testng.internal.TestMethodWorker.run(TestMethodWorker.java:111)
	at java.util.concurrent.ThreadPoolExecutor.runWorker(ThreadPoolExecutor.java:1142)
	at java.util.concurrent.ThreadPoolExecutor$Worker.run(ThreadPoolExecutor.java:617)
	at java.lang.Thread.run(Thread.java:745)
Caused by: org.testng.TestException: 
Expected exception java.lang.ArithmeticException but got java.lang.NumberFormatException: Attempt to divide by zero
	at org.testng.internal.Invoker.handleInvocationResults(Invoker.java:1497)
	at org.testng.internal.Invoker.invokeMethod(Invoker.java:754)
	at org.testng.internal.Invoker.invokeTestMethod(Invoker.java:901)
	at org.testng.internal.Invoker.invokeTestMethods(Invoker.java:1231)
	... 5 more
Caused by: java.lang.NumberFormatException: Attempt to divide by zero
	at businessObject.Calculator.div(Calculator.java:36)
	at businessObject.CalculatorTest.testDivOnZeroLong(CalculatorTest.java:102)
	at sun.reflect.NativeMethodAccessorImpl.invoke0(Native Method)
	at sun.reflect.NativeMethodAccessorImpl.invoke(NativeMethodAccessorImpl.java:62)
	at sun.reflect.DelegatingMethodAccessorImpl.invoke(DelegatingMethodAccessorImpl.java:43)
	at java.lang.reflect.Method.invoke(Method.java:498)
	at org.testng.internal.MethodInvocationHelper.invokeMethod(MethodInvocationHelper.java:84)
	at org.testng.internal.Invoker.invokeMethod(Invoker.java:714)
	... 7 more
</pre></div></td>
<td>0</td>
<td>businessObject.CalculatorTest@47d384ee</td></tr>
<tr>
<td title='businessObject.CalculatorTest.testIsNegWithPositiveNumber()'><b>testIsNegWithPositiveNumber</b><br>Test class: businessObject.CalculatorTest<br>Parameters: 4546468.0<br/>
<a href="#Output-176906950" onClick='toggleBox("Output-176906950", this, "Show output", "Hide output");'>Show output</a>

<a href="#Output-176906950" onClick="toggleAllBoxes();">Show all outputs</a>
<div class='log' id="Output-176906950">
</br>Tue Nov 01 20:48:54 MSK 2016. Test faild: [Regression test for calculation][businessObject.CalculatorTest][testIsNegWithPositiveNumber]. Status <2>. Time duration <0>.<br/>
</div>
</td>
<td><div><pre>java.lang.IllegalArgumentException: argument type mismatch
	at java.util.concurrent.ThreadPoolExecutor.runWorker(ThreadPoolExecutor.java:1142)
	at java.util.concurrent.ThreadPoolExecutor$Worker.run(ThreadPoolExecutor.java:617)
	at java.lang.Thread.run(Thread.java:745)
... Removed 10 stack frames</pre></div><a href='#' onClick='toggleBox("stack-trace176906950", this, "Click to show all stack frames", "Click to hide stack frames")'>Click to show all stack frames</a>
<div class='stack-trace' id='stack-trace176906950'><pre>java.lang.IllegalArgumentException: argument type mismatch
	at sun.reflect.NativeMethodAccessorImpl.invoke0(Native Method)
	at sun.reflect.NativeMethodAccessorImpl.invoke(NativeMethodAccessorImpl.java:62)
	at sun.reflect.DelegatingMethodAccessorImpl.invoke(DelegatingMethodAccessorImpl.java:43)
	at java.lang.reflect.Method.invoke(Method.java:498)
	at org.testng.internal.MethodInvocationHelper.invokeMethod(MethodInvocationHelper.java:84)
	at org.testng.internal.Invoker.invokeMethod(Invoker.java:714)
	at org.testng.internal.Invoker.invokeTestMethod(Invoker.java:901)
	at org.testng.internal.Invoker.invokeTestMethods(Invoker.java:1231)
	at org.testng.internal.TestMethodWorker.invokeTestMethods(TestMethodWorker.java:127)
	at org.testng.internal.TestMethodWorker.run(TestMethodWorker.java:111)
	at java.util.concurrent.ThreadPoolExecutor.runWorker(ThreadPoolExecutor.java:1142)
	at java.util.concurrent.ThreadPoolExecutor$Worker.run(ThreadPoolExecutor.java:617)
	at java.lang.Thread.run(Thread.java:745)
</pre></div></td>
<td>0</td>
<td>businessObject.CalculatorTest@47d384ee</td></tr>
<tr>
<td title='businessObject.CalculatorTest.testIsPositive()'><b>testIsPositive</b><br>Test class: businessObject.CalculatorTest<br>Parameters: -555<br/>
<a href="#Output-1345048172" onClick='toggleBox("Output-1345048172", this, "Show output", "Hide output");'>Show output</a>

<a href="#Output-1345048172" onClick="toggleAllBoxes();">Show all outputs</a>
<div class='log' id="Output-1345048172">
</br>Tue Nov 01 20:48:54 MSK 2016. Test faild: [Regression test for calculation][businessObject.CalculatorTest][testIsPositive]. Status <2>. Time duration <0>.<br/>
</div>
</td>
<td><div><pre>java.lang.AssertionError: expected [true] but found [false]
	at businessObject.CalculatorTest.testIsPositive(CalculatorTest.java:92)
	at java.util.concurrent.ThreadPoolExecutor.runWorker(ThreadPoolExecutor.java:1142)
	at java.util.concurrent.ThreadPoolExecutor$Worker.run(ThreadPoolExecutor.java:617)
	at java.lang.Thread.run(Thread.java:745)
... Removed 14 stack frames</pre></div><a href='#' onClick='toggleBox("stack-trace1345048172", this, "Click to show all stack frames", "Click to hide stack frames")'>Click to show all stack frames</a>
<div class='stack-trace' id='stack-trace1345048172'><pre>java.lang.AssertionError: expected [true] but found [false]
	at org.testng.Assert.fail(Assert.java:94)
	at org.testng.Assert.failNotEquals(Assert.java:494)
	at org.testng.Assert.assertTrue(Assert.java:42)
	at org.testng.Assert.assertTrue(Assert.java:52)
	at businessObject.CalculatorTest.testIsPositive(CalculatorTest.java:92)
	at sun.reflect.NativeMethodAccessorImpl.invoke0(Native Method)
	at sun.reflect.NativeMethodAccessorImpl.invoke(NativeMethodAccessorImpl.java:62)
	at sun.reflect.DelegatingMethodAccessorImpl.invoke(DelegatingMethodAccessorImpl.java:43)
	at java.lang.reflect.Method.invoke(Method.java:498)
	at org.testng.internal.MethodInvocationHelper.invokeMethod(MethodInvocationHelper.java:84)
	at org.testng.internal.Invoker.invokeMethod(Invoker.java:714)
	at org.testng.internal.Invoker.invokeTestMethod(Invoker.java:901)
	at org.testng.internal.Invoker.invokeTestMethods(Invoker.java:1231)
	at org.testng.internal.TestMethodWorker.invokeTestMethods(TestMethodWorker.java:127)
	at org.testng.internal.TestMethodWorker.run(TestMethodWorker.java:111)
	at java.util.concurrent.ThreadPoolExecutor.runWorker(ThreadPoolExecutor.java:1142)
	at java.util.concurrent.ThreadPoolExecutor$Worker.run(ThreadPoolExecutor.java:617)
	at java.lang.Thread.run(Thread.java:745)
</pre></div></td>
<td>0</td>
<td>businessObject.CalculatorTest@47d384ee</td></tr>
<tr>
<td title='businessObject.CalculatorTest.testMultDouble()'><b>testMultDouble</b><br>Test class: businessObject.CalculatorTest<br>Parameters: 456789.2323, 6.258, 2740734.0, 1.0E-10<br/>
<a href="#Output-1248614962" onClick='toggleBox("Output-1248614962", this, "Show output", "Hide output");'>Show output</a>

<a href="#Output-1248614962" onClick="toggleAllBoxes();">Show all outputs</a>
<div class='log' id="Output-1248614962">
</br>Tue Nov 01 20:48:54 MSK 2016. Test faild: [Regression test for calculation][businessObject.CalculatorTest][testMultDouble]. Status <2>. Time duration <0>.<br/>
</div>
</td>
<td><div><pre>java.lang.AssertionError: expected [2740734.0] but found [2858587.0]
	at businessObject.CalculatorTest.testMultDouble(CalculatorTest.java:47)
	at java.util.concurrent.ThreadPoolExecutor.runWorker(ThreadPoolExecutor.java:1142)
	at java.util.concurrent.ThreadPoolExecutor$Worker.run(ThreadPoolExecutor.java:617)
	at java.lang.Thread.run(Thread.java:745)
... Removed 14 stack frames</pre></div><a href='#' onClick='toggleBox("stack-trace1248614962", this, "Click to show all stack frames", "Click to hide stack frames")'>Click to show all stack frames</a>
<div class='stack-trace' id='stack-trace1248614962'><pre>java.lang.AssertionError: expected [2740734.0] but found [2858587.0]
	at org.testng.Assert.fail(Assert.java:94)
	at org.testng.Assert.failNotEquals(Assert.java:494)
	at org.testng.Assert.assertEquals(Assert.java:207)
	at org.testng.Assert.assertEquals(Assert.java:220)
	at businessObject.CalculatorTest.testMultDouble(CalculatorTest.java:47)
	at sun.reflect.NativeMethodAccessorImpl.invoke0(Native Method)
	at sun.reflect.NativeMethodAccessorImpl.invoke(NativeMethodAccessorImpl.java:62)
	at sun.reflect.DelegatingMethodAccessorImpl.invoke(DelegatingMethodAccessorImpl.java:43)
	at java.lang.reflect.Method.invoke(Method.java:498)
	at org.testng.internal.MethodInvocationHelper.invokeMethod(MethodInvocationHelper.java:84)
	at org.testng.internal.Invoker.invokeMethod(Invoker.java:714)
	at org.testng.internal.Invoker.invokeTestMethod(Invoker.java:901)
	at org.testng.internal.Invoker.invokeTestMethods(Invoker.java:1231)
	at org.testng.internal.TestMethodWorker.invokeTestMethods(TestMethodWorker.java:127)
	at org.testng.internal.TestMethodWorker.run(TestMethodWorker.java:111)
	at java.util.concurrent.ThreadPoolExecutor.runWorker(ThreadPoolExecutor.java:1142)
	at java.util.concurrent.ThreadPoolExecutor$Worker.run(ThreadPoolExecutor.java:617)
	at java.lang.Thread.run(Thread.java:745)
</pre></div></td>
<td>0</td>
<td>businessObject.CalculatorTest@47d384ee</td></tr>
<tr>
<td title='businessObject.CalculatorTest.testMultDouble()'><b>testMultDouble</b><br>Test class: businessObject.CalculatorTest<br>Parameters: -5.213, -5.24, 25.0, 1.0E-10<br/>
<a href="#Output-948966749" onClick='toggleBox("Output-948966749", this, "Show output", "Hide output");'>Show output</a>

<a href="#Output-948966749" onClick="toggleAllBoxes();">Show all outputs</a>
<div class='log' id="Output-948966749">
</br>Tue Nov 01 20:48:54 MSK 2016. Test faild: [Regression test for calculation][businessObject.CalculatorTest][testMultDouble]. Status <2>. Time duration <0>.<br/>
</div>
</td>
<td><div><pre>java.lang.AssertionError: expected [25.0] but found [27.0]
	at businessObject.CalculatorTest.testMultDouble(CalculatorTest.java:47)
	at java.util.concurrent.ThreadPoolExecutor.runWorker(ThreadPoolExecutor.java:1142)
	at java.util.concurrent.ThreadPoolExecutor$Worker.run(ThreadPoolExecutor.java:617)
	at java.lang.Thread.run(Thread.java:745)
... Removed 14 stack frames</pre></div><a href='#' onClick='toggleBox("stack-trace948966749", this, "Click to show all stack frames", "Click to hide stack frames")'>Click to show all stack frames</a>
<div class='stack-trace' id='stack-trace948966749'><pre>java.lang.AssertionError: expected [25.0] but found [27.0]
	at org.testng.Assert.fail(Assert.java:94)
	at org.testng.Assert.failNotEquals(Assert.java:494)
	at org.testng.Assert.assertEquals(Assert.java:207)
	at org.testng.Assert.assertEquals(Assert.java:220)
	at businessObject.CalculatorTest.testMultDouble(CalculatorTest.java:47)
	at sun.reflect.NativeMethodAccessorImpl.invoke0(Native Method)
	at sun.reflect.NativeMethodAccessorImpl.invoke(NativeMethodAccessorImpl.java:62)
	at sun.reflect.DelegatingMethodAccessorImpl.invoke(DelegatingMethodAccessorImpl.java:43)
	at java.lang.reflect.Method.invoke(Method.java:498)
	at org.testng.internal.MethodInvocationHelper.invokeMethod(MethodInvocationHelper.java:84)
	at org.testng.internal.Invoker.invokeMethod(Invoker.java:714)
	at org.testng.internal.Invoker.invokeTestMethod(Invoker.java:901)
	at org.testng.internal.Invoker.invokeTestMethods(Invoker.java:1231)
	at org.testng.internal.TestMethodWorker.invokeTestMethods(TestMethodWorker.java:127)
	at org.testng.internal.TestMethodWorker.run(TestMethodWorker.java:111)
	at java.util.concurrent.ThreadPoolExecutor.runWorker(ThreadPoolExecutor.java:1142)
	at java.util.concurrent.ThreadPoolExecutor$Worker.run(ThreadPoolExecutor.java:617)
	at java.lang.Thread.run(Thread.java:745)
</pre></div></td>
<td>0</td>
<td>businessObject.CalculatorTest@47d384ee</td></tr>
<tr>
<td title='businessObject.CalculatorTest.testMultDouble()'><b>testMultDouble</b><br>Test class: businessObject.CalculatorTest<br>Parameters: 30.23, -5.23, -150.0, 1.0E-10<br/>
<a href="#Output-1939365883" onClick='toggleBox("Output-1939365883", this, "Show output", "Hide output");'>Show output</a>

<a href="#Output-1939365883" onClick="toggleAllBoxes();">Show all outputs</a>
<div class='log' id="Output-1939365883">
</br>Tue Nov 01 20:48:54 MSK 2016. Test faild: [Regression test for calculation][businessObject.CalculatorTest][testMultDouble]. Status <2>. Time duration <0>.<br/>
</div>
</td>
<td><div><pre>java.lang.AssertionError: expected [-150.0] but found [-159.0]
	at businessObject.CalculatorTest.testMultDouble(CalculatorTest.java:47)
	at java.util.concurrent.ThreadPoolExecutor.runWorker(ThreadPoolExecutor.java:1142)
	at java.util.concurrent.ThreadPoolExecutor$Worker.run(ThreadPoolExecutor.java:617)
	at java.lang.Thread.run(Thread.java:745)
... Removed 14 stack frames</pre></div><a href='#' onClick='toggleBox("stack-trace1939365883", this, "Click to show all stack frames", "Click to hide stack frames")'>Click to show all stack frames</a>
<div class='stack-trace' id='stack-trace1939365883'><pre>java.lang.AssertionError: expected [-150.0] but found [-159.0]
	at org.testng.Assert.fail(Assert.java:94)
	at org.testng.Assert.failNotEquals(Assert.java:494)
	at org.testng.Assert.assertEquals(Assert.java:207)
	at org.testng.Assert.assertEquals(Assert.java:220)
	at businessObject.CalculatorTest.testMultDouble(CalculatorTest.java:47)
	at sun.reflect.NativeMethodAccessorImpl.invoke0(Native Method)
	at sun.reflect.NativeMethodAccessorImpl.invoke(NativeMethodAccessorImpl.java:62)
	at sun.reflect.DelegatingMethodAccessorImpl.invoke(DelegatingMethodAccessorImpl.java:43)
	at java.lang.reflect.Method.invoke(Method.java:498)
	at org.testng.internal.MethodInvocationHelper.invokeMethod(MethodInvocationHelper.java:84)
	at org.testng.internal.Invoker.invokeMethod(Invoker.java:714)
	at org.testng.internal.Invoker.invokeTestMethod(Invoker.java:901)
	at org.testng.internal.Invoker.invokeTestMethods(Invoker.java:1231)
	at org.testng.internal.TestMethodWorker.invokeTestMethods(TestMethodWorker.java:127)
	at org.testng.internal.TestMethodWorker.run(TestMethodWorker.java:111)
	at java.util.concurrent.ThreadPoolExecutor.runWorker(ThreadPoolExecutor.java:1142)
	at java.util.concurrent.ThreadPoolExecutor$Worker.run(ThreadPoolExecutor.java:617)
	at java.lang.Thread.run(Thread.java:745)
</pre></div></td>
<td>0</td>
<td>businessObject.CalculatorTest@47d384ee</td></tr>
<tr>
<td title='businessObject.CalculatorTest.testMultDouble()'><b>testMultDouble</b><br>Test class: businessObject.CalculatorTest<br>Parameters: -8.23, 20.23, -160.0, 1.0E-10<br/>
<a href="#Output-343911430" onClick='toggleBox("Output-343911430", this, "Show output", "Hide output");'>Show output</a>

<a href="#Output-343911430" onClick="toggleAllBoxes();">Show all outputs</a>
<div class='log' id="Output-343911430">
</br>Tue Nov 01 20:48:54 MSK 2016. Test faild: [Regression test for calculation][businessObject.CalculatorTest][testMultDouble]. Status <2>. Time duration <0>.<br/>
</div>
</td>
<td><div><pre>java.lang.AssertionError: expected [-160.0] but found [-167.0]
	at businessObject.CalculatorTest.testMultDouble(CalculatorTest.java:47)
	at java.util.concurrent.ThreadPoolExecutor.runWorker(ThreadPoolExecutor.java:1142)
	at java.util.concurrent.ThreadPoolExecutor$Worker.run(ThreadPoolExecutor.java:617)
	at java.lang.Thread.run(Thread.java:745)
... Removed 14 stack frames</pre></div><a href='#' onClick='toggleBox("stack-trace343911430", this, "Click to show all stack frames", "Click to hide stack frames")'>Click to show all stack frames</a>
<div class='stack-trace' id='stack-trace343911430'><pre>java.lang.AssertionError: expected [-160.0] but found [-167.0]
	at org.testng.Assert.fail(Assert.java:94)
	at org.testng.Assert.failNotEquals(Assert.java:494)
	at org.testng.Assert.assertEquals(Assert.java:207)
	at org.testng.Assert.assertEquals(Assert.java:220)
	at businessObject.CalculatorTest.testMultDouble(CalculatorTest.java:47)
	at sun.reflect.NativeMethodAccessorImpl.invoke0(Native Method)
	at sun.reflect.NativeMethodAccessorImpl.invoke(NativeMethodAccessorImpl.java:62)
	at sun.reflect.DelegatingMethodAccessorImpl.invoke(DelegatingMethodAccessorImpl.java:43)
	at java.lang.reflect.Method.invoke(Method.java:498)
	at org.testng.internal.MethodInvocationHelper.invokeMethod(MethodInvocationHelper.java:84)
	at org.testng.internal.Invoker.invokeMethod(Invoker.java:714)
	at org.testng.internal.Invoker.invokeTestMethod(Invoker.java:901)
	at org.testng.internal.Invoker.invokeTestMethods(Invoker.java:1231)
	at org.testng.internal.TestMethodWorker.invokeTestMethods(TestMethodWorker.java:127)
	at org.testng.internal.TestMethodWorker.run(TestMethodWorker.java:111)
	at java.util.concurrent.ThreadPoolExecutor.runWorker(ThreadPoolExecutor.java:1142)
	at java.util.concurrent.ThreadPoolExecutor$Worker.run(ThreadPoolExecutor.java:617)
	at java.lang.Thread.run(Thread.java:745)
</pre></div></td>
<td>0</td>
<td>businessObject.CalculatorTest@47d384ee</td></tr>
<tr>
<td title='businessObject.CalculatorTest.testPowNumZeroAndPowLessZero()'><b>testPowNumZeroAndPowLessZero</b><br>Test class: businessObject.CalculatorTest<br>Parameters: 0.0, -7.0<br/>
<a href="#Output-434199924" onClick='toggleBox("Output-434199924", this, "Show output", "Hide output");'>Show output</a>

<a href="#Output-434199924" onClick="toggleAllBoxes();">Show all outputs</a>
<div class='log' id="Output-434199924">
</br>Tue Nov 01 20:48:55 MSK 2016. Test faild: [Regression test for calculation][businessObject.CalculatorTest][testPowNumZeroAndPowLessZero]. Status <2>. Time duration <0>.<br/>
</div>
</td>
<td><div><pre>org.testng.TestException: 
Method CalculatorTest.testPowNumZeroAndPowLessZero(double, double)[pri:0, instance:businessObject.CalculatorTest@47d384ee] should have thrown an exception of class java.lang.IllegalArgumentException
	at java.util.concurrent.ThreadPoolExecutor.runWorker(ThreadPoolExecutor.java:1142)
	at java.util.concurrent.ThreadPoolExecutor$Worker.run(ThreadPoolExecutor.java:617)
	at java.lang.Thread.run(Thread.java:745)
Method CalculatorTest.testPowNumZeroAndPowLessZero(double, double)[pri:0, instance:businessObject.CalculatorTest@47d384ee] should have thrown an exception of class java.lang.IllegalArgumentException
	... 5 more
... Removed 10 stack frames</pre></div><a href='#' onClick='toggleBox("stack-trace434199924", this, "Click to show all stack frames", "Click to hide stack frames")'>Click to show all stack frames</a>
<div class='stack-trace' id='stack-trace434199924'><pre>org.testng.TestException: 
Expected exception java.lang.IllegalArgumentException but got org.testng.TestException: 
Method CalculatorTest.testPowNumZeroAndPowLessZero(double, double)[pri:0, instance:businessObject.CalculatorTest@47d384ee] should have thrown an exception of class java.lang.IllegalArgumentException
	at org.testng.internal.Invoker.handleInvocationResults(Invoker.java:1497)
	at org.testng.internal.Invoker.invokeTestMethods(Invoker.java:1245)
	at org.testng.internal.TestMethodWorker.invokeTestMethods(TestMethodWorker.java:127)
	at org.testng.internal.TestMethodWorker.run(TestMethodWorker.java:111)
	at java.util.concurrent.ThreadPoolExecutor.runWorker(ThreadPoolExecutor.java:1142)
	at java.util.concurrent.ThreadPoolExecutor$Worker.run(ThreadPoolExecutor.java:617)
	at java.lang.Thread.run(Thread.java:745)
Caused by: org.testng.TestException: 
Method CalculatorTest.testPowNumZeroAndPowLessZero(double, double)[pri:0, instance:businessObject.CalculatorTest@47d384ee] should have thrown an exception of class java.lang.IllegalArgumentException
	at org.testng.internal.Invoker.handleInvocationResults(Invoker.java:1512)
	at org.testng.internal.Invoker.invokeMethod(Invoker.java:754)
	at org.testng.internal.Invoker.invokeTestMethod(Invoker.java:901)
	at org.testng.internal.Invoker.invokeTestMethods(Invoker.java:1231)
	... 5 more
</pre></div></td>
<td>0</td>
<td>businessObject.CalculatorTest@47d384ee</td></tr>
<tr>
<td title='businessObject.CalculatorTest.testSqrtWhenNumLessZero()'><b>testSqrtWhenNumLessZero</b><br>Test class: businessObject.CalculatorTest<br>Parameters: -5.6565656E7<br/>
<a href="#Output-693106932" onClick='toggleBox("Output-693106932", this, "Show output", "Hide output");'>Show output</a>

<a href="#Output-693106932" onClick="toggleAllBoxes();">Show all outputs</a>
<div class='log' id="Output-693106932">
</br>Tue Nov 01 20:48:55 MSK 2016. Test faild: [Regression test for calculation][businessObject.CalculatorTest][testSqrtWhenNumLessZero]. Status <2>. Time duration <0>.<br/>
</div>
</td>
<td><div><pre>org.testng.TestException: 
Method CalculatorTest.testSqrtWhenNumLessZero(double)[pri:0, instance:businessObject.CalculatorTest@47d384ee] should have thrown an exception of class java.lang.IllegalArgumentException
	at java.util.concurrent.ThreadPoolExecutor.runWorker(ThreadPoolExecutor.java:1142)
	at java.util.concurrent.ThreadPoolExecutor$Worker.run(ThreadPoolExecutor.java:617)
	at java.lang.Thread.run(Thread.java:745)
Method CalculatorTest.testSqrtWhenNumLessZero(double)[pri:0, instance:businessObject.CalculatorTest@47d384ee] should have thrown an exception of class java.lang.IllegalArgumentException
	... 5 more
... Removed 10 stack frames</pre></div><a href='#' onClick='toggleBox("stack-trace693106932", this, "Click to show all stack frames", "Click to hide stack frames")'>Click to show all stack frames</a>
<div class='stack-trace' id='stack-trace693106932'><pre>org.testng.TestException: 
Expected exception java.lang.IllegalArgumentException but got org.testng.TestException: 
Method CalculatorTest.testSqrtWhenNumLessZero(double)[pri:0, instance:businessObject.CalculatorTest@47d384ee] should have thrown an exception of class java.lang.IllegalArgumentException
	at org.testng.internal.Invoker.handleInvocationResults(Invoker.java:1497)
	at org.testng.internal.Invoker.invokeTestMethods(Invoker.java:1245)
	at org.testng.internal.TestMethodWorker.invokeTestMethods(TestMethodWorker.java:127)
	at org.testng.internal.TestMethodWorker.run(TestMethodWorker.java:111)
	at java.util.concurrent.ThreadPoolExecutor.runWorker(ThreadPoolExecutor.java:1142)
	at java.util.concurrent.ThreadPoolExecutor$Worker.run(ThreadPoolExecutor.java:617)
	at java.lang.Thread.run(Thread.java:745)
Caused by: org.testng.TestException: 
Method CalculatorTest.testSqrtWhenNumLessZero(double)[pri:0, instance:businessObject.CalculatorTest@47d384ee] should have thrown an exception of class java.lang.IllegalArgumentException
	at org.testng.internal.Invoker.handleInvocationResults(Invoker.java:1512)
	at org.testng.internal.Invoker.invokeMethod(Invoker.java:754)
	at org.testng.internal.Invoker.invokeTestMethod(Invoker.java:901)
	at org.testng.internal.Invoker.invokeTestMethods(Invoker.java:1231)
	... 5 more
</pre></div></td>
<td>0</td>
<td>businessObject.CalculatorTest@47d384ee</td></tr>
<tr>
<td title='businessObject.CalculatorTest.testSubDouble()'><b>testSubDouble</b><br>Test class: businessObject.CalculatorTest<br>Parameters: -5.6562523E7, -456.0, -5.6562979E7, 1.0E-10<br/>
<a href="#Output-1651480319" onClick='toggleBox("Output-1651480319", this, "Show output", "Hide output");'>Show output</a>

<a href="#Output-1651480319" onClick="toggleAllBoxes();">Show all outputs</a>
<div class='log' id="Output-1651480319">
</br>Tue Nov 01 20:48:55 MSK 2016. Test faild: [Regression test for calculation][businessObject.CalculatorTest][testSubDouble]. Status <2>. Time duration <0>.<br/>
</div>
</td>
<td><div><pre>java.lang.AssertionError: expected [-5.6562979E7] but found [-5.6562067E7]
	at businessObject.CalculatorTest.testSubDouble(CalculatorTest.java:37)
	at java.util.concurrent.ThreadPoolExecutor.runWorker(ThreadPoolExecutor.java:1142)
	at java.util.concurrent.ThreadPoolExecutor$Worker.run(ThreadPoolExecutor.java:617)
	at java.lang.Thread.run(Thread.java:745)
... Removed 14 stack frames</pre></div><a href='#' onClick='toggleBox("stack-trace1651480319", this, "Click to show all stack frames", "Click to hide stack frames")'>Click to show all stack frames</a>
<div class='stack-trace' id='stack-trace1651480319'><pre>java.lang.AssertionError: expected [-5.6562979E7] but found [-5.6562067E7]
	at org.testng.Assert.fail(Assert.java:94)
	at org.testng.Assert.failNotEquals(Assert.java:494)
	at org.testng.Assert.assertEquals(Assert.java:207)
	at org.testng.Assert.assertEquals(Assert.java:220)
	at businessObject.CalculatorTest.testSubDouble(CalculatorTest.java:37)
	at sun.reflect.NativeMethodAccessorImpl.invoke0(Native Method)
	at sun.reflect.NativeMethodAccessorImpl.invoke(NativeMethodAccessorImpl.java:62)
	at sun.reflect.DelegatingMethodAccessorImpl.invoke(DelegatingMethodAccessorImpl.java:43)
	at java.lang.reflect.Method.invoke(Method.java:498)
	at org.testng.internal.MethodInvocationHelper.invokeMethod(MethodInvocationHelper.java:84)
	at org.testng.internal.Invoker.invokeMethod(Invoker.java:714)
	at org.testng.internal.Invoker.invokeTestMethod(Invoker.java:901)
	at org.testng.internal.Invoker.invokeTestMethods(Invoker.java:1231)
	at org.testng.internal.TestMethodWorker.invokeTestMethods(TestMethodWorker.java:127)
	at org.testng.internal.TestMethodWorker.run(TestMethodWorker.java:111)
	at java.util.concurrent.ThreadPoolExecutor.runWorker(ThreadPoolExecutor.java:1142)
	at java.util.concurrent.ThreadPoolExecutor$Worker.run(ThreadPoolExecutor.java:617)
	at java.lang.Thread.run(Thread.java:745)
</pre></div></td>
<td>0</td>
<td>businessObject.CalculatorTest@47d384ee</td></tr>
<tr>
<td title='businessObject.CalculatorTest.testSubLong()'><b>testSubLong</b><br>Test class: businessObject.CalculatorTest<br>Parameters: 9223372036854775807, 98, 9223372036854775807<br/>
<a href="#Output-1501019491" onClick='toggleBox("Output-1501019491", this, "Show output", "Hide output");'>Show output</a>

<a href="#Output-1501019491" onClick="toggleAllBoxes();">Show all outputs</a>
<div class='log' id="Output-1501019491">
</br>Tue Nov 01 20:48:55 MSK 2016. Test faild: [Regression test for calculation][businessObject.CalculatorTest][testSubLong]. Status <2>. Time duration <0>.<br/>
</div>
</td>
<td><div><pre>java.lang.AssertionError: expected [9223372036854775807] but found [9223372036854775709]
	at businessObject.CalculatorTest.testSubLong(CalculatorTest.java:31)
	at java.util.concurrent.ThreadPoolExecutor.runWorker(ThreadPoolExecutor.java:1142)
	at java.util.concurrent.ThreadPoolExecutor$Worker.run(ThreadPoolExecutor.java:617)
	at java.lang.Thread.run(Thread.java:745)
... Removed 15 stack frames</pre></div><a href='#' onClick='toggleBox("stack-trace1501019491", this, "Click to show all stack frames", "Click to hide stack frames")'>Click to show all stack frames</a>
<div class='stack-trace' id='stack-trace1501019491'><pre>java.lang.AssertionError: expected [9223372036854775807] but found [9223372036854775709]
	at org.testng.Assert.fail(Assert.java:94)
	at org.testng.Assert.failNotEquals(Assert.java:494)
	at org.testng.Assert.assertEquals(Assert.java:123)
	at org.testng.Assert.assertEquals(Assert.java:265)
	at org.testng.Assert.assertEquals(Assert.java:275)
	at businessObject.CalculatorTest.testSubLong(CalculatorTest.java:31)
	at sun.reflect.NativeMethodAccessorImpl.invoke0(Native Method)
	at sun.reflect.NativeMethodAccessorImpl.invoke(NativeMethodAccessorImpl.java:62)
	at sun.reflect.DelegatingMethodAccessorImpl.invoke(DelegatingMethodAccessorImpl.java:43)
	at java.lang.reflect.Method.invoke(Method.java:498)
	at org.testng.internal.MethodInvocationHelper.invokeMethod(MethodInvocationHelper.java:84)
	at org.testng.internal.Invoker.invokeMethod(Invoker.java:714)
	at org.testng.internal.Invoker.invokeTestMethod(Invoker.java:901)
	at org.testng.internal.Invoker.invokeTestMethods(Invoker.java:1231)
	at org.testng.internal.TestMethodWorker.invokeTestMethods(TestMethodWorker.java:127)
	at org.testng.internal.TestMethodWorker.run(TestMethodWorker.java:111)
	at java.util.concurrent.ThreadPoolExecutor.runWorker(ThreadPoolExecutor.java:1142)
	at java.util.concurrent.ThreadPoolExecutor$Worker.run(ThreadPoolExecutor.java:617)
	at java.lang.Thread.run(Thread.java:745)
</pre></div></td>
<td>0</td>
<td>businessObject.CalculatorTest@47d384ee</td></tr>
<tr>
<td title='businessObject.CalculatorTest.testSubLong()'><b>testSubLong</b><br>Test class: businessObject.CalculatorTest<br>Parameters: -56562523, -456, 56562979<br/>
<a href="#Output-1024107389" onClick='toggleBox("Output-1024107389", this, "Show output", "Hide output");'>Show output</a>

<a href="#Output-1024107389" onClick="toggleAllBoxes();">Show all outputs</a>
<div class='log' id="Output-1024107389">
</br>Tue Nov 01 20:48:55 MSK 2016. Test faild: [Regression test for calculation][businessObject.CalculatorTest][testSubLong]. Status <2>. Time duration <0>.<br/>
</div>
</td>
<td><div><pre>java.lang.AssertionError: expected [56562979] but found [-56562067]
	at businessObject.CalculatorTest.testSubLong(CalculatorTest.java:31)
	at java.util.concurrent.ThreadPoolExecutor.runWorker(ThreadPoolExecutor.java:1142)
	at java.util.concurrent.ThreadPoolExecutor$Worker.run(ThreadPoolExecutor.java:617)
	at java.lang.Thread.run(Thread.java:745)
... Removed 15 stack frames</pre></div><a href='#' onClick='toggleBox("stack-trace1024107389", this, "Click to show all stack frames", "Click to hide stack frames")'>Click to show all stack frames</a>
<div class='stack-trace' id='stack-trace1024107389'><pre>java.lang.AssertionError: expected [56562979] but found [-56562067]
	at org.testng.Assert.fail(Assert.java:94)
	at org.testng.Assert.failNotEquals(Assert.java:494)
	at org.testng.Assert.assertEquals(Assert.java:123)
	at org.testng.Assert.assertEquals(Assert.java:265)
	at org.testng.Assert.assertEquals(Assert.java:275)
	at businessObject.CalculatorTest.testSubLong(CalculatorTest.java:31)
	at sun.reflect.NativeMethodAccessorImpl.invoke0(Native Method)
	at sun.reflect.NativeMethodAccessorImpl.invoke(NativeMethodAccessorImpl.java:62)
	at sun.reflect.DelegatingMethodAccessorImpl.invoke(DelegatingMethodAccessorImpl.java:43)
	at java.lang.reflect.Method.invoke(Method.java:498)
	at org.testng.internal.MethodInvocationHelper.invokeMethod(MethodInvocationHelper.java:84)
	at org.testng.internal.Invoker.invokeMethod(Invoker.java:714)
	at org.testng.internal.Invoker.invokeTestMethod(Invoker.java:901)
	at org.testng.internal.Invoker.invokeTestMethods(Invoker.java:1231)
	at org.testng.internal.TestMethodWorker.invokeTestMethods(TestMethodWorker.java:127)
	at org.testng.internal.TestMethodWorker.run(TestMethodWorker.java:111)
	at java.util.concurrent.ThreadPoolExecutor.runWorker(ThreadPoolExecutor.java:1142)
	at java.util.concurrent.ThreadPoolExecutor$Worker.run(ThreadPoolExecutor.java:617)
	at java.lang.Thread.run(Thread.java:745)
</pre></div></td>
<td>0</td>
<td>businessObject.CalculatorTest@47d384ee</td></tr>
<tr>
<td title='businessObject.CalculatorTest.testSubLong()'><b>testSubLong</b><br>Test class: businessObject.CalculatorTest<br>Parameters: 412341234123, -412341234123, 0<br/>
<a href="#Output-611513705" onClick='toggleBox("Output-611513705", this, "Show output", "Hide output");'>Show output</a>

<a href="#Output-611513705" onClick="toggleAllBoxes();">Show all outputs</a>
<div class='log' id="Output-611513705">
</br>Tue Nov 01 20:48:55 MSK 2016. Test faild: [Regression test for calculation][businessObject.CalculatorTest][testSubLong]. Status <2>. Time duration <0>.<br/>
</div>
</td>
<td><div><pre>java.lang.AssertionError: expected [0] but found [824682468246]
	at businessObject.CalculatorTest.testSubLong(CalculatorTest.java:31)
	at java.util.concurrent.ThreadPoolExecutor.runWorker(ThreadPoolExecutor.java:1142)
	at java.util.concurrent.ThreadPoolExecutor$Worker.run(ThreadPoolExecutor.java:617)
	at java.lang.Thread.run(Thread.java:745)
... Removed 15 stack frames</pre></div><a href='#' onClick='toggleBox("stack-trace611513705", this, "Click to show all stack frames", "Click to hide stack frames")'>Click to show all stack frames</a>
<div class='stack-trace' id='stack-trace611513705'><pre>java.lang.AssertionError: expected [0] but found [824682468246]
	at org.testng.Assert.fail(Assert.java:94)
	at org.testng.Assert.failNotEquals(Assert.java:494)
	at org.testng.Assert.assertEquals(Assert.java:123)
	at org.testng.Assert.assertEquals(Assert.java:265)
	at org.testng.Assert.assertEquals(Assert.java:275)
	at businessObject.CalculatorTest.testSubLong(CalculatorTest.java:31)
	at sun.reflect.NativeMethodAccessorImpl.invoke0(Native Method)
	at sun.reflect.NativeMethodAccessorImpl.invoke(NativeMethodAccessorImpl.java:62)
	at sun.reflect.DelegatingMethodAccessorImpl.invoke(DelegatingMethodAccessorImpl.java:43)
	at java.lang.reflect.Method.invoke(Method.java:498)
	at org.testng.internal.MethodInvocationHelper.invokeMethod(MethodInvocationHelper.java:84)
	at org.testng.internal.Invoker.invokeMethod(Invoker.java:714)
	at org.testng.internal.Invoker.invokeTestMethod(Invoker.java:901)
	at org.testng.internal.Invoker.invokeTestMethods(Invoker.java:1231)
	at org.testng.internal.TestMethodWorker.invokeTestMethods(TestMethodWorker.java:127)
	at org.testng.internal.TestMethodWorker.run(TestMethodWorker.java:111)
	at java.util.concurrent.ThreadPoolExecutor.runWorker(ThreadPoolExecutor.java:1142)
	at java.util.concurrent.ThreadPoolExecutor$Worker.run(ThreadPoolExecutor.java:617)
	at java.lang.Thread.run(Thread.java:745)
</pre></div></td>
<td>0</td>
<td>businessObject.CalculatorTest@47d384ee</td></tr>
<tr>
<td title='businessObject.CalculatorTest.testSubLong()'><b>testSubLong</b><br>Test class: businessObject.CalculatorTest<br>Parameters: -555555555555555, 5, 555555555555550<br/>
<a href="#Output-294036160" onClick='toggleBox("Output-294036160", this, "Show output", "Hide output");'>Show output</a>

<a href="#Output-294036160" onClick="toggleAllBoxes();">Show all outputs</a>
<div class='log' id="Output-294036160">
</br>Tue Nov 01 20:48:55 MSK 2016. Test faild: [Regression test for calculation][businessObject.CalculatorTest][testSubLong]. Status <2>. Time duration <0>.<br/>
</div>
</td>
<td><div><pre>java.lang.AssertionError: expected [555555555555550] but found [-555555555555560]
	at businessObject.CalculatorTest.testSubLong(CalculatorTest.java:31)
	at java.util.concurrent.ThreadPoolExecutor.runWorker(ThreadPoolExecutor.java:1142)
	at java.util.concurrent.ThreadPoolExecutor$Worker.run(ThreadPoolExecutor.java:617)
	at java.lang.Thread.run(Thread.java:745)
... Removed 15 stack frames</pre></div><a href='#' onClick='toggleBox("stack-trace294036160", this, "Click to show all stack frames", "Click to hide stack frames")'>Click to show all stack frames</a>
<div class='stack-trace' id='stack-trace294036160'><pre>java.lang.AssertionError: expected [555555555555550] but found [-555555555555560]
	at org.testng.Assert.fail(Assert.java:94)
	at org.testng.Assert.failNotEquals(Assert.java:494)
	at org.testng.Assert.assertEquals(Assert.java:123)
	at org.testng.Assert.assertEquals(Assert.java:265)
	at org.testng.Assert.assertEquals(Assert.java:275)
	at businessObject.CalculatorTest.testSubLong(CalculatorTest.java:31)
	at sun.reflect.NativeMethodAccessorImpl.invoke0(Native Method)
	at sun.reflect.NativeMethodAccessorImpl.invoke(NativeMethodAccessorImpl.java:62)
	at sun.reflect.DelegatingMethodAccessorImpl.invoke(DelegatingMethodAccessorImpl.java:43)
	at java.lang.reflect.Method.invoke(Method.java:498)
	at org.testng.internal.MethodInvocationHelper.invokeMethod(MethodInvocationHelper.java:84)
	at org.testng.internal.Invoker.invokeMethod(Invoker.java:714)
	at org.testng.internal.Invoker.invokeTestMethod(Invoker.java:901)
	at org.testng.internal.Invoker.invokeTestMethods(Invoker.java:1231)
	at org.testng.internal.TestMethodWorker.invokeTestMethods(TestMethodWorker.java:127)
	at org.testng.internal.TestMethodWorker.run(TestMethodWorker.java:111)
	at java.util.concurrent.ThreadPoolExecutor.runWorker(ThreadPoolExecutor.java:1142)
	at java.util.concurrent.ThreadPoolExecutor$Worker.run(ThreadPoolExecutor.java:617)
	at java.lang.Thread.run(Thread.java:745)
</pre></div></td>
<td>0</td>
<td>businessObject.CalculatorTest@47d384ee</td></tr>
<tr>
<td title='businessObject.CalculatorTest.testTg()'><b>testTg</b><br>Test class: businessObject.CalculatorTest<br>Parameters: -565656.0, 0.3354445635832207<br/>
<a href="#Output-1596253338" onClick='toggleBox("Output-1596253338", this, "Show output", "Hide output");'>Show output</a>

<a href="#Output-1596253338" onClick="toggleAllBoxes();">Show all outputs</a>
<div class='log' id="Output-1596253338">
</br>Tue Nov 01 20:49:23 MSK 2016. Test faild: [Regression test for calculation][businessObject.CalculatorTest][testTg]. Status <2>. Time duration <0>.<br/>
</div>
</td>
<td><div><pre>java.lang.AssertionError: expected [0.3354445635832207] but found [1.0]
	at businessObject.CalculatorTest.testTg(CalculatorTest.java:72)
	at java.util.concurrent.ThreadPoolExecutor.runWorker(ThreadPoolExecutor.java:1142)
	at java.util.concurrent.ThreadPoolExecutor$Worker.run(ThreadPoolExecutor.java:617)
	at java.lang.Thread.run(Thread.java:745)
... Removed 14 stack frames</pre></div><a href='#' onClick='toggleBox("stack-trace1596253338", this, "Click to show all stack frames", "Click to hide stack frames")'>Click to show all stack frames</a>
<div class='stack-trace' id='stack-trace1596253338'><pre>java.lang.AssertionError: expected [0.3354445635832207] but found [1.0]
	at org.testng.Assert.fail(Assert.java:94)
	at org.testng.Assert.failNotEquals(Assert.java:494)
	at org.testng.Assert.assertEquals(Assert.java:123)
	at org.testng.Assert.assertEquals(Assert.java:165)
	at businessObject.CalculatorTest.testTg(CalculatorTest.java:72)
	at sun.reflect.NativeMethodAccessorImpl.invoke0(Native Method)
	at sun.reflect.NativeMethodAccessorImpl.invoke(NativeMethodAccessorImpl.java:62)
	at sun.reflect.DelegatingMethodAccessorImpl.invoke(DelegatingMethodAccessorImpl.java:43)
	at java.lang.reflect.Method.invoke(Method.java:498)
	at org.testng.internal.MethodInvocationHelper.invokeMethod(MethodInvocationHelper.java:84)
	at org.testng.internal.Invoker.invokeMethod(Invoker.java:714)
	at org.testng.internal.Invoker.invokeTestMethod(Invoker.java:901)
	at org.testng.internal.Invoker.invokeTestMethods(Invoker.java:1231)
	at org.testng.internal.TestMethodWorker.invokeTestMethods(TestMethodWorker.java:127)
	at org.testng.internal.TestMethodWorker.run(TestMethodWorker.java:111)
	at java.util.concurrent.ThreadPoolExecutor.runWorker(ThreadPoolExecutor.java:1142)
	at java.util.concurrent.ThreadPoolExecutor$Worker.run(ThreadPoolExecutor.java:617)
	at java.lang.Thread.run(Thread.java:745)
</pre></div></td>
<td>0</td>
<td>businessObject.CalculatorTest@47d384ee</td></tr>
<tr>
<td title='businessObject.CalculatorTest.testTg()'><b>testTg</b><br>Test class: businessObject.CalculatorTest<br>Parameters: 0.0, 0.0<br/>
<a href="#Output-342645334" onClick='toggleBox("Output-342645334", this, "Show output", "Hide output");'>Show output</a>

<a href="#Output-342645334" onClick="toggleAllBoxes();">Show all outputs</a>
<div class='log' id="Output-342645334">
</br>Tue Nov 01 20:49:23 MSK 2016. Test faild: [Regression test for calculation][businessObject.CalculatorTest][testTg]. Status <2>. Time duration <0>.<br/>
</div>
</td>
<td><div><pre>java.lang.AssertionError: expected [0.0] but found [NaN]
	at businessObject.CalculatorTest.testTg(CalculatorTest.java:72)
	at java.util.concurrent.ThreadPoolExecutor.runWorker(ThreadPoolExecutor.java:1142)
	at java.util.concurrent.ThreadPoolExecutor$Worker.run(ThreadPoolExecutor.java:617)
	at java.lang.Thread.run(Thread.java:745)
... Removed 14 stack frames</pre></div><a href='#' onClick='toggleBox("stack-trace342645334", this, "Click to show all stack frames", "Click to hide stack frames")'>Click to show all stack frames</a>
<div class='stack-trace' id='stack-trace342645334'><pre>java.lang.AssertionError: expected [0.0] but found [NaN]
	at org.testng.Assert.fail(Assert.java:94)
	at org.testng.Assert.failNotEquals(Assert.java:494)
	at org.testng.Assert.assertEquals(Assert.java:123)
	at org.testng.Assert.assertEquals(Assert.java:165)
	at businessObject.CalculatorTest.testTg(CalculatorTest.java:72)
	at sun.reflect.NativeMethodAccessorImpl.invoke0(Native Method)
	at sun.reflect.NativeMethodAccessorImpl.invoke(NativeMethodAccessorImpl.java:62)
	at sun.reflect.DelegatingMethodAccessorImpl.invoke(DelegatingMethodAccessorImpl.java:43)
	at java.lang.reflect.Method.invoke(Method.java:498)
	at org.testng.internal.MethodInvocationHelper.invokeMethod(MethodInvocationHelper.java:84)
	at org.testng.internal.Invoker.invokeMethod(Invoker.java:714)
	at org.testng.internal.Invoker.invokeTestMethod(Invoker.java:901)
	at org.testng.internal.Invoker.invokeTestMethods(Invoker.java:1231)
	at org.testng.internal.TestMethodWorker.invokeTestMethods(TestMethodWorker.java:127)
	at org.testng.internal.TestMethodWorker.run(TestMethodWorker.java:111)
	at java.util.concurrent.ThreadPoolExecutor.runWorker(ThreadPoolExecutor.java:1142)
	at java.util.concurrent.ThreadPoolExecutor$Worker.run(ThreadPoolExecutor.java:617)
	at java.lang.Thread.run(Thread.java:745)
</pre></div></td>
<td>0</td>
<td>businessObject.CalculatorTest@47d384ee</td></tr>
<tr>
<td title='businessObject.CalculatorTest.testTg()'><b>testTg</b><br>Test class: businessObject.CalculatorTest<br>Parameters: 20.56, -7.114264447088601<br/>
<a href="#Output-851343267" onClick='toggleBox("Output-851343267", this, "Show output", "Hide output");'>Show output</a>

<a href="#Output-851343267" onClick="toggleAllBoxes();">Show all outputs</a>
<div class='log' id="Output-851343267">
</br>Tue Nov 01 20:49:23 MSK 2016. Test faild: [Regression test for calculation][businessObject.CalculatorTest][testTg]. Status <2>. Time duration <0>.<br/>
</div>
</td>
<td><div><pre>java.lang.AssertionError: expected [-7.114264447088601] but found [1.0]
	at businessObject.CalculatorTest.testTg(CalculatorTest.java:72)
	at java.util.concurrent.ThreadPoolExecutor.runWorker(ThreadPoolExecutor.java:1142)
	at java.util.concurrent.ThreadPoolExecutor$Worker.run(ThreadPoolExecutor.java:617)
	at java.lang.Thread.run(Thread.java:745)
... Removed 14 stack frames</pre></div><a href='#' onClick='toggleBox("stack-trace851343267", this, "Click to show all stack frames", "Click to hide stack frames")'>Click to show all stack frames</a>
<div class='stack-trace' id='stack-trace851343267'><pre>java.lang.AssertionError: expected [-7.114264447088601] but found [1.0]
	at org.testng.Assert.fail(Assert.java:94)
	at org.testng.Assert.failNotEquals(Assert.java:494)
	at org.testng.Assert.assertEquals(Assert.java:123)
	at org.testng.Assert.assertEquals(Assert.java:165)
	at businessObject.CalculatorTest.testTg(CalculatorTest.java:72)
	at sun.reflect.NativeMethodAccessorImpl.invoke0(Native Method)
	at sun.reflect.NativeMethodAccessorImpl.invoke(NativeMethodAccessorImpl.java:62)
	at sun.reflect.DelegatingMethodAccessorImpl.invoke(DelegatingMethodAccessorImpl.java:43)
	at java.lang.reflect.Method.invoke(Method.java:498)
	at org.testng.internal.MethodInvocationHelper.invokeMethod(MethodInvocationHelper.java:84)
	at org.testng.internal.Invoker.invokeMethod(Invoker.java:714)
	at org.testng.internal.Invoker.invokeTestMethod(Invoker.java:901)
	at org.testng.internal.Invoker.invokeTestMethods(Invoker.java:1231)
	at org.testng.internal.TestMethodWorker.invokeTestMethods(TestMethodWorker.java:127)
	at org.testng.internal.TestMethodWorker.run(TestMethodWorker.java:111)
	at java.util.concurrent.ThreadPoolExecutor.runWorker(ThreadPoolExecutor.java:1142)
	at java.util.concurrent.ThreadPoolExecutor$Worker.run(ThreadPoolExecutor.java:617)
	at java.lang.Thread.run(Thread.java:745)
</pre></div></td>
<td>0</td>
<td>businessObject.CalculatorTest@47d384ee</td></tr>
</table><p>
<table width='100%' border='1' class='invocation-passed'>
<tr><td colspan='4' align='center'><b>PASSED TESTS</b></td></tr>
<tr><td><b>Test method</b></td>
<td width="30%"><b>Exception</b></td>
<td width="10%"><b>Time (seconds)</b></td>
<td><b>Instance</b></td>
</tr>
<tr>
<td title='businessObject.CalculatorTest.testDivDouble()'><b>testDivDouble</b><br>Test class: businessObject.CalculatorTest<br>Parameters: 0.0, -5.656565656E9, 0.0, 1.0E-10<br/>
<a href="#Output-1440096153" onClick='toggleBox("Output-1440096153", this, "Show output", "Hide output");'>Show output</a>

<a href="#Output-1440096153" onClick="toggleAllBoxes();">Show all outputs</a>
<div class='log' id="Output-1440096153">
</br>Tue Nov 01 20:48:54 MSK 2016. Test passed: [Regression test for calculation][businessObject.CalculatorTest][testDivDouble]. Status <1>. Time duration <0>.<br/>
</div>
</td>
<td></td>
<td>0</td>
<td>businessObject.CalculatorTest@47d384ee</td></tr>
<tr>
<td title='businessObject.CalculatorTest.testDivDouble()'><b>testDivDouble</b><br>Test class: businessObject.CalculatorTest<br>Parameters: 456789.0, 6.0, 76131.5, 1.0E-10<br/>
<a href="#Output-1660019744" onClick='toggleBox("Output-1660019744", this, "Show output", "Hide output");'>Show output</a>

<a href="#Output-1660019744" onClick="toggleAllBoxes();">Show all outputs</a>
<div class='log' id="Output-1660019744">
</br>Tue Nov 01 20:48:54 MSK 2016. Test passed: [Regression test for calculation][businessObject.CalculatorTest][testDivDouble]. Status <1>. Time duration <0>.<br/>
</div>
</td>
<td></td>
<td>0</td>
<td>businessObject.CalculatorTest@47d384ee</td></tr>
<tr>
<td title='businessObject.CalculatorTest.testDivDouble()'><b>testDivDouble</b><br>Test class: businessObject.CalculatorTest<br>Parameters: -5.0, -5.0, 1.0, 1.0E-10<br/>
<a href="#Output-276262890" onClick='toggleBox("Output-276262890", this, "Show output", "Hide output");'>Show output</a>

<a href="#Output-276262890" onClick="toggleAllBoxes();">Show all outputs</a>
<div class='log' id="Output-276262890">
</br>Tue Nov 01 20:48:54 MSK 2016. Test passed: [Regression test for calculation][businessObject.CalculatorTest][testDivDouble]. Status <1>. Time duration <0>.<br/>
</div>
</td>
<td></td>
<td>0</td>
<td>businessObject.CalculatorTest@47d384ee</td></tr>
<tr>
<td title='businessObject.CalculatorTest.testDivDouble()'><b>testDivDouble</b><br>Test class: businessObject.CalculatorTest<br>Parameters: 30.0, -5.0, -6.0, 1.0E-10<br/>
<a href="#Output-7925523" onClick='toggleBox("Output-7925523", this, "Show output", "Hide output");'>Show output</a>

<a href="#Output-7925523" onClick="toggleAllBoxes();">Show all outputs</a>
<div class='log' id="Output-7925523">
</br>Tue Nov 01 20:48:54 MSK 2016. Test passed: [Regression test for calculation][businessObject.CalculatorTest][testDivDouble]. Status <1>. Time duration <0>.<br/>
</div>
</td>
<td></td>
<td>0</td>
<td>businessObject.CalculatorTest@47d384ee</td></tr>
<tr>
<td title='businessObject.CalculatorTest.testDivDouble()'><b>testDivDouble</b><br>Test class: businessObject.CalculatorTest<br>Parameters: -8.0, 20.0, -0.4, 1.0E-10<br/>
<a href="#Output-1698107986" onClick='toggleBox("Output-1698107986", this, "Show output", "Hide output");'>Show output</a>

<a href="#Output-1698107986" onClick="toggleAllBoxes();">Show all outputs</a>
<div class='log' id="Output-1698107986">
</br>Tue Nov 01 20:48:54 MSK 2016. Test passed: [Regression test for calculation][businessObject.CalculatorTest][testDivDouble]. Status <1>. Time duration <0>.<br/>
</div>
</td>
<td></td>
<td>0</td>
<td>businessObject.CalculatorTest@47d384ee</td></tr>
<tr>
<td title='businessObject.CalculatorTest.testDivLong()'><b>testDivLong</b><br>Test class: businessObject.CalculatorTest<br>Parameters: 5, 1, 5<br/>
<a href="#Output-143272496" onClick='toggleBox("Output-143272496", this, "Show output", "Hide output");'>Show output</a>

<a href="#Output-143272496" onClick="toggleAllBoxes();">Show all outputs</a>
<div class='log' id="Output-143272496">
</br>Tue Nov 01 20:48:54 MSK 2016. Test passed: [Regression test for calculation][businessObject.CalculatorTest][testDivLong]. Status <1>. Time duration <0>.<br/>
</div>
</td>
<td></td>
<td>0</td>
<td>businessObject.CalculatorTest@47d384ee</td></tr>
<tr>
<td title='businessObject.CalculatorTest.testDivLong()'><b>testDivLong</b><br>Test class: businessObject.CalculatorTest<br>Parameters: -566, 656, 0<br/>
<a href="#Output-589896948" onClick='toggleBox("Output-589896948", this, "Show output", "Hide output");'>Show output</a>

<a href="#Output-589896948" onClick="toggleAllBoxes();">Show all outputs</a>
<div class='log' id="Output-589896948">
</br>Tue Nov 01 20:48:54 MSK 2016. Test passed: [Regression test for calculation][businessObject.CalculatorTest][testDivLong]. Status <1>. Time duration <0>.<br/>
</div>
</td>
<td></td>
<td>0</td>
<td>businessObject.CalculatorTest@47d384ee</td></tr>
<tr>
<td title='businessObject.CalculatorTest.testDivLong()'><b>testDivLong</b><br>Test class: businessObject.CalculatorTest<br>Parameters: 5547, -555, -9<br/>
<a href="#Output-1693351925" onClick='toggleBox("Output-1693351925", this, "Show output", "Hide output");'>Show output</a>

<a href="#Output-1693351925" onClick="toggleAllBoxes();">Show all outputs</a>
<div class='log' id="Output-1693351925">
</br>Tue Nov 01 20:48:54 MSK 2016. Test passed: [Regression test for calculation][businessObject.CalculatorTest][testDivLong]. Status <1>. Time duration <0>.<br/>
</div>
</td>
<td></td>
<td>0</td>
<td>businessObject.CalculatorTest@47d384ee</td></tr>
<tr>
<td title='businessObject.CalculatorTest.testDivLong()'><b>testDivLong</b><br>Test class: businessObject.CalculatorTest<br>Parameters: -5466, -565, 9<br/>
<a href="#Output-966153400" onClick='toggleBox("Output-966153400", this, "Show output", "Hide output");'>Show output</a>

<a href="#Output-966153400" onClick="toggleAllBoxes();">Show all outputs</a>
<div class='log' id="Output-966153400">
</br>Tue Nov 01 20:48:54 MSK 2016. Test passed: [Regression test for calculation][businessObject.CalculatorTest][testDivLong]. Status <1>. Time duration <0>.<br/>
</div>
</td>
<td></td>
<td>0</td>
<td>businessObject.CalculatorTest@47d384ee</td></tr>
<tr>
<td title='businessObject.CalculatorTest.testIsNegative()'><b>testIsNegative</b><br>Test class: businessObject.CalculatorTest<br>Parameters: -555<br/>
<a href="#Output-1640539964" onClick='toggleBox("Output-1640539964", this, "Show output", "Hide output");'>Show output</a>

<a href="#Output-1640539964" onClick="toggleAllBoxes();">Show all outputs</a>
<div class='log' id="Output-1640539964">
</br>Tue Nov 01 20:48:54 MSK 2016. Test passed: [Regression test for calculation][businessObject.CalculatorTest][testIsNegative]. Status <1>. Time duration <0>.<br/>
</div>
</td>
<td></td>
<td>0</td>
<td>businessObject.CalculatorTest@47d384ee</td></tr>
<tr>
<td title='businessObject.CalculatorTest.testIsPosWithNegativeNumber()'><b>testIsPosWithNegativeNumber</b><br>Test class: businessObject.CalculatorTest<br>Parameters: -57987876<br/>
<a href="#Output-708183382" onClick='toggleBox("Output-708183382", this, "Show output", "Hide output");'>Show output</a>

<a href="#Output-708183382" onClick="toggleAllBoxes();">Show all outputs</a>
<div class='log' id="Output-708183382">
</br>Tue Nov 01 20:48:54 MSK 2016. Test passed: [Regression test for calculation][businessObject.CalculatorTest][testIsPosWithNegativeNumber]. Status <1>. Time duration <0>.<br/>
</div>
</td>
<td></td>
<td>0</td>
<td>businessObject.CalculatorTest@47d384ee</td></tr>
<tr>
<td title='businessObject.CalculatorTest.testIsPositive()'><b>testIsPositive</b><br>Test class: businessObject.CalculatorTest<br>Parameters: 32223<br/>
<a href="#Output-2080038788" onClick='toggleBox("Output-2080038788", this, "Show output", "Hide output");'>Show output</a>

<a href="#Output-2080038788" onClick="toggleAllBoxes();">Show all outputs</a>
<div class='log' id="Output-2080038788">
</br>Tue Nov 01 20:48:54 MSK 2016. Test passed: [Regression test for calculation][businessObject.CalculatorTest][testIsPositive]. Status <1>. Time duration <0>.<br/>
</div>
</td>
<td></td>
<td>0</td>
<td>businessObject.CalculatorTest@47d384ee</td></tr>
<tr>
<td title='businessObject.CalculatorTest.testMultDouble()'><b>testMultDouble</b><br>Test class: businessObject.CalculatorTest<br>Parameters: 0.0, -5.6565656562E9, 0.0, 1.0E-10<br/>
<a href="#Output-1861801326" onClick='toggleBox("Output-1861801326", this, "Show output", "Hide output");'>Show output</a>

<a href="#Output-1861801326" onClick="toggleAllBoxes();">Show all outputs</a>
<div class='log' id="Output-1861801326">
</br>Tue Nov 01 20:48:54 MSK 2016. Test passed: [Regression test for calculation][businessObject.CalculatorTest][testMultDouble]. Status <1>. Time duration <0>.<br/>
</div>
</td>
<td></td>
<td>0</td>
<td>businessObject.CalculatorTest@47d384ee</td></tr>
<tr>
<td title='businessObject.CalculatorTest.testMultDouble()'><b>testMultDouble</b><br>Test class: businessObject.CalculatorTest<br>Parameters: 0.0, 0.0, 0.0, 1.0E-10<br/>
<a href="#Output-1137910218" onClick='toggleBox("Output-1137910218", this, "Show output", "Hide output");'>Show output</a>

<a href="#Output-1137910218" onClick="toggleAllBoxes();">Show all outputs</a>
<div class='log' id="Output-1137910218">
</br>Tue Nov 01 20:48:54 MSK 2016. Test passed: [Regression test for calculation][businessObject.CalculatorTest][testMultDouble]. Status <1>. Time duration <0>.<br/>
</div>
</td>
<td></td>
<td>0</td>
<td>businessObject.CalculatorTest@47d384ee</td></tr>
<tr>
<td title='businessObject.CalculatorTest.testMultDouble()'><b>testMultDouble</b><br>Test class: businessObject.CalculatorTest<br>Parameters: 4.65467468465464E17, 0.0, 0.0, 1.0E-10<br/>
<a href="#Output-1300619122" onClick='toggleBox("Output-1300619122", this, "Show output", "Hide output");'>Show output</a>

<a href="#Output-1300619122" onClick="toggleAllBoxes();">Show all outputs</a>
<div class='log' id="Output-1300619122">
</br>Tue Nov 01 20:48:54 MSK 2016. Test passed: [Regression test for calculation][businessObject.CalculatorTest][testMultDouble]. Status <1>. Time duration <0>.<br/>
</div>
</td>
<td></td>
<td>0</td>
<td>businessObject.CalculatorTest@47d384ee</td></tr>
<tr>
<td title='businessObject.CalculatorTest.testMultLong()'><b>testMultLong</b><br>Test class: businessObject.CalculatorTest<br>Parameters: 0, -5656565656, 0<br/>
<a href="#Output-386789375" onClick='toggleBox("Output-386789375", this, "Show output", "Hide output");'>Show output</a>

<a href="#Output-386789375" onClick="toggleAllBoxes();">Show all outputs</a>
<div class='log' id="Output-386789375">
</br>Tue Nov 01 20:48:55 MSK 2016. Test passed: [Regression test for calculation][businessObject.CalculatorTest][testMultLong]. Status <1>. Time duration <0>.<br/>
</div>
</td>
<td></td>
<td>0</td>
<td>businessObject.CalculatorTest@47d384ee</td></tr>
<tr>
<td title='businessObject.CalculatorTest.testMultLong()'><b>testMultLong</b><br>Test class: businessObject.CalculatorTest<br>Parameters: 0, 0, 0<br/>
<a href="#Output-1355171585" onClick='toggleBox("Output-1355171585", this, "Show output", "Hide output");'>Show output</a>

<a href="#Output-1355171585" onClick="toggleAllBoxes();">Show all outputs</a>
<div class='log' id="Output-1355171585">
</br>Tue Nov 01 20:48:55 MSK 2016. Test passed: [Regression test for calculation][businessObject.CalculatorTest][testMultLong]. Status <1>. Time duration <0>.<br/>
</div>
</td>
<td></td>
<td>0</td>
<td>businessObject.CalculatorTest@47d384ee</td></tr>
<tr>
<td title='businessObject.CalculatorTest.testMultLong()'><b>testMultLong</b><br>Test class: businessObject.CalculatorTest<br>Parameters: 465467468465464000, 0, 0<br/>
<a href="#Output-967892611" onClick='toggleBox("Output-967892611", this, "Show output", "Hide output");'>Show output</a>

<a href="#Output-967892611" onClick="toggleAllBoxes();">Show all outputs</a>
<div class='log' id="Output-967892611">
</br>Tue Nov 01 20:48:55 MSK 2016. Test passed: [Regression test for calculation][businessObject.CalculatorTest][testMultLong]. Status <1>. Time duration <0>.<br/>
</div>
</td>
<td></td>
<td>0</td>
<td>businessObject.CalculatorTest@47d384ee</td></tr>
<tr>
<td title='businessObject.CalculatorTest.testMultLong()'><b>testMultLong</b><br>Test class: businessObject.CalculatorTest<br>Parameters: 456789, 6, 2740734<br/>
<a href="#Output-1204781862" onClick='toggleBox("Output-1204781862", this, "Show output", "Hide output");'>Show output</a>

<a href="#Output-1204781862" onClick="toggleAllBoxes();">Show all outputs</a>
<div class='log' id="Output-1204781862">
</br>Tue Nov 01 20:48:55 MSK 2016. Test passed: [Regression test for calculation][businessObject.CalculatorTest][testMultLong]. Status <1>. Time duration <0>.<br/>
</div>
</td>
<td></td>
<td>0</td>
<td>businessObject.CalculatorTest@47d384ee</td></tr>
<tr>
<td title='businessObject.CalculatorTest.testMultLong()'><b>testMultLong</b><br>Test class: businessObject.CalculatorTest<br>Parameters: -5, -5, 25<br/>
<a href="#Output-1061547575" onClick='toggleBox("Output-1061547575", this, "Show output", "Hide output");'>Show output</a>

<a href="#Output-1061547575" onClick="toggleAllBoxes();">Show all outputs</a>
<div class='log' id="Output-1061547575">
</br>Tue Nov 01 20:48:55 MSK 2016. Test passed: [Regression test for calculation][businessObject.CalculatorTest][testMultLong]. Status <1>. Time duration <0>.<br/>
</div>
</td>
<td></td>
<td>0</td>
<td>businessObject.CalculatorTest@47d384ee</td></tr>
<tr>
<td title='businessObject.CalculatorTest.testMultLong()'><b>testMultLong</b><br>Test class: businessObject.CalculatorTest<br>Parameters: 30, -5, -150<br/>
<a href="#Output-1566132369" onClick='toggleBox("Output-1566132369", this, "Show output", "Hide output");'>Show output</a>

<a href="#Output-1566132369" onClick="toggleAllBoxes();">Show all outputs</a>
<div class='log' id="Output-1566132369">
</br>Tue Nov 01 20:48:55 MSK 2016. Test passed: [Regression test for calculation][businessObject.CalculatorTest][testMultLong]. Status <1>. Time duration <0>.<br/>
</div>
</td>
<td></td>
<td>0</td>
<td>businessObject.CalculatorTest@47d384ee</td></tr>
<tr>
<td title='businessObject.CalculatorTest.testMultLong()'><b>testMultLong</b><br>Test class: businessObject.CalculatorTest<br>Parameters: -8, 20, -160<br/>
<a href="#Output-1646444927" onClick='toggleBox("Output-1646444927", this, "Show output", "Hide output");'>Show output</a>

<a href="#Output-1646444927" onClick="toggleAllBoxes();">Show all outputs</a>
<div class='log' id="Output-1646444927">
</br>Tue Nov 01 20:48:55 MSK 2016. Test passed: [Regression test for calculation][businessObject.CalculatorTest][testMultLong]. Status <1>. Time duration <0>.<br/>
</div>
</td>
<td></td>
<td>0</td>
<td>businessObject.CalculatorTest@47d384ee</td></tr>
<tr>
<td title='businessObject.CalculatorTest.testPow()'><b>testPow</b><br>Test class: businessObject.CalculatorTest<br>Parameters: 4.65467468465464E17, 0.0, 1.0<br/>
<a href="#Output-1506781358" onClick='toggleBox("Output-1506781358", this, "Show output", "Hide output");'>Show output</a>

<a href="#Output-1506781358" onClick="toggleAllBoxes();">Show all outputs</a>
<div class='log' id="Output-1506781358">
</br>Tue Nov 01 20:48:55 MSK 2016. Test passed: [Regression test for calculation][businessObject.CalculatorTest][testPow]. Status <1>. Time duration <0>.<br/>
</div>
</td>
<td></td>
<td>0</td>
<td>businessObject.CalculatorTest@47d384ee</td></tr>
<tr>
<td title='businessObject.CalculatorTest.testPow()'><b>testPow</b><br>Test class: businessObject.CalculatorTest<br>Parameters: 456789.0, 6.0, 9.08434924831199E33<br/>
<a href="#Output-1231798774" onClick='toggleBox("Output-1231798774", this, "Show output", "Hide output");'>Show output</a>

<a href="#Output-1231798774" onClick="toggleAllBoxes();">Show all outputs</a>
<div class='log' id="Output-1231798774">
</br>Tue Nov 01 20:48:55 MSK 2016. Test passed: [Regression test for calculation][businessObject.CalculatorTest][testPow]. Status <1>. Time duration <0>.<br/>
</div>
</td>
<td></td>
<td>0</td>
<td>businessObject.CalculatorTest@47d384ee</td></tr>
<tr>
<td title='businessObject.CalculatorTest.testPow()'><b>testPow</b><br>Test class: businessObject.CalculatorTest<br>Parameters: -5.0, -5.0, -3.2E-4<br/>
<a href="#Output-1591805322" onClick='toggleBox("Output-1591805322", this, "Show output", "Hide output");'>Show output</a>

<a href="#Output-1591805322" onClick="toggleAllBoxes();">Show all outputs</a>
<div class='log' id="Output-1591805322">
</br>Tue Nov 01 20:48:55 MSK 2016. Test passed: [Regression test for calculation][businessObject.CalculatorTest][testPow]. Status <1>. Time duration <0>.<br/>
</div>
</td>
<td></td>
<td>0</td>
<td>businessObject.CalculatorTest@47d384ee</td></tr>
<tr>
<td title='businessObject.CalculatorTest.testPow()'><b>testPow</b><br>Test class: businessObject.CalculatorTest<br>Parameters: 30.0, -5.0, 4.11522633744856E-8<br/>
<a href="#Output-716971536" onClick='toggleBox("Output-716971536", this, "Show output", "Hide output");'>Show output</a>

<a href="#Output-716971536" onClick="toggleAllBoxes();">Show all outputs</a>
<div class='log' id="Output-716971536">
</br>Tue Nov 01 20:48:55 MSK 2016. Test passed: [Regression test for calculation][businessObject.CalculatorTest][testPow]. Status <1>. Time duration <0>.<br/>
</div>
</td>
<td></td>
<td>0</td>
<td>businessObject.CalculatorTest@47d384ee</td></tr>
<tr>
<td title='businessObject.CalculatorTest.testPow()'><b>testPow</b><br>Test class: businessObject.CalculatorTest<br>Parameters: -8.0, 20.0, 1.15292150460684698E18<br/>
<a href="#Output-236079409" onClick='toggleBox("Output-236079409", this, "Show output", "Hide output");'>Show output</a>

<a href="#Output-236079409" onClick="toggleAllBoxes();">Show all outputs</a>
<div class='log' id="Output-236079409">
</br>Tue Nov 01 20:48:55 MSK 2016. Test passed: [Regression test for calculation][businessObject.CalculatorTest][testPow]. Status <1>. Time duration <0>.<br/>
</div>
</td>
<td></td>
<td>0</td>
<td>businessObject.CalculatorTest@47d384ee</td></tr>
<tr>
<td title='businessObject.CalculatorTest.testSin()'><b>testSin</b><br>Test class: businessObject.CalculatorTest<br>Parameters: -5656.0, -0.9057828422998849<br/>
<a href="#Output-487198682" onClick='toggleBox("Output-487198682", this, "Show output", "Hide output");'>Show output</a>

<a href="#Output-487198682" onClick="toggleAllBoxes();">Show all outputs</a>
<div class='log' id="Output-487198682">
</br>Tue Nov 01 20:48:55 MSK 2016. Test passed: [Regression test for calculation][businessObject.CalculatorTest][testSin]. Status <1>. Time duration <0>.<br/>
</div>
</td>
<td></td>
<td>0</td>
<td>businessObject.CalculatorTest@47d384ee</td></tr>
<tr>
<td title='businessObject.CalculatorTest.testSin()'><b>testSin</b><br>Test class: businessObject.CalculatorTest<br>Parameters: 0.0, 0.0<br/>
<a href="#Output-429090819" onClick='toggleBox("Output-429090819", this, "Show output", "Hide output");'>Show output</a>

<a href="#Output-429090819" onClick="toggleAllBoxes();">Show all outputs</a>
<div class='log' id="Output-429090819">
</br>Tue Nov 01 20:48:55 MSK 2016. Test passed: [Regression test for calculation][businessObject.CalculatorTest][testSin]. Status <1>. Time duration <0>.<br/>
</div>
</td>
<td></td>
<td>0</td>
<td>businessObject.CalculatorTest@47d384ee</td></tr>
<tr>
<td title='businessObject.CalculatorTest.testSin()'><b>testSin</b><br>Test class: businessObject.CalculatorTest<br>Parameters: 20.56, 0.9902650886087779<br/>
<a href="#Output-1653751555" onClick='toggleBox("Output-1653751555", this, "Show output", "Hide output");'>Show output</a>

<a href="#Output-1653751555" onClick="toggleAllBoxes();">Show all outputs</a>
<div class='log' id="Output-1653751555">
</br>Tue Nov 01 20:48:55 MSK 2016. Test passed: [Regression test for calculation][businessObject.CalculatorTest][testSin]. Status <1>. Time duration <0>.<br/>
</div>
</td>
<td></td>
<td>0</td>
<td>businessObject.CalculatorTest@47d384ee</td></tr>
<tr>
<td title='businessObject.CalculatorTest.testSin()'><b>testSin</b><br>Test class: businessObject.CalculatorTest<br>Parameters: 1.0, 0.8414709848078965<br/>
<a href="#Output-2075310619" onClick='toggleBox("Output-2075310619", this, "Show output", "Hide output");'>Show output</a>

<a href="#Output-2075310619" onClick="toggleAllBoxes();">Show all outputs</a>
<div class='log' id="Output-2075310619">
</br>Tue Nov 01 20:48:55 MSK 2016. Test passed: [Regression test for calculation][businessObject.CalculatorTest][testSin]. Status <1>. Time duration <0>.<br/>
</div>
</td>
<td></td>
<td>0</td>
<td>businessObject.CalculatorTest@47d384ee</td></tr>
<tr>
<td title='businessObject.CalculatorTest.testSqrt()'><b>testSqrt</b><br>Test class: businessObject.CalculatorTest<br>Parameters: 0.0, 0.0<br/>
<a href="#Output-906698344" onClick='toggleBox("Output-906698344", this, "Show output", "Hide output");'>Show output</a>

<a href="#Output-906698344" onClick="toggleAllBoxes();">Show all outputs</a>
<div class='log' id="Output-906698344">
</br>Tue Nov 01 20:48:55 MSK 2016. Test passed: [Regression test for calculation][businessObject.CalculatorTest][testSqrt]. Status <1>. Time duration <0>.<br/>
</div>
</td>
<td></td>
<td>0</td>
<td>businessObject.CalculatorTest@47d384ee</td></tr>
<tr>
<td title='businessObject.CalculatorTest.testSqrt()'><b>testSqrt</b><br>Test class: businessObject.CalculatorTest<br>Parameters: 6.0, 2.449489742783178<br/>
<a href="#Output-878357466" onClick='toggleBox("Output-878357466", this, "Show output", "Hide output");'>Show output</a>

<a href="#Output-878357466" onClick="toggleAllBoxes();">Show all outputs</a>
<div class='log' id="Output-878357466">
</br>Tue Nov 01 20:48:55 MSK 2016. Test passed: [Regression test for calculation][businessObject.CalculatorTest][testSqrt]. Status <1>. Time duration <0>.<br/>
</div>
</td>
<td></td>
<td>0</td>
<td>businessObject.CalculatorTest@47d384ee</td></tr>
<tr>
<td title='businessObject.CalculatorTest.testSqrt()'><b>testSqrt</b><br>Test class: businessObject.CalculatorTest<br>Parameters: 20.56, 4.534313619501853<br/>
<a href="#Output-1204019317" onClick='toggleBox("Output-1204019317", this, "Show output", "Hide output");'>Show output</a>

<a href="#Output-1204019317" onClick="toggleAllBoxes();">Show all outputs</a>
<div class='log' id="Output-1204019317">
</br>Tue Nov 01 20:48:55 MSK 2016. Test passed: [Regression test for calculation][businessObject.CalculatorTest][testSqrt]. Status <1>. Time duration <0>.<br/>
</div>
</td>
<td></td>
<td>0</td>
<td>businessObject.CalculatorTest@47d384ee</td></tr>
<tr>
<td title='businessObject.CalculatorTest.testSubDouble()'><b>testSubDouble</b><br>Test class: businessObject.CalculatorTest<br>Parameters: 0.0, 0.0, 0.0, 1.0E-10<br/>
<a href="#Output-649870497" onClick='toggleBox("Output-649870497", this, "Show output", "Hide output");'>Show output</a>

<a href="#Output-649870497" onClick="toggleAllBoxes();">Show all outputs</a>
<div class='log' id="Output-649870497">
</br>Tue Nov 01 20:48:55 MSK 2016. Test passed: [Regression test for calculation][businessObject.CalculatorTest][testSubDouble]. Status <1>. Time duration <0>.<br/>
</div>
</td>
<td></td>
<td>0</td>
<td>businessObject.CalculatorTest@47d384ee</td></tr>
<tr>
<td title='businessObject.CalculatorTest.testSubDouble()'><b>testSubDouble</b><br>Test class: businessObject.CalculatorTest<br>Parameters: 0.0, -4.654564564E9, 4.654564564E9, 1.0E-10<br/>
<a href="#Output-2124722251" onClick='toggleBox("Output-2124722251", this, "Show output", "Hide output");'>Show output</a>

<a href="#Output-2124722251" onClick="toggleAllBoxes();">Show all outputs</a>
<div class='log' id="Output-2124722251">
</br>Tue Nov 01 20:48:55 MSK 2016. Test passed: [Regression test for calculation][businessObject.CalculatorTest][testSubDouble]. Status <1>. Time duration <0>.<br/>
</div>
</td>
<td></td>
<td>0</td>
<td>businessObject.CalculatorTest@47d384ee</td></tr>
<tr>
<td title='businessObject.CalculatorTest.testSubDouble()'><b>testSubDouble</b><br>Test class: businessObject.CalculatorTest<br>Parameters: 5.4646546546E10, 0.0, 5.4646546546E10, 1.0E-10<br/>
<a href="#Output-679116595" onClick='toggleBox("Output-679116595", this, "Show output", "Hide output");'>Show output</a>

<a href="#Output-679116595" onClick="toggleAllBoxes();">Show all outputs</a>
<div class='log' id="Output-679116595">
</br>Tue Nov 01 20:48:55 MSK 2016. Test passed: [Regression test for calculation][businessObject.CalculatorTest][testSubDouble]. Status <1>. Time duration <0>.<br/>
</div>
</td>
<td></td>
<td>0</td>
<td>businessObject.CalculatorTest@47d384ee</td></tr>
<tr>
<td title='businessObject.CalculatorTest.testSubDouble()'><b>testSubDouble</b><br>Test class: businessObject.CalculatorTest<br>Parameters: 9.89898989898989E19, 98.0, 9.89898989898989E19, 1.0E-10<br/>
<a href="#Output-636612564" onClick='toggleBox("Output-636612564", this, "Show output", "Hide output");'>Show output</a>

<a href="#Output-636612564" onClick="toggleAllBoxes();">Show all outputs</a>
<div class='log' id="Output-636612564">
</br>Tue Nov 01 20:48:55 MSK 2016. Test passed: [Regression test for calculation][businessObject.CalculatorTest][testSubDouble]. Status <1>. Time duration <0>.<br/>
</div>
</td>
<td></td>
<td>0</td>
<td>businessObject.CalculatorTest@47d384ee</td></tr>
<tr>
<td title='businessObject.CalculatorTest.testSubDouble()'><b>testSubDouble</b><br>Test class: businessObject.CalculatorTest<br>Parameters: 4.12341234123E11, 4.12341234123E11, 0.0, 1.0E-10<br/>
<a href="#Output-1114253303" onClick='toggleBox("Output-1114253303", this, "Show output", "Hide output");'>Show output</a>

<a href="#Output-1114253303" onClick="toggleAllBoxes();">Show all outputs</a>
<div class='log' id="Output-1114253303">
</br>Tue Nov 01 20:48:55 MSK 2016. Test passed: [Regression test for calculation][businessObject.CalculatorTest][testSubDouble]. Status <1>. Time duration <0>.<br/>
</div>
</td>
<td></td>
<td>0</td>
<td>businessObject.CalculatorTest@47d384ee</td></tr>
<tr>
<td title='businessObject.CalculatorTest.testSubDouble()'><b>testSubDouble</b><br>Test class: businessObject.CalculatorTest<br>Parameters: -5.55555555555555E14, 5.0, -5.5555555555556E14, 1.0E-10<br/>
<a href="#Output-1758461729" onClick='toggleBox("Output-1758461729", this, "Show output", "Hide output");'>Show output</a>

<a href="#Output-1758461729" onClick="toggleAllBoxes();">Show all outputs</a>
<div class='log' id="Output-1758461729">
</br>Tue Nov 01 20:48:55 MSK 2016. Test passed: [Regression test for calculation][businessObject.CalculatorTest][testSubDouble]. Status <1>. Time duration <0>.<br/>
</div>
</td>
<td></td>
<td>0</td>
<td>businessObject.CalculatorTest@47d384ee</td></tr>
<tr>
<td title='businessObject.CalculatorTest.testSubLong()'><b>testSubLong</b><br>Test class: businessObject.CalculatorTest<br>Parameters: 0, 0, 0<br/>
<a href="#Output-1980322985" onClick='toggleBox("Output-1980322985", this, "Show output", "Hide output");'>Show output</a>

<a href="#Output-1980322985" onClick="toggleAllBoxes();">Show all outputs</a>
<div class='log' id="Output-1980322985">
</br>Tue Nov 01 20:48:55 MSK 2016. Test passed: [Regression test for calculation][businessObject.CalculatorTest][testSubLong]. Status <1>. Time duration <0>.<br/>
</div>
</td>
<td></td>
<td>0</td>
<td>businessObject.CalculatorTest@47d384ee</td></tr>
<tr>
<td title='businessObject.CalculatorTest.testSubLong()'><b>testSubLong</b><br>Test class: businessObject.CalculatorTest<br>Parameters: 0, -4654564564, 4654564564<br/>
<a href="#Output-1561371813" onClick='toggleBox("Output-1561371813", this, "Show output", "Hide output");'>Show output</a>

<a href="#Output-1561371813" onClick="toggleAllBoxes();">Show all outputs</a>
<div class='log' id="Output-1561371813">
</br>Tue Nov 01 20:48:55 MSK 2016. Test passed: [Regression test for calculation][businessObject.CalculatorTest][testSubLong]. Status <1>. Time duration <0>.<br/>
</div>
</td>
<td></td>
<td>0</td>
<td>businessObject.CalculatorTest@47d384ee</td></tr>
<tr>
<td title='businessObject.CalculatorTest.testSubLong()'><b>testSubLong</b><br>Test class: businessObject.CalculatorTest<br>Parameters: 54646546546, 0, 54646546546<br/>
<a href="#Output-1322677615" onClick='toggleBox("Output-1322677615", this, "Show output", "Hide output");'>Show output</a>

<a href="#Output-1322677615" onClick="toggleAllBoxes();">Show all outputs</a>
<div class='log' id="Output-1322677615">
</br>Tue Nov 01 20:48:55 MSK 2016. Test passed: [Regression test for calculation][businessObject.CalculatorTest][testSubLong]. Status <1>. Time duration <0>.<br/>
</div>
</td>
<td></td>
<td>0</td>
<td>businessObject.CalculatorTest@47d384ee</td></tr>
<tr>
<td title='businessObject.CalculatorTest.testSumDouble()'><b>testSumDouble</b><br>Test class: businessObject.CalculatorTest<br>Parameters: -564.25, 564.25, 0.0, 1.0E-10<br/>
<a href="#Output-886431577" onClick='toggleBox("Output-886431577", this, "Show output", "Hide output");'>Show output</a>

<a href="#Output-886431577" onClick="toggleAllBoxes();">Show all outputs</a>
<div class='log' id="Output-886431577">
</br>Tue Nov 01 20:48:57 MSK 2016. Test passed: [Regression test for calculation][businessObject.CalculatorTest][testSumDouble]. Status <1>. Time duration <2006>.<br/>
</div>
</td>
<td></td>
<td>2</td>
<td>businessObject.CalculatorTest@47d384ee</td></tr>
<tr>
<td title='businessObject.CalculatorTest.testSumDouble()'><b>testSumDouble</b><br>Test class: businessObject.CalculatorTest<br>Parameters: 1000.05, 250.5, 1250.55, 1.0E-10<br/>
<a href="#Output-840087461" onClick='toggleBox("Output-840087461", this, "Show output", "Hide output");'>Show output</a>

<a href="#Output-840087461" onClick="toggleAllBoxes();">Show all outputs</a>
<div class='log' id="Output-840087461">
</br>Tue Nov 01 20:48:59 MSK 2016. Test passed: [Regression test for calculation][businessObject.CalculatorTest][testSumDouble]. Status <1>. Time duration <2012>.<br/>
</div>
</td>
<td></td>
<td>2</td>
<td>businessObject.CalculatorTest@47d384ee</td></tr>
<tr>
<td title='businessObject.CalculatorTest.testSumDouble()'><b>testSumDouble</b><br>Test class: businessObject.CalculatorTest<br>Parameters: 1500.50005, -500.0, 1000.50005, 1.0E-10<br/>
<a href="#Output-371622789" onClick='toggleBox("Output-371622789", this, "Show output", "Hide output");'>Show output</a>

<a href="#Output-371622789" onClick="toggleAllBoxes();">Show all outputs</a>
<div class='log' id="Output-371622789">
</br>Tue Nov 01 20:49:01 MSK 2016. Test passed: [Regression test for calculation][businessObject.CalculatorTest][testSumDouble]. Status <1>. Time duration <2001>.<br/>
</div>
</td>
<td></td>
<td>2</td>
<td>businessObject.CalculatorTest@47d384ee</td></tr>
<tr>
<td title='businessObject.CalculatorTest.testSumDouble()'><b>testSumDouble</b><br>Test class: businessObject.CalculatorTest<br>Parameters: -800.2, -200.4, -1000.6, 1.0E-10<br/>
<a href="#Output-1815649984" onClick='toggleBox("Output-1815649984", this, "Show output", "Hide output");'>Show output</a>

<a href="#Output-1815649984" onClick="toggleAllBoxes();">Show all outputs</a>
<div class='log' id="Output-1815649984">
</br>Tue Nov 01 20:49:03 MSK 2016. Test passed: [Regression test for calculation][businessObject.CalculatorTest][testSumDouble]. Status <1>. Time duration <2011>.<br/>
</div>
</td>
<td></td>
<td>2</td>
<td>businessObject.CalculatorTest@47d384ee</td></tr>
<tr>
<td title='businessObject.CalculatorTest.testSumDouble()'><b>testSumDouble</b><br>Test class: businessObject.CalculatorTest<br>Parameters: 0.0, 0.0, 0.0, 1.0E-10<br/>
<a href="#Output-1988995849" onClick='toggleBox("Output-1988995849", this, "Show output", "Hide output");'>Show output</a>

<a href="#Output-1988995849" onClick="toggleAllBoxes();">Show all outputs</a>
<div class='log' id="Output-1988995849">
</br>Tue Nov 01 20:49:05 MSK 2016. Test passed: [Regression test for calculation][businessObject.CalculatorTest][testSumDouble]. Status <1>. Time duration <2012>.<br/>
</div>
</td>
<td></td>
<td>2</td>
<td>businessObject.CalculatorTest@47d384ee</td></tr>
<tr>
<td title='businessObject.CalculatorTest.testSumDouble()'><b>testSumDouble</b><br>Test class: businessObject.CalculatorTest<br>Parameters: 0.0, 5656.25852, 5656.25852, 1.0E-10<br/>
<a href="#Output-1367705058" onClick='toggleBox("Output-1367705058", this, "Show output", "Hide output");'>Show output</a>

<a href="#Output-1367705058" onClick="toggleAllBoxes();">Show all outputs</a>
<div class='log' id="Output-1367705058">
</br>Tue Nov 01 20:49:07 MSK 2016. Test passed: [Regression test for calculation][businessObject.CalculatorTest][testSumDouble]. Status <1>. Time duration <2016>.<br/>
</div>
</td>
<td></td>
<td>2</td>
<td>businessObject.CalculatorTest@47d384ee</td></tr>
<tr>
<td title='businessObject.CalculatorTest.testSumDouble()'><b>testSumDouble</b><br>Test class: businessObject.CalculatorTest<br>Parameters: -989898.232325787, 0.0, -989898.232325787, 1.0E-10<br/>
<a href="#Output-1931288316" onClick='toggleBox("Output-1931288316", this, "Show output", "Hide output");'>Show output</a>

<a href="#Output-1931288316" onClick="toggleAllBoxes();">Show all outputs</a>
<div class='log' id="Output-1931288316">
</br>Tue Nov 01 20:49:09 MSK 2016. Test passed: [Regression test for calculation][businessObject.CalculatorTest][testSumDouble]. Status <1>. Time duration <2011>.<br/>
</div>
</td>
<td></td>
<td>2</td>
<td>businessObject.CalculatorTest@47d384ee</td></tr>
<tr>
<td title='businessObject.CalculatorTest.testSumLong()'><b>testSumLong</b><br>Test class: businessObject.CalculatorTest<br>Parameters: -500000, 0, -500000<br/>
<a href="#Output-1534808257" onClick='toggleBox("Output-1534808257", this, "Show output", "Hide output");'>Show output</a>

<a href="#Output-1534808257" onClick="toggleAllBoxes();">Show all outputs</a>
<div class='log' id="Output-1534808257">
</br>Tue Nov 01 20:49:11 MSK 2016. Test passed: [Regression test for calculation][businessObject.CalculatorTest][testSumLong]. Status <1>. Time duration <2012>.<br/>
</div>
</td>
<td></td>
<td>2</td>
<td>businessObject.CalculatorTest@47d384ee</td></tr>
<tr>
<td title='businessObject.CalculatorTest.testSumLong()'><b>testSumLong</b><br>Test class: businessObject.CalculatorTest<br>Parameters: 9223372036854775807, 0, 9223372036854775807<br/>
<a href="#Output-1077243204" onClick='toggleBox("Output-1077243204", this, "Show output", "Hide output");'>Show output</a>

<a href="#Output-1077243204" onClick="toggleAllBoxes();">Show all outputs</a>
<div class='log' id="Output-1077243204">
</br>Tue Nov 01 20:49:13 MSK 2016. Test passed: [Regression test for calculation][businessObject.CalculatorTest][testSumLong]. Status <1>. Time duration <2012>.<br/>
</div>
</td>
<td></td>
<td>2</td>
<td>businessObject.CalculatorTest@47d384ee</td></tr>
<tr>
<td title='businessObject.CalculatorTest.testSumLong()'><b>testSumLong</b><br>Test class: businessObject.CalculatorTest<br>Parameters: 15, 20, 35<br/>
<a href="#Output-1038240309" onClick='toggleBox("Output-1038240309", this, "Show output", "Hide output");'>Show output</a>

<a href="#Output-1038240309" onClick="toggleAllBoxes();">Show all outputs</a>
<div class='log' id="Output-1038240309">
</br>Tue Nov 01 20:49:15 MSK 2016. Test passed: [Regression test for calculation][businessObject.CalculatorTest][testSumLong]. Status <1>. Time duration <2001>.<br/>
</div>
</td>
<td></td>
<td>2</td>
<td>businessObject.CalculatorTest@47d384ee</td></tr>
<tr>
<td title='businessObject.CalculatorTest.testSumLong()'><b>testSumLong</b><br>Test class: businessObject.CalculatorTest<br>Parameters: -1250, -50, -1300<br/>
<a href="#Output-638798219" onClick='toggleBox("Output-638798219", this, "Show output", "Hide output");'>Show output</a>

<a href="#Output-638798219" onClick="toggleAllBoxes();">Show all outputs</a>
<div class='log' id="Output-638798219">
</br>Tue Nov 01 20:49:17 MSK 2016. Test passed: [Regression test for calculation][businessObject.CalculatorTest][testSumLong]. Status <1>. Time duration <2011>.<br/>
</div>
</td>
<td></td>
<td>2</td>
<td>businessObject.CalculatorTest@47d384ee</td></tr>
<tr>
<td title='businessObject.CalculatorTest.testSumLong()'><b>testSumLong</b><br>Test class: businessObject.CalculatorTest<br>Parameters: 0, 0, 0<br/>
<a href="#Output-661649616" onClick='toggleBox("Output-661649616", this, "Show output", "Hide output");'>Show output</a>

<a href="#Output-661649616" onClick="toggleAllBoxes();">Show all outputs</a>
<div class='log' id="Output-661649616">
</br>Tue Nov 01 20:49:19 MSK 2016. Test passed: [Regression test for calculation][businessObject.CalculatorTest][testSumLong]. Status <1>. Time duration <2015>.<br/>
</div>
</td>
<td></td>
<td>2</td>
<td>businessObject.CalculatorTest@47d384ee</td></tr>
<tr>
<td title='businessObject.CalculatorTest.testSumLong()'><b>testSumLong</b><br>Test class: businessObject.CalculatorTest<br>Parameters: -878787, 878787, 0<br/>
<a href="#Output-1281093172" onClick='toggleBox("Output-1281093172", this, "Show output", "Hide output");'>Show output</a>

<a href="#Output-1281093172" onClick="toggleAllBoxes();">Show all outputs</a>
<div class='log' id="Output-1281093172">
</br>Tue Nov 01 20:49:21 MSK 2016. Test passed: [Regression test for calculation][businessObject.CalculatorTest][testSumLong]. Status <1>. Time duration <2000>.<br/>
</div>
</td>
<td></td>
<td>2</td>
<td>businessObject.CalculatorTest@47d384ee</td></tr>
<tr>
<td title='businessObject.CalculatorTest.testSumLong()'><b>testSumLong</b><br>Test class: businessObject.CalculatorTest<br>Parameters: 595959595959, -59, 595959595900<br/>
<a href="#Output-1665644136" onClick='toggleBox("Output-1665644136", this, "Show output", "Hide output");'>Show output</a>

<a href="#Output-1665644136" onClick="toggleAllBoxes();">Show all outputs</a>
<div class='log' id="Output-1665644136">
</br>Tue Nov 01 20:49:23 MSK 2016. Test passed: [Regression test for calculation][businessObject.CalculatorTest][testSumLong]. Status <1>. Time duration <2008>.<br/>
</div>
</td>
<td></td>
<td>2</td>
<td>businessObject.CalculatorTest@47d384ee</td></tr>
</table><p>
</body>
</html>