<!DOCTYPE html PUBLIC "-//W3C//DTD XHTML 1.1//EN" "http://www.w3.org/TR/xhtml11/DTD/xhtml11.dtd">
<html xmlns="http://www.w3.org/1999/xhtml"><head><title>TestNG Report</title><style type="text/css">table {margin-bottom:10px;border-collapse:collapse;empty-cells:show}th,td {border:1px solid #009;padding:.25em .5em}th {vertical-align:bottom}td {vertical-align:top}table a {font-weight:bold}.stripe td {background-color: #E6EBF9}.num {text-align:right}.passedodd td {background-color: #3F3}.passedeven td {background-color: #0A0}.skippedodd td {background-color: #DDD}.skippedeven td {background-color: #CCC}.failedodd td,.attn {background-color: #F33}.failedeven td,.stripe .attn {background-color: #D00}.stacktrace {white-space:pre;font-family:monospace}.totop {font-size:85%;text-align:center;border-bottom:2px solid #000}</style></head><body><table><tr><th>Test</th><th># Passed</th><th># Skipped</th><th># Failed</th><th>Time (ms)</th><th>Included Groups</th><th>Excluded Groups</th></tr><tr><th colspan="7">Default Suite</th></tr><tr><td><a href="#t0">tesNgTask</a></td><td class="num">57</td><td class="num">0</td><td class="num attn">38</td><td class="num">28,962</td><td></td><td></td></tr></table><table><thead><tr><th>Class</th><th>Method</th><th>Start</th><th>Time (ms)</th></tr></thead><tbody><tr><th colspan="4">Default Suite</th></tr></tbody><tbody id="t0"><tr><th colspan="4">tesNgTask &#8212; failed</th></tr><tr class="failedeven"><td rowspan="38">businessObject.CalculatorTest</td><td><a href="#m0">testCos</a></td><td rowspan="4">1478093990678</td><td rowspan="4">1</td></tr><tr class="failedeven"><td><a href="#m1">testCos</a></td></tr><tr class="failedeven"><td><a href="#m2">testCos</a></td></tr><tr class="failedeven"><td><a href="#m3">testCos</a></td></tr><tr class="failedeven"><td><a href="#m4">testCtg</a></td><td rowspan="2">1478093990691</td><td rowspan="2">1</td></tr><tr class="failedeven"><td><a href="#m5">testCtg</a></td></tr><tr class="failedeven"><td><a href="#m6">testCtgFromZero</a></td><td rowspan="1">1478093990706</td><td rowspan="1">1</td></tr><tr class="failedeven"><td><a href="#m7">testDivOnZeroDouble</a></td><td rowspan="3">1478093990762</td><td rowspan="3">0</td></tr><tr class="failedeven"><td><a href="#m8">testDivOnZeroDouble</a></td></tr><tr class="failedeven"><td><a href="#m9">testDivOnZeroDouble</a></td></tr><tr class="failedeven"><td><a href="#m10">testDivOnZeroLong</a></td><td rowspan="3">1478093990779</td><td rowspan="3">0</td></tr><tr class="failedeven"><td><a href="#m11">testDivOnZeroLong</a></td></tr><tr class="failedeven"><td><a href="#m12">testDivOnZeroLong</a></td></tr><tr class="failedeven"><td><a href="#m13">testDivOverflowDouble</a></td><td rowspan="1">1478093990809</td><td rowspan="1">0</td></tr><tr class="failedeven"><td><a href="#m14">testDivOverflowLong</a></td><td rowspan="2">1478093990813</td><td rowspan="2">0</td></tr><tr class="failedeven"><td><a href="#m15">testDivOverflowLong</a></td></tr><tr class="failedeven"><td><a href="#m16">testIsNegWithPositiveNumber</a></td><td rowspan="1">1478093990832</td><td rowspan="1">0</td></tr><tr class="failedeven"><td><a href="#m17">testIsPositive</a></td><td rowspan="1">1478093990858</td><td rowspan="1">0</td></tr><tr class="failedeven"><td><a href="#m18">testMultDouble</a></td><td rowspan="4">1478093990870</td><td rowspan="4">0</td></tr><tr class="failedeven"><td><a href="#m19">testMultDouble</a></td></tr><tr class="failedeven"><td><a href="#m20">testMultDouble</a></td></tr><tr class="failedeven"><td><a href="#m21">testMultDouble</a></td></tr><tr class="failedeven"><td><a href="#m22">testMultOverflowDouble</a></td><td rowspan="1">1478093990961</td><td rowspan="1">0</td></tr><tr class="failedeven"><td><a href="#m23">testMultOverflowLong</a></td><td rowspan="2">1478093990980</td><td rowspan="2">0</td></tr><tr class="failedeven"><td><a href="#m24">testMultOverflowLong</a></td></tr><tr class="failedeven"><td><a href="#m25">testPowNumZeroAndPowLessZero</a></td><td rowspan="1">1478093991014</td><td rowspan="1">0</td></tr><tr class="failedeven"><td><a href="#m26">testSqrtWhenNumLessZero</a></td><td rowspan="1">1478093991041</td><td rowspan="1">1</td></tr><tr class="failedeven"><td><a href="#m27">testSubDouble</a></td><td rowspan="1">1478093991045</td><td rowspan="1">0</td></tr><tr class="failedeven"><td><a href="#m28">testSubLong</a></td><td rowspan="4">1478093991073</td><td rowspan="4">0</td></tr><tr class="failedeven"><td><a href="#m29">testSubLong</a></td></tr><tr class="failedeven"><td><a href="#m30">testSubLong</a></td></tr><tr class="failedeven"><td><a href="#m31">testSubLong</a></td></tr><tr class="failedeven"><td><a href="#m32">testSumOverflowDouble</a></td><td rowspan="1">1478094019184</td><td rowspan="1">0</td></tr><tr class="failedeven"><td><a href="#m33">testSumOverflowLong</a></td><td rowspan="2">1478094019184</td><td rowspan="2">0</td></tr><tr class="failedeven"><td><a href="#m34">testSumOverflowLong</a></td></tr><tr class="failedeven"><td><a href="#m35">testTg</a></td><td rowspan="3">1478094019194</td><td rowspan="3">0</td></tr><tr class="failedeven"><td><a href="#m36">testTg</a></td></tr><tr class="failedeven"><td><a href="#m37">testTg</a></td></tr><tr><th colspan="4">tesNgTask &#8212; passed</th></tr><tr class="passedeven"><td rowspan="57">businessObject.CalculatorTest</td><td><a href="#m38">testDivDouble</a></td><td rowspan="5">1478093990716</td><td rowspan="5">1</td></tr><tr class="passedeven"><td><a href="#m39">testDivDouble</a></td></tr><tr class="passedeven"><td><a href="#m40">testDivDouble</a></td></tr><tr class="passedeven"><td><a href="#m41">testDivDouble</a></td></tr><tr class="passedeven"><td><a href="#m42">testDivDouble</a></td></tr><tr class="passedeven"><td><a href="#m43">testDivLong</a></td><td rowspan="4">1478093990748</td><td rowspan="4">1</td></tr><tr class="passedeven"><td><a href="#m44">testDivLong</a></td></tr><tr class="passedeven"><td><a href="#m45">testDivLong</a></td></tr><tr class="passedeven"><td><a href="#m46">testDivLong</a></td></tr><tr class="passedeven"><td><a href="#m47">testIsNegative</a></td><td rowspan="1">1478093990839</td><td rowspan="1">1</td></tr><tr class="passedeven"><td><a href="#m48">testIsPosWithNegativeNumber</a></td><td rowspan="1">1478093990849</td><td rowspan="1">1</td></tr><tr class="passedeven"><td><a href="#m49">testIsPositive</a></td><td rowspan="1">1478093990857</td><td rowspan="1">1</td></tr><tr class="passedeven"><td><a href="#m50">testMultDouble</a></td><td rowspan="3">1478093990869</td><td rowspan="3">0</td></tr><tr class="passedeven"><td><a href="#m51">testMultDouble</a></td></tr><tr class="passedeven"><td><a href="#m52">testMultDouble</a></td></tr><tr class="passedeven"><td><a href="#m53">testMultLong</a></td><td rowspan="7">1478093990886</td><td rowspan="7">1</td></tr><tr class="passedeven"><td><a href="#m54">testMultLong</a></td></tr><tr class="passedeven"><td><a href="#m55">testMultLong</a></td></tr><tr class="passedeven"><td><a href="#m56">testMultLong</a></td></tr><tr class="passedeven"><td><a href="#m57">testMultLong</a></td></tr><tr class="passedeven"><td><a href="#m58">testMultLong</a></td></tr><tr class="passedeven"><td><a href="#m59">testMultLong</a></td></tr><tr class="passedeven"><td><a href="#m60">testPow</a></td><td rowspan="5">1478093991008</td><td rowspan="5">1</td></tr><tr class="passedeven"><td><a href="#m61">testPow</a></td></tr><tr class="passedeven"><td><a href="#m62">testPow</a></td></tr><tr class="passedeven"><td><a href="#m63">testPow</a></td></tr><tr class="passedeven"><td><a href="#m64">testPow</a></td></tr><tr class="passedeven"><td><a href="#m65">testSin</a></td><td rowspan="4">1478093991018</td><td rowspan="4">0</td></tr><tr class="passedeven"><td><a href="#m66">testSin</a></td></tr><tr class="passedeven"><td><a href="#m67">testSin</a></td></tr><tr class="passedeven"><td><a href="#m68">testSin</a></td></tr><tr class="passedeven"><td><a href="#m69">testSqrt</a></td><td rowspan="3">1478093991039</td><td rowspan="3">0</td></tr><tr class="passedeven"><td><a href="#m70">testSqrt</a></td></tr><tr class="passedeven"><td><a href="#m71">testSqrt</a></td></tr><tr class="passedeven"><td><a href="#m72">testSubDouble</a></td><td rowspan="6">1478093991054</td><td rowspan="6">0</td></tr><tr class="passedeven"><td><a href="#m73">testSubDouble</a></td></tr><tr class="passedeven"><td><a href="#m74">testSubDouble</a></td></tr><tr class="passedeven"><td><a href="#m75">testSubDouble</a></td></tr><tr class="passedeven"><td><a href="#m76">testSubDouble</a></td></tr><tr class="passedeven"><td><a href="#m77">testSubDouble</a></td></tr><tr class="passedeven"><td><a href="#m78">testSubLong</a></td><td rowspan="3">1478093991062</td><td rowspan="3">1</td></tr><tr class="passedeven"><td><a href="#m79">testSubLong</a></td></tr><tr class="passedeven"><td><a href="#m80">testSubLong</a></td></tr><tr class="passedeven"><td><a href="#m81">testSumDouble</a></td><td rowspan="7">1478094003149</td><td rowspan="7">2004</td></tr><tr class="passedeven"><td><a href="#m82">testSumDouble</a></td></tr><tr class="passedeven"><td><a href="#m83">testSumDouble</a></td></tr><tr class="passedeven"><td><a href="#m84">testSumDouble</a></td></tr><tr class="passedeven"><td><a href="#m85">testSumDouble</a></td></tr><tr class="passedeven"><td><a href="#m86">testSumDouble</a></td></tr><tr class="passedeven"><td><a href="#m87">testSumDouble</a></td></tr><tr class="passedeven"><td><a href="#m88">testSumLong</a></td><td rowspan="7">1478094007158</td><td rowspan="7">2007</td></tr><tr class="passedeven"><td><a href="#m89">testSumLong</a></td></tr><tr class="passedeven"><td><a href="#m90">testSumLong</a></td></tr><tr class="passedeven"><td><a href="#m91">testSumLong</a></td></tr><tr class="passedeven"><td><a href="#m92">testSumLong</a></td></tr><tr class="passedeven"><td><a href="#m93">testSumLong</a></td></tr><tr class="passedeven"><td><a href="#m94">testSumLong</a></td></tr></tbody></table><h2>tesNgTask</h2><h3 id="m0">businessObject.CalculatorTest#testCos</h3><table class="result"><tr class="param"><th>Parameter #1</th><th>Parameter #2</th></tr><tr class="param stripe"><td>1.0</td><td>0.5403023058681398</td></tr><tr><th colspan="2">Messages</th></tr><tr><td colspan="2"><div class="messages">&lt;/br&gt;Wed Nov 02 16:39:50 MSK 2016. Test faild: [tesNgTask][businessObject.CalculatorTest][testCos]. Status &lt;2&gt;. Time duration &lt;1&gt;.<br/>&lt;/br&gt;Wed Nov 02 16:39:50 MSK 2016. Test faild: [tesNgTask][businessObject.CalculatorTest][testCos]. Status &lt;2&gt;. Time duration &lt;1&gt;.</div></td></tr><tr><th colspan="2">Exception</th></tr><tr><td colspan="2"><div class="stacktrace">java.lang.AssertionError: expected [0.5403023058681398] but found [0.8414709848078965]
	at businessObject.CalculatorTest.testCos(CalculatorTest.java:82)
	at com.intellij.rt.execution.application.AppMain.main(AppMain.java:147)
... Removed 31 stack frames</div></td></tr></table><p class="totop"><a href="#summary">back to summary</a></p><h3 id="m1">businessObject.CalculatorTest#testCos</h3><table class="result"><tr class="param"><th>Parameter #1</th><th>Parameter #2</th></tr><tr class="param stripe"><td>20.56</td><td>-0.13919430405964572</td></tr><tr><th colspan="2">Messages</th></tr><tr><td colspan="2"><div class="messages">&lt;/br&gt;Wed Nov 02 16:39:50 MSK 2016. Test faild: [tesNgTask][businessObject.CalculatorTest][testCos]. Status &lt;2&gt;. Time duration &lt;1&gt;.<br/>&lt;/br&gt;Wed Nov 02 16:39:50 MSK 2016. Test faild: [tesNgTask][businessObject.CalculatorTest][testCos]. Status &lt;2&gt;. Time duration &lt;1&gt;.</div></td></tr><tr><th colspan="2">Exception</th></tr><tr><td colspan="2"><div class="stacktrace">java.lang.AssertionError: expected [-0.13919430405964572] but found [0.9902650886087779]
	at businessObject.CalculatorTest.testCos(CalculatorTest.java:82)
	at com.intellij.rt.execution.application.AppMain.main(AppMain.java:147)
... Removed 31 stack frames</div></td></tr></table><p class="totop"><a href="#summary">back to summary</a></p><h3 id="m2">businessObject.CalculatorTest#testCos</h3><table class="result"><tr class="param"><th>Parameter #1</th><th>Parameter #2</th></tr><tr class="param stripe"><td>-565656.0</td><td>0.9480811024049992</td></tr><tr><th colspan="2">Messages</th></tr><tr><td colspan="2"><div class="messages">&lt;/br&gt;Wed Nov 02 16:39:50 MSK 2016. Test faild: [tesNgTask][businessObject.CalculatorTest][testCos]. Status &lt;2&gt;. Time duration &lt;2&gt;.<br/>&lt;/br&gt;Wed Nov 02 16:39:50 MSK 2016. Test faild: [tesNgTask][businessObject.CalculatorTest][testCos]. Status &lt;2&gt;. Time duration &lt;2&gt;.</div></td></tr><tr><th colspan="2">Exception</th></tr><tr><td colspan="2"><div class="stacktrace">java.lang.AssertionError: expected [0.9480811024049992] but found [0.3180286516377352]
	at businessObject.CalculatorTest.testCos(CalculatorTest.java:82)
	at com.intellij.rt.execution.application.AppMain.main(AppMain.java:147)
... Removed 31 stack frames</div></td></tr></table><p class="totop"><a href="#summary">back to summary</a></p><h3 id="m3">businessObject.CalculatorTest#testCos</h3><table class="result"><tr class="param"><th>Parameter #1</th><th>Parameter #2</th></tr><tr class="param stripe"><td>0.0</td><td>1.0</td></tr><tr><th colspan="2">Messages</th></tr><tr><td colspan="2"><div class="messages">&lt;/br&gt;Wed Nov 02 16:39:50 MSK 2016. Test faild: [tesNgTask][businessObject.CalculatorTest][testCos]. Status &lt;2&gt;. Time duration &lt;0&gt;.<br/>&lt;/br&gt;Wed Nov 02 16:39:50 MSK 2016. Test faild: [tesNgTask][businessObject.CalculatorTest][testCos]. Status &lt;2&gt;. Time duration &lt;0&gt;.</div></td></tr><tr><th colspan="2">Exception</th></tr><tr><td colspan="2"><div class="stacktrace">java.lang.AssertionError: expected [1.0] but found [0.0]
	at businessObject.CalculatorTest.testCos(CalculatorTest.java:82)
	at com.intellij.rt.execution.application.AppMain.main(AppMain.java:147)
... Removed 31 stack frames</div></td></tr></table><p class="totop"><a href="#summary">back to summary</a></p><h3 id="m4">businessObject.CalculatorTest#testCtg</h3><table class="result"><tr class="param"><th>Parameter #1</th><th>Parameter #2</th></tr><tr class="param stripe"><td>-565656.0</td><td>2.981118517223813</td></tr><tr><th colspan="2">Messages</th></tr><tr><td colspan="2"><div class="messages">&lt;/br&gt;Wed Nov 02 16:39:50 MSK 2016. Test faild: [tesNgTask][businessObject.CalculatorTest][testCtg]. Status &lt;2&gt;. Time duration &lt;1&gt;.<br/>&lt;/br&gt;Wed Nov 02 16:39:50 MSK 2016. Test faild: [tesNgTask][businessObject.CalculatorTest][testCtg]. Status &lt;2&gt;. Time duration &lt;1&gt;.</div></td></tr><tr><th colspan="2">Exception</th></tr><tr><td colspan="2"><div class="stacktrace">java.lang.AssertionError: expected [2.981118517223813] but found [-1.0]
	at businessObject.CalculatorTest.testCtg(CalculatorTest.java:77)
	at com.intellij.rt.execution.application.AppMain.main(AppMain.java:147)
... Removed 31 stack frames</div></td></tr></table><p class="totop"><a href="#summary">back to summary</a></p><h3 id="m5">businessObject.CalculatorTest#testCtg</h3><table class="result"><tr class="param"><th>Parameter #1</th><th>Parameter #2</th></tr><tr class="param stripe"><td>20.56</td><td>-0.1405626691891154</td></tr><tr><th colspan="2">Messages</th></tr><tr><td colspan="2"><div class="messages">&lt;/br&gt;Wed Nov 02 16:39:50 MSK 2016. Test faild: [tesNgTask][businessObject.CalculatorTest][testCtg]. Status &lt;2&gt;. Time duration &lt;0&gt;.<br/>&lt;/br&gt;Wed Nov 02 16:39:50 MSK 2016. Test faild: [tesNgTask][businessObject.CalculatorTest][testCtg]. Status &lt;2&gt;. Time duration &lt;0&gt;.</div></td></tr><tr><th colspan="2">Exception</th></tr><tr><td colspan="2"><div class="stacktrace">java.lang.AssertionError: expected [-0.1405626691891154] but found [1.0]
	at businessObject.CalculatorTest.testCtg(CalculatorTest.java:77)
	at com.intellij.rt.execution.application.AppMain.main(AppMain.java:147)
... Removed 31 stack frames</div></td></tr></table><p class="totop"><a href="#summary">back to summary</a></p><h3 id="m6">businessObject.CalculatorTest#testCtgFromZero</h3><table class="result"><tr class="param"><th>Parameter #1</th></tr><tr class="param stripe"><td>0.0</td></tr><tr><th>Messages</th></tr><tr><td><div class="messages">&lt;/br&gt;Wed Nov 02 16:39:50 MSK 2016. Test faild: [tesNgTask][businessObject.CalculatorTest][testCtgFromZero]. Status &lt;2&gt;. Time duration &lt;1&gt;.<br/>&lt;/br&gt;Wed Nov 02 16:39:50 MSK 2016. Test faild: [tesNgTask][businessObject.CalculatorTest][testCtgFromZero]. Status &lt;2&gt;. Time duration &lt;1&gt;.</div></td></tr><tr><th>Exception</th></tr><tr><td><div class="stacktrace">org.testng.TestException: 
Method CalculatorTest.testCtgFromZero(double)[pri:0, instance:businessObject.CalculatorTest@47d384ee] should have thrown an exception of class java.lang.IllegalArgumentException
	at com.intellij.rt.execution.application.AppMain.main(AppMain.java:147)
Method CalculatorTest.testCtgFromZero(double)[pri:0, instance:businessObject.CalculatorTest@47d384ee] should have thrown an exception of class java.lang.IllegalArgumentException
	... 20 more
... Removed 27 stack frames</div></td></tr></table><p class="totop"><a href="#summary">back to summary</a></p><h3 id="m7">businessObject.CalculatorTest#testDivOnZeroDouble</h3><table class="result"><tr class="param"><th>Parameter #1</th><th>Parameter #2</th></tr><tr class="param stripe"><td>579.2456</td><td>0.0</td></tr><tr><th colspan="2">Messages</th></tr><tr><td colspan="2"><div class="messages">&lt;/br&gt;Wed Nov 02 16:39:50 MSK 2016. Test faild: [tesNgTask][businessObject.CalculatorTest][testDivOnZeroDouble]. Status &lt;2&gt;. Time duration &lt;0&gt;.<br/>&lt;/br&gt;Wed Nov 02 16:39:50 MSK 2016. Test faild: [tesNgTask][businessObject.CalculatorTest][testDivOnZeroDouble]. Status &lt;2&gt;. Time duration &lt;0&gt;.</div></td></tr><tr><th colspan="2">Exception</th></tr><tr><td colspan="2"><div class="stacktrace">org.testng.TestException: 
Method CalculatorTest.testDivOnZeroDouble(double, double)[pri:0, instance:businessObject.CalculatorTest@47d384ee] should have thrown an exception of class java.lang.ArithmeticException
	at com.intellij.rt.execution.application.AppMain.main(AppMain.java:147)
Method CalculatorTest.testDivOnZeroDouble(double, double)[pri:0, instance:businessObject.CalculatorTest@47d384ee] should have thrown an exception of class java.lang.ArithmeticException
	... 20 more
... Removed 27 stack frames</div></td></tr></table><p class="totop"><a href="#summary">back to summary</a></p><h3 id="m8">businessObject.CalculatorTest#testDivOnZeroDouble</h3><table class="result"><tr class="param"><th>Parameter #1</th><th>Parameter #2</th></tr><tr class="param stripe"><td>-656.555</td><td>0.0</td></tr><tr><th colspan="2">Messages</th></tr><tr><td colspan="2"><div class="messages">&lt;/br&gt;Wed Nov 02 16:39:50 MSK 2016. Test faild: [tesNgTask][businessObject.CalculatorTest][testDivOnZeroDouble]. Status &lt;2&gt;. Time duration &lt;1&gt;.<br/>&lt;/br&gt;Wed Nov 02 16:39:50 MSK 2016. Test faild: [tesNgTask][businessObject.CalculatorTest][testDivOnZeroDouble]. Status &lt;2&gt;. Time duration &lt;1&gt;.</div></td></tr><tr><th colspan="2">Exception</th></tr><tr><td colspan="2"><div class="stacktrace">org.testng.TestException: 
Method CalculatorTest.testDivOnZeroDouble(double, double)[pri:0, instance:businessObject.CalculatorTest@47d384ee] should have thrown an exception of class java.lang.ArithmeticException
	at com.intellij.rt.execution.application.AppMain.main(AppMain.java:147)
Method CalculatorTest.testDivOnZeroDouble(double, double)[pri:0, instance:businessObject.CalculatorTest@47d384ee] should have thrown an exception of class java.lang.ArithmeticException
	... 20 more
... Removed 27 stack frames</div></td></tr></table><p class="totop"><a href="#summary">back to summary</a></p><h3 id="m9">businessObject.CalculatorTest#testDivOnZeroDouble</h3><table class="result"><tr class="param"><th>Parameter #1</th><th>Parameter #2</th></tr><tr class="param stripe"><td>0.0</td><td>0.0</td></tr><tr><th colspan="2">Messages</th></tr><tr><td colspan="2"><div class="messages">&lt;/br&gt;Wed Nov 02 16:39:50 MSK 2016. Test faild: [tesNgTask][businessObject.CalculatorTest][testDivOnZeroDouble]. Status &lt;2&gt;. Time duration &lt;6&gt;.<br/>&lt;/br&gt;Wed Nov 02 16:39:50 MSK 2016. Test faild: [tesNgTask][businessObject.CalculatorTest][testDivOnZeroDouble]. Status &lt;2&gt;. Time duration &lt;6&gt;.</div></td></tr><tr><th colspan="2">Exception</th></tr><tr><td colspan="2"><div class="stacktrace">org.testng.TestException: 
Method CalculatorTest.testDivOnZeroDouble(double, double)[pri:0, instance:businessObject.CalculatorTest@47d384ee] should have thrown an exception of class java.lang.ArithmeticException
	at com.intellij.rt.execution.application.AppMain.main(AppMain.java:147)
Method CalculatorTest.testDivOnZeroDouble(double, double)[pri:0, instance:businessObject.CalculatorTest@47d384ee] should have thrown an exception of class java.lang.ArithmeticException
	... 20 more
... Removed 27 stack frames</div></td></tr></table><p class="totop"><a href="#summary">back to summary</a></p><h3 id="m10">businessObject.CalculatorTest#testDivOnZeroLong</h3><table class="result"><tr class="param"><th>Parameter #1</th><th>Parameter #2</th></tr><tr class="param stripe"><td>555556549</td><td>0</td></tr><tr><th colspan="2">Messages</th></tr><tr><td colspan="2"><div class="messages">&lt;/br&gt;Wed Nov 02 16:39:50 MSK 2016. Test faild: [tesNgTask][businessObject.CalculatorTest][testDivOnZeroLong]. Status &lt;2&gt;. Time duration &lt;0&gt;.<br/>&lt;/br&gt;Wed Nov 02 16:39:50 MSK 2016. Test faild: [tesNgTask][businessObject.CalculatorTest][testDivOnZeroLong]. Status &lt;2&gt;. Time duration &lt;0&gt;.</div></td></tr><tr><th colspan="2">Exception</th></tr><tr><td colspan="2"><div class="stacktrace">org.testng.TestException: 
Expected exception java.lang.ArithmeticException but got java.lang.NumberFormatException: Attempt to divide by zero
	at com.intellij.rt.execution.application.AppMain.main(AppMain.java:147)
Expected exception java.lang.ArithmeticException but got java.lang.NumberFormatException: Attempt to divide by zero
	... 20 more
Caused by: java.lang.NumberFormatException: Attempt to divide by zero
	at businessObject.Calculator.div(Calculator.java:36)
	at businessObject.CalculatorTest.testDivOnZeroLong(CalculatorTest.java:102)
	... 22 more
... Removed 33 stack frames</div></td></tr></table><p class="totop"><a href="#summary">back to summary</a></p><h3 id="m11">businessObject.CalculatorTest#testDivOnZeroLong</h3><table class="result"><tr class="param"><th>Parameter #1</th><th>Parameter #2</th></tr><tr class="param stripe"><td>-659894</td><td>0</td></tr><tr><th colspan="2">Messages</th></tr><tr><td colspan="2"><div class="messages">&lt;/br&gt;Wed Nov 02 16:39:50 MSK 2016. Test faild: [tesNgTask][businessObject.CalculatorTest][testDivOnZeroLong]. Status &lt;2&gt;. Time duration &lt;1&gt;.<br/>&lt;/br&gt;Wed Nov 02 16:39:50 MSK 2016. Test faild: [tesNgTask][businessObject.CalculatorTest][testDivOnZeroLong]. Status &lt;2&gt;. Time duration &lt;1&gt;.</div></td></tr><tr><th colspan="2">Exception</th></tr><tr><td colspan="2"><div class="stacktrace">org.testng.TestException: 
Expected exception java.lang.ArithmeticException but got java.lang.NumberFormatException: Attempt to divide by zero
	at com.intellij.rt.execution.application.AppMain.main(AppMain.java:147)
Expected exception java.lang.ArithmeticException but got java.lang.NumberFormatException: Attempt to divide by zero
	... 20 more
Caused by: java.lang.NumberFormatException: Attempt to divide by zero
	at businessObject.Calculator.div(Calculator.java:36)
	at businessObject.CalculatorTest.testDivOnZeroLong(CalculatorTest.java:102)
	... 22 more
... Removed 33 stack frames</div></td></tr></table><p class="totop"><a href="#summary">back to summary</a></p><h3 id="m12">businessObject.CalculatorTest#testDivOnZeroLong</h3><table class="result"><tr class="param"><th>Parameter #1</th><th>Parameter #2</th></tr><tr class="param stripe"><td>0</td><td>0</td></tr><tr><th colspan="2">Messages</th></tr><tr><td colspan="2"><div class="messages">&lt;/br&gt;Wed Nov 02 16:39:50 MSK 2016. Test faild: [tesNgTask][businessObject.CalculatorTest][testDivOnZeroLong]. Status &lt;2&gt;. Time duration &lt;0&gt;.<br/>&lt;/br&gt;Wed Nov 02 16:39:50 MSK 2016. Test faild: [tesNgTask][businessObject.CalculatorTest][testDivOnZeroLong]. Status &lt;2&gt;. Time duration &lt;0&gt;.</div></td></tr><tr><th colspan="2">Exception</th></tr><tr><td colspan="2"><div class="stacktrace">org.testng.TestException: 
Expected exception java.lang.ArithmeticException but got java.lang.NumberFormatException: Attempt to divide by zero
	at com.intellij.rt.execution.application.AppMain.main(AppMain.java:147)
Expected exception java.lang.ArithmeticException but got java.lang.NumberFormatException: Attempt to divide by zero
	... 20 more
Caused by: java.lang.NumberFormatException: Attempt to divide by zero
	at businessObject.Calculator.div(Calculator.java:36)
	at businessObject.CalculatorTest.testDivOnZeroLong(CalculatorTest.java:102)
	... 22 more
... Removed 33 stack frames</div></td></tr></table><p class="totop"><a href="#summary">back to summary</a></p><h3 id="m13">businessObject.CalculatorTest#testDivOverflowDouble</h3><table class="result"><tr><th>Exception</th></tr><tr><td><div class="stacktrace">org.testng.TestException: 
Expected exception java.lang.StackOverflowError but got java.lang.RuntimeException: java.lang.IllegalStateException: Cannot get a numeric value from a text cell
	at com.intellij.rt.execution.application.AppMain.main(AppMain.java:147)
Caused by: java.lang.RuntimeException: java.lang.IllegalStateException: Cannot get a numeric value from a text cell
	... 20 more
Caused by: java.lang.IllegalStateException: Cannot get a numeric value from a text cell
	at org.apache.poi.hssf.usermodel.HSSFCell.typeMismatch(HSSFCell.java:654)
	at org.apache.poi.hssf.usermodel.HSSFCell.getNumericCellValue(HSSFCell.java:679)
	at dataProvider.ReaderXls.parse(ReaderXls.java:41)
	at dataProvider.DataProviderClass.getDataDouble(DataProviderClass.java:24)
	... 24 more
... Removed 32 stack frames</div></td></tr></table><p class="totop"><a href="#summary">back to summary</a></p><h3 id="m14">businessObject.CalculatorTest#testDivOverflowLong</h3><table class="result"><tr class="param"><th>Parameter #1</th><th>Parameter #2</th></tr><tr class="param stripe"><td>9223372036854775807</td><td>1</td></tr><tr><th colspan="2">Messages</th></tr><tr><td colspan="2"><div class="messages">&lt;/br&gt;Wed Nov 02 16:39:50 MSK 2016. Test faild: [tesNgTask][businessObject.CalculatorTest][testDivOverflowLong]. Status &lt;2&gt;. Time duration &lt;0&gt;.<br/>&lt;/br&gt;Wed Nov 02 16:39:50 MSK 2016. Test faild: [tesNgTask][businessObject.CalculatorTest][testDivOverflowLong]. Status &lt;2&gt;. Time duration &lt;0&gt;.</div></td></tr><tr><th colspan="2">Exception</th></tr><tr><td colspan="2"><div class="stacktrace">org.testng.TestException: 
Method CalculatorTest.testDivOverflowLong(long, long)[pri:0, instance:businessObject.CalculatorTest@47d384ee] should have thrown an exception of class java.lang.StackOverflowError
	at com.intellij.rt.execution.application.AppMain.main(AppMain.java:147)
Method CalculatorTest.testDivOverflowLong(long, long)[pri:0, instance:businessObject.CalculatorTest@47d384ee] should have thrown an exception of class java.lang.StackOverflowError
	... 20 more
... Removed 27 stack frames</div></td></tr></table><p class="totop"><a href="#summary">back to summary</a></p><h3 id="m15">businessObject.CalculatorTest#testDivOverflowLong</h3><table class="result"><tr class="param"><th>Parameter #1</th><th>Parameter #2</th></tr><tr class="param stripe"><td>-9223372036854775808</td><td>1</td></tr><tr><th colspan="2">Messages</th></tr><tr><td colspan="2"><div class="messages">&lt;/br&gt;Wed Nov 02 16:39:50 MSK 2016. Test faild: [tesNgTask][businessObject.CalculatorTest][testDivOverflowLong]. Status &lt;2&gt;. Time duration &lt;0&gt;.<br/>&lt;/br&gt;Wed Nov 02 16:39:50 MSK 2016. Test faild: [tesNgTask][businessObject.CalculatorTest][testDivOverflowLong]. Status &lt;2&gt;. Time duration &lt;0&gt;.</div></td></tr><tr><th colspan="2">Exception</th></tr><tr><td colspan="2"><div class="stacktrace">org.testng.TestException: 
Method CalculatorTest.testDivOverflowLong(long, long)[pri:0, instance:businessObject.CalculatorTest@47d384ee] should have thrown an exception of class java.lang.StackOverflowError
	at com.intellij.rt.execution.application.AppMain.main(AppMain.java:147)
Method CalculatorTest.testDivOverflowLong(long, long)[pri:0, instance:businessObject.CalculatorTest@47d384ee] should have thrown an exception of class java.lang.StackOverflowError
	... 20 more
... Removed 27 stack frames</div></td></tr></table><p class="totop"><a href="#summary">back to summary</a></p><h3 id="m16">businessObject.CalculatorTest#testIsNegWithPositiveNumber</h3><table class="result"><tr class="param"><th>Parameter #1</th></tr><tr class="param stripe"><td>4546468.0</td></tr><tr><th>Messages</th></tr><tr><td><div class="messages">&lt;/br&gt;Wed Nov 02 16:39:50 MSK 2016. Test faild: [tesNgTask][businessObject.CalculatorTest][testIsNegWithPositiveNumber]. Status &lt;2&gt;. Time duration &lt;0&gt;.<br/>&lt;/br&gt;Wed Nov 02 16:39:50 MSK 2016. Test faild: [tesNgTask][businessObject.CalculatorTest][testIsNegWithPositiveNumber]. Status &lt;2&gt;. Time duration &lt;0&gt;.</div></td></tr><tr><th>Exception</th></tr><tr><td><div class="stacktrace">java.lang.IllegalArgumentException: argument type mismatch
	at com.intellij.rt.execution.application.AppMain.main(AppMain.java:147)
... Removed 27 stack frames</div></td></tr></table><p class="totop"><a href="#summary">back to summary</a></p><h3 id="m17">businessObject.CalculatorTest#testIsPositive</h3><table class="result"><tr class="param"><th>Parameter #1</th></tr><tr class="param stripe"><td>-555</td></tr><tr><th>Messages</th></tr><tr><td><div class="messages">&lt;/br&gt;Wed Nov 02 16:39:50 MSK 2016. Test faild: [tesNgTask][businessObject.CalculatorTest][testIsPositive]. Status &lt;2&gt;. Time duration &lt;0&gt;.<br/>&lt;/br&gt;Wed Nov 02 16:39:50 MSK 2016. Test faild: [tesNgTask][businessObject.CalculatorTest][testIsPositive]. Status &lt;2&gt;. Time duration &lt;0&gt;.</div></td></tr><tr><th>Exception</th></tr><tr><td><div class="stacktrace">java.lang.AssertionError: expected [true] but found [false]
	at businessObject.CalculatorTest.testIsPositive(CalculatorTest.java:92)
	at com.intellij.rt.execution.application.AppMain.main(AppMain.java:147)
... Removed 31 stack frames</div></td></tr></table><p class="totop"><a href="#summary">back to summary</a></p><h3 id="m18">businessObject.CalculatorTest#testMultDouble</h3><table class="result"><tr class="param"><th>Parameter #1</th><th>Parameter #2</th><th>Parameter #3</th><th>Parameter #4</th></tr><tr class="param stripe"><td>456789.2323</td><td>6.258</td><td>2740734.0</td><td>1.0E-10</td></tr><tr><th colspan="4">Messages</th></tr><tr><td colspan="4"><div class="messages">&lt;/br&gt;Wed Nov 02 16:39:50 MSK 2016. Test faild: [tesNgTask][businessObject.CalculatorTest][testMultDouble]. Status &lt;2&gt;. Time duration &lt;0&gt;.<br/>&lt;/br&gt;Wed Nov 02 16:39:50 MSK 2016. Test faild: [tesNgTask][businessObject.CalculatorTest][testMultDouble]. Status &lt;2&gt;. Time duration &lt;0&gt;.</div></td></tr><tr><th colspan="4">Exception</th></tr><tr><td colspan="4"><div class="stacktrace">java.lang.AssertionError: expected [2740734.0] but found [2858587.0]
	at businessObject.CalculatorTest.testMultDouble(CalculatorTest.java:47)
	at com.intellij.rt.execution.application.AppMain.main(AppMain.java:147)
... Removed 31 stack frames</div></td></tr></table><p class="totop"><a href="#summary">back to summary</a></p><h3 id="m19">businessObject.CalculatorTest#testMultDouble</h3><table class="result"><tr class="param"><th>Parameter #1</th><th>Parameter #2</th><th>Parameter #3</th><th>Parameter #4</th></tr><tr class="param stripe"><td>-5.213</td><td>-5.24</td><td>25.0</td><td>1.0E-10</td></tr><tr><th colspan="4">Messages</th></tr><tr><td colspan="4"><div class="messages">&lt;/br&gt;Wed Nov 02 16:39:50 MSK 2016. Test faild: [tesNgTask][businessObject.CalculatorTest][testMultDouble]. Status &lt;2&gt;. Time duration &lt;1&gt;.<br/>&lt;/br&gt;Wed Nov 02 16:39:50 MSK 2016. Test faild: [tesNgTask][businessObject.CalculatorTest][testMultDouble]. Status &lt;2&gt;. Time duration &lt;1&gt;.</div></td></tr><tr><th colspan="4">Exception</th></tr><tr><td colspan="4"><div class="stacktrace">java.lang.AssertionError: expected [25.0] but found [27.0]
	at businessObject.CalculatorTest.testMultDouble(CalculatorTest.java:47)
	at com.intellij.rt.execution.application.AppMain.main(AppMain.java:147)
... Removed 31 stack frames</div></td></tr></table><p class="totop"><a href="#summary">back to summary</a></p><h3 id="m20">businessObject.CalculatorTest#testMultDouble</h3><table class="result"><tr class="param"><th>Parameter #1</th><th>Parameter #2</th><th>Parameter #3</th><th>Parameter #4</th></tr><tr class="param stripe"><td>-8.23</td><td>20.23</td><td>-160.0</td><td>1.0E-10</td></tr><tr><th colspan="4">Messages</th></tr><tr><td colspan="4"><div class="messages">&lt;/br&gt;Wed Nov 02 16:39:50 MSK 2016. Test faild: [tesNgTask][businessObject.CalculatorTest][testMultDouble]. Status &lt;2&gt;. Time duration &lt;1&gt;.<br/>&lt;/br&gt;Wed Nov 02 16:39:50 MSK 2016. Test faild: [tesNgTask][businessObject.CalculatorTest][testMultDouble]. Status &lt;2&gt;. Time duration &lt;1&gt;.</div></td></tr><tr><th colspan="4">Exception</th></tr><tr><td colspan="4"><div class="stacktrace">java.lang.AssertionError: expected [-160.0] but found [-167.0]
	at businessObject.CalculatorTest.testMultDouble(CalculatorTest.java:47)
	at com.intellij.rt.execution.application.AppMain.main(AppMain.java:147)
... Removed 31 stack frames</div></td></tr></table><p class="totop"><a href="#summary">back to summary</a></p><h3 id="m21">businessObject.CalculatorTest#testMultDouble</h3><table class="result"><tr class="param"><th>Parameter #1</th><th>Parameter #2</th><th>Parameter #3</th><th>Parameter #4</th></tr><tr class="param stripe"><td>30.23</td><td>-5.23</td><td>-150.0</td><td>1.0E-10</td></tr><tr><th colspan="4">Messages</th></tr><tr><td colspan="4"><div class="messages">&lt;/br&gt;Wed Nov 02 16:39:50 MSK 2016. Test faild: [tesNgTask][businessObject.CalculatorTest][testMultDouble]. Status &lt;2&gt;. Time duration &lt;0&gt;.<br/>&lt;/br&gt;Wed Nov 02 16:39:50 MSK 2016. Test faild: [tesNgTask][businessObject.CalculatorTest][testMultDouble]. Status &lt;2&gt;. Time duration &lt;0&gt;.</div></td></tr><tr><th colspan="4">Exception</th></tr><tr><td colspan="4"><div class="stacktrace">java.lang.AssertionError: expected [-150.0] but found [-159.0]
	at businessObject.CalculatorTest.testMultDouble(CalculatorTest.java:47)
	at com.intellij.rt.execution.application.AppMain.main(AppMain.java:147)
... Removed 31 stack frames</div></td></tr></table><p class="totop"><a href="#summary">back to summary</a></p><h3 id="m22">businessObject.CalculatorTest#testMultOverflowDouble</h3><table class="result"><tr><th>Exception</th></tr><tr><td><div class="stacktrace">org.testng.TestException: 
Expected exception java.lang.StackOverflowError but got java.lang.RuntimeException: java.lang.IllegalStateException: Cannot get a numeric value from a text cell
	at com.intellij.rt.execution.application.AppMain.main(AppMain.java:147)
Caused by: java.lang.RuntimeException: java.lang.IllegalStateException: Cannot get a numeric value from a text cell
	... 20 more
Caused by: java.lang.IllegalStateException: Cannot get a numeric value from a text cell
	at org.apache.poi.hssf.usermodel.HSSFCell.typeMismatch(HSSFCell.java:654)
	at org.apache.poi.hssf.usermodel.HSSFCell.getNumericCellValue(HSSFCell.java:679)
	at dataProvider.ReaderXls.parse(ReaderXls.java:41)
	at dataProvider.DataProviderClass.getDataDouble(DataProviderClass.java:24)
	... 24 more
... Removed 32 stack frames</div></td></tr></table><p class="totop"><a href="#summary">back to summary</a></p><h3 id="m23">businessObject.CalculatorTest#testMultOverflowLong</h3><table class="result"><tr class="param"><th>Parameter #1</th><th>Parameter #2</th></tr><tr class="param stripe"><td>-9223372036854769664</td><td>10</td></tr><tr><th colspan="2">Messages</th></tr><tr><td colspan="2"><div class="messages">&lt;/br&gt;Wed Nov 02 16:39:50 MSK 2016. Test faild: [tesNgTask][businessObject.CalculatorTest][testMultOverflowLong]. Status &lt;2&gt;. Time duration &lt;0&gt;.<br/>&lt;/br&gt;Wed Nov 02 16:39:50 MSK 2016. Test faild: [tesNgTask][businessObject.CalculatorTest][testMultOverflowLong]. Status &lt;2&gt;. Time duration &lt;0&gt;.</div></td></tr><tr><th colspan="2">Exception</th></tr><tr><td colspan="2"><div class="stacktrace">org.testng.TestException: 
Method CalculatorTest.testMultOverflowLong(long, long)[pri:0, instance:businessObject.CalculatorTest@47d384ee] should have thrown an exception of class java.lang.StackOverflowError
	at com.intellij.rt.execution.application.AppMain.main(AppMain.java:147)
Method CalculatorTest.testMultOverflowLong(long, long)[pri:0, instance:businessObject.CalculatorTest@47d384ee] should have thrown an exception of class java.lang.StackOverflowError
	... 20 more
... Removed 27 stack frames</div></td></tr></table><p class="totop"><a href="#summary">back to summary</a></p><h3 id="m24">businessObject.CalculatorTest#testMultOverflowLong</h3><table class="result"><tr class="param"><th>Parameter #1</th><th>Parameter #2</th></tr><tr class="param stripe"><td>9223372036854769664</td><td>10</td></tr><tr><th colspan="2">Messages</th></tr><tr><td colspan="2"><div class="messages">&lt;/br&gt;Wed Nov 02 16:39:50 MSK 2016. Test faild: [tesNgTask][businessObject.CalculatorTest][testMultOverflowLong]. Status &lt;2&gt;. Time duration &lt;0&gt;.<br/>&lt;/br&gt;Wed Nov 02 16:39:50 MSK 2016. Test faild: [tesNgTask][businessObject.CalculatorTest][testMultOverflowLong]. Status &lt;2&gt;. Time duration &lt;0&gt;.</div></td></tr><tr><th colspan="2">Exception</th></tr><tr><td colspan="2"><div class="stacktrace">org.testng.TestException: 
Method CalculatorTest.testMultOverflowLong(long, long)[pri:0, instance:businessObject.CalculatorTest@47d384ee] should have thrown an exception of class java.lang.StackOverflowError
	at com.intellij.rt.execution.application.AppMain.main(AppMain.java:147)
Method CalculatorTest.testMultOverflowLong(long, long)[pri:0, instance:businessObject.CalculatorTest@47d384ee] should have thrown an exception of class java.lang.StackOverflowError
	... 20 more
... Removed 27 stack frames</div></td></tr></table><p class="totop"><a href="#summary">back to summary</a></p><h3 id="m25">businessObject.CalculatorTest#testPowNumZeroAndPowLessZero</h3><table class="result"><tr class="param"><th>Parameter #1</th><th>Parameter #2</th></tr><tr class="param stripe"><td>0.0</td><td>-7.0</td></tr><tr><th colspan="2">Messages</th></tr><tr><td colspan="2"><div class="messages">&lt;/br&gt;Wed Nov 02 16:39:51 MSK 2016. Test faild: [tesNgTask][businessObject.CalculatorTest][testPowNumZeroAndPowLessZero]. Status &lt;2&gt;. Time duration &lt;0&gt;.<br/>&lt;/br&gt;Wed Nov 02 16:39:51 MSK 2016. Test faild: [tesNgTask][businessObject.CalculatorTest][testPowNumZeroAndPowLessZero]. Status &lt;2&gt;. Time duration &lt;0&gt;.</div></td></tr><tr><th colspan="2">Exception</th></tr><tr><td colspan="2"><div class="stacktrace">org.testng.TestException: 
Method CalculatorTest.testPowNumZeroAndPowLessZero(double, double)[pri:0, instance:businessObject.CalculatorTest@47d384ee] should have thrown an exception of class java.lang.IllegalArgumentException
	at com.intellij.rt.execution.application.AppMain.main(AppMain.java:147)
Method CalculatorTest.testPowNumZeroAndPowLessZero(double, double)[pri:0, instance:businessObject.CalculatorTest@47d384ee] should have thrown an exception of class java.lang.IllegalArgumentException
	... 20 more
... Removed 27 stack frames</div></td></tr></table><p class="totop"><a href="#summary">back to summary</a></p><h3 id="m26">businessObject.CalculatorTest#testSqrtWhenNumLessZero</h3><table class="result"><tr class="param"><th>Parameter #1</th></tr><tr class="param stripe"><td>-5.6565656E7</td></tr><tr><th>Messages</th></tr><tr><td><div class="messages">&lt;/br&gt;Wed Nov 02 16:39:51 MSK 2016. Test faild: [tesNgTask][businessObject.CalculatorTest][testSqrtWhenNumLessZero]. Status &lt;2&gt;. Time duration &lt;1&gt;.<br/>&lt;/br&gt;Wed Nov 02 16:39:51 MSK 2016. Test faild: [tesNgTask][businessObject.CalculatorTest][testSqrtWhenNumLessZero]. Status &lt;2&gt;. Time duration &lt;1&gt;.</div></td></tr><tr><th>Exception</th></tr><tr><td><div class="stacktrace">org.testng.TestException: 
Method CalculatorTest.testSqrtWhenNumLessZero(double)[pri:0, instance:businessObject.CalculatorTest@47d384ee] should have thrown an exception of class java.lang.IllegalArgumentException
	at com.intellij.rt.execution.application.AppMain.main(AppMain.java:147)
Method CalculatorTest.testSqrtWhenNumLessZero(double)[pri:0, instance:businessObject.CalculatorTest@47d384ee] should have thrown an exception of class java.lang.IllegalArgumentException
	... 20 more
... Removed 27 stack frames</div></td></tr></table><p class="totop"><a href="#summary">back to summary</a></p><h3 id="m27">businessObject.CalculatorTest#testSubDouble</h3><table class="result"><tr class="param"><th>Parameter #1</th><th>Parameter #2</th><th>Parameter #3</th><th>Parameter #4</th></tr><tr class="param stripe"><td>-5.6562523E7</td><td>-456.0</td><td>-5.6562979E7</td><td>1.0E-10</td></tr><tr><th colspan="4">Messages</th></tr><tr><td colspan="4"><div class="messages">&lt;/br&gt;Wed Nov 02 16:39:51 MSK 2016. Test faild: [tesNgTask][businessObject.CalculatorTest][testSubDouble]. Status &lt;2&gt;. Time duration &lt;0&gt;.<br/>&lt;/br&gt;Wed Nov 02 16:39:51 MSK 2016. Test faild: [tesNgTask][businessObject.CalculatorTest][testSubDouble]. Status &lt;2&gt;. Time duration &lt;0&gt;.</div></td></tr><tr><th colspan="4">Exception</th></tr><tr><td colspan="4"><div class="stacktrace">java.lang.AssertionError: expected [-5.6562979E7] but found [-5.6562067E7]
	at businessObject.CalculatorTest.testSubDouble(CalculatorTest.java:37)
	at com.intellij.rt.execution.application.AppMain.main(AppMain.java:147)
... Removed 31 stack frames</div></td></tr></table><p class="totop"><a href="#summary">back to summary</a></p><h3 id="m28">businessObject.CalculatorTest#testSubLong</h3><table class="result"><tr class="param"><th>Parameter #1</th><th>Parameter #2</th><th>Parameter #3</th></tr><tr class="param stripe"><td>412341234123</td><td>-412341234123</td><td>0</td></tr><tr><th colspan="3">Messages</th></tr><tr><td colspan="3"><div class="messages">&lt;/br&gt;Wed Nov 02 16:39:51 MSK 2016. Test faild: [tesNgTask][businessObject.CalculatorTest][testSubLong]. Status &lt;2&gt;. Time duration &lt;0&gt;.<br/>&lt;/br&gt;Wed Nov 02 16:39:51 MSK 2016. Test faild: [tesNgTask][businessObject.CalculatorTest][testSubLong]. Status &lt;2&gt;. Time duration &lt;0&gt;.</div></td></tr><tr><th colspan="3">Exception</th></tr><tr><td colspan="3"><div class="stacktrace">java.lang.AssertionError: expected [0] but found [824682468246]
	at businessObject.CalculatorTest.testSubLong(CalculatorTest.java:31)
	at com.intellij.rt.execution.application.AppMain.main(AppMain.java:147)
... Removed 32 stack frames</div></td></tr></table><p class="totop"><a href="#summary">back to summary</a></p><h3 id="m29">businessObject.CalculatorTest#testSubLong</h3><table class="result"><tr class="param"><th>Parameter #1</th><th>Parameter #2</th><th>Parameter #3</th></tr><tr class="param stripe"><td>-56562523</td><td>-456</td><td>56562979</td></tr><tr><th colspan="3">Messages</th></tr><tr><td colspan="3"><div class="messages">&lt;/br&gt;Wed Nov 02 16:39:51 MSK 2016. Test faild: [tesNgTask][businessObject.CalculatorTest][testSubLong]. Status &lt;2&gt;. Time duration &lt;0&gt;.<br/>&lt;/br&gt;Wed Nov 02 16:39:51 MSK 2016. Test faild: [tesNgTask][businessObject.CalculatorTest][testSubLong]. Status &lt;2&gt;. Time duration &lt;0&gt;.</div></td></tr><tr><th colspan="3">Exception</th></tr><tr><td colspan="3"><div class="stacktrace">java.lang.AssertionError: expected [56562979] but found [-56562067]
	at businessObject.CalculatorTest.testSubLong(CalculatorTest.java:31)
	at com.intellij.rt.execution.application.AppMain.main(AppMain.java:147)
... Removed 32 stack frames</div></td></tr></table><p class="totop"><a href="#summary">back to summary</a></p><h3 id="m30">businessObject.CalculatorTest#testSubLong</h3><table class="result"><tr class="param"><th>Parameter #1</th><th>Parameter #2</th><th>Parameter #3</th></tr><tr class="param stripe"><td>9223372036854775807</td><td>98</td><td>9223372036854775807</td></tr><tr><th colspan="3">Messages</th></tr><tr><td colspan="3"><div class="messages">&lt;/br&gt;Wed Nov 02 16:39:51 MSK 2016. Test faild: [tesNgTask][businessObject.CalculatorTest][testSubLong]. Status &lt;2&gt;. Time duration &lt;7&gt;.<br/>&lt;/br&gt;Wed Nov 02 16:39:51 MSK 2016. Test faild: [tesNgTask][businessObject.CalculatorTest][testSubLong]. Status &lt;2&gt;. Time duration &lt;7&gt;.</div></td></tr><tr><th colspan="3">Exception</th></tr><tr><td colspan="3"><div class="stacktrace">java.lang.AssertionError: expected [9223372036854775807] but found [9223372036854775709]
	at businessObject.CalculatorTest.testSubLong(CalculatorTest.java:31)
	at com.intellij.rt.execution.application.AppMain.main(AppMain.java:147)
... Removed 32 stack frames</div></td></tr></table><p class="totop"><a href="#summary">back to summary</a></p><h3 id="m31">businessObject.CalculatorTest#testSubLong</h3><table class="result"><tr class="param"><th>Parameter #1</th><th>Parameter #2</th><th>Parameter #3</th></tr><tr class="param stripe"><td>-555555555555555</td><td>5</td><td>555555555555550</td></tr><tr><th colspan="3">Messages</th></tr><tr><td colspan="3"><div class="messages">&lt;/br&gt;Wed Nov 02 16:39:51 MSK 2016. Test faild: [tesNgTask][businessObject.CalculatorTest][testSubLong]. Status &lt;2&gt;. Time duration &lt;1&gt;.<br/>&lt;/br&gt;Wed Nov 02 16:39:51 MSK 2016. Test faild: [tesNgTask][businessObject.CalculatorTest][testSubLong]. Status &lt;2&gt;. Time duration &lt;1&gt;.</div></td></tr><tr><th colspan="3">Exception</th></tr><tr><td colspan="3"><div class="stacktrace">java.lang.AssertionError: expected [555555555555550] but found [-555555555555560]
	at businessObject.CalculatorTest.testSubLong(CalculatorTest.java:31)
	at com.intellij.rt.execution.application.AppMain.main(AppMain.java:147)
... Removed 32 stack frames</div></td></tr></table><p class="totop"><a href="#summary">back to summary</a></p><h3 id="m32">businessObject.CalculatorTest#testSumOverflowDouble</h3><table class="result"><tr><th>Exception</th></tr><tr><td><div class="stacktrace">org.testng.TestException: 
Expected exception java.lang.StackOverflowError but got java.lang.RuntimeException: java.lang.IllegalStateException: Cannot get a numeric value from a text cell
	at com.intellij.rt.execution.application.AppMain.main(AppMain.java:147)
Caused by: java.lang.RuntimeException: java.lang.IllegalStateException: Cannot get a numeric value from a text cell
	... 20 more
Caused by: java.lang.IllegalStateException: Cannot get a numeric value from a text cell
	at org.apache.poi.hssf.usermodel.HSSFCell.typeMismatch(HSSFCell.java:654)
	at org.apache.poi.hssf.usermodel.HSSFCell.getNumericCellValue(HSSFCell.java:679)
	at dataProvider.ReaderXls.parse(ReaderXls.java:41)
	at dataProvider.DataProviderClass.getDataDouble(DataProviderClass.java:24)
	... 24 more
... Removed 31 stack frames</div></td></tr></table><p class="totop"><a href="#summary">back to summary</a></p><h3 id="m33">businessObject.CalculatorTest#testSumOverflowLong</h3><table class="result"><tr class="param"><th>Parameter #1</th><th>Parameter #2</th></tr><tr class="param stripe"><td>9223372036854769664</td><td>10</td></tr><tr><th colspan="2">Messages</th></tr><tr><td colspan="2"><div class="messages">&lt;/br&gt;Wed Nov 02 16:40:19 MSK 2016. Test faild: [tesNgTask][businessObject.CalculatorTest][testSumOverflowLong]. Status &lt;2&gt;. Time duration &lt;0&gt;.<br/>&lt;/br&gt;Wed Nov 02 16:40:19 MSK 2016. Test faild: [tesNgTask][businessObject.CalculatorTest][testSumOverflowLong]. Status &lt;2&gt;. Time duration &lt;0&gt;.</div></td></tr><tr><th colspan="2">Exception</th></tr><tr><td colspan="2"><div class="stacktrace">org.testng.TestException: 
Method CalculatorTest.testSumOverflowLong(long, long)[pri:0, instance:businessObject.CalculatorTest@47d384ee] should have thrown an exception of class java.lang.StackOverflowError
	at com.intellij.rt.execution.application.AppMain.main(AppMain.java:147)
Method CalculatorTest.testSumOverflowLong(long, long)[pri:0, instance:businessObject.CalculatorTest@47d384ee] should have thrown an exception of class java.lang.StackOverflowError
	... 20 more
... Removed 27 stack frames</div></td></tr></table><p class="totop"><a href="#summary">back to summary</a></p><h3 id="m34">businessObject.CalculatorTest#testSumOverflowLong</h3><table class="result"><tr class="param"><th>Parameter #1</th><th>Parameter #2</th></tr><tr class="param stripe"><td>-9223372036854769664</td><td>-10</td></tr><tr><th colspan="2">Messages</th></tr><tr><td colspan="2"><div class="messages">&lt;/br&gt;Wed Nov 02 16:40:19 MSK 2016. Test faild: [tesNgTask][businessObject.CalculatorTest][testSumOverflowLong]. Status &lt;2&gt;. Time duration &lt;0&gt;.<br/>&lt;/br&gt;Wed Nov 02 16:40:19 MSK 2016. Test faild: [tesNgTask][businessObject.CalculatorTest][testSumOverflowLong]. Status &lt;2&gt;. Time duration &lt;0&gt;.</div></td></tr><tr><th colspan="2">Exception</th></tr><tr><td colspan="2"><div class="stacktrace">org.testng.TestException: 
Method CalculatorTest.testSumOverflowLong(long, long)[pri:0, instance:businessObject.CalculatorTest@47d384ee] should have thrown an exception of class java.lang.StackOverflowError
	at com.intellij.rt.execution.application.AppMain.main(AppMain.java:147)
Method CalculatorTest.testSumOverflowLong(long, long)[pri:0, instance:businessObject.CalculatorTest@47d384ee] should have thrown an exception of class java.lang.StackOverflowError
	... 20 more
... Removed 27 stack frames</div></td></tr></table><p class="totop"><a href="#summary">back to summary</a></p><h3 id="m35">businessObject.CalculatorTest#testTg</h3><table class="result"><tr class="param"><th>Parameter #1</th><th>Parameter #2</th></tr><tr class="param stripe"><td>-565656.0</td><td>0.3354445635832207</td></tr><tr><th colspan="2">Messages</th></tr><tr><td colspan="2"><div class="messages">&lt;/br&gt;Wed Nov 02 16:40:19 MSK 2016. Test faild: [tesNgTask][businessObject.CalculatorTest][testTg]. Status &lt;2&gt;. Time duration &lt;0&gt;.<br/>&lt;/br&gt;Wed Nov 02 16:40:19 MSK 2016. Test faild: [tesNgTask][businessObject.CalculatorTest][testTg]. Status &lt;2&gt;. Time duration &lt;0&gt;.</div></td></tr><tr><th colspan="2">Exception</th></tr><tr><td colspan="2"><div class="stacktrace">java.lang.AssertionError: expected [0.3354445635832207] but found [1.0]
	at businessObject.CalculatorTest.testTg(CalculatorTest.java:72)
	at com.intellij.rt.execution.application.AppMain.main(AppMain.java:147)
... Removed 31 stack frames</div></td></tr></table><p class="totop"><a href="#summary">back to summary</a></p><h3 id="m36">businessObject.CalculatorTest#testTg</h3><table class="result"><tr class="param"><th>Parameter #1</th><th>Parameter #2</th></tr><tr class="param stripe"><td>20.56</td><td>-7.114264447088601</td></tr><tr><th colspan="2">Messages</th></tr><tr><td colspan="2"><div class="messages">&lt;/br&gt;Wed Nov 02 16:40:19 MSK 2016. Test faild: [tesNgTask][businessObject.CalculatorTest][testTg]. Status &lt;2&gt;. Time duration &lt;0&gt;.<br/>&lt;/br&gt;Wed Nov 02 16:40:19 MSK 2016. Test faild: [tesNgTask][businessObject.CalculatorTest][testTg]. Status &lt;2&gt;. Time duration &lt;0&gt;.</div></td></tr><tr><th colspan="2">Exception</th></tr><tr><td colspan="2"><div class="stacktrace">java.lang.AssertionError: expected [-7.114264447088601] but found [1.0]
	at businessObject.CalculatorTest.testTg(CalculatorTest.java:72)
	at com.intellij.rt.execution.application.AppMain.main(AppMain.java:147)
... Removed 31 stack frames</div></td></tr></table><p class="totop"><a href="#summary">back to summary</a></p><h3 id="m37">businessObject.CalculatorTest#testTg</h3><table class="result"><tr class="param"><th>Parameter #1</th><th>Parameter #2</th></tr><tr class="param stripe"><td>0.0</td><td>0.0</td></tr><tr><th colspan="2">Messages</th></tr><tr><td colspan="2"><div class="messages">&lt;/br&gt;Wed Nov 02 16:40:19 MSK 2016. Test faild: [tesNgTask][businessObject.CalculatorTest][testTg]. Status &lt;2&gt;. Time duration &lt;0&gt;.<br/>&lt;/br&gt;Wed Nov 02 16:40:19 MSK 2016. Test faild: [tesNgTask][businessObject.CalculatorTest][testTg]. Status &lt;2&gt;. Time duration &lt;0&gt;.</div></td></tr><tr><th colspan="2">Exception</th></tr><tr><td colspan="2"><div class="stacktrace">java.lang.AssertionError: expected [0.0] but found [NaN]
	at businessObject.CalculatorTest.testTg(CalculatorTest.java:72)
	at com.intellij.rt.execution.application.AppMain.main(AppMain.java:147)
... Removed 31 stack frames</div></td></tr></table><p class="totop"><a href="#summary">back to summary</a></p><h3 id="m38">businessObject.CalculatorTest#testDivDouble</h3><table class="result"><tr class="param"><th>Parameter #1</th><th>Parameter #2</th><th>Parameter #3</th><th>Parameter #4</th></tr><tr class="param stripe"><td>456789.0</td><td>6.0</td><td>76131.5</td><td>1.0E-10</td></tr><tr><th colspan="4">Messages</th></tr><tr><td colspan="4"><div class="messages">&lt;/br&gt;Wed Nov 02 16:39:50 MSK 2016. Test passed: [tesNgTask][businessObject.CalculatorTest][testDivDouble]. Status &lt;1&gt;. Time duration &lt;1&gt;.<br/>&lt;/br&gt;Wed Nov 02 16:39:50 MSK 2016. Test passed: [tesNgTask][businessObject.CalculatorTest][testDivDouble]. Status &lt;1&gt;. Time duration &lt;1&gt;.</div></td></tr></table><p class="totop"><a href="#summary">back to summary</a></p><h3 id="m39">businessObject.CalculatorTest#testDivDouble</h3><table class="result"><tr class="param"><th>Parameter #1</th><th>Parameter #2</th><th>Parameter #3</th><th>Parameter #4</th></tr><tr class="param stripe"><td>30.0</td><td>-5.0</td><td>-6.0</td><td>1.0E-10</td></tr><tr><th colspan="4">Messages</th></tr><tr><td colspan="4"><div class="messages">&lt;/br&gt;Wed Nov 02 16:39:50 MSK 2016. Test passed: [tesNgTask][businessObject.CalculatorTest][testDivDouble]. Status &lt;1&gt;. Time duration &lt;0&gt;.<br/>&lt;/br&gt;Wed Nov 02 16:39:50 MSK 2016. Test passed: [tesNgTask][businessObject.CalculatorTest][testDivDouble]. Status &lt;1&gt;. Time duration &lt;0&gt;.</div></td></tr></table><p class="totop"><a href="#summary">back to summary</a></p><h3 id="m40">businessObject.CalculatorTest#testDivDouble</h3><table class="result"><tr class="param"><th>Parameter #1</th><th>Parameter #2</th><th>Parameter #3</th><th>Parameter #4</th></tr><tr class="param stripe"><td>0.0</td><td>-5.656565656E9</td><td>0.0</td><td>1.0E-10</td></tr><tr><th colspan="4">Messages</th></tr><tr><td colspan="4"><div class="messages">&lt;/br&gt;Wed Nov 02 16:39:50 MSK 2016. Test passed: [tesNgTask][businessObject.CalculatorTest][testDivDouble]. Status &lt;1&gt;. Time duration &lt;1&gt;.<br/>&lt;/br&gt;Wed Nov 02 16:39:50 MSK 2016. Test passed: [tesNgTask][businessObject.CalculatorTest][testDivDouble]. Status &lt;1&gt;. Time duration &lt;1&gt;.</div></td></tr></table><p class="totop"><a href="#summary">back to summary</a></p><h3 id="m41">businessObject.CalculatorTest#testDivDouble</h3><table class="result"><tr class="param"><th>Parameter #1</th><th>Parameter #2</th><th>Parameter #3</th><th>Parameter #4</th></tr><tr class="param stripe"><td>-8.0</td><td>20.0</td><td>-0.4</td><td>1.0E-10</td></tr><tr><th colspan="4">Messages</th></tr><tr><td colspan="4"><div class="messages">&lt;/br&gt;Wed Nov 02 16:39:50 MSK 2016. Test passed: [tesNgTask][businessObject.CalculatorTest][testDivDouble]. Status &lt;1&gt;. Time duration &lt;1&gt;.<br/>&lt;/br&gt;Wed Nov 02 16:39:50 MSK 2016. Test passed: [tesNgTask][businessObject.CalculatorTest][testDivDouble]. Status &lt;1&gt;. Time duration &lt;1&gt;.</div></td></tr></table><p class="totop"><a href="#summary">back to summary</a></p><h3 id="m42">businessObject.CalculatorTest#testDivDouble</h3><table class="result"><tr class="param"><th>Parameter #1</th><th>Parameter #2</th><th>Parameter #3</th><th>Parameter #4</th></tr><tr class="param stripe"><td>-5.0</td><td>-5.0</td><td>1.0</td><td>1.0E-10</td></tr><tr><th colspan="4">Messages</th></tr><tr><td colspan="4"><div class="messages">&lt;/br&gt;Wed Nov 02 16:39:50 MSK 2016. Test passed: [tesNgTask][businessObject.CalculatorTest][testDivDouble]. Status &lt;1&gt;. Time duration &lt;9&gt;.<br/>&lt;/br&gt;Wed Nov 02 16:39:50 MSK 2016. Test passed: [tesNgTask][businessObject.CalculatorTest][testDivDouble]. Status &lt;1&gt;. Time duration &lt;9&gt;.</div></td></tr></table><p class="totop"><a href="#summary">back to summary</a></p><h3 id="m43">businessObject.CalculatorTest#testDivLong</h3><table class="result"><tr class="param"><th>Parameter #1</th><th>Parameter #2</th><th>Parameter #3</th></tr><tr class="param stripe"><td>-566</td><td>656</td><td>0</td></tr><tr><th colspan="3">Messages</th></tr><tr><td colspan="3"><div class="messages">&lt;/br&gt;Wed Nov 02 16:39:50 MSK 2016. Test passed: [tesNgTask][businessObject.CalculatorTest][testDivLong]. Status &lt;1&gt;. Time duration &lt;1&gt;.<br/>&lt;/br&gt;Wed Nov 02 16:39:50 MSK 2016. Test passed: [tesNgTask][businessObject.CalculatorTest][testDivLong]. Status &lt;1&gt;. Time duration &lt;1&gt;.</div></td></tr></table><p class="totop"><a href="#summary">back to summary</a></p><h3 id="m44">businessObject.CalculatorTest#testDivLong</h3><table class="result"><tr class="param"><th>Parameter #1</th><th>Parameter #2</th><th>Parameter #3</th></tr><tr class="param stripe"><td>5</td><td>1</td><td>5</td></tr><tr><th colspan="3">Messages</th></tr><tr><td colspan="3"><div class="messages">&lt;/br&gt;Wed Nov 02 16:39:50 MSK 2016. Test passed: [tesNgTask][businessObject.CalculatorTest][testDivLong]. Status &lt;1&gt;. Time duration &lt;0&gt;.<br/>&lt;/br&gt;Wed Nov 02 16:39:50 MSK 2016. Test passed: [tesNgTask][businessObject.CalculatorTest][testDivLong]. Status &lt;1&gt;. Time duration &lt;0&gt;.</div></td></tr></table><p class="totop"><a href="#summary">back to summary</a></p><h3 id="m45">businessObject.CalculatorTest#testDivLong</h3><table class="result"><tr class="param"><th>Parameter #1</th><th>Parameter #2</th><th>Parameter #3</th></tr><tr class="param stripe"><td>5547</td><td>-555</td><td>-9</td></tr><tr><th colspan="3">Messages</th></tr><tr><td colspan="3"><div class="messages">&lt;/br&gt;Wed Nov 02 16:39:50 MSK 2016. Test passed: [tesNgTask][businessObject.CalculatorTest][testDivLong]. Status &lt;1&gt;. Time duration &lt;0&gt;.<br/>&lt;/br&gt;Wed Nov 02 16:39:50 MSK 2016. Test passed: [tesNgTask][businessObject.CalculatorTest][testDivLong]. Status &lt;1&gt;. Time duration &lt;0&gt;.</div></td></tr></table><p class="totop"><a href="#summary">back to summary</a></p><h3 id="m46">businessObject.CalculatorTest#testDivLong</h3><table class="result"><tr class="param"><th>Parameter #1</th><th>Parameter #2</th><th>Parameter #3</th></tr><tr class="param stripe"><td>-5466</td><td>-565</td><td>9</td></tr><tr><th colspan="3">Messages</th></tr><tr><td colspan="3"><div class="messages">&lt;/br&gt;Wed Nov 02 16:39:50 MSK 2016. Test passed: [tesNgTask][businessObject.CalculatorTest][testDivLong]. Status &lt;1&gt;. Time duration &lt;0&gt;.<br/>&lt;/br&gt;Wed Nov 02 16:39:50 MSK 2016. Test passed: [tesNgTask][businessObject.CalculatorTest][testDivLong]. Status &lt;1&gt;. Time duration &lt;0&gt;.</div></td></tr></table><p class="totop"><a href="#summary">back to summary</a></p><h3 id="m47">businessObject.CalculatorTest#testIsNegative</h3><table class="result"><tr class="param"><th>Parameter #1</th></tr><tr class="param stripe"><td>-555</td></tr><tr><th>Messages</th></tr><tr><td><div class="messages">&lt;/br&gt;Wed Nov 02 16:39:50 MSK 2016. Test passed: [tesNgTask][businessObject.CalculatorTest][testIsNegative]. Status &lt;1&gt;. Time duration &lt;1&gt;.<br/>&lt;/br&gt;Wed Nov 02 16:39:50 MSK 2016. Test passed: [tesNgTask][businessObject.CalculatorTest][testIsNegative]. Status &lt;1&gt;. Time duration &lt;1&gt;.</div></td></tr></table><p class="totop"><a href="#summary">back to summary</a></p><h3 id="m48">businessObject.CalculatorTest#testIsPosWithNegativeNumber</h3><table class="result"><tr class="param"><th>Parameter #1</th></tr><tr class="param stripe"><td>-57987876</td></tr><tr><th>Messages</th></tr><tr><td><div class="messages">&lt;/br&gt;Wed Nov 02 16:39:50 MSK 2016. Test passed: [tesNgTask][businessObject.CalculatorTest][testIsPosWithNegativeNumber]. Status &lt;1&gt;. Time duration &lt;1&gt;.<br/>&lt;/br&gt;Wed Nov 02 16:39:50 MSK 2016. Test passed: [tesNgTask][businessObject.CalculatorTest][testIsPosWithNegativeNumber]. Status &lt;1&gt;. Time duration &lt;1&gt;.</div></td></tr></table><p class="totop"><a href="#summary">back to summary</a></p><h3 id="m49">businessObject.CalculatorTest#testIsPositive</h3><table class="result"><tr class="param"><th>Parameter #1</th></tr><tr class="param stripe"><td>32223</td></tr><tr><th>Messages</th></tr><tr><td><div class="messages">&lt;/br&gt;Wed Nov 02 16:39:50 MSK 2016. Test passed: [tesNgTask][businessObject.CalculatorTest][testIsPositive]. Status &lt;1&gt;. Time duration &lt;1&gt;.<br/>&lt;/br&gt;Wed Nov 02 16:39:50 MSK 2016. Test passed: [tesNgTask][businessObject.CalculatorTest][testIsPositive]. Status &lt;1&gt;. Time duration &lt;1&gt;.</div></td></tr></table><p class="totop"><a href="#summary">back to summary</a></p><h3 id="m50">businessObject.CalculatorTest#testMultDouble</h3><table class="result"><tr class="param"><th>Parameter #1</th><th>Parameter #2</th><th>Parameter #3</th><th>Parameter #4</th></tr><tr class="param stripe"><td>0.0</td><td>0.0</td><td>0.0</td><td>1.0E-10</td></tr><tr><th colspan="4">Messages</th></tr><tr><td colspan="4"><div class="messages">&lt;/br&gt;Wed Nov 02 16:39:50 MSK 2016. Test passed: [tesNgTask][businessObject.CalculatorTest][testMultDouble]. Status &lt;1&gt;. Time duration &lt;0&gt;.<br/>&lt;/br&gt;Wed Nov 02 16:39:50 MSK 2016. Test passed: [tesNgTask][businessObject.CalculatorTest][testMultDouble]. Status &lt;1&gt;. Time duration &lt;0&gt;.</div></td></tr></table><p class="totop"><a href="#summary">back to summary</a></p><h3 id="m51">businessObject.CalculatorTest#testMultDouble</h3><table class="result"><tr class="param"><th>Parameter #1</th><th>Parameter #2</th><th>Parameter #3</th><th>Parameter #4</th></tr><tr class="param stripe"><td>0.0</td><td>-5.6565656562E9</td><td>0.0</td><td>1.0E-10</td></tr><tr><th colspan="4">Messages</th></tr><tr><td colspan="4"><div class="messages">&lt;/br&gt;Wed Nov 02 16:39:50 MSK 2016. Test passed: [tesNgTask][businessObject.CalculatorTest][testMultDouble]. Status &lt;1&gt;. Time duration &lt;0&gt;.<br/>&lt;/br&gt;Wed Nov 02 16:39:50 MSK 2016. Test passed: [tesNgTask][businessObject.CalculatorTest][testMultDouble]. Status &lt;1&gt;. Time duration &lt;0&gt;.</div></td></tr></table><p class="totop"><a href="#summary">back to summary</a></p><h3 id="m52">businessObject.CalculatorTest#testMultDouble</h3><table class="result"><tr class="param"><th>Parameter #1</th><th>Parameter #2</th><th>Parameter #3</th><th>Parameter #4</th></tr><tr class="param stripe"><td>4.65467468465464E17</td><td>0.0</td><td>0.0</td><td>1.0E-10</td></tr><tr><th colspan="4">Messages</th></tr><tr><td colspan="4"><div class="messages">&lt;/br&gt;Wed Nov 02 16:39:50 MSK 2016. Test passed: [tesNgTask][businessObject.CalculatorTest][testMultDouble]. Status &lt;1&gt;. Time duration &lt;0&gt;.<br/>&lt;/br&gt;Wed Nov 02 16:39:50 MSK 2016. Test passed: [tesNgTask][businessObject.CalculatorTest][testMultDouble]. Status &lt;1&gt;. Time duration &lt;0&gt;.</div></td></tr></table><p class="totop"><a href="#summary">back to summary</a></p><h3 id="m53">businessObject.CalculatorTest#testMultLong</h3><table class="result"><tr class="param"><th>Parameter #1</th><th>Parameter #2</th><th>Parameter #3</th></tr><tr class="param stripe"><td>-5</td><td>-5</td><td>25</td></tr><tr><th colspan="3">Messages</th></tr><tr><td colspan="3"><div class="messages">&lt;/br&gt;Wed Nov 02 16:39:50 MSK 2016. Test passed: [tesNgTask][businessObject.CalculatorTest][testMultLong]. Status &lt;1&gt;. Time duration &lt;1&gt;.<br/>&lt;/br&gt;Wed Nov 02 16:39:50 MSK 2016. Test passed: [tesNgTask][businessObject.CalculatorTest][testMultLong]. Status &lt;1&gt;. Time duration &lt;1&gt;.</div></td></tr></table><p class="totop"><a href="#summary">back to summary</a></p><h3 id="m54">businessObject.CalculatorTest#testMultLong</h3><table class="result"><tr class="param"><th>Parameter #1</th><th>Parameter #2</th><th>Parameter #3</th></tr><tr class="param stripe"><td>465467468465464000</td><td>0</td><td>0</td></tr><tr><th colspan="3">Messages</th></tr><tr><td colspan="3"><div class="messages">&lt;/br&gt;Wed Nov 02 16:39:50 MSK 2016. Test passed: [tesNgTask][businessObject.CalculatorTest][testMultLong]. Status &lt;1&gt;. Time duration &lt;1&gt;.<br/>&lt;/br&gt;Wed Nov 02 16:39:50 MSK 2016. Test passed: [tesNgTask][businessObject.CalculatorTest][testMultLong]. Status &lt;1&gt;. Time duration &lt;1&gt;.</div></td></tr></table><p class="totop"><a href="#summary">back to summary</a></p><h3 id="m55">businessObject.CalculatorTest#testMultLong</h3><table class="result"><tr class="param"><th>Parameter #1</th><th>Parameter #2</th><th>Parameter #3</th></tr><tr class="param stripe"><td>30</td><td>-5</td><td>-150</td></tr><tr><th colspan="3">Messages</th></tr><tr><td colspan="3"><div class="messages">&lt;/br&gt;Wed Nov 02 16:39:50 MSK 2016. Test passed: [tesNgTask][businessObject.CalculatorTest][testMultLong]. Status &lt;1&gt;. Time duration &lt;0&gt;.<br/>&lt;/br&gt;Wed Nov 02 16:39:50 MSK 2016. Test passed: [tesNgTask][businessObject.CalculatorTest][testMultLong]. Status &lt;1&gt;. Time duration &lt;0&gt;.</div></td></tr></table><p class="totop"><a href="#summary">back to summary</a></p><h3 id="m56">businessObject.CalculatorTest#testMultLong</h3><table class="result"><tr class="param"><th>Parameter #1</th><th>Parameter #2</th><th>Parameter #3</th></tr><tr class="param stripe"><td>456789</td><td>6</td><td>2740734</td></tr><tr><th colspan="3">Messages</th></tr><tr><td colspan="3"><div class="messages">&lt;/br&gt;Wed Nov 02 16:39:50 MSK 2016. Test passed: [tesNgTask][businessObject.CalculatorTest][testMultLong]. Status &lt;1&gt;. Time duration &lt;0&gt;.<br/>&lt;/br&gt;Wed Nov 02 16:39:50 MSK 2016. Test passed: [tesNgTask][businessObject.CalculatorTest][testMultLong]. Status &lt;1&gt;. Time duration &lt;0&gt;.</div></td></tr></table><p class="totop"><a href="#summary">back to summary</a></p><h3 id="m57">businessObject.CalculatorTest#testMultLong</h3><table class="result"><tr class="param"><th>Parameter #1</th><th>Parameter #2</th><th>Parameter #3</th></tr><tr class="param stripe"><td>0</td><td>-5656565656</td><td>0</td></tr><tr><th colspan="3">Messages</th></tr><tr><td colspan="3"><div class="messages">&lt;/br&gt;Wed Nov 02 16:39:50 MSK 2016. Test passed: [tesNgTask][businessObject.CalculatorTest][testMultLong]. Status &lt;1&gt;. Time duration &lt;0&gt;.<br/>&lt;/br&gt;Wed Nov 02 16:39:50 MSK 2016. Test passed: [tesNgTask][businessObject.CalculatorTest][testMultLong]. Status &lt;1&gt;. Time duration &lt;0&gt;.</div></td></tr></table><p class="totop"><a href="#summary">back to summary</a></p><h3 id="m58">businessObject.CalculatorTest#testMultLong</h3><table class="result"><tr class="param"><th>Parameter #1</th><th>Parameter #2</th><th>Parameter #3</th></tr><tr class="param stripe"><td>0</td><td>0</td><td>0</td></tr><tr><th colspan="3">Messages</th></tr><tr><td colspan="3"><div class="messages">&lt;/br&gt;Wed Nov 02 16:39:50 MSK 2016. Test passed: [tesNgTask][businessObject.CalculatorTest][testMultLong]. Status &lt;1&gt;. Time duration &lt;1&gt;.<br/>&lt;/br&gt;Wed Nov 02 16:39:50 MSK 2016. Test passed: [tesNgTask][businessObject.CalculatorTest][testMultLong]. Status &lt;1&gt;. Time duration &lt;1&gt;.</div></td></tr></table><p class="totop"><a href="#summary">back to summary</a></p><h3 id="m59">businessObject.CalculatorTest#testMultLong</h3><table class="result"><tr class="param"><th>Parameter #1</th><th>Parameter #2</th><th>Parameter #3</th></tr><tr class="param stripe"><td>-8</td><td>20</td><td>-160</td></tr><tr><th colspan="3">Messages</th></tr><tr><td colspan="3"><div class="messages">&lt;/br&gt;Wed Nov 02 16:39:50 MSK 2016. Test passed: [tesNgTask][businessObject.CalculatorTest][testMultLong]. Status &lt;1&gt;. Time duration &lt;0&gt;.<br/>&lt;/br&gt;Wed Nov 02 16:39:50 MSK 2016. Test passed: [tesNgTask][businessObject.CalculatorTest][testMultLong]. Status &lt;1&gt;. Time duration &lt;0&gt;.</div></td></tr></table><p class="totop"><a href="#summary">back to summary</a></p><h3 id="m60">businessObject.CalculatorTest#testPow</h3><table class="result"><tr class="param"><th>Parameter #1</th><th>Parameter #2</th><th>Parameter #3</th></tr><tr class="param stripe"><td>456789.0</td><td>6.0</td><td>9.08434924831199E33</td></tr><tr><th colspan="3">Messages</th></tr><tr><td colspan="3"><div class="messages">&lt;/br&gt;Wed Nov 02 16:39:51 MSK 2016. Test passed: [tesNgTask][businessObject.CalculatorTest][testPow]. Status &lt;1&gt;. Time duration &lt;1&gt;.<br/>&lt;/br&gt;Wed Nov 02 16:39:51 MSK 2016. Test passed: [tesNgTask][businessObject.CalculatorTest][testPow]. Status &lt;1&gt;. Time duration &lt;1&gt;.</div></td></tr></table><p class="totop"><a href="#summary">back to summary</a></p><h3 id="m61">businessObject.CalculatorTest#testPow</h3><table class="result"><tr class="param"><th>Parameter #1</th><th>Parameter #2</th><th>Parameter #3</th></tr><tr class="param stripe"><td>-5.0</td><td>-5.0</td><td>-3.2E-4</td></tr><tr><th colspan="3">Messages</th></tr><tr><td colspan="3"><div class="messages">&lt;/br&gt;Wed Nov 02 16:39:51 MSK 2016. Test passed: [tesNgTask][businessObject.CalculatorTest][testPow]. Status &lt;1&gt;. Time duration &lt;0&gt;.<br/>&lt;/br&gt;Wed Nov 02 16:39:51 MSK 2016. Test passed: [tesNgTask][businessObject.CalculatorTest][testPow]. Status &lt;1&gt;. Time duration &lt;0&gt;.</div></td></tr></table><p class="totop"><a href="#summary">back to summary</a></p><h3 id="m62">businessObject.CalculatorTest#testPow</h3><table class="result"><tr class="param"><th>Parameter #1</th><th>Parameter #2</th><th>Parameter #3</th></tr><tr class="param stripe"><td>4.65467468465464E17</td><td>0.0</td><td>1.0</td></tr><tr><th colspan="3">Messages</th></tr><tr><td colspan="3"><div class="messages">&lt;/br&gt;Wed Nov 02 16:39:51 MSK 2016. Test passed: [tesNgTask][businessObject.CalculatorTest][testPow]. Status &lt;1&gt;. Time duration &lt;0&gt;.<br/>&lt;/br&gt;Wed Nov 02 16:39:51 MSK 2016. Test passed: [tesNgTask][businessObject.CalculatorTest][testPow]. Status &lt;1&gt;. Time duration &lt;0&gt;.</div></td></tr></table><p class="totop"><a href="#summary">back to summary</a></p><h3 id="m63">businessObject.CalculatorTest#testPow</h3><table class="result"><tr class="param"><th>Parameter #1</th><th>Parameter #2</th><th>Parameter #3</th></tr><tr class="param stripe"><td>30.0</td><td>-5.0</td><td>4.11522633744856E-8</td></tr><tr><th colspan="3">Messages</th></tr><tr><td colspan="3"><div class="messages">&lt;/br&gt;Wed Nov 02 16:39:51 MSK 2016. Test passed: [tesNgTask][businessObject.CalculatorTest][testPow]. Status &lt;1&gt;. Time duration &lt;0&gt;.<br/>&lt;/br&gt;Wed Nov 02 16:39:51 MSK 2016. Test passed: [tesNgTask][businessObject.CalculatorTest][testPow]. Status &lt;1&gt;. Time duration &lt;0&gt;.</div></td></tr></table><p class="totop"><a href="#summary">back to summary</a></p><h3 id="m64">businessObject.CalculatorTest#testPow</h3><table class="result"><tr class="param"><th>Parameter #1</th><th>Parameter #2</th><th>Parameter #3</th></tr><tr class="param stripe"><td>-8.0</td><td>20.0</td><td>1.15292150460684698E18</td></tr><tr><th colspan="3">Messages</th></tr><tr><td colspan="3"><div class="messages">&lt;/br&gt;Wed Nov 02 16:39:51 MSK 2016. Test passed: [tesNgTask][businessObject.CalculatorTest][testPow]. Status &lt;1&gt;. Time duration &lt;1&gt;.<br/>&lt;/br&gt;Wed Nov 02 16:39:51 MSK 2016. Test passed: [tesNgTask][businessObject.CalculatorTest][testPow]. Status &lt;1&gt;. Time duration &lt;1&gt;.</div></td></tr></table><p class="totop"><a href="#summary">back to summary</a></p><h3 id="m65">businessObject.CalculatorTest#testSin</h3><table class="result"><tr class="param"><th>Parameter #1</th><th>Parameter #2</th></tr><tr class="param stripe"><td>1.0</td><td>0.8414709848078965</td></tr><tr><th colspan="2">Messages</th></tr><tr><td colspan="2"><div class="messages">&lt;/br&gt;Wed Nov 02 16:39:51 MSK 2016. Test passed: [tesNgTask][businessObject.CalculatorTest][testSin]. Status &lt;1&gt;. Time duration &lt;0&gt;.<br/>&lt;/br&gt;Wed Nov 02 16:39:51 MSK 2016. Test passed: [tesNgTask][businessObject.CalculatorTest][testSin]. Status &lt;1&gt;. Time duration &lt;0&gt;.</div></td></tr></table><p class="totop"><a href="#summary">back to summary</a></p><h3 id="m66">businessObject.CalculatorTest#testSin</h3><table class="result"><tr class="param"><th>Parameter #1</th><th>Parameter #2</th></tr><tr class="param stripe"><td>0.0</td><td>0.0</td></tr><tr><th colspan="2">Messages</th></tr><tr><td colspan="2"><div class="messages">&lt;/br&gt;Wed Nov 02 16:39:51 MSK 2016. Test passed: [tesNgTask][businessObject.CalculatorTest][testSin]. Status &lt;1&gt;. Time duration &lt;0&gt;.<br/>&lt;/br&gt;Wed Nov 02 16:39:51 MSK 2016. Test passed: [tesNgTask][businessObject.CalculatorTest][testSin]. Status &lt;1&gt;. Time duration &lt;0&gt;.</div></td></tr></table><p class="totop"><a href="#summary">back to summary</a></p><h3 id="m67">businessObject.CalculatorTest#testSin</h3><table class="result"><tr class="param"><th>Parameter #1</th><th>Parameter #2</th></tr><tr class="param stripe"><td>-5656.0</td><td>-0.9057828422998849</td></tr><tr><th colspan="2">Messages</th></tr><tr><td colspan="2"><div class="messages">&lt;/br&gt;Wed Nov 02 16:39:51 MSK 2016. Test passed: [tesNgTask][businessObject.CalculatorTest][testSin]. Status &lt;1&gt;. Time duration &lt;0&gt;.<br/>&lt;/br&gt;Wed Nov 02 16:39:51 MSK 2016. Test passed: [tesNgTask][businessObject.CalculatorTest][testSin]. Status &lt;1&gt;. Time duration &lt;0&gt;.</div></td></tr></table><p class="totop"><a href="#summary">back to summary</a></p><h3 id="m68">businessObject.CalculatorTest#testSin</h3><table class="result"><tr class="param"><th>Parameter #1</th><th>Parameter #2</th></tr><tr class="param stripe"><td>20.56</td><td>0.9902650886087779</td></tr><tr><th colspan="2">Messages</th></tr><tr><td colspan="2"><div class="messages">&lt;/br&gt;Wed Nov 02 16:39:51 MSK 2016. Test passed: [tesNgTask][businessObject.CalculatorTest][testSin]. Status &lt;1&gt;. Time duration &lt;1&gt;.<br/>&lt;/br&gt;Wed Nov 02 16:39:51 MSK 2016. Test passed: [tesNgTask][businessObject.CalculatorTest][testSin]. Status &lt;1&gt;. Time duration &lt;1&gt;.</div></td></tr></table><p class="totop"><a href="#summary">back to summary</a></p><h3 id="m69">businessObject.CalculatorTest#testSqrt</h3><table class="result"><tr class="param"><th>Parameter #1</th><th>Parameter #2</th></tr><tr class="param stripe"><td>6.0</td><td>2.449489742783178</td></tr><tr><th colspan="2">Messages</th></tr><tr><td colspan="2"><div class="messages">&lt;/br&gt;Wed Nov 02 16:39:51 MSK 2016. Test passed: [tesNgTask][businessObject.CalculatorTest][testSqrt]. Status &lt;1&gt;. Time duration &lt;0&gt;.<br/>&lt;/br&gt;Wed Nov 02 16:39:51 MSK 2016. Test passed: [tesNgTask][businessObject.CalculatorTest][testSqrt]. Status &lt;1&gt;. Time duration &lt;0&gt;.</div></td></tr></table><p class="totop"><a href="#summary">back to summary</a></p><h3 id="m70">businessObject.CalculatorTest#testSqrt</h3><table class="result"><tr class="param"><th>Parameter #1</th><th>Parameter #2</th></tr><tr class="param stripe"><td>0.0</td><td>0.0</td></tr><tr><th colspan="2">Messages</th></tr><tr><td colspan="2"><div class="messages">&lt;/br&gt;Wed Nov 02 16:39:51 MSK 2016. Test passed: [tesNgTask][businessObject.CalculatorTest][testSqrt]. Status &lt;1&gt;. Time duration &lt;1&gt;.<br/>&lt;/br&gt;Wed Nov 02 16:39:51 MSK 2016. Test passed: [tesNgTask][businessObject.CalculatorTest][testSqrt]. Status &lt;1&gt;. Time duration &lt;1&gt;.</div></td></tr></table><p class="totop"><a href="#summary">back to summary</a></p><h3 id="m71">businessObject.CalculatorTest#testSqrt</h3><table class="result"><tr class="param"><th>Parameter #1</th><th>Parameter #2</th></tr><tr class="param stripe"><td>20.56</td><td>4.534313619501853</td></tr><tr><th colspan="2">Messages</th></tr><tr><td colspan="2"><div class="messages">&lt;/br&gt;Wed Nov 02 16:39:51 MSK 2016. Test passed: [tesNgTask][businessObject.CalculatorTest][testSqrt]. Status &lt;1&gt;. Time duration &lt;0&gt;.<br/>&lt;/br&gt;Wed Nov 02 16:39:51 MSK 2016. Test passed: [tesNgTask][businessObject.CalculatorTest][testSqrt]. Status &lt;1&gt;. Time duration &lt;0&gt;.</div></td></tr></table><p class="totop"><a href="#summary">back to summary</a></p><h3 id="m72">businessObject.CalculatorTest#testSubDouble</h3><table class="result"><tr class="param"><th>Parameter #1</th><th>Parameter #2</th><th>Parameter #3</th><th>Parameter #4</th></tr><tr class="param stripe"><td>-5.55555555555555E14</td><td>5.0</td><td>-5.5555555555556E14</td><td>1.0E-10</td></tr><tr><th colspan="4">Messages</th></tr><tr><td colspan="4"><div class="messages">&lt;/br&gt;Wed Nov 02 16:39:51 MSK 2016. Test passed: [tesNgTask][businessObject.CalculatorTest][testSubDouble]. Status &lt;1&gt;. Time duration &lt;0&gt;.<br/>&lt;/br&gt;Wed Nov 02 16:39:51 MSK 2016. Test passed: [tesNgTask][businessObject.CalculatorTest][testSubDouble]. Status &lt;1&gt;. Time duration &lt;0&gt;.</div></td></tr></table><p class="totop"><a href="#summary">back to summary</a></p><h3 id="m73">businessObject.CalculatorTest#testSubDouble</h3><table class="result"><tr class="param"><th>Parameter #1</th><th>Parameter #2</th><th>Parameter #3</th><th>Parameter #4</th></tr><tr class="param stripe"><td>0.0</td><td>-4.654564564E9</td><td>4.654564564E9</td><td>1.0E-10</td></tr><tr><th colspan="4">Messages</th></tr><tr><td colspan="4"><div class="messages">&lt;/br&gt;Wed Nov 02 16:39:51 MSK 2016. Test passed: [tesNgTask][businessObject.CalculatorTest][testSubDouble]. Status &lt;1&gt;. Time duration &lt;0&gt;.<br/>&lt;/br&gt;Wed Nov 02 16:39:51 MSK 2016. Test passed: [tesNgTask][businessObject.CalculatorTest][testSubDouble]. Status &lt;1&gt;. Time duration &lt;0&gt;.</div></td></tr></table><p class="totop"><a href="#summary">back to summary</a></p><h3 id="m74">businessObject.CalculatorTest#testSubDouble</h3><table class="result"><tr class="param"><th>Parameter #1</th><th>Parameter #2</th><th>Parameter #3</th><th>Parameter #4</th></tr><tr class="param stripe"><td>4.12341234123E11</td><td>4.12341234123E11</td><td>0.0</td><td>1.0E-10</td></tr><tr><th colspan="4">Messages</th></tr><tr><td colspan="4"><div class="messages">&lt;/br&gt;Wed Nov 02 16:39:51 MSK 2016. Test passed: [tesNgTask][businessObject.CalculatorTest][testSubDouble]. Status &lt;1&gt;. Time duration &lt;3&gt;.<br/>&lt;/br&gt;Wed Nov 02 16:39:51 MSK 2016. Test passed: [tesNgTask][businessObject.CalculatorTest][testSubDouble]. Status &lt;1&gt;. Time duration &lt;3&gt;.</div></td></tr></table><p class="totop"><a href="#summary">back to summary</a></p><h3 id="m75">businessObject.CalculatorTest#testSubDouble</h3><table class="result"><tr class="param"><th>Parameter #1</th><th>Parameter #2</th><th>Parameter #3</th><th>Parameter #4</th></tr><tr class="param stripe"><td>0.0</td><td>0.0</td><td>0.0</td><td>1.0E-10</td></tr><tr><th colspan="4">Messages</th></tr><tr><td colspan="4"><div class="messages">&lt;/br&gt;Wed Nov 02 16:39:51 MSK 2016. Test passed: [tesNgTask][businessObject.CalculatorTest][testSubDouble]. Status &lt;1&gt;. Time duration &lt;1&gt;.<br/>&lt;/br&gt;Wed Nov 02 16:39:51 MSK 2016. Test passed: [tesNgTask][businessObject.CalculatorTest][testSubDouble]. Status &lt;1&gt;. Time duration &lt;1&gt;.</div></td></tr></table><p class="totop"><a href="#summary">back to summary</a></p><h3 id="m76">businessObject.CalculatorTest#testSubDouble</h3><table class="result"><tr class="param"><th>Parameter #1</th><th>Parameter #2</th><th>Parameter #3</th><th>Parameter #4</th></tr><tr class="param stripe"><td>5.4646546546E10</td><td>0.0</td><td>5.4646546546E10</td><td>1.0E-10</td></tr><tr><th colspan="4">Messages</th></tr><tr><td colspan="4"><div class="messages">&lt;/br&gt;Wed Nov 02 16:39:51 MSK 2016. Test passed: [tesNgTask][businessObject.CalculatorTest][testSubDouble]. Status &lt;1&gt;. Time duration &lt;0&gt;.<br/>&lt;/br&gt;Wed Nov 02 16:39:51 MSK 2016. Test passed: [tesNgTask][businessObject.CalculatorTest][testSubDouble]. Status &lt;1&gt;. Time duration &lt;0&gt;.</div></td></tr></table><p class="totop"><a href="#summary">back to summary</a></p><h3 id="m77">businessObject.CalculatorTest#testSubDouble</h3><table class="result"><tr class="param"><th>Parameter #1</th><th>Parameter #2</th><th>Parameter #3</th><th>Parameter #4</th></tr><tr class="param stripe"><td>9.89898989898989E19</td><td>98.0</td><td>9.89898989898989E19</td><td>1.0E-10</td></tr><tr><th colspan="4">Messages</th></tr><tr><td colspan="4"><div class="messages">&lt;/br&gt;Wed Nov 02 16:39:51 MSK 2016. Test passed: [tesNgTask][businessObject.CalculatorTest][testSubDouble]. Status &lt;1&gt;. Time duration &lt;0&gt;.<br/>&lt;/br&gt;Wed Nov 02 16:39:51 MSK 2016. Test passed: [tesNgTask][businessObject.CalculatorTest][testSubDouble]. Status &lt;1&gt;. Time duration &lt;0&gt;.</div></td></tr></table><p class="totop"><a href="#summary">back to summary</a></p><h3 id="m78">businessObject.CalculatorTest#testSubLong</h3><table class="result"><tr class="param"><th>Parameter #1</th><th>Parameter #2</th><th>Parameter #3</th></tr><tr class="param stripe"><td>54646546546</td><td>0</td><td>54646546546</td></tr><tr><th colspan="3">Messages</th></tr><tr><td colspan="3"><div class="messages">&lt;/br&gt;Wed Nov 02 16:39:51 MSK 2016. Test passed: [tesNgTask][businessObject.CalculatorTest][testSubLong]. Status &lt;1&gt;. Time duration &lt;1&gt;.<br/>&lt;/br&gt;Wed Nov 02 16:39:51 MSK 2016. Test passed: [tesNgTask][businessObject.CalculatorTest][testSubLong]. Status &lt;1&gt;. Time duration &lt;1&gt;.</div></td></tr></table><p class="totop"><a href="#summary">back to summary</a></p><h3 id="m79">businessObject.CalculatorTest#testSubLong</h3><table class="result"><tr class="param"><th>Parameter #1</th><th>Parameter #2</th><th>Parameter #3</th></tr><tr class="param stripe"><td>0</td><td>0</td><td>0</td></tr><tr><th colspan="3">Messages</th></tr><tr><td colspan="3"><div class="messages">&lt;/br&gt;Wed Nov 02 16:39:51 MSK 2016. Test passed: [tesNgTask][businessObject.CalculatorTest][testSubLong]. Status &lt;1&gt;. Time duration &lt;0&gt;.<br/>&lt;/br&gt;Wed Nov 02 16:39:51 MSK 2016. Test passed: [tesNgTask][businessObject.CalculatorTest][testSubLong]. Status &lt;1&gt;. Time duration &lt;0&gt;.</div></td></tr></table><p class="totop"><a href="#summary">back to summary</a></p><h3 id="m80">businessObject.CalculatorTest#testSubLong</h3><table class="result"><tr class="param"><th>Parameter #1</th><th>Parameter #2</th><th>Parameter #3</th></tr><tr class="param stripe"><td>0</td><td>-4654564564</td><td>4654564564</td></tr><tr><th colspan="3">Messages</th></tr><tr><td colspan="3"><div class="messages">&lt;/br&gt;Wed Nov 02 16:39:51 MSK 2016. Test passed: [tesNgTask][businessObject.CalculatorTest][testSubLong]. Status &lt;1&gt;. Time duration &lt;0&gt;.<br/>&lt;/br&gt;Wed Nov 02 16:39:51 MSK 2016. Test passed: [tesNgTask][businessObject.CalculatorTest][testSubLong]. Status &lt;1&gt;. Time duration &lt;0&gt;.</div></td></tr></table><p class="totop"><a href="#summary">back to summary</a></p><h3 id="m81">businessObject.CalculatorTest#testSumDouble</h3><table class="result"><tr class="param"><th>Parameter #1</th><th>Parameter #2</th><th>Parameter #3</th><th>Parameter #4</th></tr><tr class="param stripe"><td>-989898.232325787</td><td>0.0</td><td>-989898.232325787</td><td>1.0E-10</td></tr><tr><th colspan="4">Messages</th></tr><tr><td colspan="4"><div class="messages">&lt;/br&gt;Wed Nov 02 16:40:05 MSK 2016. Test passed: [tesNgTask][businessObject.CalculatorTest][testSumDouble]. Status &lt;1&gt;. Time duration &lt;2004&gt;.<br/>&lt;/br&gt;Wed Nov 02 16:40:05 MSK 2016. Test passed: [tesNgTask][businessObject.CalculatorTest][testSumDouble]. Status &lt;1&gt;. Time duration &lt;2004&gt;.</div></td></tr></table><p class="totop"><a href="#summary">back to summary</a></p><h3 id="m82">businessObject.CalculatorTest#testSumDouble</h3><table class="result"><tr class="param"><th>Parameter #1</th><th>Parameter #2</th><th>Parameter #3</th><th>Parameter #4</th></tr><tr class="param stripe"><td>1000.05</td><td>250.5</td><td>1250.55</td><td>1.0E-10</td></tr><tr><th colspan="4">Messages</th></tr><tr><td colspan="4"><div class="messages">&lt;/br&gt;Wed Nov 02 16:39:55 MSK 2016. Test passed: [tesNgTask][businessObject.CalculatorTest][testSumDouble]. Status &lt;1&gt;. Time duration &lt;2010&gt;.<br/>&lt;/br&gt;Wed Nov 02 16:39:55 MSK 2016. Test passed: [tesNgTask][businessObject.CalculatorTest][testSumDouble]. Status &lt;1&gt;. Time duration &lt;2010&gt;.</div></td></tr></table><p class="totop"><a href="#summary">back to summary</a></p><h3 id="m83">businessObject.CalculatorTest#testSumDouble</h3><table class="result"><tr class="param"><th>Parameter #1</th><th>Parameter #2</th><th>Parameter #3</th><th>Parameter #4</th></tr><tr class="param stripe"><td>-800.2</td><td>-200.4</td><td>-1000.6</td><td>1.0E-10</td></tr><tr><th colspan="4">Messages</th></tr><tr><td colspan="4"><div class="messages">&lt;/br&gt;Wed Nov 02 16:39:59 MSK 2016. Test passed: [tesNgTask][businessObject.CalculatorTest][testSumDouble]. Status &lt;1&gt;. Time duration &lt;2002&gt;.<br/>&lt;/br&gt;Wed Nov 02 16:39:59 MSK 2016. Test passed: [tesNgTask][businessObject.CalculatorTest][testSumDouble]. Status &lt;1&gt;. Time duration &lt;2002&gt;.</div></td></tr></table><p class="totop"><a href="#summary">back to summary</a></p><h3 id="m84">businessObject.CalculatorTest#testSumDouble</h3><table class="result"><tr class="param"><th>Parameter #1</th><th>Parameter #2</th><th>Parameter #3</th><th>Parameter #4</th></tr><tr class="param stripe"><td>1500.50005</td><td>-500.0</td><td>1000.50005</td><td>1.0E-10</td></tr><tr><th colspan="4">Messages</th></tr><tr><td colspan="4"><div class="messages">&lt;/br&gt;Wed Nov 02 16:39:57 MSK 2016. Test passed: [tesNgTask][businessObject.CalculatorTest][testSumDouble]. Status &lt;1&gt;. Time duration &lt;2002&gt;.<br/>&lt;/br&gt;Wed Nov 02 16:39:57 MSK 2016. Test passed: [tesNgTask][businessObject.CalculatorTest][testSumDouble]. Status &lt;1&gt;. Time duration &lt;2002&gt;.</div></td></tr></table><p class="totop"><a href="#summary">back to summary</a></p><h3 id="m85">businessObject.CalculatorTest#testSumDouble</h3><table class="result"><tr class="param"><th>Parameter #1</th><th>Parameter #2</th><th>Parameter #3</th><th>Parameter #4</th></tr><tr class="param stripe"><td>-564.25</td><td>564.25</td><td>0.0</td><td>1.0E-10</td></tr><tr><th colspan="4">Messages</th></tr><tr><td colspan="4"><div class="messages">&lt;/br&gt;Wed Nov 02 16:39:53 MSK 2016. Test passed: [tesNgTask][businessObject.CalculatorTest][testSumDouble]. Status &lt;1&gt;. Time duration &lt;2006&gt;.<br/>&lt;/br&gt;Wed Nov 02 16:39:53 MSK 2016. Test passed: [tesNgTask][businessObject.CalculatorTest][testSumDouble]. Status &lt;1&gt;. Time duration &lt;2006&gt;.</div></td></tr></table><p class="totop"><a href="#summary">back to summary</a></p><h3 id="m86">businessObject.CalculatorTest#testSumDouble</h3><table class="result"><tr class="param"><th>Parameter #1</th><th>Parameter #2</th><th>Parameter #3</th><th>Parameter #4</th></tr><tr class="param stripe"><td>0.0</td><td>0.0</td><td>0.0</td><td>1.0E-10</td></tr><tr><th colspan="4">Messages</th></tr><tr><td colspan="4"><div class="messages">&lt;/br&gt;Wed Nov 02 16:40:01 MSK 2016. Test passed: [tesNgTask][businessObject.CalculatorTest][testSumDouble]. Status &lt;1&gt;. Time duration &lt;2005&gt;.<br/>&lt;/br&gt;Wed Nov 02 16:40:01 MSK 2016. Test passed: [tesNgTask][businessObject.CalculatorTest][testSumDouble]. Status &lt;1&gt;. Time duration &lt;2005&gt;.</div></td></tr></table><p class="totop"><a href="#summary">back to summary</a></p><h3 id="m87">businessObject.CalculatorTest#testSumDouble</h3><table class="result"><tr class="param"><th>Parameter #1</th><th>Parameter #2</th><th>Parameter #3</th><th>Parameter #4</th></tr><tr class="param stripe"><td>0.0</td><td>5656.25852</td><td>5656.25852</td><td>1.0E-10</td></tr><tr><th colspan="4">Messages</th></tr><tr><td colspan="4"><div class="messages">&lt;/br&gt;Wed Nov 02 16:40:03 MSK 2016. Test passed: [tesNgTask][businessObject.CalculatorTest][testSumDouble]. Status &lt;1&gt;. Time duration &lt;2003&gt;.<br/>&lt;/br&gt;Wed Nov 02 16:40:03 MSK 2016. Test passed: [tesNgTask][businessObject.CalculatorTest][testSumDouble]. Status &lt;1&gt;. Time duration &lt;2003&gt;.</div></td></tr></table><p class="totop"><a href="#summary">back to summary</a></p><h3 id="m88">businessObject.CalculatorTest#testSumLong</h3><table class="result"><tr class="param"><th>Parameter #1</th><th>Parameter #2</th><th>Parameter #3</th></tr><tr class="param stripe"><td>9223372036854775807</td><td>0</td><td>9223372036854775807</td></tr><tr><th colspan="3">Messages</th></tr><tr><td colspan="3"><div class="messages">&lt;/br&gt;Wed Nov 02 16:40:09 MSK 2016. Test passed: [tesNgTask][businessObject.CalculatorTest][testSumLong]. Status &lt;1&gt;. Time duration &lt;2007&gt;.<br/>&lt;/br&gt;Wed Nov 02 16:40:09 MSK 2016. Test passed: [tesNgTask][businessObject.CalculatorTest][testSumLong]. Status &lt;1&gt;. Time duration &lt;2007&gt;.</div></td></tr></table><p class="totop"><a href="#summary">back to summary</a></p><h3 id="m89">businessObject.CalculatorTest#testSumLong</h3><table class="result"><tr class="param"><th>Parameter #1</th><th>Parameter #2</th><th>Parameter #3</th></tr><tr class="param stripe"><td>-500000</td><td>0</td><td>-500000</td></tr><tr><th colspan="3">Messages</th></tr><tr><td colspan="3"><div class="messages">&lt;/br&gt;Wed Nov 02 16:40:07 MSK 2016. Test passed: [tesNgTask][businessObject.CalculatorTest][testSumLong]. Status &lt;1&gt;. Time duration &lt;2005&gt;.<br/>&lt;/br&gt;Wed Nov 02 16:40:07 MSK 2016. Test passed: [tesNgTask][businessObject.CalculatorTest][testSumLong]. Status &lt;1&gt;. Time duration &lt;2005&gt;.</div></td></tr></table><p class="totop"><a href="#summary">back to summary</a></p><h3 id="m90">businessObject.CalculatorTest#testSumLong</h3><table class="result"><tr class="param"><th>Parameter #1</th><th>Parameter #2</th><th>Parameter #3</th></tr><tr class="param stripe"><td>595959595959</td><td>-59</td><td>595959595900</td></tr><tr><th colspan="3">Messages</th></tr><tr><td colspan="3"><div class="messages">&lt;/br&gt;Wed Nov 02 16:40:19 MSK 2016. Test passed: [tesNgTask][businessObject.CalculatorTest][testSumLong]. Status &lt;1&gt;. Time duration &lt;2004&gt;.<br/>&lt;/br&gt;Wed Nov 02 16:40:19 MSK 2016. Test passed: [tesNgTask][businessObject.CalculatorTest][testSumLong]. Status &lt;1&gt;. Time duration &lt;2004&gt;.</div></td></tr></table><p class="totop"><a href="#summary">back to summary</a></p><h3 id="m91">businessObject.CalculatorTest#testSumLong</h3><table class="result"><tr class="param"><th>Parameter #1</th><th>Parameter #2</th><th>Parameter #3</th></tr><tr class="param stripe"><td>-878787</td><td>878787</td><td>0</td></tr><tr><th colspan="3">Messages</th></tr><tr><td colspan="3"><div class="messages">&lt;/br&gt;Wed Nov 02 16:40:17 MSK 2016. Test passed: [tesNgTask][businessObject.CalculatorTest][testSumLong]. Status &lt;1&gt;. Time duration &lt;2004&gt;.<br/>&lt;/br&gt;Wed Nov 02 16:40:17 MSK 2016. Test passed: [tesNgTask][businessObject.CalculatorTest][testSumLong]. Status &lt;1&gt;. Time duration &lt;2004&gt;.</div></td></tr></table><p class="totop"><a href="#summary">back to summary</a></p><h3 id="m92">businessObject.CalculatorTest#testSumLong</h3><table class="result"><tr class="param"><th>Parameter #1</th><th>Parameter #2</th><th>Parameter #3</th></tr><tr class="param stripe"><td>0</td><td>0</td><td>0</td></tr><tr><th colspan="3">Messages</th></tr><tr><td colspan="3"><div class="messages">&lt;/br&gt;Wed Nov 02 16:40:15 MSK 2016. Test passed: [tesNgTask][businessObject.CalculatorTest][testSumLong]. Status &lt;1&gt;. Time duration &lt;2003&gt;.<br/>&lt;/br&gt;Wed Nov 02 16:40:15 MSK 2016. Test passed: [tesNgTask][businessObject.CalculatorTest][testSumLong]. Status &lt;1&gt;. Time duration &lt;2003&gt;.</div></td></tr></table><p class="totop"><a href="#summary">back to summary</a></p><h3 id="m93">businessObject.CalculatorTest#testSumLong</h3><table class="result"><tr class="param"><th>Parameter #1</th><th>Parameter #2</th><th>Parameter #3</th></tr><tr class="param stripe"><td>15</td><td>20</td><td>35</td></tr><tr><th colspan="3">Messages</th></tr><tr><td colspan="3"><div class="messages">&lt;/br&gt;Wed Nov 02 16:40:11 MSK 2016. Test passed: [tesNgTask][businessObject.CalculatorTest][testSumLong]. Status &lt;1&gt;. Time duration &lt;2001&gt;.<br/>&lt;/br&gt;Wed Nov 02 16:40:11 MSK 2016. Test passed: [tesNgTask][businessObject.CalculatorTest][testSumLong]. Status &lt;1&gt;. Time duration &lt;2001&gt;.</div></td></tr></table><p class="totop"><a href="#summary">back to summary</a></p><h3 id="m94">businessObject.CalculatorTest#testSumLong</h3><table class="result"><tr class="param"><th>Parameter #1</th><th>Parameter #2</th><th>Parameter #3</th></tr><tr class="param stripe"><td>-1250</td><td>-50</td><td>-1300</td></tr><tr><th colspan="3">Messages</th></tr><tr><td colspan="3"><div class="messages">&lt;/br&gt;Wed Nov 02 16:40:13 MSK 2016. Test passed: [tesNgTask][businessObject.CalculatorTest][testSumLong]. Status &lt;1&gt;. Time duration &lt;2007&gt;.<br/>&lt;/br&gt;Wed Nov 02 16:40:13 MSK 2016. Test passed: [tesNgTask][businessObject.CalculatorTest][testSumLong]. Status &lt;1&gt;. Time duration &lt;2007&gt;.</div></td></tr></table><p class="totop"><a href="#summary">back to summary</a></p></body></html>