<html>
<head>
<title>TestNG:  Test for different type of numbers</title>
<link href="../testng.css" rel="stylesheet" type="text/css" />
<link href="../my-testng.css" rel="stylesheet" type="text/css" />

<style type="text/css">
.log { display: none;} 
.stack-trace { display: none;} 
</style>
<script type="text/javascript">
<!--
function flip(e) {
  current = e.style.display;
  if (current == 'block') {
    e.style.display = 'none';
    return 0;
  }
  else {
    e.style.display = 'block';
    return 1;
  }
}

function toggleBox(szDivId, elem, msg1, msg2)
{
  var res = -1;  if (document.getElementById) {
    res = flip(document.getElementById(szDivId));
  }
  else if (document.all) {
    // this is the way old msie versions work
    res = flip(document.all[szDivId]);
  }
  if(elem) {
    if(res == 0) elem.innerHTML = msg1; else elem.innerHTML = msg2;
  }

}

function toggleAllBoxes() {
  if (document.getElementsByTagName) {
    d = document.getElementsByTagName('div');
    for (i = 0; i < d.length; i++) {
      if (d[i].className == 'log') {
        flip(d[i]);
      }
    }
  }
}

// -->
</script>

</head>
<body>
<h2 align='center'>Test for different type of numbers</h2><table border='1' align="center">
<tr>
<td>Tests passed/Failed/Skipped:</td><td>57/29/0</td>
</tr><tr>
<td>Started on:</td><td>Tue Nov 01 20:34:08 MSK 2016</td>
</tr>
<tr><td>Total time:</td><td>7 seconds (7436 ms)</td>
</tr><tr>
<td>Included groups:</td><td>doubleType longType </td>
</tr><tr>
<td>Excluded groups:</td><td></td>
</tr>
</table><p/>
<small><i>(Hover the method name to see the test class name)</i></small><p/>
<table width='100%' border='1' class='invocation-failed'>
<tr><td colspan='4' align='center'><b>FAILED TESTS</b></td></tr>
<tr><td><b>Test method</b></td>
<td width="30%"><b>Exception</b></td>
<td width="10%"><b>Time (seconds)</b></td>
<td><b>Instance</b></td>
</tr>
<tr>
<td title='businessObject.CalculatorTest.testCos()'><b>testCos</b><br>Test class: businessObject.CalculatorTest<br>Parameters: -565656.0, 0.9480811024049992<br/>
<a href="#Output-2103530330" onClick='toggleBox("Output-2103530330", this, "Show output", "Hide output");'>Show output</a>

<a href="#Output-2103530330" onClick="toggleAllBoxes();">Show all outputs</a>
<div class='log' id="Output-2103530330">
</br>Tue Nov 01 20:34:08 MSK 2016. Test faild: [Test for different type of numbers][businessObject.CalculatorTest][testCos]. Status <2>. Time duration <0>.<br/>
</div>
</td>
<td><div><pre>java.lang.AssertionError: expected [0.9480811024049992] but found [0.3180286516377352]
	at org.testng.Assert.fail(Assert.java:94)
	at org.testng.Assert.failNotEquals(Assert.java:494)
	at org.testng.Assert.assertEquals(Assert.java:123)
	at org.testng.Assert.assertEquals(Assert.java:165)
	at businessObject.CalculatorTest.testCos(CalculatorTest.java:81)
	at sun.reflect.NativeMethodAccessorImpl.invoke0(Native Method)
	at sun.reflect.NativeMethodAccessorImpl.invoke(NativeMethodAccessorImpl.java:62)
	at sun.reflect.DelegatingMethodAccessorImpl.invoke(DelegatingMethodAccessorImpl.java:43)
	at java.lang.reflect.Method.invoke(Method.java:498)
	at org.testng.internal.MethodInvocationHelper.invokeMethod(MethodInvocationHelper.java:84)
	at org.testng.internal.Invoker.invokeMethod(Invoker.java:714)
	at org.testng.internal.Invoker.invokeTestMethod(Invoker.java:901)
	at org.testng.internal.Invoker.invokeTestMethods(Invoker.java:1231)
	at org.testng.internal.TestMethodWorker.invokeTestMethods(TestMethodWorker.java:127)
	at org.testng.internal.TestMethodWorker.run(TestMethodWorker.java:111)
	at java.util.concurrent.ThreadPoolExecutor.runWorker(ThreadPoolExecutor.java:1142)
	at java.util.concurrent.ThreadPoolExecutor$Worker.run(ThreadPoolExecutor.java:617)
	at java.lang.Thread.run(Thread.java:745)
</pre></div><a href='#' onClick='toggleBox("stack-trace2103530330", this, "Click to show all stack frames", "Click to hide stack frames")'>Click to show all stack frames</a>
<div class='stack-trace' id='stack-trace2103530330'><pre>java.lang.AssertionError: expected [0.9480811024049992] but found [0.3180286516377352]
	at org.testng.Assert.fail(Assert.java:94)
	at org.testng.Assert.failNotEquals(Assert.java:494)
	at org.testng.Assert.assertEquals(Assert.java:123)
	at org.testng.Assert.assertEquals(Assert.java:165)
	at businessObject.CalculatorTest.testCos(CalculatorTest.java:81)
	at sun.reflect.NativeMethodAccessorImpl.invoke0(Native Method)
	at sun.reflect.NativeMethodAccessorImpl.invoke(NativeMethodAccessorImpl.java:62)
	at sun.reflect.DelegatingMethodAccessorImpl.invoke(DelegatingMethodAccessorImpl.java:43)
	at java.lang.reflect.Method.invoke(Method.java:498)
	at org.testng.internal.MethodInvocationHelper.invokeMethod(MethodInvocationHelper.java:84)
	at org.testng.internal.Invoker.invokeMethod(Invoker.java:714)
	at org.testng.internal.Invoker.invokeTestMethod(Invoker.java:901)
	at org.testng.internal.Invoker.invokeTestMethods(Invoker.java:1231)
	at org.testng.internal.TestMethodWorker.invokeTestMethods(TestMethodWorker.java:127)
	at org.testng.internal.TestMethodWorker.run(TestMethodWorker.java:111)
	at java.util.concurrent.ThreadPoolExecutor.runWorker(ThreadPoolExecutor.java:1142)
	at java.util.concurrent.ThreadPoolExecutor$Worker.run(ThreadPoolExecutor.java:617)
	at java.lang.Thread.run(Thread.java:745)
</pre></div></td>
<td>0</td>
<td>businessObject.CalculatorTest@22a71081</td></tr>
<tr>
<td title='businessObject.CalculatorTest.testCos()'><b>testCos</b><br>Test class: businessObject.CalculatorTest<br>Parameters: 0.0, 1.0<br/>
<a href="#Output-1114911101" onClick='toggleBox("Output-1114911101", this, "Show output", "Hide output");'>Show output</a>

<a href="#Output-1114911101" onClick="toggleAllBoxes();">Show all outputs</a>
<div class='log' id="Output-1114911101">
</br>Tue Nov 01 20:34:08 MSK 2016. Test faild: [Test for different type of numbers][businessObject.CalculatorTest][testCos]. Status <2>. Time duration <0>.<br/>
</div>
</td>
<td><div><pre>java.lang.AssertionError: expected [1.0] but found [0.0]
	at org.testng.Assert.fail(Assert.java:94)
	at org.testng.Assert.failNotEquals(Assert.java:494)
	at org.testng.Assert.assertEquals(Assert.java:123)
	at org.testng.Assert.assertEquals(Assert.java:165)
	at businessObject.CalculatorTest.testCos(CalculatorTest.java:81)
	at sun.reflect.NativeMethodAccessorImpl.invoke0(Native Method)
	at sun.reflect.NativeMethodAccessorImpl.invoke(NativeMethodAccessorImpl.java:62)
	at sun.reflect.DelegatingMethodAccessorImpl.invoke(DelegatingMethodAccessorImpl.java:43)
	at java.lang.reflect.Method.invoke(Method.java:498)
	at org.testng.internal.MethodInvocationHelper.invokeMethod(MethodInvocationHelper.java:84)
	at org.testng.internal.Invoker.invokeMethod(Invoker.java:714)
	at org.testng.internal.Invoker.invokeTestMethod(Invoker.java:901)
	at org.testng.internal.Invoker.invokeTestMethods(Invoker.java:1231)
	at org.testng.internal.TestMethodWorker.invokeTestMethods(TestMethodWorker.java:127)
	at org.testng.internal.TestMethodWorker.run(TestMethodWorker.java:111)
	at java.util.concurrent.ThreadPoolExecutor.runWorker(ThreadPoolExecutor.java:1142)
	at java.util.concurrent.ThreadPoolExecutor$Worker.run(ThreadPoolExecutor.java:617)
	at java.lang.Thread.run(Thread.java:745)
</pre></div><a href='#' onClick='toggleBox("stack-trace1114911101", this, "Click to show all stack frames", "Click to hide stack frames")'>Click to show all stack frames</a>
<div class='stack-trace' id='stack-trace1114911101'><pre>java.lang.AssertionError: expected [1.0] but found [0.0]
	at org.testng.Assert.fail(Assert.java:94)
	at org.testng.Assert.failNotEquals(Assert.java:494)
	at org.testng.Assert.assertEquals(Assert.java:123)
	at org.testng.Assert.assertEquals(Assert.java:165)
	at businessObject.CalculatorTest.testCos(CalculatorTest.java:81)
	at sun.reflect.NativeMethodAccessorImpl.invoke0(Native Method)
	at sun.reflect.NativeMethodAccessorImpl.invoke(NativeMethodAccessorImpl.java:62)
	at sun.reflect.DelegatingMethodAccessorImpl.invoke(DelegatingMethodAccessorImpl.java:43)
	at java.lang.reflect.Method.invoke(Method.java:498)
	at org.testng.internal.MethodInvocationHelper.invokeMethod(MethodInvocationHelper.java:84)
	at org.testng.internal.Invoker.invokeMethod(Invoker.java:714)
	at org.testng.internal.Invoker.invokeTestMethod(Invoker.java:901)
	at org.testng.internal.Invoker.invokeTestMethods(Invoker.java:1231)
	at org.testng.internal.TestMethodWorker.invokeTestMethods(TestMethodWorker.java:127)
	at org.testng.internal.TestMethodWorker.run(TestMethodWorker.java:111)
	at java.util.concurrent.ThreadPoolExecutor.runWorker(ThreadPoolExecutor.java:1142)
	at java.util.concurrent.ThreadPoolExecutor$Worker.run(ThreadPoolExecutor.java:617)
	at java.lang.Thread.run(Thread.java:745)
</pre></div></td>
<td>0</td>
<td>businessObject.CalculatorTest@22a71081</td></tr>
<tr>
<td title='businessObject.CalculatorTest.testCos()'><b>testCos</b><br>Test class: businessObject.CalculatorTest<br>Parameters: 20.56, -0.13919430405964572<br/>
<a href="#Output-1453911726" onClick='toggleBox("Output-1453911726", this, "Show output", "Hide output");'>Show output</a>

<a href="#Output-1453911726" onClick="toggleAllBoxes();">Show all outputs</a>
<div class='log' id="Output-1453911726">
</br>Tue Nov 01 20:34:08 MSK 2016. Test faild: [Test for different type of numbers][businessObject.CalculatorTest][testCos]. Status <2>. Time duration <1>.<br/>
</div>
</td>
<td><div><pre>java.lang.AssertionError: expected [-0.13919430405964572] but found [0.9902650886087779]
	at org.testng.Assert.fail(Assert.java:94)
	at org.testng.Assert.failNotEquals(Assert.java:494)
	at org.testng.Assert.assertEquals(Assert.java:123)
	at org.testng.Assert.assertEquals(Assert.java:165)
	at businessObject.CalculatorTest.testCos(CalculatorTest.java:81)
	at sun.reflect.NativeMethodAccessorImpl.invoke0(Native Method)
	at sun.reflect.NativeMethodAccessorImpl.invoke(NativeMethodAccessorImpl.java:62)
	at sun.reflect.DelegatingMethodAccessorImpl.invoke(DelegatingMethodAccessorImpl.java:43)
	at java.lang.reflect.Method.invoke(Method.java:498)
	at org.testng.internal.MethodInvocationHelper.invokeMethod(MethodInvocationHelper.java:84)
	at org.testng.internal.Invoker.invokeMethod(Invoker.java:714)
	at org.testng.internal.Invoker.invokeTestMethod(Invoker.java:901)
	at org.testng.internal.Invoker.invokeTestMethods(Invoker.java:1231)
	at org.testng.internal.TestMethodWorker.invokeTestMethods(TestMethodWorker.java:127)
	at org.testng.internal.TestMethodWorker.run(TestMethodWorker.java:111)
	at java.util.concurrent.ThreadPoolExecutor.runWorker(ThreadPoolExecutor.java:1142)
	at java.util.concurrent.ThreadPoolExecutor$Worker.run(ThreadPoolExecutor.java:617)
	at java.lang.Thread.run(Thread.java:745)
</pre></div><a href='#' onClick='toggleBox("stack-trace1453911726", this, "Click to show all stack frames", "Click to hide stack frames")'>Click to show all stack frames</a>
<div class='stack-trace' id='stack-trace1453911726'><pre>java.lang.AssertionError: expected [-0.13919430405964572] but found [0.9902650886087779]
	at org.testng.Assert.fail(Assert.java:94)
	at org.testng.Assert.failNotEquals(Assert.java:494)
	at org.testng.Assert.assertEquals(Assert.java:123)
	at org.testng.Assert.assertEquals(Assert.java:165)
	at businessObject.CalculatorTest.testCos(CalculatorTest.java:81)
	at sun.reflect.NativeMethodAccessorImpl.invoke0(Native Method)
	at sun.reflect.NativeMethodAccessorImpl.invoke(NativeMethodAccessorImpl.java:62)
	at sun.reflect.DelegatingMethodAccessorImpl.invoke(DelegatingMethodAccessorImpl.java:43)
	at java.lang.reflect.Method.invoke(Method.java:498)
	at org.testng.internal.MethodInvocationHelper.invokeMethod(MethodInvocationHelper.java:84)
	at org.testng.internal.Invoker.invokeMethod(Invoker.java:714)
	at org.testng.internal.Invoker.invokeTestMethod(Invoker.java:901)
	at org.testng.internal.Invoker.invokeTestMethods(Invoker.java:1231)
	at org.testng.internal.TestMethodWorker.invokeTestMethods(TestMethodWorker.java:127)
	at org.testng.internal.TestMethodWorker.run(TestMethodWorker.java:111)
	at java.util.concurrent.ThreadPoolExecutor.runWorker(ThreadPoolExecutor.java:1142)
	at java.util.concurrent.ThreadPoolExecutor$Worker.run(ThreadPoolExecutor.java:617)
	at java.lang.Thread.run(Thread.java:745)
</pre></div></td>
<td>0</td>
<td>businessObject.CalculatorTest@22a71081</td></tr>
<tr>
<td title='businessObject.CalculatorTest.testCos()'><b>testCos</b><br>Test class: businessObject.CalculatorTest<br>Parameters: 1.0, 0.5403023058681398<br/>
<a href="#Output-851209294" onClick='toggleBox("Output-851209294", this, "Show output", "Hide output");'>Show output</a>

<a href="#Output-851209294" onClick="toggleAllBoxes();">Show all outputs</a>
<div class='log' id="Output-851209294">
</br>Tue Nov 01 20:34:08 MSK 2016. Test faild: [Test for different type of numbers][businessObject.CalculatorTest][testCos]. Status <2>. Time duration <0>.<br/>
</div>
</td>
<td><div><pre>java.lang.AssertionError: expected [0.5403023058681398] but found [0.8414709848078965]
	at org.testng.Assert.fail(Assert.java:94)
	at org.testng.Assert.failNotEquals(Assert.java:494)
	at org.testng.Assert.assertEquals(Assert.java:123)
	at org.testng.Assert.assertEquals(Assert.java:165)
	at businessObject.CalculatorTest.testCos(CalculatorTest.java:81)
	at sun.reflect.NativeMethodAccessorImpl.invoke0(Native Method)
	at sun.reflect.NativeMethodAccessorImpl.invoke(NativeMethodAccessorImpl.java:62)
	at sun.reflect.DelegatingMethodAccessorImpl.invoke(DelegatingMethodAccessorImpl.java:43)
	at java.lang.reflect.Method.invoke(Method.java:498)
	at org.testng.internal.MethodInvocationHelper.invokeMethod(MethodInvocationHelper.java:84)
	at org.testng.internal.Invoker.invokeMethod(Invoker.java:714)
	at org.testng.internal.Invoker.invokeTestMethod(Invoker.java:901)
	at org.testng.internal.Invoker.invokeTestMethods(Invoker.java:1231)
	at org.testng.internal.TestMethodWorker.invokeTestMethods(TestMethodWorker.java:127)
	at org.testng.internal.TestMethodWorker.run(TestMethodWorker.java:111)
	at java.util.concurrent.ThreadPoolExecutor.runWorker(ThreadPoolExecutor.java:1142)
	at java.util.concurrent.ThreadPoolExecutor$Worker.run(ThreadPoolExecutor.java:617)
	at java.lang.Thread.run(Thread.java:745)
</pre></div><a href='#' onClick='toggleBox("stack-trace851209294", this, "Click to show all stack frames", "Click to hide stack frames")'>Click to show all stack frames</a>
<div class='stack-trace' id='stack-trace851209294'><pre>java.lang.AssertionError: expected [0.5403023058681398] but found [0.8414709848078965]
	at org.testng.Assert.fail(Assert.java:94)
	at org.testng.Assert.failNotEquals(Assert.java:494)
	at org.testng.Assert.assertEquals(Assert.java:123)
	at org.testng.Assert.assertEquals(Assert.java:165)
	at businessObject.CalculatorTest.testCos(CalculatorTest.java:81)
	at sun.reflect.NativeMethodAccessorImpl.invoke0(Native Method)
	at sun.reflect.NativeMethodAccessorImpl.invoke(NativeMethodAccessorImpl.java:62)
	at sun.reflect.DelegatingMethodAccessorImpl.invoke(DelegatingMethodAccessorImpl.java:43)
	at java.lang.reflect.Method.invoke(Method.java:498)
	at org.testng.internal.MethodInvocationHelper.invokeMethod(MethodInvocationHelper.java:84)
	at org.testng.internal.Invoker.invokeMethod(Invoker.java:714)
	at org.testng.internal.Invoker.invokeTestMethod(Invoker.java:901)
	at org.testng.internal.Invoker.invokeTestMethods(Invoker.java:1231)
	at org.testng.internal.TestMethodWorker.invokeTestMethods(TestMethodWorker.java:127)
	at org.testng.internal.TestMethodWorker.run(TestMethodWorker.java:111)
	at java.util.concurrent.ThreadPoolExecutor.runWorker(ThreadPoolExecutor.java:1142)
	at java.util.concurrent.ThreadPoolExecutor$Worker.run(ThreadPoolExecutor.java:617)
	at java.lang.Thread.run(Thread.java:745)
</pre></div></td>
<td>0</td>
<td>businessObject.CalculatorTest@22a71081</td></tr>
<tr>
<td title='businessObject.CalculatorTest.testCtg()'><b>testCtg</b><br>Test class: businessObject.CalculatorTest<br>Parameters: -565656.0, 2.981118517223813<br/>
<a href="#Output-1724847243" onClick='toggleBox("Output-1724847243", this, "Show output", "Hide output");'>Show output</a>

<a href="#Output-1724847243" onClick="toggleAllBoxes();">Show all outputs</a>
<div class='log' id="Output-1724847243">
</br>Tue Nov 01 20:34:08 MSK 2016. Test faild: [Test for different type of numbers][businessObject.CalculatorTest][testCtg]. Status <2>. Time duration <0>.<br/>
</div>
</td>
<td><div><pre>java.lang.AssertionError: expected [2.981118517223813] but found [-1.0]
	at org.testng.Assert.fail(Assert.java:94)
	at org.testng.Assert.failNotEquals(Assert.java:494)
	at org.testng.Assert.assertEquals(Assert.java:123)
	at org.testng.Assert.assertEquals(Assert.java:165)
	at businessObject.CalculatorTest.testCtg(CalculatorTest.java:76)
	at sun.reflect.NativeMethodAccessorImpl.invoke0(Native Method)
	at sun.reflect.NativeMethodAccessorImpl.invoke(NativeMethodAccessorImpl.java:62)
	at sun.reflect.DelegatingMethodAccessorImpl.invoke(DelegatingMethodAccessorImpl.java:43)
	at java.lang.reflect.Method.invoke(Method.java:498)
	at org.testng.internal.MethodInvocationHelper.invokeMethod(MethodInvocationHelper.java:84)
	at org.testng.internal.Invoker.invokeMethod(Invoker.java:714)
	at org.testng.internal.Invoker.invokeTestMethod(Invoker.java:901)
	at org.testng.internal.Invoker.invokeTestMethods(Invoker.java:1231)
	at org.testng.internal.TestMethodWorker.invokeTestMethods(TestMethodWorker.java:127)
	at org.testng.internal.TestMethodWorker.run(TestMethodWorker.java:111)
	at java.util.concurrent.ThreadPoolExecutor.runWorker(ThreadPoolExecutor.java:1142)
	at java.util.concurrent.ThreadPoolExecutor$Worker.run(ThreadPoolExecutor.java:617)
	at java.lang.Thread.run(Thread.java:745)
</pre></div><a href='#' onClick='toggleBox("stack-trace1724847243", this, "Click to show all stack frames", "Click to hide stack frames")'>Click to show all stack frames</a>
<div class='stack-trace' id='stack-trace1724847243'><pre>java.lang.AssertionError: expected [2.981118517223813] but found [-1.0]
	at org.testng.Assert.fail(Assert.java:94)
	at org.testng.Assert.failNotEquals(Assert.java:494)
	at org.testng.Assert.assertEquals(Assert.java:123)
	at org.testng.Assert.assertEquals(Assert.java:165)
	at businessObject.CalculatorTest.testCtg(CalculatorTest.java:76)
	at sun.reflect.NativeMethodAccessorImpl.invoke0(Native Method)
	at sun.reflect.NativeMethodAccessorImpl.invoke(NativeMethodAccessorImpl.java:62)
	at sun.reflect.DelegatingMethodAccessorImpl.invoke(DelegatingMethodAccessorImpl.java:43)
	at java.lang.reflect.Method.invoke(Method.java:498)
	at org.testng.internal.MethodInvocationHelper.invokeMethod(MethodInvocationHelper.java:84)
	at org.testng.internal.Invoker.invokeMethod(Invoker.java:714)
	at org.testng.internal.Invoker.invokeTestMethod(Invoker.java:901)
	at org.testng.internal.Invoker.invokeTestMethods(Invoker.java:1231)
	at org.testng.internal.TestMethodWorker.invokeTestMethods(TestMethodWorker.java:127)
	at org.testng.internal.TestMethodWorker.run(TestMethodWorker.java:111)
	at java.util.concurrent.ThreadPoolExecutor.runWorker(ThreadPoolExecutor.java:1142)
	at java.util.concurrent.ThreadPoolExecutor$Worker.run(ThreadPoolExecutor.java:617)
	at java.lang.Thread.run(Thread.java:745)
</pre></div></td>
<td>0</td>
<td>businessObject.CalculatorTest@22a71081</td></tr>
<tr>
<td title='businessObject.CalculatorTest.testCtg()'><b>testCtg</b><br>Test class: businessObject.CalculatorTest<br>Parameters: 20.56, -0.1405626691891154<br/>
<a href="#Output-1022062183" onClick='toggleBox("Output-1022062183", this, "Show output", "Hide output");'>Show output</a>

<a href="#Output-1022062183" onClick="toggleAllBoxes();">Show all outputs</a>
<div class='log' id="Output-1022062183">
</br>Tue Nov 01 20:34:08 MSK 2016. Test faild: [Test for different type of numbers][businessObject.CalculatorTest][testCtg]. Status <2>. Time duration <0>.<br/>
</div>
</td>
<td><div><pre>java.lang.AssertionError: expected [-0.1405626691891154] but found [1.0]
	at org.testng.Assert.fail(Assert.java:94)
	at org.testng.Assert.failNotEquals(Assert.java:494)
	at org.testng.Assert.assertEquals(Assert.java:123)
	at org.testng.Assert.assertEquals(Assert.java:165)
	at businessObject.CalculatorTest.testCtg(CalculatorTest.java:76)
	at sun.reflect.NativeMethodAccessorImpl.invoke0(Native Method)
	at sun.reflect.NativeMethodAccessorImpl.invoke(NativeMethodAccessorImpl.java:62)
	at sun.reflect.DelegatingMethodAccessorImpl.invoke(DelegatingMethodAccessorImpl.java:43)
	at java.lang.reflect.Method.invoke(Method.java:498)
	at org.testng.internal.MethodInvocationHelper.invokeMethod(MethodInvocationHelper.java:84)
	at org.testng.internal.Invoker.invokeMethod(Invoker.java:714)
	at org.testng.internal.Invoker.invokeTestMethod(Invoker.java:901)
	at org.testng.internal.Invoker.invokeTestMethods(Invoker.java:1231)
	at org.testng.internal.TestMethodWorker.invokeTestMethods(TestMethodWorker.java:127)
	at org.testng.internal.TestMethodWorker.run(TestMethodWorker.java:111)
	at java.util.concurrent.ThreadPoolExecutor.runWorker(ThreadPoolExecutor.java:1142)
	at java.util.concurrent.ThreadPoolExecutor$Worker.run(ThreadPoolExecutor.java:617)
	at java.lang.Thread.run(Thread.java:745)
</pre></div><a href='#' onClick='toggleBox("stack-trace1022062183", this, "Click to show all stack frames", "Click to hide stack frames")'>Click to show all stack frames</a>
<div class='stack-trace' id='stack-trace1022062183'><pre>java.lang.AssertionError: expected [-0.1405626691891154] but found [1.0]
	at org.testng.Assert.fail(Assert.java:94)
	at org.testng.Assert.failNotEquals(Assert.java:494)
	at org.testng.Assert.assertEquals(Assert.java:123)
	at org.testng.Assert.assertEquals(Assert.java:165)
	at businessObject.CalculatorTest.testCtg(CalculatorTest.java:76)
	at sun.reflect.NativeMethodAccessorImpl.invoke0(Native Method)
	at sun.reflect.NativeMethodAccessorImpl.invoke(NativeMethodAccessorImpl.java:62)
	at sun.reflect.DelegatingMethodAccessorImpl.invoke(DelegatingMethodAccessorImpl.java:43)
	at java.lang.reflect.Method.invoke(Method.java:498)
	at org.testng.internal.MethodInvocationHelper.invokeMethod(MethodInvocationHelper.java:84)
	at org.testng.internal.Invoker.invokeMethod(Invoker.java:714)
	at org.testng.internal.Invoker.invokeTestMethod(Invoker.java:901)
	at org.testng.internal.Invoker.invokeTestMethods(Invoker.java:1231)
	at org.testng.internal.TestMethodWorker.invokeTestMethods(TestMethodWorker.java:127)
	at org.testng.internal.TestMethodWorker.run(TestMethodWorker.java:111)
	at java.util.concurrent.ThreadPoolExecutor.runWorker(ThreadPoolExecutor.java:1142)
	at java.util.concurrent.ThreadPoolExecutor$Worker.run(ThreadPoolExecutor.java:617)
	at java.lang.Thread.run(Thread.java:745)
</pre></div></td>
<td>0</td>
<td>businessObject.CalculatorTest@22a71081</td></tr>
<tr>
<td title='businessObject.CalculatorTest.testCtgFromZero()'><b>testCtgFromZero</b><br>Test class: businessObject.CalculatorTest<br>Parameters: 0.0<br/>
<a href="#Output-1317482712" onClick='toggleBox("Output-1317482712", this, "Show output", "Hide output");'>Show output</a>

<a href="#Output-1317482712" onClick="toggleAllBoxes();">Show all outputs</a>
<div class='log' id="Output-1317482712">
</br>Tue Nov 01 20:34:08 MSK 2016. Test faild: [Test for different type of numbers][businessObject.CalculatorTest][testCtgFromZero]. Status <2>. Time duration <1>.<br/>
</div>
</td>
<td><div><pre>org.testng.TestException: 
Expected exception java.lang.IllegalArgumentException but got org.testng.TestException: 
Method CalculatorTest.testCtgFromZero(double)[pri:0, instance:businessObject.CalculatorTest@22a71081] should have thrown an exception of class java.lang.IllegalArgumentException
	at org.testng.internal.Invoker.handleInvocationResults(Invoker.java:1497)
	at org.testng.internal.Invoker.invokeTestMethods(Invoker.java:1245)
	at org.testng.internal.TestMethodWorker.invokeTestMethods(TestMethodWorker.java:127)
	at org.testng.internal.TestMethodWorker.run(TestMethodWorker.java:111)
	at java.util.concurrent.ThreadPoolExecutor.runWorker(ThreadPoolExecutor.java:1142)
	at java.util.concurrent.ThreadPoolExecutor$Worker.run(ThreadPoolExecutor.java:617)
	at java.lang.Thread.run(Thread.java:745)
Caused by: org.testng.TestException: 
Method CalculatorTest.testCtgFromZero(double)[pri:0, instance:businessObject.CalculatorTest@22a71081] should have thrown an exception of class java.lang.IllegalArgumentException
	at org.testng.internal.Invoker.handleInvocationResults(Invoker.java:1512)
	at org.testng.internal.Invoker.invokeMethod(Invoker.java:754)
	at org.testng.internal.Invoker.invokeTestMethod(Invoker.java:901)
	at org.testng.internal.Invoker.invokeTestMethods(Invoker.java:1231)
	... 5 more
</pre></div><a href='#' onClick='toggleBox("stack-trace1317482712", this, "Click to show all stack frames", "Click to hide stack frames")'>Click to show all stack frames</a>
<div class='stack-trace' id='stack-trace1317482712'><pre>org.testng.TestException: 
Expected exception java.lang.IllegalArgumentException but got org.testng.TestException: 
Method CalculatorTest.testCtgFromZero(double)[pri:0, instance:businessObject.CalculatorTest@22a71081] should have thrown an exception of class java.lang.IllegalArgumentException
	at org.testng.internal.Invoker.handleInvocationResults(Invoker.java:1497)
	at org.testng.internal.Invoker.invokeTestMethods(Invoker.java:1245)
	at org.testng.internal.TestMethodWorker.invokeTestMethods(TestMethodWorker.java:127)
	at org.testng.internal.TestMethodWorker.run(TestMethodWorker.java:111)
	at java.util.concurrent.ThreadPoolExecutor.runWorker(ThreadPoolExecutor.java:1142)
	at java.util.concurrent.ThreadPoolExecutor$Worker.run(ThreadPoolExecutor.java:617)
	at java.lang.Thread.run(Thread.java:745)
Caused by: org.testng.TestException: 
Method CalculatorTest.testCtgFromZero(double)[pri:0, instance:businessObject.CalculatorTest@22a71081] should have thrown an exception of class java.lang.IllegalArgumentException
	at org.testng.internal.Invoker.handleInvocationResults(Invoker.java:1512)
	at org.testng.internal.Invoker.invokeMethod(Invoker.java:754)
	at org.testng.internal.Invoker.invokeTestMethod(Invoker.java:901)
	at org.testng.internal.Invoker.invokeTestMethods(Invoker.java:1231)
	... 5 more
</pre></div></td>
<td>0</td>
<td>businessObject.CalculatorTest@22a71081</td></tr>
<tr>
<td title='businessObject.CalculatorTest.testDivOnZeroDouble()'><b>testDivOnZeroDouble</b><br>Test class: businessObject.CalculatorTest<br>Parameters: -656.555, 0.0<br/>
<a href="#Output-1223674965" onClick='toggleBox("Output-1223674965", this, "Show output", "Hide output");'>Show output</a>

<a href="#Output-1223674965" onClick="toggleAllBoxes();">Show all outputs</a>
<div class='log' id="Output-1223674965">
</br>Tue Nov 01 20:34:08 MSK 2016. Test faild: [Test for different type of numbers][businessObject.CalculatorTest][testDivOnZeroDouble]. Status <2>. Time duration <0>.<br/>
</div>
</td>
<td><div><pre>org.testng.TestException: 
Expected exception java.lang.ArithmeticException but got org.testng.TestException: 
Method CalculatorTest.testDivOnZeroDouble(double, double)[pri:0, instance:businessObject.CalculatorTest@22a71081] should have thrown an exception of class java.lang.ArithmeticException
	at org.testng.internal.Invoker.handleInvocationResults(Invoker.java:1497)
	at org.testng.internal.Invoker.invokeTestMethods(Invoker.java:1245)
	at org.testng.internal.TestMethodWorker.invokeTestMethods(TestMethodWorker.java:127)
	at org.testng.internal.TestMethodWorker.run(TestMethodWorker.java:111)
	at java.util.concurrent.ThreadPoolExecutor.runWorker(ThreadPoolExecutor.java:1142)
	at java.util.concurrent.ThreadPoolExecutor$Worker.run(ThreadPoolExecutor.java:617)
	at java.lang.Thread.run(Thread.java:745)
Caused by: org.testng.TestException: 
Method CalculatorTest.testDivOnZeroDouble(double, double)[pri:0, instance:businessObject.CalculatorTest@22a71081] should have thrown an exception of class java.lang.ArithmeticException
	at org.testng.internal.Invoker.handleInvocationResults(Invoker.java:1512)
	at org.testng.internal.Invoker.invokeMethod(Invoker.java:754)
	at org.testng.internal.Invoker.invokeTestMethod(Invoker.java:901)
	at org.testng.internal.Invoker.invokeTestMethods(Invoker.java:1231)
	... 5 more
</pre></div><a href='#' onClick='toggleBox("stack-trace1223674965", this, "Click to show all stack frames", "Click to hide stack frames")'>Click to show all stack frames</a>
<div class='stack-trace' id='stack-trace1223674965'><pre>org.testng.TestException: 
Expected exception java.lang.ArithmeticException but got org.testng.TestException: 
Method CalculatorTest.testDivOnZeroDouble(double, double)[pri:0, instance:businessObject.CalculatorTest@22a71081] should have thrown an exception of class java.lang.ArithmeticException
	at org.testng.internal.Invoker.handleInvocationResults(Invoker.java:1497)
	at org.testng.internal.Invoker.invokeTestMethods(Invoker.java:1245)
	at org.testng.internal.TestMethodWorker.invokeTestMethods(TestMethodWorker.java:127)
	at org.testng.internal.TestMethodWorker.run(TestMethodWorker.java:111)
	at java.util.concurrent.ThreadPoolExecutor.runWorker(ThreadPoolExecutor.java:1142)
	at java.util.concurrent.ThreadPoolExecutor$Worker.run(ThreadPoolExecutor.java:617)
	at java.lang.Thread.run(Thread.java:745)
Caused by: org.testng.TestException: 
Method CalculatorTest.testDivOnZeroDouble(double, double)[pri:0, instance:businessObject.CalculatorTest@22a71081] should have thrown an exception of class java.lang.ArithmeticException
	at org.testng.internal.Invoker.handleInvocationResults(Invoker.java:1512)
	at org.testng.internal.Invoker.invokeMethod(Invoker.java:754)
	at org.testng.internal.Invoker.invokeTestMethod(Invoker.java:901)
	at org.testng.internal.Invoker.invokeTestMethods(Invoker.java:1231)
	... 5 more
</pre></div></td>
<td>0</td>
<td>businessObject.CalculatorTest@22a71081</td></tr>
<tr>
<td title='businessObject.CalculatorTest.testDivOnZeroDouble()'><b>testDivOnZeroDouble</b><br>Test class: businessObject.CalculatorTest<br>Parameters: 579.2456, 0.0<br/>
<a href="#Output-57162426" onClick='toggleBox("Output-57162426", this, "Show output", "Hide output");'>Show output</a>

<a href="#Output-57162426" onClick="toggleAllBoxes();">Show all outputs</a>
<div class='log' id="Output-57162426">
</br>Tue Nov 01 20:34:08 MSK 2016. Test faild: [Test for different type of numbers][businessObject.CalculatorTest][testDivOnZeroDouble]. Status <2>. Time duration <0>.<br/>
</div>
</td>
<td><div><pre>org.testng.TestException: 
Expected exception java.lang.ArithmeticException but got org.testng.TestException: 
Method CalculatorTest.testDivOnZeroDouble(double, double)[pri:0, instance:businessObject.CalculatorTest@22a71081] should have thrown an exception of class java.lang.ArithmeticException
	at org.testng.internal.Invoker.handleInvocationResults(Invoker.java:1497)
	at org.testng.internal.Invoker.invokeTestMethods(Invoker.java:1245)
	at org.testng.internal.TestMethodWorker.invokeTestMethods(TestMethodWorker.java:127)
	at org.testng.internal.TestMethodWorker.run(TestMethodWorker.java:111)
	at java.util.concurrent.ThreadPoolExecutor.runWorker(ThreadPoolExecutor.java:1142)
	at java.util.concurrent.ThreadPoolExecutor$Worker.run(ThreadPoolExecutor.java:617)
	at java.lang.Thread.run(Thread.java:745)
Caused by: org.testng.TestException: 
Method CalculatorTest.testDivOnZeroDouble(double, double)[pri:0, instance:businessObject.CalculatorTest@22a71081] should have thrown an exception of class java.lang.ArithmeticException
	at org.testng.internal.Invoker.handleInvocationResults(Invoker.java:1512)
	at org.testng.internal.Invoker.invokeMethod(Invoker.java:754)
	at org.testng.internal.Invoker.invokeTestMethod(Invoker.java:901)
	at org.testng.internal.Invoker.invokeTestMethods(Invoker.java:1231)
	... 5 more
</pre></div><a href='#' onClick='toggleBox("stack-trace57162426", this, "Click to show all stack frames", "Click to hide stack frames")'>Click to show all stack frames</a>
<div class='stack-trace' id='stack-trace57162426'><pre>org.testng.TestException: 
Expected exception java.lang.ArithmeticException but got org.testng.TestException: 
Method CalculatorTest.testDivOnZeroDouble(double, double)[pri:0, instance:businessObject.CalculatorTest@22a71081] should have thrown an exception of class java.lang.ArithmeticException
	at org.testng.internal.Invoker.handleInvocationResults(Invoker.java:1497)
	at org.testng.internal.Invoker.invokeTestMethods(Invoker.java:1245)
	at org.testng.internal.TestMethodWorker.invokeTestMethods(TestMethodWorker.java:127)
	at org.testng.internal.TestMethodWorker.run(TestMethodWorker.java:111)
	at java.util.concurrent.ThreadPoolExecutor.runWorker(ThreadPoolExecutor.java:1142)
	at java.util.concurrent.ThreadPoolExecutor$Worker.run(ThreadPoolExecutor.java:617)
	at java.lang.Thread.run(Thread.java:745)
Caused by: org.testng.TestException: 
Method CalculatorTest.testDivOnZeroDouble(double, double)[pri:0, instance:businessObject.CalculatorTest@22a71081] should have thrown an exception of class java.lang.ArithmeticException
	at org.testng.internal.Invoker.handleInvocationResults(Invoker.java:1512)
	at org.testng.internal.Invoker.invokeMethod(Invoker.java:754)
	at org.testng.internal.Invoker.invokeTestMethod(Invoker.java:901)
	at org.testng.internal.Invoker.invokeTestMethods(Invoker.java:1231)
	... 5 more
</pre></div></td>
<td>0</td>
<td>businessObject.CalculatorTest@22a71081</td></tr>
<tr>
<td title='businessObject.CalculatorTest.testDivOnZeroDouble()'><b>testDivOnZeroDouble</b><br>Test class: businessObject.CalculatorTest<br>Parameters: 0.0, 0.0<br/>
<a href="#Output-1664458895" onClick='toggleBox("Output-1664458895", this, "Show output", "Hide output");'>Show output</a>

<a href="#Output-1664458895" onClick="toggleAllBoxes();">Show all outputs</a>
<div class='log' id="Output-1664458895">
</br>Tue Nov 01 20:34:08 MSK 2016. Test faild: [Test for different type of numbers][businessObject.CalculatorTest][testDivOnZeroDouble]. Status <2>. Time duration <0>.<br/>
</div>
</td>
<td><div><pre>org.testng.TestException: 
Expected exception java.lang.ArithmeticException but got org.testng.TestException: 
Method CalculatorTest.testDivOnZeroDouble(double, double)[pri:0, instance:businessObject.CalculatorTest@22a71081] should have thrown an exception of class java.lang.ArithmeticException
	at org.testng.internal.Invoker.handleInvocationResults(Invoker.java:1497)
	at org.testng.internal.Invoker.invokeTestMethods(Invoker.java:1245)
	at org.testng.internal.TestMethodWorker.invokeTestMethods(TestMethodWorker.java:127)
	at org.testng.internal.TestMethodWorker.run(TestMethodWorker.java:111)
	at java.util.concurrent.ThreadPoolExecutor.runWorker(ThreadPoolExecutor.java:1142)
	at java.util.concurrent.ThreadPoolExecutor$Worker.run(ThreadPoolExecutor.java:617)
	at java.lang.Thread.run(Thread.java:745)
Caused by: org.testng.TestException: 
Method CalculatorTest.testDivOnZeroDouble(double, double)[pri:0, instance:businessObject.CalculatorTest@22a71081] should have thrown an exception of class java.lang.ArithmeticException
	at org.testng.internal.Invoker.handleInvocationResults(Invoker.java:1512)
	at org.testng.internal.Invoker.invokeMethod(Invoker.java:754)
	at org.testng.internal.Invoker.invokeTestMethod(Invoker.java:901)
	at org.testng.internal.Invoker.invokeTestMethods(Invoker.java:1231)
	... 5 more
</pre></div><a href='#' onClick='toggleBox("stack-trace1664458895", this, "Click to show all stack frames", "Click to hide stack frames")'>Click to show all stack frames</a>
<div class='stack-trace' id='stack-trace1664458895'><pre>org.testng.TestException: 
Expected exception java.lang.ArithmeticException but got org.testng.TestException: 
Method CalculatorTest.testDivOnZeroDouble(double, double)[pri:0, instance:businessObject.CalculatorTest@22a71081] should have thrown an exception of class java.lang.ArithmeticException
	at org.testng.internal.Invoker.handleInvocationResults(Invoker.java:1497)
	at org.testng.internal.Invoker.invokeTestMethods(Invoker.java:1245)
	at org.testng.internal.TestMethodWorker.invokeTestMethods(TestMethodWorker.java:127)
	at org.testng.internal.TestMethodWorker.run(TestMethodWorker.java:111)
	at java.util.concurrent.ThreadPoolExecutor.runWorker(ThreadPoolExecutor.java:1142)
	at java.util.concurrent.ThreadPoolExecutor$Worker.run(ThreadPoolExecutor.java:617)
	at java.lang.Thread.run(Thread.java:745)
Caused by: org.testng.TestException: 
Method CalculatorTest.testDivOnZeroDouble(double, double)[pri:0, instance:businessObject.CalculatorTest@22a71081] should have thrown an exception of class java.lang.ArithmeticException
	at org.testng.internal.Invoker.handleInvocationResults(Invoker.java:1512)
	at org.testng.internal.Invoker.invokeMethod(Invoker.java:754)
	at org.testng.internal.Invoker.invokeTestMethod(Invoker.java:901)
	at org.testng.internal.Invoker.invokeTestMethods(Invoker.java:1231)
	... 5 more
</pre></div></td>
<td>0</td>
<td>businessObject.CalculatorTest@22a71081</td></tr>
<tr>
<td title='businessObject.CalculatorTest.testDivOnZeroLong()'><b>testDivOnZeroLong</b><br>Test class: businessObject.CalculatorTest<br>Parameters: 555556549, 0<br/>
<a href="#Output-352302433" onClick='toggleBox("Output-352302433", this, "Show output", "Hide output");'>Show output</a>

<a href="#Output-352302433" onClick="toggleAllBoxes();">Show all outputs</a>
<div class='log' id="Output-352302433">
</br>Tue Nov 01 20:34:08 MSK 2016. Test faild: [Test for different type of numbers][businessObject.CalculatorTest][testDivOnZeroLong]. Status <2>. Time duration <0>.<br/>
</div>
</td>
<td><div><pre>org.testng.TestException: 
Expected exception java.lang.ArithmeticException but got org.testng.TestException: 
Expected exception java.lang.ArithmeticException but got java.lang.NumberFormatException: Attempt to divide by zero
	at org.testng.internal.Invoker.handleInvocationResults(Invoker.java:1497)
	at org.testng.internal.Invoker.invokeTestMethods(Invoker.java:1245)
	at org.testng.internal.TestMethodWorker.invokeTestMethods(TestMethodWorker.java:127)
	at org.testng.internal.TestMethodWorker.run(TestMethodWorker.java:111)
	at java.util.concurrent.ThreadPoolExecutor.runWorker(ThreadPoolExecutor.java:1142)
	at java.util.concurrent.ThreadPoolExecutor$Worker.run(ThreadPoolExecutor.java:617)
	at java.lang.Thread.run(Thread.java:745)
Caused by: org.testng.TestException: 
Expected exception java.lang.ArithmeticException but got java.lang.NumberFormatException: Attempt to divide by zero
	at org.testng.internal.Invoker.handleInvocationResults(Invoker.java:1497)
	at org.testng.internal.Invoker.invokeMethod(Invoker.java:754)
	at org.testng.internal.Invoker.invokeTestMethod(Invoker.java:901)
	at org.testng.internal.Invoker.invokeTestMethods(Invoker.java:1231)
	... 5 more
Caused by: java.lang.NumberFormatException: Attempt to divide by zero
	at businessObject.Calculator.div(Calculator.java:36)
	at businessObject.CalculatorTest.testDivOnZeroLong(CalculatorTest.java:101)
	at sun.reflect.NativeMethodAccessorImpl.invoke0(Native Method)
	at sun.reflect.NativeMethodAccessorImpl.invoke(NativeMethodAccessorImpl.java:62)
	at sun.reflect.DelegatingMethodAccessorImpl.invoke(DelegatingMethodAccessorImpl.java:43)
	at java.lang.reflect.Method.invoke(Method.java:498)
	at org.testng.internal.MethodInvocationHelper.invokeMethod(MethodInvocationHelper.java:84)
	at org.testng.internal.Invoker.invokeMethod(Invoker.java:714)
	... 7 more
</pre></div><a href='#' onClick='toggleBox("stack-trace352302433", this, "Click to show all stack frames", "Click to hide stack frames")'>Click to show all stack frames</a>
<div class='stack-trace' id='stack-trace352302433'><pre>org.testng.TestException: 
Expected exception java.lang.ArithmeticException but got org.testng.TestException: 
Expected exception java.lang.ArithmeticException but got java.lang.NumberFormatException: Attempt to divide by zero
	at org.testng.internal.Invoker.handleInvocationResults(Invoker.java:1497)
	at org.testng.internal.Invoker.invokeTestMethods(Invoker.java:1245)
	at org.testng.internal.TestMethodWorker.invokeTestMethods(TestMethodWorker.java:127)
	at org.testng.internal.TestMethodWorker.run(TestMethodWorker.java:111)
	at java.util.concurrent.ThreadPoolExecutor.runWorker(ThreadPoolExecutor.java:1142)
	at java.util.concurrent.ThreadPoolExecutor$Worker.run(ThreadPoolExecutor.java:617)
	at java.lang.Thread.run(Thread.java:745)
Caused by: org.testng.TestException: 
Expected exception java.lang.ArithmeticException but got java.lang.NumberFormatException: Attempt to divide by zero
	at org.testng.internal.Invoker.handleInvocationResults(Invoker.java:1497)
	at org.testng.internal.Invoker.invokeMethod(Invoker.java:754)
	at org.testng.internal.Invoker.invokeTestMethod(Invoker.java:901)
	at org.testng.internal.Invoker.invokeTestMethods(Invoker.java:1231)
	... 5 more
Caused by: java.lang.NumberFormatException: Attempt to divide by zero
	at businessObject.Calculator.div(Calculator.java:36)
	at businessObject.CalculatorTest.testDivOnZeroLong(CalculatorTest.java:101)
	at sun.reflect.NativeMethodAccessorImpl.invoke0(Native Method)
	at sun.reflect.NativeMethodAccessorImpl.invoke(NativeMethodAccessorImpl.java:62)
	at sun.reflect.DelegatingMethodAccessorImpl.invoke(DelegatingMethodAccessorImpl.java:43)
	at java.lang.reflect.Method.invoke(Method.java:498)
	at org.testng.internal.MethodInvocationHelper.invokeMethod(MethodInvocationHelper.java:84)
	at org.testng.internal.Invoker.invokeMethod(Invoker.java:714)
	... 7 more
</pre></div></td>
<td>0</td>
<td>businessObject.CalculatorTest@22a71081</td></tr>
<tr>
<td title='businessObject.CalculatorTest.testDivOnZeroLong()'><b>testDivOnZeroLong</b><br>Test class: businessObject.CalculatorTest<br>Parameters: -659894, 0<br/>
<a href="#Output-571221030" onClick='toggleBox("Output-571221030", this, "Show output", "Hide output");'>Show output</a>

<a href="#Output-571221030" onClick="toggleAllBoxes();">Show all outputs</a>
<div class='log' id="Output-571221030">
</br>Tue Nov 01 20:34:08 MSK 2016. Test faild: [Test for different type of numbers][businessObject.CalculatorTest][testDivOnZeroLong]. Status <2>. Time duration <0>.<br/>
</div>
</td>
<td><div><pre>org.testng.TestException: 
Expected exception java.lang.ArithmeticException but got org.testng.TestException: 
Expected exception java.lang.ArithmeticException but got java.lang.NumberFormatException: Attempt to divide by zero
	at org.testng.internal.Invoker.handleInvocationResults(Invoker.java:1497)
	at org.testng.internal.Invoker.invokeTestMethods(Invoker.java:1245)
	at org.testng.internal.TestMethodWorker.invokeTestMethods(TestMethodWorker.java:127)
	at org.testng.internal.TestMethodWorker.run(TestMethodWorker.java:111)
	at java.util.concurrent.ThreadPoolExecutor.runWorker(ThreadPoolExecutor.java:1142)
	at java.util.concurrent.ThreadPoolExecutor$Worker.run(ThreadPoolExecutor.java:617)
	at java.lang.Thread.run(Thread.java:745)
Caused by: org.testng.TestException: 
Expected exception java.lang.ArithmeticException but got java.lang.NumberFormatException: Attempt to divide by zero
	at org.testng.internal.Invoker.handleInvocationResults(Invoker.java:1497)
	at org.testng.internal.Invoker.invokeMethod(Invoker.java:754)
	at org.testng.internal.Invoker.invokeTestMethod(Invoker.java:901)
	at org.testng.internal.Invoker.invokeTestMethods(Invoker.java:1231)
	... 5 more
Caused by: java.lang.NumberFormatException: Attempt to divide by zero
	at businessObject.Calculator.div(Calculator.java:36)
	at businessObject.CalculatorTest.testDivOnZeroLong(CalculatorTest.java:101)
	at sun.reflect.NativeMethodAccessorImpl.invoke0(Native Method)
	at sun.reflect.NativeMethodAccessorImpl.invoke(NativeMethodAccessorImpl.java:62)
	at sun.reflect.DelegatingMethodAccessorImpl.invoke(DelegatingMethodAccessorImpl.java:43)
	at java.lang.reflect.Method.invoke(Method.java:498)
	at org.testng.internal.MethodInvocationHelper.invokeMethod(MethodInvocationHelper.java:84)
	at org.testng.internal.Invoker.invokeMethod(Invoker.java:714)
	... 7 more
</pre></div><a href='#' onClick='toggleBox("stack-trace571221030", this, "Click to show all stack frames", "Click to hide stack frames")'>Click to show all stack frames</a>
<div class='stack-trace' id='stack-trace571221030'><pre>org.testng.TestException: 
Expected exception java.lang.ArithmeticException but got org.testng.TestException: 
Expected exception java.lang.ArithmeticException but got java.lang.NumberFormatException: Attempt to divide by zero
	at org.testng.internal.Invoker.handleInvocationResults(Invoker.java:1497)
	at org.testng.internal.Invoker.invokeTestMethods(Invoker.java:1245)
	at org.testng.internal.TestMethodWorker.invokeTestMethods(TestMethodWorker.java:127)
	at org.testng.internal.TestMethodWorker.run(TestMethodWorker.java:111)
	at java.util.concurrent.ThreadPoolExecutor.runWorker(ThreadPoolExecutor.java:1142)
	at java.util.concurrent.ThreadPoolExecutor$Worker.run(ThreadPoolExecutor.java:617)
	at java.lang.Thread.run(Thread.java:745)
Caused by: org.testng.TestException: 
Expected exception java.lang.ArithmeticException but got java.lang.NumberFormatException: Attempt to divide by zero
	at org.testng.internal.Invoker.handleInvocationResults(Invoker.java:1497)
	at org.testng.internal.Invoker.invokeMethod(Invoker.java:754)
	at org.testng.internal.Invoker.invokeTestMethod(Invoker.java:901)
	at org.testng.internal.Invoker.invokeTestMethods(Invoker.java:1231)
	... 5 more
Caused by: java.lang.NumberFormatException: Attempt to divide by zero
	at businessObject.Calculator.div(Calculator.java:36)
	at businessObject.CalculatorTest.testDivOnZeroLong(CalculatorTest.java:101)
	at sun.reflect.NativeMethodAccessorImpl.invoke0(Native Method)
	at sun.reflect.NativeMethodAccessorImpl.invoke(NativeMethodAccessorImpl.java:62)
	at sun.reflect.DelegatingMethodAccessorImpl.invoke(DelegatingMethodAccessorImpl.java:43)
	at java.lang.reflect.Method.invoke(Method.java:498)
	at org.testng.internal.MethodInvocationHelper.invokeMethod(MethodInvocationHelper.java:84)
	at org.testng.internal.Invoker.invokeMethod(Invoker.java:714)
	... 7 more
</pre></div></td>
<td>0</td>
<td>businessObject.CalculatorTest@22a71081</td></tr>
<tr>
<td title='businessObject.CalculatorTest.testDivOnZeroLong()'><b>testDivOnZeroLong</b><br>Test class: businessObject.CalculatorTest<br>Parameters: 0, 0<br/>
<a href="#Output-1257120210" onClick='toggleBox("Output-1257120210", this, "Show output", "Hide output");'>Show output</a>

<a href="#Output-1257120210" onClick="toggleAllBoxes();">Show all outputs</a>
<div class='log' id="Output-1257120210">
</br>Tue Nov 01 20:34:08 MSK 2016. Test faild: [Test for different type of numbers][businessObject.CalculatorTest][testDivOnZeroLong]. Status <2>. Time duration <16>.<br/>
</div>
</td>
<td><div><pre>org.testng.TestException: 
Expected exception java.lang.ArithmeticException but got org.testng.TestException: 
Expected exception java.lang.ArithmeticException but got java.lang.NumberFormatException: Attempt to divide by zero
	at org.testng.internal.Invoker.handleInvocationResults(Invoker.java:1497)
	at org.testng.internal.Invoker.invokeTestMethods(Invoker.java:1245)
	at org.testng.internal.TestMethodWorker.invokeTestMethods(TestMethodWorker.java:127)
	at org.testng.internal.TestMethodWorker.run(TestMethodWorker.java:111)
	at java.util.concurrent.ThreadPoolExecutor.runWorker(ThreadPoolExecutor.java:1142)
	at java.util.concurrent.ThreadPoolExecutor$Worker.run(ThreadPoolExecutor.java:617)
	at java.lang.Thread.run(Thread.java:745)
Caused by: org.testng.TestException: 
Expected exception java.lang.ArithmeticException but got java.lang.NumberFormatException: Attempt to divide by zero
	at org.testng.internal.Invoker.handleInvocationResults(Invoker.java:1497)
	at org.testng.internal.Invoker.invokeMethod(Invoker.java:754)
	at org.testng.internal.Invoker.invokeTestMethod(Invoker.java:901)
	at org.testng.internal.Invoker.invokeTestMethods(Invoker.java:1231)
	... 5 more
Caused by: java.lang.NumberFormatException: Attempt to divide by zero
	at businessObject.Calculator.div(Calculator.java:36)
	at businessObject.CalculatorTest.testDivOnZeroLong(CalculatorTest.java:101)
	at sun.reflect.NativeMethodAccessorImpl.invoke0(Native Method)
	at sun.reflect.NativeMethodAccessorImpl.invoke(NativeMethodAccessorImpl.java:62)
	at sun.reflect.DelegatingMethodAccessorImpl.invoke(DelegatingMethodAccessorImpl.java:43)
	at java.lang.reflect.Method.invoke(Method.java:498)
	at org.testng.internal.MethodInvocationHelper.invokeMethod(MethodInvocationHelper.java:84)
	at org.testng.internal.Invoker.invokeMethod(Invoker.java:714)
	... 7 more
</pre></div><a href='#' onClick='toggleBox("stack-trace1257120210", this, "Click to show all stack frames", "Click to hide stack frames")'>Click to show all stack frames</a>
<div class='stack-trace' id='stack-trace1257120210'><pre>org.testng.TestException: 
Expected exception java.lang.ArithmeticException but got org.testng.TestException: 
Expected exception java.lang.ArithmeticException but got java.lang.NumberFormatException: Attempt to divide by zero
	at org.testng.internal.Invoker.handleInvocationResults(Invoker.java:1497)
	at org.testng.internal.Invoker.invokeTestMethods(Invoker.java:1245)
	at org.testng.internal.TestMethodWorker.invokeTestMethods(TestMethodWorker.java:127)
	at org.testng.internal.TestMethodWorker.run(TestMethodWorker.java:111)
	at java.util.concurrent.ThreadPoolExecutor.runWorker(ThreadPoolExecutor.java:1142)
	at java.util.concurrent.ThreadPoolExecutor$Worker.run(ThreadPoolExecutor.java:617)
	at java.lang.Thread.run(Thread.java:745)
Caused by: org.testng.TestException: 
Expected exception java.lang.ArithmeticException but got java.lang.NumberFormatException: Attempt to divide by zero
	at org.testng.internal.Invoker.handleInvocationResults(Invoker.java:1497)
	at org.testng.internal.Invoker.invokeMethod(Invoker.java:754)
	at org.testng.internal.Invoker.invokeTestMethod(Invoker.java:901)
	at org.testng.internal.Invoker.invokeTestMethods(Invoker.java:1231)
	... 5 more
Caused by: java.lang.NumberFormatException: Attempt to divide by zero
	at businessObject.Calculator.div(Calculator.java:36)
	at businessObject.CalculatorTest.testDivOnZeroLong(CalculatorTest.java:101)
	at sun.reflect.NativeMethodAccessorImpl.invoke0(Native Method)
	at sun.reflect.NativeMethodAccessorImpl.invoke(NativeMethodAccessorImpl.java:62)
	at sun.reflect.DelegatingMethodAccessorImpl.invoke(DelegatingMethodAccessorImpl.java:43)
	at java.lang.reflect.Method.invoke(Method.java:498)
	at org.testng.internal.MethodInvocationHelper.invokeMethod(MethodInvocationHelper.java:84)
	at org.testng.internal.Invoker.invokeMethod(Invoker.java:714)
	... 7 more
</pre></div></td>
<td>0</td>
<td>businessObject.CalculatorTest@22a71081</td></tr>
<tr>
<td title='businessObject.CalculatorTest.testIsNegWithPositiveNumber()'><b>testIsNegWithPositiveNumber</b><br>Test class: businessObject.CalculatorTest<br>Parameters: 4546468.0<br/>
<a href="#Output-2045400087" onClick='toggleBox("Output-2045400087", this, "Show output", "Hide output");'>Show output</a>

<a href="#Output-2045400087" onClick="toggleAllBoxes();">Show all outputs</a>
<div class='log' id="Output-2045400087">
</br>Tue Nov 01 20:34:08 MSK 2016. Test faild: [Test for different type of numbers][businessObject.CalculatorTest][testIsNegWithPositiveNumber]. Status <2>. Time duration <0>.<br/>
</div>
</td>
<td><div><pre>java.lang.IllegalArgumentException: argument type mismatch
	at sun.reflect.NativeMethodAccessorImpl.invoke0(Native Method)
	at sun.reflect.NativeMethodAccessorImpl.invoke(NativeMethodAccessorImpl.java:62)
	at sun.reflect.DelegatingMethodAccessorImpl.invoke(DelegatingMethodAccessorImpl.java:43)
	at java.lang.reflect.Method.invoke(Method.java:498)
	at org.testng.internal.MethodInvocationHelper.invokeMethod(MethodInvocationHelper.java:84)
	at org.testng.internal.Invoker.invokeMethod(Invoker.java:714)
	at org.testng.internal.Invoker.invokeTestMethod(Invoker.java:901)
	at org.testng.internal.Invoker.invokeTestMethods(Invoker.java:1231)
	at org.testng.internal.TestMethodWorker.invokeTestMethods(TestMethodWorker.java:127)
	at org.testng.internal.TestMethodWorker.run(TestMethodWorker.java:111)
	at java.util.concurrent.ThreadPoolExecutor.runWorker(ThreadPoolExecutor.java:1142)
	at java.util.concurrent.ThreadPoolExecutor$Worker.run(ThreadPoolExecutor.java:617)
	at java.lang.Thread.run(Thread.java:745)
</pre></div><a href='#' onClick='toggleBox("stack-trace2045400087", this, "Click to show all stack frames", "Click to hide stack frames")'>Click to show all stack frames</a>
<div class='stack-trace' id='stack-trace2045400087'><pre>java.lang.IllegalArgumentException: argument type mismatch
	at sun.reflect.NativeMethodAccessorImpl.invoke0(Native Method)
	at sun.reflect.NativeMethodAccessorImpl.invoke(NativeMethodAccessorImpl.java:62)
	at sun.reflect.DelegatingMethodAccessorImpl.invoke(DelegatingMethodAccessorImpl.java:43)
	at java.lang.reflect.Method.invoke(Method.java:498)
	at org.testng.internal.MethodInvocationHelper.invokeMethod(MethodInvocationHelper.java:84)
	at org.testng.internal.Invoker.invokeMethod(Invoker.java:714)
	at org.testng.internal.Invoker.invokeTestMethod(Invoker.java:901)
	at org.testng.internal.Invoker.invokeTestMethods(Invoker.java:1231)
	at org.testng.internal.TestMethodWorker.invokeTestMethods(TestMethodWorker.java:127)
	at org.testng.internal.TestMethodWorker.run(TestMethodWorker.java:111)
	at java.util.concurrent.ThreadPoolExecutor.runWorker(ThreadPoolExecutor.java:1142)
	at java.util.concurrent.ThreadPoolExecutor$Worker.run(ThreadPoolExecutor.java:617)
	at java.lang.Thread.run(Thread.java:745)
</pre></div></td>
<td>0</td>
<td>businessObject.CalculatorTest@22a71081</td></tr>
<tr>
<td title='businessObject.CalculatorTest.testIsPositive()'><b>testIsPositive</b><br>Test class: businessObject.CalculatorTest<br>Parameters: -555<br/>
<a href="#Output-685914260" onClick='toggleBox("Output-685914260", this, "Show output", "Hide output");'>Show output</a>

<a href="#Output-685914260" onClick="toggleAllBoxes();">Show all outputs</a>
<div class='log' id="Output-685914260">
</br>Tue Nov 01 20:34:08 MSK 2016. Test faild: [Test for different type of numbers][businessObject.CalculatorTest][testIsPositive]. Status <2>. Time duration <0>.<br/>
</div>
</td>
<td><div><pre>java.lang.AssertionError: expected [true] but found [false]
	at org.testng.Assert.fail(Assert.java:94)
	at org.testng.Assert.failNotEquals(Assert.java:494)
	at org.testng.Assert.assertTrue(Assert.java:42)
	at org.testng.Assert.assertTrue(Assert.java:52)
	at businessObject.CalculatorTest.testIsPositive(CalculatorTest.java:91)
	at sun.reflect.NativeMethodAccessorImpl.invoke0(Native Method)
	at sun.reflect.NativeMethodAccessorImpl.invoke(NativeMethodAccessorImpl.java:62)
	at sun.reflect.DelegatingMethodAccessorImpl.invoke(DelegatingMethodAccessorImpl.java:43)
	at java.lang.reflect.Method.invoke(Method.java:498)
	at org.testng.internal.MethodInvocationHelper.invokeMethod(MethodInvocationHelper.java:84)
	at org.testng.internal.Invoker.invokeMethod(Invoker.java:714)
	at org.testng.internal.Invoker.invokeTestMethod(Invoker.java:901)
	at org.testng.internal.Invoker.invokeTestMethods(Invoker.java:1231)
	at org.testng.internal.TestMethodWorker.invokeTestMethods(TestMethodWorker.java:127)
	at org.testng.internal.TestMethodWorker.run(TestMethodWorker.java:111)
	at java.util.concurrent.ThreadPoolExecutor.runWorker(ThreadPoolExecutor.java:1142)
	at java.util.concurrent.ThreadPoolExecutor$Worker.run(ThreadPoolExecutor.java:617)
	at java.lang.Thread.run(Thread.java:745)
</pre></div><a href='#' onClick='toggleBox("stack-trace685914260", this, "Click to show all stack frames", "Click to hide stack frames")'>Click to show all stack frames</a>
<div class='stack-trace' id='stack-trace685914260'><pre>java.lang.AssertionError: expected [true] but found [false]
	at org.testng.Assert.fail(Assert.java:94)
	at org.testng.Assert.failNotEquals(Assert.java:494)
	at org.testng.Assert.assertTrue(Assert.java:42)
	at org.testng.Assert.assertTrue(Assert.java:52)
	at businessObject.CalculatorTest.testIsPositive(CalculatorTest.java:91)
	at sun.reflect.NativeMethodAccessorImpl.invoke0(Native Method)
	at sun.reflect.NativeMethodAccessorImpl.invoke(NativeMethodAccessorImpl.java:62)
	at sun.reflect.DelegatingMethodAccessorImpl.invoke(DelegatingMethodAccessorImpl.java:43)
	at java.lang.reflect.Method.invoke(Method.java:498)
	at org.testng.internal.MethodInvocationHelper.invokeMethod(MethodInvocationHelper.java:84)
	at org.testng.internal.Invoker.invokeMethod(Invoker.java:714)
	at org.testng.internal.Invoker.invokeTestMethod(Invoker.java:901)
	at org.testng.internal.Invoker.invokeTestMethods(Invoker.java:1231)
	at org.testng.internal.TestMethodWorker.invokeTestMethods(TestMethodWorker.java:127)
	at org.testng.internal.TestMethodWorker.run(TestMethodWorker.java:111)
	at java.util.concurrent.ThreadPoolExecutor.runWorker(ThreadPoolExecutor.java:1142)
	at java.util.concurrent.ThreadPoolExecutor$Worker.run(ThreadPoolExecutor.java:617)
	at java.lang.Thread.run(Thread.java:745)
</pre></div></td>
<td>0</td>
<td>businessObject.CalculatorTest@22a71081</td></tr>
<tr>
<td title='businessObject.CalculatorTest.testMultDouble()'><b>testMultDouble</b><br>Test class: businessObject.CalculatorTest<br>Parameters: 456789.2323, 6.258, 2740734.0, 1.0E-10<br/>
<a href="#Output-1946727942" onClick='toggleBox("Output-1946727942", this, "Show output", "Hide output");'>Show output</a>

<a href="#Output-1946727942" onClick="toggleAllBoxes();">Show all outputs</a>
<div class='log' id="Output-1946727942">
</br>Tue Nov 01 20:34:08 MSK 2016. Test faild: [Test for different type of numbers][businessObject.CalculatorTest][testMultDouble]. Status <2>. Time duration <0>.<br/>
</div>
</td>
<td><div><pre>java.lang.AssertionError: expected [2740734.0] but found [2858587.0]
	at org.testng.Assert.fail(Assert.java:94)
	at org.testng.Assert.failNotEquals(Assert.java:494)
	at org.testng.Assert.assertEquals(Assert.java:207)
	at org.testng.Assert.assertEquals(Assert.java:220)
	at businessObject.CalculatorTest.testMultDouble(CalculatorTest.java:46)
	at sun.reflect.NativeMethodAccessorImpl.invoke0(Native Method)
	at sun.reflect.NativeMethodAccessorImpl.invoke(NativeMethodAccessorImpl.java:62)
	at sun.reflect.DelegatingMethodAccessorImpl.invoke(DelegatingMethodAccessorImpl.java:43)
	at java.lang.reflect.Method.invoke(Method.java:498)
	at org.testng.internal.MethodInvocationHelper.invokeMethod(MethodInvocationHelper.java:84)
	at org.testng.internal.Invoker.invokeMethod(Invoker.java:714)
	at org.testng.internal.Invoker.invokeTestMethod(Invoker.java:901)
	at org.testng.internal.Invoker.invokeTestMethods(Invoker.java:1231)
	at org.testng.internal.TestMethodWorker.invokeTestMethods(TestMethodWorker.java:127)
	at org.testng.internal.TestMethodWorker.run(TestMethodWorker.java:111)
	at java.util.concurrent.ThreadPoolExecutor.runWorker(ThreadPoolExecutor.java:1142)
	at java.util.concurrent.ThreadPoolExecutor$Worker.run(ThreadPoolExecutor.java:617)
	at java.lang.Thread.run(Thread.java:745)
</pre></div><a href='#' onClick='toggleBox("stack-trace1946727942", this, "Click to show all stack frames", "Click to hide stack frames")'>Click to show all stack frames</a>
<div class='stack-trace' id='stack-trace1946727942'><pre>java.lang.AssertionError: expected [2740734.0] but found [2858587.0]
	at org.testng.Assert.fail(Assert.java:94)
	at org.testng.Assert.failNotEquals(Assert.java:494)
	at org.testng.Assert.assertEquals(Assert.java:207)
	at org.testng.Assert.assertEquals(Assert.java:220)
	at businessObject.CalculatorTest.testMultDouble(CalculatorTest.java:46)
	at sun.reflect.NativeMethodAccessorImpl.invoke0(Native Method)
	at sun.reflect.NativeMethodAccessorImpl.invoke(NativeMethodAccessorImpl.java:62)
	at sun.reflect.DelegatingMethodAccessorImpl.invoke(DelegatingMethodAccessorImpl.java:43)
	at java.lang.reflect.Method.invoke(Method.java:498)
	at org.testng.internal.MethodInvocationHelper.invokeMethod(MethodInvocationHelper.java:84)
	at org.testng.internal.Invoker.invokeMethod(Invoker.java:714)
	at org.testng.internal.Invoker.invokeTestMethod(Invoker.java:901)
	at org.testng.internal.Invoker.invokeTestMethods(Invoker.java:1231)
	at org.testng.internal.TestMethodWorker.invokeTestMethods(TestMethodWorker.java:127)
	at org.testng.internal.TestMethodWorker.run(TestMethodWorker.java:111)
	at java.util.concurrent.ThreadPoolExecutor.runWorker(ThreadPoolExecutor.java:1142)
	at java.util.concurrent.ThreadPoolExecutor$Worker.run(ThreadPoolExecutor.java:617)
	at java.lang.Thread.run(Thread.java:745)
</pre></div></td>
<td>0</td>
<td>businessObject.CalculatorTest@22a71081</td></tr>
<tr>
<td title='businessObject.CalculatorTest.testMultDouble()'><b>testMultDouble</b><br>Test class: businessObject.CalculatorTest<br>Parameters: -5.213, -5.24, 25.0, 1.0E-10<br/>
<a href="#Output-262767059" onClick='toggleBox("Output-262767059", this, "Show output", "Hide output");'>Show output</a>

<a href="#Output-262767059" onClick="toggleAllBoxes();">Show all outputs</a>
<div class='log' id="Output-262767059">
</br>Tue Nov 01 20:34:08 MSK 2016. Test faild: [Test for different type of numbers][businessObject.CalculatorTest][testMultDouble]. Status <2>. Time duration <0>.<br/>
</div>
</td>
<td><div><pre>java.lang.AssertionError: expected [25.0] but found [27.0]
	at org.testng.Assert.fail(Assert.java:94)
	at org.testng.Assert.failNotEquals(Assert.java:494)
	at org.testng.Assert.assertEquals(Assert.java:207)
	at org.testng.Assert.assertEquals(Assert.java:220)
	at businessObject.CalculatorTest.testMultDouble(CalculatorTest.java:46)
	at sun.reflect.NativeMethodAccessorImpl.invoke0(Native Method)
	at sun.reflect.NativeMethodAccessorImpl.invoke(NativeMethodAccessorImpl.java:62)
	at sun.reflect.DelegatingMethodAccessorImpl.invoke(DelegatingMethodAccessorImpl.java:43)
	at java.lang.reflect.Method.invoke(Method.java:498)
	at org.testng.internal.MethodInvocationHelper.invokeMethod(MethodInvocationHelper.java:84)
	at org.testng.internal.Invoker.invokeMethod(Invoker.java:714)
	at org.testng.internal.Invoker.invokeTestMethod(Invoker.java:901)
	at org.testng.internal.Invoker.invokeTestMethods(Invoker.java:1231)
	at org.testng.internal.TestMethodWorker.invokeTestMethods(TestMethodWorker.java:127)
	at org.testng.internal.TestMethodWorker.run(TestMethodWorker.java:111)
	at java.util.concurrent.ThreadPoolExecutor.runWorker(ThreadPoolExecutor.java:1142)
	at java.util.concurrent.ThreadPoolExecutor$Worker.run(ThreadPoolExecutor.java:617)
	at java.lang.Thread.run(Thread.java:745)
</pre></div><a href='#' onClick='toggleBox("stack-trace262767059", this, "Click to show all stack frames", "Click to hide stack frames")'>Click to show all stack frames</a>
<div class='stack-trace' id='stack-trace262767059'><pre>java.lang.AssertionError: expected [25.0] but found [27.0]
	at org.testng.Assert.fail(Assert.java:94)
	at org.testng.Assert.failNotEquals(Assert.java:494)
	at org.testng.Assert.assertEquals(Assert.java:207)
	at org.testng.Assert.assertEquals(Assert.java:220)
	at businessObject.CalculatorTest.testMultDouble(CalculatorTest.java:46)
	at sun.reflect.NativeMethodAccessorImpl.invoke0(Native Method)
	at sun.reflect.NativeMethodAccessorImpl.invoke(NativeMethodAccessorImpl.java:62)
	at sun.reflect.DelegatingMethodAccessorImpl.invoke(DelegatingMethodAccessorImpl.java:43)
	at java.lang.reflect.Method.invoke(Method.java:498)
	at org.testng.internal.MethodInvocationHelper.invokeMethod(MethodInvocationHelper.java:84)
	at org.testng.internal.Invoker.invokeMethod(Invoker.java:714)
	at org.testng.internal.Invoker.invokeTestMethod(Invoker.java:901)
	at org.testng.internal.Invoker.invokeTestMethods(Invoker.java:1231)
	at org.testng.internal.TestMethodWorker.invokeTestMethods(TestMethodWorker.java:127)
	at org.testng.internal.TestMethodWorker.run(TestMethodWorker.java:111)
	at java.util.concurrent.ThreadPoolExecutor.runWorker(ThreadPoolExecutor.java:1142)
	at java.util.concurrent.ThreadPoolExecutor$Worker.run(ThreadPoolExecutor.java:617)
	at java.lang.Thread.run(Thread.java:745)
</pre></div></td>
<td>0</td>
<td>businessObject.CalculatorTest@22a71081</td></tr>
<tr>
<td title='businessObject.CalculatorTest.testMultDouble()'><b>testMultDouble</b><br>Test class: businessObject.CalculatorTest<br>Parameters: 30.23, -5.23, -150.0, 1.0E-10<br/>
<a href="#Output-1514284145" onClick='toggleBox("Output-1514284145", this, "Show output", "Hide output");'>Show output</a>

<a href="#Output-1514284145" onClick="toggleAllBoxes();">Show all outputs</a>
<div class='log' id="Output-1514284145">
</br>Tue Nov 01 20:34:08 MSK 2016. Test faild: [Test for different type of numbers][businessObject.CalculatorTest][testMultDouble]. Status <2>. Time duration <0>.<br/>
</div>
</td>
<td><div><pre>java.lang.AssertionError: expected [-150.0] but found [-159.0]
	at org.testng.Assert.fail(Assert.java:94)
	at org.testng.Assert.failNotEquals(Assert.java:494)
	at org.testng.Assert.assertEquals(Assert.java:207)
	at org.testng.Assert.assertEquals(Assert.java:220)
	at businessObject.CalculatorTest.testMultDouble(CalculatorTest.java:46)
	at sun.reflect.NativeMethodAccessorImpl.invoke0(Native Method)
	at sun.reflect.NativeMethodAccessorImpl.invoke(NativeMethodAccessorImpl.java:62)
	at sun.reflect.DelegatingMethodAccessorImpl.invoke(DelegatingMethodAccessorImpl.java:43)
	at java.lang.reflect.Method.invoke(Method.java:498)
	at org.testng.internal.MethodInvocationHelper.invokeMethod(MethodInvocationHelper.java:84)
	at org.testng.internal.Invoker.invokeMethod(Invoker.java:714)
	at org.testng.internal.Invoker.invokeTestMethod(Invoker.java:901)
	at org.testng.internal.Invoker.invokeTestMethods(Invoker.java:1231)
	at org.testng.internal.TestMethodWorker.invokeTestMethods(TestMethodWorker.java:127)
	at org.testng.internal.TestMethodWorker.run(TestMethodWorker.java:111)
	at java.util.concurrent.ThreadPoolExecutor.runWorker(ThreadPoolExecutor.java:1142)
	at java.util.concurrent.ThreadPoolExecutor$Worker.run(ThreadPoolExecutor.java:617)
	at java.lang.Thread.run(Thread.java:745)
</pre></div><a href='#' onClick='toggleBox("stack-trace1514284145", this, "Click to show all stack frames", "Click to hide stack frames")'>Click to show all stack frames</a>
<div class='stack-trace' id='stack-trace1514284145'><pre>java.lang.AssertionError: expected [-150.0] but found [-159.0]
	at org.testng.Assert.fail(Assert.java:94)
	at org.testng.Assert.failNotEquals(Assert.java:494)
	at org.testng.Assert.assertEquals(Assert.java:207)
	at org.testng.Assert.assertEquals(Assert.java:220)
	at businessObject.CalculatorTest.testMultDouble(CalculatorTest.java:46)
	at sun.reflect.NativeMethodAccessorImpl.invoke0(Native Method)
	at sun.reflect.NativeMethodAccessorImpl.invoke(NativeMethodAccessorImpl.java:62)
	at sun.reflect.DelegatingMethodAccessorImpl.invoke(DelegatingMethodAccessorImpl.java:43)
	at java.lang.reflect.Method.invoke(Method.java:498)
	at org.testng.internal.MethodInvocationHelper.invokeMethod(MethodInvocationHelper.java:84)
	at org.testng.internal.Invoker.invokeMethod(Invoker.java:714)
	at org.testng.internal.Invoker.invokeTestMethod(Invoker.java:901)
	at org.testng.internal.Invoker.invokeTestMethods(Invoker.java:1231)
	at org.testng.internal.TestMethodWorker.invokeTestMethods(TestMethodWorker.java:127)
	at org.testng.internal.TestMethodWorker.run(TestMethodWorker.java:111)
	at java.util.concurrent.ThreadPoolExecutor.runWorker(ThreadPoolExecutor.java:1142)
	at java.util.concurrent.ThreadPoolExecutor$Worker.run(ThreadPoolExecutor.java:617)
	at java.lang.Thread.run(Thread.java:745)
</pre></div></td>
<td>0</td>
<td>businessObject.CalculatorTest@22a71081</td></tr>
<tr>
<td title='businessObject.CalculatorTest.testMultDouble()'><b>testMultDouble</b><br>Test class: businessObject.CalculatorTest<br>Parameters: -8.23, 20.23, -160.0, 1.0E-10<br/>
<a href="#Output-24830421" onClick='toggleBox("Output-24830421", this, "Show output", "Hide output");'>Show output</a>

<a href="#Output-24830421" onClick="toggleAllBoxes();">Show all outputs</a>
<div class='log' id="Output-24830421">
</br>Tue Nov 01 20:34:08 MSK 2016. Test faild: [Test for different type of numbers][businessObject.CalculatorTest][testMultDouble]. Status <2>. Time duration <15>.<br/>
</div>
</td>
<td><div><pre>java.lang.AssertionError: expected [-160.0] but found [-167.0]
	at org.testng.Assert.fail(Assert.java:94)
	at org.testng.Assert.failNotEquals(Assert.java:494)
	at org.testng.Assert.assertEquals(Assert.java:207)
	at org.testng.Assert.assertEquals(Assert.java:220)
	at businessObject.CalculatorTest.testMultDouble(CalculatorTest.java:46)
	at sun.reflect.NativeMethodAccessorImpl.invoke0(Native Method)
	at sun.reflect.NativeMethodAccessorImpl.invoke(NativeMethodAccessorImpl.java:62)
	at sun.reflect.DelegatingMethodAccessorImpl.invoke(DelegatingMethodAccessorImpl.java:43)
	at java.lang.reflect.Method.invoke(Method.java:498)
	at org.testng.internal.MethodInvocationHelper.invokeMethod(MethodInvocationHelper.java:84)
	at org.testng.internal.Invoker.invokeMethod(Invoker.java:714)
	at org.testng.internal.Invoker.invokeTestMethod(Invoker.java:901)
	at org.testng.internal.Invoker.invokeTestMethods(Invoker.java:1231)
	at org.testng.internal.TestMethodWorker.invokeTestMethods(TestMethodWorker.java:127)
	at org.testng.internal.TestMethodWorker.run(TestMethodWorker.java:111)
	at java.util.concurrent.ThreadPoolExecutor.runWorker(ThreadPoolExecutor.java:1142)
	at java.util.concurrent.ThreadPoolExecutor$Worker.run(ThreadPoolExecutor.java:617)
	at java.lang.Thread.run(Thread.java:745)
</pre></div><a href='#' onClick='toggleBox("stack-trace24830421", this, "Click to show all stack frames", "Click to hide stack frames")'>Click to show all stack frames</a>
<div class='stack-trace' id='stack-trace24830421'><pre>java.lang.AssertionError: expected [-160.0] but found [-167.0]
	at org.testng.Assert.fail(Assert.java:94)
	at org.testng.Assert.failNotEquals(Assert.java:494)
	at org.testng.Assert.assertEquals(Assert.java:207)
	at org.testng.Assert.assertEquals(Assert.java:220)
	at businessObject.CalculatorTest.testMultDouble(CalculatorTest.java:46)
	at sun.reflect.NativeMethodAccessorImpl.invoke0(Native Method)
	at sun.reflect.NativeMethodAccessorImpl.invoke(NativeMethodAccessorImpl.java:62)
	at sun.reflect.DelegatingMethodAccessorImpl.invoke(DelegatingMethodAccessorImpl.java:43)
	at java.lang.reflect.Method.invoke(Method.java:498)
	at org.testng.internal.MethodInvocationHelper.invokeMethod(MethodInvocationHelper.java:84)
	at org.testng.internal.Invoker.invokeMethod(Invoker.java:714)
	at org.testng.internal.Invoker.invokeTestMethod(Invoker.java:901)
	at org.testng.internal.Invoker.invokeTestMethods(Invoker.java:1231)
	at org.testng.internal.TestMethodWorker.invokeTestMethods(TestMethodWorker.java:127)
	at org.testng.internal.TestMethodWorker.run(TestMethodWorker.java:111)
	at java.util.concurrent.ThreadPoolExecutor.runWorker(ThreadPoolExecutor.java:1142)
	at java.util.concurrent.ThreadPoolExecutor$Worker.run(ThreadPoolExecutor.java:617)
	at java.lang.Thread.run(Thread.java:745)
</pre></div></td>
<td>0</td>
<td>businessObject.CalculatorTest@22a71081</td></tr>
<tr>
<td title='businessObject.CalculatorTest.testPowNumZeroAndPowLessZero()'><b>testPowNumZeroAndPowLessZero</b><br>Test class: businessObject.CalculatorTest<br>Parameters: 0.0, -7.0<br/>
<a href="#Output-1729382256" onClick='toggleBox("Output-1729382256", this, "Show output", "Hide output");'>Show output</a>

<a href="#Output-1729382256" onClick="toggleAllBoxes();">Show all outputs</a>
<div class='log' id="Output-1729382256">
</br>Tue Nov 01 20:34:08 MSK 2016. Test faild: [Test for different type of numbers][businessObject.CalculatorTest][testPowNumZeroAndPowLessZero]. Status <2>. Time duration <0>.<br/>
</div>
</td>
<td><div><pre>org.testng.TestException: 
Expected exception java.lang.IllegalArgumentException but got org.testng.TestException: 
Method CalculatorTest.testPowNumZeroAndPowLessZero(double, double)[pri:0, instance:businessObject.CalculatorTest@22a71081] should have thrown an exception of class java.lang.IllegalArgumentException
	at org.testng.internal.Invoker.handleInvocationResults(Invoker.java:1497)
	at org.testng.internal.Invoker.invokeTestMethods(Invoker.java:1245)
	at org.testng.internal.TestMethodWorker.invokeTestMethods(TestMethodWorker.java:127)
	at org.testng.internal.TestMethodWorker.run(TestMethodWorker.java:111)
	at java.util.concurrent.ThreadPoolExecutor.runWorker(ThreadPoolExecutor.java:1142)
	at java.util.concurrent.ThreadPoolExecutor$Worker.run(ThreadPoolExecutor.java:617)
	at java.lang.Thread.run(Thread.java:745)
Caused by: org.testng.TestException: 
Method CalculatorTest.testPowNumZeroAndPowLessZero(double, double)[pri:0, instance:businessObject.CalculatorTest@22a71081] should have thrown an exception of class java.lang.IllegalArgumentException
	at org.testng.internal.Invoker.handleInvocationResults(Invoker.java:1512)
	at org.testng.internal.Invoker.invokeMethod(Invoker.java:754)
	at org.testng.internal.Invoker.invokeTestMethod(Invoker.java:901)
	at org.testng.internal.Invoker.invokeTestMethods(Invoker.java:1231)
	... 5 more
</pre></div><a href='#' onClick='toggleBox("stack-trace1729382256", this, "Click to show all stack frames", "Click to hide stack frames")'>Click to show all stack frames</a>
<div class='stack-trace' id='stack-trace1729382256'><pre>org.testng.TestException: 
Expected exception java.lang.IllegalArgumentException but got org.testng.TestException: 
Method CalculatorTest.testPowNumZeroAndPowLessZero(double, double)[pri:0, instance:businessObject.CalculatorTest@22a71081] should have thrown an exception of class java.lang.IllegalArgumentException
	at org.testng.internal.Invoker.handleInvocationResults(Invoker.java:1497)
	at org.testng.internal.Invoker.invokeTestMethods(Invoker.java:1245)
	at org.testng.internal.TestMethodWorker.invokeTestMethods(TestMethodWorker.java:127)
	at org.testng.internal.TestMethodWorker.run(TestMethodWorker.java:111)
	at java.util.concurrent.ThreadPoolExecutor.runWorker(ThreadPoolExecutor.java:1142)
	at java.util.concurrent.ThreadPoolExecutor$Worker.run(ThreadPoolExecutor.java:617)
	at java.lang.Thread.run(Thread.java:745)
Caused by: org.testng.TestException: 
Method CalculatorTest.testPowNumZeroAndPowLessZero(double, double)[pri:0, instance:businessObject.CalculatorTest@22a71081] should have thrown an exception of class java.lang.IllegalArgumentException
	at org.testng.internal.Invoker.handleInvocationResults(Invoker.java:1512)
	at org.testng.internal.Invoker.invokeMethod(Invoker.java:754)
	at org.testng.internal.Invoker.invokeTestMethod(Invoker.java:901)
	at org.testng.internal.Invoker.invokeTestMethods(Invoker.java:1231)
	... 5 more
</pre></div></td>
<td>0</td>
<td>businessObject.CalculatorTest@22a71081</td></tr>
<tr>
<td title='businessObject.CalculatorTest.testSqrtWhenNumLessZero()'><b>testSqrtWhenNumLessZero</b><br>Test class: businessObject.CalculatorTest<br>Parameters: -5.6565656E7<br/>
<a href="#Output-507181778" onClick='toggleBox("Output-507181778", this, "Show output", "Hide output");'>Show output</a>

<a href="#Output-507181778" onClick="toggleAllBoxes();">Show all outputs</a>
<div class='log' id="Output-507181778">
</br>Tue Nov 01 20:34:08 MSK 2016. Test faild: [Test for different type of numbers][businessObject.CalculatorTest][testSqrtWhenNumLessZero]. Status <2>. Time duration <0>.<br/>
</div>
</td>
<td><div><pre>org.testng.TestException: 
Expected exception java.lang.IllegalArgumentException but got org.testng.TestException: 
Method CalculatorTest.testSqrtWhenNumLessZero(double)[pri:0, instance:businessObject.CalculatorTest@22a71081] should have thrown an exception of class java.lang.IllegalArgumentException
	at org.testng.internal.Invoker.handleInvocationResults(Invoker.java:1497)
	at org.testng.internal.Invoker.invokeTestMethods(Invoker.java:1245)
	at org.testng.internal.TestMethodWorker.invokeTestMethods(TestMethodWorker.java:127)
	at org.testng.internal.TestMethodWorker.run(TestMethodWorker.java:111)
	at java.util.concurrent.ThreadPoolExecutor.runWorker(ThreadPoolExecutor.java:1142)
	at java.util.concurrent.ThreadPoolExecutor$Worker.run(ThreadPoolExecutor.java:617)
	at java.lang.Thread.run(Thread.java:745)
Caused by: org.testng.TestException: 
Method CalculatorTest.testSqrtWhenNumLessZero(double)[pri:0, instance:businessObject.CalculatorTest@22a71081] should have thrown an exception of class java.lang.IllegalArgumentException
	at org.testng.internal.Invoker.handleInvocationResults(Invoker.java:1512)
	at org.testng.internal.Invoker.invokeMethod(Invoker.java:754)
	at org.testng.internal.Invoker.invokeTestMethod(Invoker.java:901)
	at org.testng.internal.Invoker.invokeTestMethods(Invoker.java:1231)
	... 5 more
</pre></div><a href='#' onClick='toggleBox("stack-trace507181778", this, "Click to show all stack frames", "Click to hide stack frames")'>Click to show all stack frames</a>
<div class='stack-trace' id='stack-trace507181778'><pre>org.testng.TestException: 
Expected exception java.lang.IllegalArgumentException but got org.testng.TestException: 
Method CalculatorTest.testSqrtWhenNumLessZero(double)[pri:0, instance:businessObject.CalculatorTest@22a71081] should have thrown an exception of class java.lang.IllegalArgumentException
	at org.testng.internal.Invoker.handleInvocationResults(Invoker.java:1497)
	at org.testng.internal.Invoker.invokeTestMethods(Invoker.java:1245)
	at org.testng.internal.TestMethodWorker.invokeTestMethods(TestMethodWorker.java:127)
	at org.testng.internal.TestMethodWorker.run(TestMethodWorker.java:111)
	at java.util.concurrent.ThreadPoolExecutor.runWorker(ThreadPoolExecutor.java:1142)
	at java.util.concurrent.ThreadPoolExecutor$Worker.run(ThreadPoolExecutor.java:617)
	at java.lang.Thread.run(Thread.java:745)
Caused by: org.testng.TestException: 
Method CalculatorTest.testSqrtWhenNumLessZero(double)[pri:0, instance:businessObject.CalculatorTest@22a71081] should have thrown an exception of class java.lang.IllegalArgumentException
	at org.testng.internal.Invoker.handleInvocationResults(Invoker.java:1512)
	at org.testng.internal.Invoker.invokeMethod(Invoker.java:754)
	at org.testng.internal.Invoker.invokeTestMethod(Invoker.java:901)
	at org.testng.internal.Invoker.invokeTestMethods(Invoker.java:1231)
	... 5 more
</pre></div></td>
<td>0</td>
<td>businessObject.CalculatorTest@22a71081</td></tr>
<tr>
<td title='businessObject.CalculatorTest.testSubDouble()'><b>testSubDouble</b><br>Test class: businessObject.CalculatorTest<br>Parameters: -5.6562523E7, -456.0, -5.6562979E7, 1.0E-10<br/>
<a href="#Output-1106903564" onClick='toggleBox("Output-1106903564", this, "Show output", "Hide output");'>Show output</a>

<a href="#Output-1106903564" onClick="toggleAllBoxes();">Show all outputs</a>
<div class='log' id="Output-1106903564">
</br>Tue Nov 01 20:34:08 MSK 2016. Test faild: [Test for different type of numbers][businessObject.CalculatorTest][testSubDouble]. Status <2>. Time duration <0>.<br/>
</div>
</td>
<td><div><pre>java.lang.AssertionError: expected [-5.6562979E7] but found [-5.6562067E7]
	at org.testng.Assert.fail(Assert.java:94)
	at org.testng.Assert.failNotEquals(Assert.java:494)
	at org.testng.Assert.assertEquals(Assert.java:207)
	at org.testng.Assert.assertEquals(Assert.java:220)
	at businessObject.CalculatorTest.testSubDouble(CalculatorTest.java:36)
	at sun.reflect.NativeMethodAccessorImpl.invoke0(Native Method)
	at sun.reflect.NativeMethodAccessorImpl.invoke(NativeMethodAccessorImpl.java:62)
	at sun.reflect.DelegatingMethodAccessorImpl.invoke(DelegatingMethodAccessorImpl.java:43)
	at java.lang.reflect.Method.invoke(Method.java:498)
	at org.testng.internal.MethodInvocationHelper.invokeMethod(MethodInvocationHelper.java:84)
	at org.testng.internal.Invoker.invokeMethod(Invoker.java:714)
	at org.testng.internal.Invoker.invokeTestMethod(Invoker.java:901)
	at org.testng.internal.Invoker.invokeTestMethods(Invoker.java:1231)
	at org.testng.internal.TestMethodWorker.invokeTestMethods(TestMethodWorker.java:127)
	at org.testng.internal.TestMethodWorker.run(TestMethodWorker.java:111)
	at java.util.concurrent.ThreadPoolExecutor.runWorker(ThreadPoolExecutor.java:1142)
	at java.util.concurrent.ThreadPoolExecutor$Worker.run(ThreadPoolExecutor.java:617)
	at java.lang.Thread.run(Thread.java:745)
</pre></div><a href='#' onClick='toggleBox("stack-trace1106903564", this, "Click to show all stack frames", "Click to hide stack frames")'>Click to show all stack frames</a>
<div class='stack-trace' id='stack-trace1106903564'><pre>java.lang.AssertionError: expected [-5.6562979E7] but found [-5.6562067E7]
	at org.testng.Assert.fail(Assert.java:94)
	at org.testng.Assert.failNotEquals(Assert.java:494)
	at org.testng.Assert.assertEquals(Assert.java:207)
	at org.testng.Assert.assertEquals(Assert.java:220)
	at businessObject.CalculatorTest.testSubDouble(CalculatorTest.java:36)
	at sun.reflect.NativeMethodAccessorImpl.invoke0(Native Method)
	at sun.reflect.NativeMethodAccessorImpl.invoke(NativeMethodAccessorImpl.java:62)
	at sun.reflect.DelegatingMethodAccessorImpl.invoke(DelegatingMethodAccessorImpl.java:43)
	at java.lang.reflect.Method.invoke(Method.java:498)
	at org.testng.internal.MethodInvocationHelper.invokeMethod(MethodInvocationHelper.java:84)
	at org.testng.internal.Invoker.invokeMethod(Invoker.java:714)
	at org.testng.internal.Invoker.invokeTestMethod(Invoker.java:901)
	at org.testng.internal.Invoker.invokeTestMethods(Invoker.java:1231)
	at org.testng.internal.TestMethodWorker.invokeTestMethods(TestMethodWorker.java:127)
	at org.testng.internal.TestMethodWorker.run(TestMethodWorker.java:111)
	at java.util.concurrent.ThreadPoolExecutor.runWorker(ThreadPoolExecutor.java:1142)
	at java.util.concurrent.ThreadPoolExecutor$Worker.run(ThreadPoolExecutor.java:617)
	at java.lang.Thread.run(Thread.java:745)
</pre></div></td>
<td>0</td>
<td>businessObject.CalculatorTest@22a71081</td></tr>
<tr>
<td title='businessObject.CalculatorTest.testSubLong()'><b>testSubLong</b><br>Test class: businessObject.CalculatorTest<br>Parameters: 9223372036854775807, 98, 9223372036854775807<br/>
<a href="#Output-383730987" onClick='toggleBox("Output-383730987", this, "Show output", "Hide output");'>Show output</a>

<a href="#Output-383730987" onClick="toggleAllBoxes();">Show all outputs</a>
<div class='log' id="Output-383730987">
</br>Tue Nov 01 20:34:08 MSK 2016. Test faild: [Test for different type of numbers][businessObject.CalculatorTest][testSubLong]. Status <2>. Time duration <0>.<br/>
</div>
</td>
<td><div><pre>java.lang.AssertionError: expected [9223372036854775807] but found [9223372036854775709]
	at org.testng.Assert.fail(Assert.java:94)
	at org.testng.Assert.failNotEquals(Assert.java:494)
	at org.testng.Assert.assertEquals(Assert.java:123)
	at org.testng.Assert.assertEquals(Assert.java:265)
	at org.testng.Assert.assertEquals(Assert.java:275)
	at businessObject.CalculatorTest.testSubLong(CalculatorTest.java:30)
	at sun.reflect.NativeMethodAccessorImpl.invoke0(Native Method)
	at sun.reflect.NativeMethodAccessorImpl.invoke(NativeMethodAccessorImpl.java:62)
	at sun.reflect.DelegatingMethodAccessorImpl.invoke(DelegatingMethodAccessorImpl.java:43)
	at java.lang.reflect.Method.invoke(Method.java:498)
	at org.testng.internal.MethodInvocationHelper.invokeMethod(MethodInvocationHelper.java:84)
	at org.testng.internal.Invoker.invokeMethod(Invoker.java:714)
	at org.testng.internal.Invoker.invokeTestMethod(Invoker.java:901)
	at org.testng.internal.Invoker.invokeTestMethods(Invoker.java:1231)
	at org.testng.internal.TestMethodWorker.invokeTestMethods(TestMethodWorker.java:127)
	at org.testng.internal.TestMethodWorker.run(TestMethodWorker.java:111)
	at java.util.concurrent.ThreadPoolExecutor.runWorker(ThreadPoolExecutor.java:1142)
	at java.util.concurrent.ThreadPoolExecutor$Worker.run(ThreadPoolExecutor.java:617)
	at java.lang.Thread.run(Thread.java:745)
</pre></div><a href='#' onClick='toggleBox("stack-trace383730987", this, "Click to show all stack frames", "Click to hide stack frames")'>Click to show all stack frames</a>
<div class='stack-trace' id='stack-trace383730987'><pre>java.lang.AssertionError: expected [9223372036854775807] but found [9223372036854775709]
	at org.testng.Assert.fail(Assert.java:94)
	at org.testng.Assert.failNotEquals(Assert.java:494)
	at org.testng.Assert.assertEquals(Assert.java:123)
	at org.testng.Assert.assertEquals(Assert.java:265)
	at org.testng.Assert.assertEquals(Assert.java:275)
	at businessObject.CalculatorTest.testSubLong(CalculatorTest.java:30)
	at sun.reflect.NativeMethodAccessorImpl.invoke0(Native Method)
	at sun.reflect.NativeMethodAccessorImpl.invoke(NativeMethodAccessorImpl.java:62)
	at sun.reflect.DelegatingMethodAccessorImpl.invoke(DelegatingMethodAccessorImpl.java:43)
	at java.lang.reflect.Method.invoke(Method.java:498)
	at org.testng.internal.MethodInvocationHelper.invokeMethod(MethodInvocationHelper.java:84)
	at org.testng.internal.Invoker.invokeMethod(Invoker.java:714)
	at org.testng.internal.Invoker.invokeTestMethod(Invoker.java:901)
	at org.testng.internal.Invoker.invokeTestMethods(Invoker.java:1231)
	at org.testng.internal.TestMethodWorker.invokeTestMethods(TestMethodWorker.java:127)
	at org.testng.internal.TestMethodWorker.run(TestMethodWorker.java:111)
	at java.util.concurrent.ThreadPoolExecutor.runWorker(ThreadPoolExecutor.java:1142)
	at java.util.concurrent.ThreadPoolExecutor$Worker.run(ThreadPoolExecutor.java:617)
	at java.lang.Thread.run(Thread.java:745)
</pre></div></td>
<td>0</td>
<td>businessObject.CalculatorTest@22a71081</td></tr>
<tr>
<td title='businessObject.CalculatorTest.testSubLong()'><b>testSubLong</b><br>Test class: businessObject.CalculatorTest<br>Parameters: -56562523, -456, 56562979<br/>
<a href="#Output-429451530" onClick='toggleBox("Output-429451530", this, "Show output", "Hide output");'>Show output</a>

<a href="#Output-429451530" onClick="toggleAllBoxes();">Show all outputs</a>
<div class='log' id="Output-429451530">
</br>Tue Nov 01 20:34:08 MSK 2016. Test faild: [Test for different type of numbers][businessObject.CalculatorTest][testSubLong]. Status <2>. Time duration <0>.<br/>
</div>
</td>
<td><div><pre>java.lang.AssertionError: expected [56562979] but found [-56562067]
	at org.testng.Assert.fail(Assert.java:94)
	at org.testng.Assert.failNotEquals(Assert.java:494)
	at org.testng.Assert.assertEquals(Assert.java:123)
	at org.testng.Assert.assertEquals(Assert.java:265)
	at org.testng.Assert.assertEquals(Assert.java:275)
	at businessObject.CalculatorTest.testSubLong(CalculatorTest.java:30)
	at sun.reflect.NativeMethodAccessorImpl.invoke0(Native Method)
	at sun.reflect.NativeMethodAccessorImpl.invoke(NativeMethodAccessorImpl.java:62)
	at sun.reflect.DelegatingMethodAccessorImpl.invoke(DelegatingMethodAccessorImpl.java:43)
	at java.lang.reflect.Method.invoke(Method.java:498)
	at org.testng.internal.MethodInvocationHelper.invokeMethod(MethodInvocationHelper.java:84)
	at org.testng.internal.Invoker.invokeMethod(Invoker.java:714)
	at org.testng.internal.Invoker.invokeTestMethod(Invoker.java:901)
	at org.testng.internal.Invoker.invokeTestMethods(Invoker.java:1231)
	at org.testng.internal.TestMethodWorker.invokeTestMethods(TestMethodWorker.java:127)
	at org.testng.internal.TestMethodWorker.run(TestMethodWorker.java:111)
	at java.util.concurrent.ThreadPoolExecutor.runWorker(ThreadPoolExecutor.java:1142)
	at java.util.concurrent.ThreadPoolExecutor$Worker.run(ThreadPoolExecutor.java:617)
	at java.lang.Thread.run(Thread.java:745)
</pre></div><a href='#' onClick='toggleBox("stack-trace429451530", this, "Click to show all stack frames", "Click to hide stack frames")'>Click to show all stack frames</a>
<div class='stack-trace' id='stack-trace429451530'><pre>java.lang.AssertionError: expected [56562979] but found [-56562067]
	at org.testng.Assert.fail(Assert.java:94)
	at org.testng.Assert.failNotEquals(Assert.java:494)
	at org.testng.Assert.assertEquals(Assert.java:123)
	at org.testng.Assert.assertEquals(Assert.java:265)
	at org.testng.Assert.assertEquals(Assert.java:275)
	at businessObject.CalculatorTest.testSubLong(CalculatorTest.java:30)
	at sun.reflect.NativeMethodAccessorImpl.invoke0(Native Method)
	at sun.reflect.NativeMethodAccessorImpl.invoke(NativeMethodAccessorImpl.java:62)
	at sun.reflect.DelegatingMethodAccessorImpl.invoke(DelegatingMethodAccessorImpl.java:43)
	at java.lang.reflect.Method.invoke(Method.java:498)
	at org.testng.internal.MethodInvocationHelper.invokeMethod(MethodInvocationHelper.java:84)
	at org.testng.internal.Invoker.invokeMethod(Invoker.java:714)
	at org.testng.internal.Invoker.invokeTestMethod(Invoker.java:901)
	at org.testng.internal.Invoker.invokeTestMethods(Invoker.java:1231)
	at org.testng.internal.TestMethodWorker.invokeTestMethods(TestMethodWorker.java:127)
	at org.testng.internal.TestMethodWorker.run(TestMethodWorker.java:111)
	at java.util.concurrent.ThreadPoolExecutor.runWorker(ThreadPoolExecutor.java:1142)
	at java.util.concurrent.ThreadPoolExecutor$Worker.run(ThreadPoolExecutor.java:617)
	at java.lang.Thread.run(Thread.java:745)
</pre></div></td>
<td>0</td>
<td>businessObject.CalculatorTest@22a71081</td></tr>
<tr>
<td title='businessObject.CalculatorTest.testSubLong()'><b>testSubLong</b><br>Test class: businessObject.CalculatorTest<br>Parameters: 412341234123, -412341234123, 0<br/>
<a href="#Output-170165173" onClick='toggleBox("Output-170165173", this, "Show output", "Hide output");'>Show output</a>

<a href="#Output-170165173" onClick="toggleAllBoxes();">Show all outputs</a>
<div class='log' id="Output-170165173">
</br>Tue Nov 01 20:34:08 MSK 2016. Test faild: [Test for different type of numbers][businessObject.CalculatorTest][testSubLong]. Status <2>. Time duration <0>.<br/>
</div>
</td>
<td><div><pre>java.lang.AssertionError: expected [0] but found [824682468246]
	at org.testng.Assert.fail(Assert.java:94)
	at org.testng.Assert.failNotEquals(Assert.java:494)
	at org.testng.Assert.assertEquals(Assert.java:123)
	at org.testng.Assert.assertEquals(Assert.java:265)
	at org.testng.Assert.assertEquals(Assert.java:275)
	at businessObject.CalculatorTest.testSubLong(CalculatorTest.java:30)
	at sun.reflect.NativeMethodAccessorImpl.invoke0(Native Method)
	at sun.reflect.NativeMethodAccessorImpl.invoke(NativeMethodAccessorImpl.java:62)
	at sun.reflect.DelegatingMethodAccessorImpl.invoke(DelegatingMethodAccessorImpl.java:43)
	at java.lang.reflect.Method.invoke(Method.java:498)
	at org.testng.internal.MethodInvocationHelper.invokeMethod(MethodInvocationHelper.java:84)
	at org.testng.internal.Invoker.invokeMethod(Invoker.java:714)
	at org.testng.internal.Invoker.invokeTestMethod(Invoker.java:901)
	at org.testng.internal.Invoker.invokeTestMethods(Invoker.java:1231)
	at org.testng.internal.TestMethodWorker.invokeTestMethods(TestMethodWorker.java:127)
	at org.testng.internal.TestMethodWorker.run(TestMethodWorker.java:111)
	at java.util.concurrent.ThreadPoolExecutor.runWorker(ThreadPoolExecutor.java:1142)
	at java.util.concurrent.ThreadPoolExecutor$Worker.run(ThreadPoolExecutor.java:617)
	at java.lang.Thread.run(Thread.java:745)
</pre></div><a href='#' onClick='toggleBox("stack-trace170165173", this, "Click to show all stack frames", "Click to hide stack frames")'>Click to show all stack frames</a>
<div class='stack-trace' id='stack-trace170165173'><pre>java.lang.AssertionError: expected [0] but found [824682468246]
	at org.testng.Assert.fail(Assert.java:94)
	at org.testng.Assert.failNotEquals(Assert.java:494)
	at org.testng.Assert.assertEquals(Assert.java:123)
	at org.testng.Assert.assertEquals(Assert.java:265)
	at org.testng.Assert.assertEquals(Assert.java:275)
	at businessObject.CalculatorTest.testSubLong(CalculatorTest.java:30)
	at sun.reflect.NativeMethodAccessorImpl.invoke0(Native Method)
	at sun.reflect.NativeMethodAccessorImpl.invoke(NativeMethodAccessorImpl.java:62)
	at sun.reflect.DelegatingMethodAccessorImpl.invoke(DelegatingMethodAccessorImpl.java:43)
	at java.lang.reflect.Method.invoke(Method.java:498)
	at org.testng.internal.MethodInvocationHelper.invokeMethod(MethodInvocationHelper.java:84)
	at org.testng.internal.Invoker.invokeMethod(Invoker.java:714)
	at org.testng.internal.Invoker.invokeTestMethod(Invoker.java:901)
	at org.testng.internal.Invoker.invokeTestMethods(Invoker.java:1231)
	at org.testng.internal.TestMethodWorker.invokeTestMethods(TestMethodWorker.java:127)
	at org.testng.internal.TestMethodWorker.run(TestMethodWorker.java:111)
	at java.util.concurrent.ThreadPoolExecutor.runWorker(ThreadPoolExecutor.java:1142)
	at java.util.concurrent.ThreadPoolExecutor$Worker.run(ThreadPoolExecutor.java:617)
	at java.lang.Thread.run(Thread.java:745)
</pre></div></td>
<td>0</td>
<td>businessObject.CalculatorTest@22a71081</td></tr>
<tr>
<td title='businessObject.CalculatorTest.testSubLong()'><b>testSubLong</b><br>Test class: businessObject.CalculatorTest<br>Parameters: -555555555555555, 5, 555555555555550<br/>
<a href="#Output-1035276508" onClick='toggleBox("Output-1035276508", this, "Show output", "Hide output");'>Show output</a>

<a href="#Output-1035276508" onClick="toggleAllBoxes();">Show all outputs</a>
<div class='log' id="Output-1035276508">
</br>Tue Nov 01 20:34:08 MSK 2016. Test faild: [Test for different type of numbers][businessObject.CalculatorTest][testSubLong]. Status <2>. Time duration <0>.<br/>
</div>
</td>
<td><div><pre>java.lang.AssertionError: expected [555555555555550] but found [-555555555555560]
	at org.testng.Assert.fail(Assert.java:94)
	at org.testng.Assert.failNotEquals(Assert.java:494)
	at org.testng.Assert.assertEquals(Assert.java:123)
	at org.testng.Assert.assertEquals(Assert.java:265)
	at org.testng.Assert.assertEquals(Assert.java:275)
	at businessObject.CalculatorTest.testSubLong(CalculatorTest.java:30)
	at sun.reflect.NativeMethodAccessorImpl.invoke0(Native Method)
	at sun.reflect.NativeMethodAccessorImpl.invoke(NativeMethodAccessorImpl.java:62)
	at sun.reflect.DelegatingMethodAccessorImpl.invoke(DelegatingMethodAccessorImpl.java:43)
	at java.lang.reflect.Method.invoke(Method.java:498)
	at org.testng.internal.MethodInvocationHelper.invokeMethod(MethodInvocationHelper.java:84)
	at org.testng.internal.Invoker.invokeMethod(Invoker.java:714)
	at org.testng.internal.Invoker.invokeTestMethod(Invoker.java:901)
	at org.testng.internal.Invoker.invokeTestMethods(Invoker.java:1231)
	at org.testng.internal.TestMethodWorker.invokeTestMethods(TestMethodWorker.java:127)
	at org.testng.internal.TestMethodWorker.run(TestMethodWorker.java:111)
	at java.util.concurrent.ThreadPoolExecutor.runWorker(ThreadPoolExecutor.java:1142)
	at java.util.concurrent.ThreadPoolExecutor$Worker.run(ThreadPoolExecutor.java:617)
	at java.lang.Thread.run(Thread.java:745)
</pre></div><a href='#' onClick='toggleBox("stack-trace1035276508", this, "Click to show all stack frames", "Click to hide stack frames")'>Click to show all stack frames</a>
<div class='stack-trace' id='stack-trace1035276508'><pre>java.lang.AssertionError: expected [555555555555550] but found [-555555555555560]
	at org.testng.Assert.fail(Assert.java:94)
	at org.testng.Assert.failNotEquals(Assert.java:494)
	at org.testng.Assert.assertEquals(Assert.java:123)
	at org.testng.Assert.assertEquals(Assert.java:265)
	at org.testng.Assert.assertEquals(Assert.java:275)
	at businessObject.CalculatorTest.testSubLong(CalculatorTest.java:30)
	at sun.reflect.NativeMethodAccessorImpl.invoke0(Native Method)
	at sun.reflect.NativeMethodAccessorImpl.invoke(NativeMethodAccessorImpl.java:62)
	at sun.reflect.DelegatingMethodAccessorImpl.invoke(DelegatingMethodAccessorImpl.java:43)
	at java.lang.reflect.Method.invoke(Method.java:498)
	at org.testng.internal.MethodInvocationHelper.invokeMethod(MethodInvocationHelper.java:84)
	at org.testng.internal.Invoker.invokeMethod(Invoker.java:714)
	at org.testng.internal.Invoker.invokeTestMethod(Invoker.java:901)
	at org.testng.internal.Invoker.invokeTestMethods(Invoker.java:1231)
	at org.testng.internal.TestMethodWorker.invokeTestMethods(TestMethodWorker.java:127)
	at org.testng.internal.TestMethodWorker.run(TestMethodWorker.java:111)
	at java.util.concurrent.ThreadPoolExecutor.runWorker(ThreadPoolExecutor.java:1142)
	at java.util.concurrent.ThreadPoolExecutor$Worker.run(ThreadPoolExecutor.java:617)
	at java.lang.Thread.run(Thread.java:745)
</pre></div></td>
<td>0</td>
<td>businessObject.CalculatorTest@22a71081</td></tr>
<tr>
<td title='businessObject.CalculatorTest.testTg()'><b>testTg</b><br>Test class: businessObject.CalculatorTest<br>Parameters: -565656.0, 0.3354445635832207<br/>
<a href="#Output-68653555" onClick='toggleBox("Output-68653555", this, "Show output", "Hide output");'>Show output</a>

<a href="#Output-68653555" onClick="toggleAllBoxes();">Show all outputs</a>
<div class='log' id="Output-68653555">
</br>Tue Nov 01 20:34:08 MSK 2016. Test faild: [Test for different type of numbers][businessObject.CalculatorTest][testTg]. Status <2>. Time duration <0>.<br/>
</div>
</td>
<td><div><pre>java.lang.AssertionError: expected [0.3354445635832207] but found [1.0]
	at org.testng.Assert.fail(Assert.java:94)
	at org.testng.Assert.failNotEquals(Assert.java:494)
	at org.testng.Assert.assertEquals(Assert.java:123)
	at org.testng.Assert.assertEquals(Assert.java:165)
	at businessObject.CalculatorTest.testTg(CalculatorTest.java:71)
	at sun.reflect.NativeMethodAccessorImpl.invoke0(Native Method)
	at sun.reflect.NativeMethodAccessorImpl.invoke(NativeMethodAccessorImpl.java:62)
	at sun.reflect.DelegatingMethodAccessorImpl.invoke(DelegatingMethodAccessorImpl.java:43)
	at java.lang.reflect.Method.invoke(Method.java:498)
	at org.testng.internal.MethodInvocationHelper.invokeMethod(MethodInvocationHelper.java:84)
	at org.testng.internal.Invoker.invokeMethod(Invoker.java:714)
	at org.testng.internal.Invoker.invokeTestMethod(Invoker.java:901)
	at org.testng.internal.Invoker.invokeTestMethods(Invoker.java:1231)
	at org.testng.internal.TestMethodWorker.invokeTestMethods(TestMethodWorker.java:127)
	at org.testng.internal.TestMethodWorker.run(TestMethodWorker.java:111)
	at java.util.concurrent.ThreadPoolExecutor.runWorker(ThreadPoolExecutor.java:1142)
	at java.util.concurrent.ThreadPoolExecutor$Worker.run(ThreadPoolExecutor.java:617)
	at java.lang.Thread.run(Thread.java:745)
</pre></div><a href='#' onClick='toggleBox("stack-trace68653555", this, "Click to show all stack frames", "Click to hide stack frames")'>Click to show all stack frames</a>
<div class='stack-trace' id='stack-trace68653555'><pre>java.lang.AssertionError: expected [0.3354445635832207] but found [1.0]
	at org.testng.Assert.fail(Assert.java:94)
	at org.testng.Assert.failNotEquals(Assert.java:494)
	at org.testng.Assert.assertEquals(Assert.java:123)
	at org.testng.Assert.assertEquals(Assert.java:165)
	at businessObject.CalculatorTest.testTg(CalculatorTest.java:71)
	at sun.reflect.NativeMethodAccessorImpl.invoke0(Native Method)
	at sun.reflect.NativeMethodAccessorImpl.invoke(NativeMethodAccessorImpl.java:62)
	at sun.reflect.DelegatingMethodAccessorImpl.invoke(DelegatingMethodAccessorImpl.java:43)
	at java.lang.reflect.Method.invoke(Method.java:498)
	at org.testng.internal.MethodInvocationHelper.invokeMethod(MethodInvocationHelper.java:84)
	at org.testng.internal.Invoker.invokeMethod(Invoker.java:714)
	at org.testng.internal.Invoker.invokeTestMethod(Invoker.java:901)
	at org.testng.internal.Invoker.invokeTestMethods(Invoker.java:1231)
	at org.testng.internal.TestMethodWorker.invokeTestMethods(TestMethodWorker.java:127)
	at org.testng.internal.TestMethodWorker.run(TestMethodWorker.java:111)
	at java.util.concurrent.ThreadPoolExecutor.runWorker(ThreadPoolExecutor.java:1142)
	at java.util.concurrent.ThreadPoolExecutor$Worker.run(ThreadPoolExecutor.java:617)
	at java.lang.Thread.run(Thread.java:745)
</pre></div></td>
<td>0</td>
<td>businessObject.CalculatorTest@22a71081</td></tr>
<tr>
<td title='businessObject.CalculatorTest.testTg()'><b>testTg</b><br>Test class: businessObject.CalculatorTest<br>Parameters: 0.0, 0.0<br/>
<a href="#Output-1470188832" onClick='toggleBox("Output-1470188832", this, "Show output", "Hide output");'>Show output</a>

<a href="#Output-1470188832" onClick="toggleAllBoxes();">Show all outputs</a>
<div class='log' id="Output-1470188832">
</br>Tue Nov 01 20:34:08 MSK 2016. Test faild: [Test for different type of numbers][businessObject.CalculatorTest][testTg]. Status <2>. Time duration <0>.<br/>
</div>
</td>
<td><div><pre>java.lang.AssertionError: expected [0.0] but found [NaN]
	at org.testng.Assert.fail(Assert.java:94)
	at org.testng.Assert.failNotEquals(Assert.java:494)
	at org.testng.Assert.assertEquals(Assert.java:123)
	at org.testng.Assert.assertEquals(Assert.java:165)
	at businessObject.CalculatorTest.testTg(CalculatorTest.java:71)
	at sun.reflect.NativeMethodAccessorImpl.invoke0(Native Method)
	at sun.reflect.NativeMethodAccessorImpl.invoke(NativeMethodAccessorImpl.java:62)
	at sun.reflect.DelegatingMethodAccessorImpl.invoke(DelegatingMethodAccessorImpl.java:43)
	at java.lang.reflect.Method.invoke(Method.java:498)
	at org.testng.internal.MethodInvocationHelper.invokeMethod(MethodInvocationHelper.java:84)
	at org.testng.internal.Invoker.invokeMethod(Invoker.java:714)
	at org.testng.internal.Invoker.invokeTestMethod(Invoker.java:901)
	at org.testng.internal.Invoker.invokeTestMethods(Invoker.java:1231)
	at org.testng.internal.TestMethodWorker.invokeTestMethods(TestMethodWorker.java:127)
	at org.testng.internal.TestMethodWorker.run(TestMethodWorker.java:111)
	at java.util.concurrent.ThreadPoolExecutor.runWorker(ThreadPoolExecutor.java:1142)
	at java.util.concurrent.ThreadPoolExecutor$Worker.run(ThreadPoolExecutor.java:617)
	at java.lang.Thread.run(Thread.java:745)
</pre></div><a href='#' onClick='toggleBox("stack-trace1470188832", this, "Click to show all stack frames", "Click to hide stack frames")'>Click to show all stack frames</a>
<div class='stack-trace' id='stack-trace1470188832'><pre>java.lang.AssertionError: expected [0.0] but found [NaN]
	at org.testng.Assert.fail(Assert.java:94)
	at org.testng.Assert.failNotEquals(Assert.java:494)
	at org.testng.Assert.assertEquals(Assert.java:123)
	at org.testng.Assert.assertEquals(Assert.java:165)
	at businessObject.CalculatorTest.testTg(CalculatorTest.java:71)
	at sun.reflect.NativeMethodAccessorImpl.invoke0(Native Method)
	at sun.reflect.NativeMethodAccessorImpl.invoke(NativeMethodAccessorImpl.java:62)
	at sun.reflect.DelegatingMethodAccessorImpl.invoke(DelegatingMethodAccessorImpl.java:43)
	at java.lang.reflect.Method.invoke(Method.java:498)
	at org.testng.internal.MethodInvocationHelper.invokeMethod(MethodInvocationHelper.java:84)
	at org.testng.internal.Invoker.invokeMethod(Invoker.java:714)
	at org.testng.internal.Invoker.invokeTestMethod(Invoker.java:901)
	at org.testng.internal.Invoker.invokeTestMethods(Invoker.java:1231)
	at org.testng.internal.TestMethodWorker.invokeTestMethods(TestMethodWorker.java:127)
	at org.testng.internal.TestMethodWorker.run(TestMethodWorker.java:111)
	at java.util.concurrent.ThreadPoolExecutor.runWorker(ThreadPoolExecutor.java:1142)
	at java.util.concurrent.ThreadPoolExecutor$Worker.run(ThreadPoolExecutor.java:617)
	at java.lang.Thread.run(Thread.java:745)
</pre></div></td>
<td>0</td>
<td>businessObject.CalculatorTest@22a71081</td></tr>
<tr>
<td title='businessObject.CalculatorTest.testTg()'><b>testTg</b><br>Test class: businessObject.CalculatorTest<br>Parameters: 20.56, -7.114264447088601<br/>
<a href="#Output-1052850702" onClick='toggleBox("Output-1052850702", this, "Show output", "Hide output");'>Show output</a>

<a href="#Output-1052850702" onClick="toggleAllBoxes();">Show all outputs</a>
<div class='log' id="Output-1052850702">
</br>Tue Nov 01 20:34:08 MSK 2016. Test faild: [Test for different type of numbers][businessObject.CalculatorTest][testTg]. Status <2>. Time duration <0>.<br/>
</div>
</td>
<td><div><pre>java.lang.AssertionError: expected [-7.114264447088601] but found [1.0]
	at org.testng.Assert.fail(Assert.java:94)
	at org.testng.Assert.failNotEquals(Assert.java:494)
	at org.testng.Assert.assertEquals(Assert.java:123)
	at org.testng.Assert.assertEquals(Assert.java:165)
	at businessObject.CalculatorTest.testTg(CalculatorTest.java:71)
	at sun.reflect.NativeMethodAccessorImpl.invoke0(Native Method)
	at sun.reflect.NativeMethodAccessorImpl.invoke(NativeMethodAccessorImpl.java:62)
	at sun.reflect.DelegatingMethodAccessorImpl.invoke(DelegatingMethodAccessorImpl.java:43)
	at java.lang.reflect.Method.invoke(Method.java:498)
	at org.testng.internal.MethodInvocationHelper.invokeMethod(MethodInvocationHelper.java:84)
	at org.testng.internal.Invoker.invokeMethod(Invoker.java:714)
	at org.testng.internal.Invoker.invokeTestMethod(Invoker.java:901)
	at org.testng.internal.Invoker.invokeTestMethods(Invoker.java:1231)
	at org.testng.internal.TestMethodWorker.invokeTestMethods(TestMethodWorker.java:127)
	at org.testng.internal.TestMethodWorker.run(TestMethodWorker.java:111)
	at java.util.concurrent.ThreadPoolExecutor.runWorker(ThreadPoolExecutor.java:1142)
	at java.util.concurrent.ThreadPoolExecutor$Worker.run(ThreadPoolExecutor.java:617)
	at java.lang.Thread.run(Thread.java:745)
</pre></div><a href='#' onClick='toggleBox("stack-trace1052850702", this, "Click to show all stack frames", "Click to hide stack frames")'>Click to show all stack frames</a>
<div class='stack-trace' id='stack-trace1052850702'><pre>java.lang.AssertionError: expected [-7.114264447088601] but found [1.0]
	at org.testng.Assert.fail(Assert.java:94)
	at org.testng.Assert.failNotEquals(Assert.java:494)
	at org.testng.Assert.assertEquals(Assert.java:123)
	at org.testng.Assert.assertEquals(Assert.java:165)
	at businessObject.CalculatorTest.testTg(CalculatorTest.java:71)
	at sun.reflect.NativeMethodAccessorImpl.invoke0(Native Method)
	at sun.reflect.NativeMethodAccessorImpl.invoke(NativeMethodAccessorImpl.java:62)
	at sun.reflect.DelegatingMethodAccessorImpl.invoke(DelegatingMethodAccessorImpl.java:43)
	at java.lang.reflect.Method.invoke(Method.java:498)
	at org.testng.internal.MethodInvocationHelper.invokeMethod(MethodInvocationHelper.java:84)
	at org.testng.internal.Invoker.invokeMethod(Invoker.java:714)
	at org.testng.internal.Invoker.invokeTestMethod(Invoker.java:901)
	at org.testng.internal.Invoker.invokeTestMethods(Invoker.java:1231)
	at org.testng.internal.TestMethodWorker.invokeTestMethods(TestMethodWorker.java:127)
	at org.testng.internal.TestMethodWorker.run(TestMethodWorker.java:111)
	at java.util.concurrent.ThreadPoolExecutor.runWorker(ThreadPoolExecutor.java:1142)
	at java.util.concurrent.ThreadPoolExecutor$Worker.run(ThreadPoolExecutor.java:617)
	at java.lang.Thread.run(Thread.java:745)
</pre></div></td>
<td>0</td>
<td>businessObject.CalculatorTest@22a71081</td></tr>
</table><p>
<table width='100%' border='1' class='invocation-passed'>
<tr><td colspan='4' align='center'><b>PASSED TESTS</b></td></tr>
<tr><td><b>Test method</b></td>
<td width="30%"><b>Exception</b></td>
<td width="10%"><b>Time (seconds)</b></td>
<td><b>Instance</b></td>
</tr>
<tr>
<td title='businessObject.CalculatorTest.testDivDouble()'><b>testDivDouble</b><br>Test class: businessObject.CalculatorTest<br>Parameters: 0.0, -5.656565656E9, 0.0, 1.0E-10<br/>
<a href="#Output-2130959821" onClick='toggleBox("Output-2130959821", this, "Show output", "Hide output");'>Show output</a>

<a href="#Output-2130959821" onClick="toggleAllBoxes();">Show all outputs</a>
<div class='log' id="Output-2130959821">
</br>Tue Nov 01 20:34:08 MSK 2016. Test passed: [Test for different type of numbers][businessObject.CalculatorTest][testDivDouble]. Status <1>. Time duration <0>.<br/>
</div>
</td>
<td></td>
<td>0</td>
<td>businessObject.CalculatorTest@22a71081</td></tr>
<tr>
<td title='businessObject.CalculatorTest.testDivDouble()'><b>testDivDouble</b><br>Test class: businessObject.CalculatorTest<br>Parameters: 456789.0, 6.0, 76131.5, 1.0E-10<br/>
<a href="#Output-754369603" onClick='toggleBox("Output-754369603", this, "Show output", "Hide output");'>Show output</a>

<a href="#Output-754369603" onClick="toggleAllBoxes();">Show all outputs</a>
<div class='log' id="Output-754369603">
</br>Tue Nov 01 20:34:08 MSK 2016. Test passed: [Test for different type of numbers][businessObject.CalculatorTest][testDivDouble]. Status <1>. Time duration <2>.<br/>
</div>
</td>
<td></td>
<td>0</td>
<td>businessObject.CalculatorTest@22a71081</td></tr>
<tr>
<td title='businessObject.CalculatorTest.testDivDouble()'><b>testDivDouble</b><br>Test class: businessObject.CalculatorTest<br>Parameters: -5.0, -5.0, 1.0, 1.0E-10<br/>
<a href="#Output-2105082767" onClick='toggleBox("Output-2105082767", this, "Show output", "Hide output");'>Show output</a>

<a href="#Output-2105082767" onClick="toggleAllBoxes();">Show all outputs</a>
<div class='log' id="Output-2105082767">
</br>Tue Nov 01 20:34:08 MSK 2016. Test passed: [Test for different type of numbers][businessObject.CalculatorTest][testDivDouble]. Status <1>. Time duration <0>.<br/>
</div>
</td>
<td></td>
<td>0</td>
<td>businessObject.CalculatorTest@22a71081</td></tr>
<tr>
<td title='businessObject.CalculatorTest.testDivDouble()'><b>testDivDouble</b><br>Test class: businessObject.CalculatorTest<br>Parameters: 30.0, -5.0, -6.0, 1.0E-10<br/>
<a href="#Output-1866328503" onClick='toggleBox("Output-1866328503", this, "Show output", "Hide output");'>Show output</a>

<a href="#Output-1866328503" onClick="toggleAllBoxes();">Show all outputs</a>
<div class='log' id="Output-1866328503">
</br>Tue Nov 01 20:34:08 MSK 2016. Test passed: [Test for different type of numbers][businessObject.CalculatorTest][testDivDouble]. Status <1>. Time duration <0>.<br/>
</div>
</td>
<td></td>
<td>0</td>
<td>businessObject.CalculatorTest@22a71081</td></tr>
<tr>
<td title='businessObject.CalculatorTest.testDivDouble()'><b>testDivDouble</b><br>Test class: businessObject.CalculatorTest<br>Parameters: -8.0, 20.0, -0.4, 1.0E-10<br/>
<a href="#Output-246529064" onClick='toggleBox("Output-246529064", this, "Show output", "Hide output");'>Show output</a>

<a href="#Output-246529064" onClick="toggleAllBoxes();">Show all outputs</a>
<div class='log' id="Output-246529064">
</br>Tue Nov 01 20:34:08 MSK 2016. Test passed: [Test for different type of numbers][businessObject.CalculatorTest][testDivDouble]. Status <1>. Time duration <0>.<br/>
</div>
</td>
<td></td>
<td>0</td>
<td>businessObject.CalculatorTest@22a71081</td></tr>
<tr>
<td title='businessObject.CalculatorTest.testDivLong()'><b>testDivLong</b><br>Test class: businessObject.CalculatorTest<br>Parameters: 5, 1, 5<br/>
<a href="#Output-1109120428" onClick='toggleBox("Output-1109120428", this, "Show output", "Hide output");'>Show output</a>

<a href="#Output-1109120428" onClick="toggleAllBoxes();">Show all outputs</a>
<div class='log' id="Output-1109120428">
</br>Tue Nov 01 20:34:08 MSK 2016. Test passed: [Test for different type of numbers][businessObject.CalculatorTest][testDivLong]. Status <1>. Time duration <0>.<br/>
</div>
</td>
<td></td>
<td>0</td>
<td>businessObject.CalculatorTest@22a71081</td></tr>
<tr>
<td title='businessObject.CalculatorTest.testDivLong()'><b>testDivLong</b><br>Test class: businessObject.CalculatorTest<br>Parameters: -566, 656, 0<br/>
<a href="#Output-904735943" onClick='toggleBox("Output-904735943", this, "Show output", "Hide output");'>Show output</a>

<a href="#Output-904735943" onClick="toggleAllBoxes();">Show all outputs</a>
<div class='log' id="Output-904735943">
</br>Tue Nov 01 20:34:08 MSK 2016. Test passed: [Test for different type of numbers][businessObject.CalculatorTest][testDivLong]. Status <1>. Time duration <0>.<br/>
</div>
</td>
<td></td>
<td>0</td>
<td>businessObject.CalculatorTest@22a71081</td></tr>
<tr>
<td title='businessObject.CalculatorTest.testDivLong()'><b>testDivLong</b><br>Test class: businessObject.CalculatorTest<br>Parameters: 5547, -555, -9<br/>
<a href="#Output-1025350519" onClick='toggleBox("Output-1025350519", this, "Show output", "Hide output");'>Show output</a>

<a href="#Output-1025350519" onClick="toggleAllBoxes();">Show all outputs</a>
<div class='log' id="Output-1025350519">
</br>Tue Nov 01 20:34:08 MSK 2016. Test passed: [Test for different type of numbers][businessObject.CalculatorTest][testDivLong]. Status <1>. Time duration <2>.<br/>
</div>
</td>
<td></td>
<td>0</td>
<td>businessObject.CalculatorTest@22a71081</td></tr>
<tr>
<td title='businessObject.CalculatorTest.testDivLong()'><b>testDivLong</b><br>Test class: businessObject.CalculatorTest<br>Parameters: -5466, -565, 9<br/>
<a href="#Output-143803162" onClick='toggleBox("Output-143803162", this, "Show output", "Hide output");'>Show output</a>

<a href="#Output-143803162" onClick="toggleAllBoxes();">Show all outputs</a>
<div class='log' id="Output-143803162">
</br>Tue Nov 01 20:34:08 MSK 2016. Test passed: [Test for different type of numbers][businessObject.CalculatorTest][testDivLong]. Status <1>. Time duration <0>.<br/>
</div>
</td>
<td></td>
<td>0</td>
<td>businessObject.CalculatorTest@22a71081</td></tr>
<tr>
<td title='businessObject.CalculatorTest.testIsNegative()'><b>testIsNegative</b><br>Test class: businessObject.CalculatorTest<br>Parameters: -555<br/>
<a href="#Output-226730400" onClick='toggleBox("Output-226730400", this, "Show output", "Hide output");'>Show output</a>

<a href="#Output-226730400" onClick="toggleAllBoxes();">Show all outputs</a>
<div class='log' id="Output-226730400">
</br>Tue Nov 01 20:34:08 MSK 2016. Test passed: [Test for different type of numbers][businessObject.CalculatorTest][testIsNegative]. Status <1>. Time duration <0>.<br/>
</div>
</td>
<td></td>
<td>0</td>
<td>businessObject.CalculatorTest@22a71081</td></tr>
<tr>
<td title='businessObject.CalculatorTest.testIsPosWithNegativeNumber()'><b>testIsPosWithNegativeNumber</b><br>Test class: businessObject.CalculatorTest<br>Parameters: -57987876<br/>
<a href="#Output-270832786" onClick='toggleBox("Output-270832786", this, "Show output", "Hide output");'>Show output</a>

<a href="#Output-270832786" onClick="toggleAllBoxes();">Show all outputs</a>
<div class='log' id="Output-270832786">
</br>Tue Nov 01 20:34:08 MSK 2016. Test passed: [Test for different type of numbers][businessObject.CalculatorTest][testIsPosWithNegativeNumber]. Status <1>. Time duration <0>.<br/>
</div>
</td>
<td></td>
<td>0</td>
<td>businessObject.CalculatorTest@22a71081</td></tr>
<tr>
<td title='businessObject.CalculatorTest.testIsPositive()'><b>testIsPositive</b><br>Test class: businessObject.CalculatorTest<br>Parameters: 32223<br/>
<a href="#Output-50564623" onClick='toggleBox("Output-50564623", this, "Show output", "Hide output");'>Show output</a>

<a href="#Output-50564623" onClick="toggleAllBoxes();">Show all outputs</a>
<div class='log' id="Output-50564623">
</br>Tue Nov 01 20:34:08 MSK 2016. Test passed: [Test for different type of numbers][businessObject.CalculatorTest][testIsPositive]. Status <1>. Time duration <0>.<br/>
</div>
</td>
<td></td>
<td>0</td>
<td>businessObject.CalculatorTest@22a71081</td></tr>
<tr>
<td title='businessObject.CalculatorTest.testMultDouble()'><b>testMultDouble</b><br>Test class: businessObject.CalculatorTest<br>Parameters: 0.0, -5.6565656562E9, 0.0, 1.0E-10<br/>
<a href="#Output-423117223" onClick='toggleBox("Output-423117223", this, "Show output", "Hide output");'>Show output</a>

<a href="#Output-423117223" onClick="toggleAllBoxes();">Show all outputs</a>
<div class='log' id="Output-423117223">
</br>Tue Nov 01 20:34:08 MSK 2016. Test passed: [Test for different type of numbers][businessObject.CalculatorTest][testMultDouble]. Status <1>. Time duration <0>.<br/>
</div>
</td>
<td></td>
<td>0</td>
<td>businessObject.CalculatorTest@22a71081</td></tr>
<tr>
<td title='businessObject.CalculatorTest.testMultDouble()'><b>testMultDouble</b><br>Test class: businessObject.CalculatorTest<br>Parameters: 0.0, 0.0, 0.0, 1.0E-10<br/>
<a href="#Output-114612089" onClick='toggleBox("Output-114612089", this, "Show output", "Hide output");'>Show output</a>

<a href="#Output-114612089" onClick="toggleAllBoxes();">Show all outputs</a>
<div class='log' id="Output-114612089">
</br>Tue Nov 01 20:34:08 MSK 2016. Test passed: [Test for different type of numbers][businessObject.CalculatorTest][testMultDouble]. Status <1>. Time duration <0>.<br/>
</div>
</td>
<td></td>
<td>0</td>
<td>businessObject.CalculatorTest@22a71081</td></tr>
<tr>
<td title='businessObject.CalculatorTest.testMultDouble()'><b>testMultDouble</b><br>Test class: businessObject.CalculatorTest<br>Parameters: 4.65467468465464E17, 0.0, 0.0, 1.0E-10<br/>
<a href="#Output-1070295471" onClick='toggleBox("Output-1070295471", this, "Show output", "Hide output");'>Show output</a>

<a href="#Output-1070295471" onClick="toggleAllBoxes();">Show all outputs</a>
<div class='log' id="Output-1070295471">
</br>Tue Nov 01 20:34:08 MSK 2016. Test passed: [Test for different type of numbers][businessObject.CalculatorTest][testMultDouble]. Status <1>. Time duration <0>.<br/>
</div>
</td>
<td></td>
<td>0</td>
<td>businessObject.CalculatorTest@22a71081</td></tr>
<tr>
<td title='businessObject.CalculatorTest.testMultLong()'><b>testMultLong</b><br>Test class: businessObject.CalculatorTest<br>Parameters: 0, -5656565656, 0<br/>
<a href="#Output-911794547" onClick='toggleBox("Output-911794547", this, "Show output", "Hide output");'>Show output</a>

<a href="#Output-911794547" onClick="toggleAllBoxes();">Show all outputs</a>
<div class='log' id="Output-911794547">
</br>Tue Nov 01 20:34:08 MSK 2016. Test passed: [Test for different type of numbers][businessObject.CalculatorTest][testMultLong]. Status <1>. Time duration <16>.<br/>
</div>
</td>
<td></td>
<td>0</td>
<td>businessObject.CalculatorTest@22a71081</td></tr>
<tr>
<td title='businessObject.CalculatorTest.testMultLong()'><b>testMultLong</b><br>Test class: businessObject.CalculatorTest<br>Parameters: 0, 0, 0<br/>
<a href="#Output-1062994940" onClick='toggleBox("Output-1062994940", this, "Show output", "Hide output");'>Show output</a>

<a href="#Output-1062994940" onClick="toggleAllBoxes();">Show all outputs</a>
<div class='log' id="Output-1062994940">
</br>Tue Nov 01 20:34:08 MSK 2016. Test passed: [Test for different type of numbers][businessObject.CalculatorTest][testMultLong]. Status <1>. Time duration <0>.<br/>
</div>
</td>
<td></td>
<td>0</td>
<td>businessObject.CalculatorTest@22a71081</td></tr>
<tr>
<td title='businessObject.CalculatorTest.testMultLong()'><b>testMultLong</b><br>Test class: businessObject.CalculatorTest<br>Parameters: 465467468465464000, 0, 0<br/>
<a href="#Output-948666741" onClick='toggleBox("Output-948666741", this, "Show output", "Hide output");'>Show output</a>

<a href="#Output-948666741" onClick="toggleAllBoxes();">Show all outputs</a>
<div class='log' id="Output-948666741">
</br>Tue Nov 01 20:34:08 MSK 2016. Test passed: [Test for different type of numbers][businessObject.CalculatorTest][testMultLong]. Status <1>. Time duration <0>.<br/>
</div>
</td>
<td></td>
<td>0</td>
<td>businessObject.CalculatorTest@22a71081</td></tr>
<tr>
<td title='businessObject.CalculatorTest.testMultLong()'><b>testMultLong</b><br>Test class: businessObject.CalculatorTest<br>Parameters: 456789, 6, 2740734<br/>
<a href="#Output-680900965" onClick='toggleBox("Output-680900965", this, "Show output", "Hide output");'>Show output</a>

<a href="#Output-680900965" onClick="toggleAllBoxes();">Show all outputs</a>
<div class='log' id="Output-680900965">
</br>Tue Nov 01 20:34:08 MSK 2016. Test passed: [Test for different type of numbers][businessObject.CalculatorTest][testMultLong]. Status <1>. Time duration <0>.<br/>
</div>
</td>
<td></td>
<td>0</td>
<td>businessObject.CalculatorTest@22a71081</td></tr>
<tr>
<td title='businessObject.CalculatorTest.testMultLong()'><b>testMultLong</b><br>Test class: businessObject.CalculatorTest<br>Parameters: -5, -5, 25<br/>
<a href="#Output-1505203837" onClick='toggleBox("Output-1505203837", this, "Show output", "Hide output");'>Show output</a>

<a href="#Output-1505203837" onClick="toggleAllBoxes();">Show all outputs</a>
<div class='log' id="Output-1505203837">
</br>Tue Nov 01 20:34:08 MSK 2016. Test passed: [Test for different type of numbers][businessObject.CalculatorTest][testMultLong]. Status <1>. Time duration <0>.<br/>
</div>
</td>
<td></td>
<td>0</td>
<td>businessObject.CalculatorTest@22a71081</td></tr>
<tr>
<td title='businessObject.CalculatorTest.testMultLong()'><b>testMultLong</b><br>Test class: businessObject.CalculatorTest<br>Parameters: 30, -5, -150<br/>
<a href="#Output-111885652" onClick='toggleBox("Output-111885652", this, "Show output", "Hide output");'>Show output</a>

<a href="#Output-111885652" onClick="toggleAllBoxes();">Show all outputs</a>
<div class='log' id="Output-111885652">
</br>Tue Nov 01 20:34:08 MSK 2016. Test passed: [Test for different type of numbers][businessObject.CalculatorTest][testMultLong]. Status <1>. Time duration <0>.<br/>
</div>
</td>
<td></td>
<td>0</td>
<td>businessObject.CalculatorTest@22a71081</td></tr>
<tr>
<td title='businessObject.CalculatorTest.testMultLong()'><b>testMultLong</b><br>Test class: businessObject.CalculatorTest<br>Parameters: -8, 20, -160<br/>
<a href="#Output-1657771229" onClick='toggleBox("Output-1657771229", this, "Show output", "Hide output");'>Show output</a>

<a href="#Output-1657771229" onClick="toggleAllBoxes();">Show all outputs</a>
<div class='log' id="Output-1657771229">
</br>Tue Nov 01 20:34:08 MSK 2016. Test passed: [Test for different type of numbers][businessObject.CalculatorTest][testMultLong]. Status <1>. Time duration <0>.<br/>
</div>
</td>
<td></td>
<td>0</td>
<td>businessObject.CalculatorTest@22a71081</td></tr>
<tr>
<td title='businessObject.CalculatorTest.testPow()'><b>testPow</b><br>Test class: businessObject.CalculatorTest<br>Parameters: 4.65467468465464E17, 0.0, 1.0<br/>
<a href="#Output-2031356479" onClick='toggleBox("Output-2031356479", this, "Show output", "Hide output");'>Show output</a>

<a href="#Output-2031356479" onClick="toggleAllBoxes();">Show all outputs</a>
<div class='log' id="Output-2031356479">
</br>Tue Nov 01 20:34:08 MSK 2016. Test passed: [Test for different type of numbers][businessObject.CalculatorTest][testPow]. Status <1>. Time duration <0>.<br/>
</div>
</td>
<td></td>
<td>0</td>
<td>businessObject.CalculatorTest@22a71081</td></tr>
<tr>
<td title='businessObject.CalculatorTest.testPow()'><b>testPow</b><br>Test class: businessObject.CalculatorTest<br>Parameters: 456789.0, 6.0, 9.08434924831199E33<br/>
<a href="#Output-1233127014" onClick='toggleBox("Output-1233127014", this, "Show output", "Hide output");'>Show output</a>

<a href="#Output-1233127014" onClick="toggleAllBoxes();">Show all outputs</a>
<div class='log' id="Output-1233127014">
</br>Tue Nov 01 20:34:08 MSK 2016. Test passed: [Test for different type of numbers][businessObject.CalculatorTest][testPow]. Status <1>. Time duration <17>.<br/>
</div>
</td>
<td></td>
<td>0</td>
<td>businessObject.CalculatorTest@22a71081</td></tr>
<tr>
<td title='businessObject.CalculatorTest.testPow()'><b>testPow</b><br>Test class: businessObject.CalculatorTest<br>Parameters: -5.0, -5.0, -3.2E-4<br/>
<a href="#Output-522334922" onClick='toggleBox("Output-522334922", this, "Show output", "Hide output");'>Show output</a>

<a href="#Output-522334922" onClick="toggleAllBoxes();">Show all outputs</a>
<div class='log' id="Output-522334922">
</br>Tue Nov 01 20:34:08 MSK 2016. Test passed: [Test for different type of numbers][businessObject.CalculatorTest][testPow]. Status <1>. Time duration <1>.<br/>
</div>
</td>
<td></td>
<td>0</td>
<td>businessObject.CalculatorTest@22a71081</td></tr>
<tr>
<td title='businessObject.CalculatorTest.testPow()'><b>testPow</b><br>Test class: businessObject.CalculatorTest<br>Parameters: 30.0, -5.0, 4.11522633744856E-8<br/>
<a href="#Output-1532361714" onClick='toggleBox("Output-1532361714", this, "Show output", "Hide output");'>Show output</a>

<a href="#Output-1532361714" onClick="toggleAllBoxes();">Show all outputs</a>
<div class='log' id="Output-1532361714">
</br>Tue Nov 01 20:34:08 MSK 2016. Test passed: [Test for different type of numbers][businessObject.CalculatorTest][testPow]. Status <1>. Time duration <0>.<br/>
</div>
</td>
<td></td>
<td>0</td>
<td>businessObject.CalculatorTest@22a71081</td></tr>
<tr>
<td title='businessObject.CalculatorTest.testPow()'><b>testPow</b><br>Test class: businessObject.CalculatorTest<br>Parameters: -8.0, 20.0, 1.15292150460684698E18<br/>
<a href="#Output-38356821" onClick='toggleBox("Output-38356821", this, "Show output", "Hide output");'>Show output</a>

<a href="#Output-38356821" onClick="toggleAllBoxes();">Show all outputs</a>
<div class='log' id="Output-38356821">
</br>Tue Nov 01 20:34:08 MSK 2016. Test passed: [Test for different type of numbers][businessObject.CalculatorTest][testPow]. Status <1>. Time duration <0>.<br/>
</div>
</td>
<td></td>
<td>0</td>
<td>businessObject.CalculatorTest@22a71081</td></tr>
<tr>
<td title='businessObject.CalculatorTest.testSin()'><b>testSin</b><br>Test class: businessObject.CalculatorTest<br>Parameters: -5656.0, -0.9057828422998849<br/>
<a href="#Output-1012711382" onClick='toggleBox("Output-1012711382", this, "Show output", "Hide output");'>Show output</a>

<a href="#Output-1012711382" onClick="toggleAllBoxes();">Show all outputs</a>
<div class='log' id="Output-1012711382">
</br>Tue Nov 01 20:34:08 MSK 2016. Test passed: [Test for different type of numbers][businessObject.CalculatorTest][testSin]. Status <1>. Time duration <0>.<br/>
</div>
</td>
<td></td>
<td>0</td>
<td>businessObject.CalculatorTest@22a71081</td></tr>
<tr>
<td title='businessObject.CalculatorTest.testSin()'><b>testSin</b><br>Test class: businessObject.CalculatorTest<br>Parameters: 0.0, 0.0<br/>
<a href="#Output-484170914" onClick='toggleBox("Output-484170914", this, "Show output", "Hide output");'>Show output</a>

<a href="#Output-484170914" onClick="toggleAllBoxes();">Show all outputs</a>
<div class='log' id="Output-484170914">
</br>Tue Nov 01 20:34:08 MSK 2016. Test passed: [Test for different type of numbers][businessObject.CalculatorTest][testSin]. Status <1>. Time duration <0>.<br/>
</div>
</td>
<td></td>
<td>0</td>
<td>businessObject.CalculatorTest@22a71081</td></tr>
<tr>
<td title='businessObject.CalculatorTest.testSin()'><b>testSin</b><br>Test class: businessObject.CalculatorTest<br>Parameters: 20.56, 0.9902650886087779<br/>
<a href="#Output-413758320" onClick='toggleBox("Output-413758320", this, "Show output", "Hide output");'>Show output</a>

<a href="#Output-413758320" onClick="toggleAllBoxes();">Show all outputs</a>
<div class='log' id="Output-413758320">
</br>Tue Nov 01 20:34:08 MSK 2016. Test passed: [Test for different type of numbers][businessObject.CalculatorTest][testSin]. Status <1>. Time duration <0>.<br/>
</div>
</td>
<td></td>
<td>0</td>
<td>businessObject.CalculatorTest@22a71081</td></tr>
<tr>
<td title='businessObject.CalculatorTest.testSin()'><b>testSin</b><br>Test class: businessObject.CalculatorTest<br>Parameters: 1.0, 0.8414709848078965<br/>
<a href="#Output-226555907" onClick='toggleBox("Output-226555907", this, "Show output", "Hide output");'>Show output</a>

<a href="#Output-226555907" onClick="toggleAllBoxes();">Show all outputs</a>
<div class='log' id="Output-226555907">
</br>Tue Nov 01 20:34:08 MSK 2016. Test passed: [Test for different type of numbers][businessObject.CalculatorTest][testSin]. Status <1>. Time duration <0>.<br/>
</div>
</td>
<td></td>
<td>0</td>
<td>businessObject.CalculatorTest@22a71081</td></tr>
<tr>
<td title='businessObject.CalculatorTest.testSqrt()'><b>testSqrt</b><br>Test class: businessObject.CalculatorTest<br>Parameters: 0.0, 0.0<br/>
<a href="#Output-326220568" onClick='toggleBox("Output-326220568", this, "Show output", "Hide output");'>Show output</a>

<a href="#Output-326220568" onClick="toggleAllBoxes();">Show all outputs</a>
<div class='log' id="Output-326220568">
</br>Tue Nov 01 20:34:08 MSK 2016. Test passed: [Test for different type of numbers][businessObject.CalculatorTest][testSqrt]. Status <1>. Time duration <0>.<br/>
</div>
</td>
<td></td>
<td>0</td>
<td>businessObject.CalculatorTest@22a71081</td></tr>
<tr>
<td title='businessObject.CalculatorTest.testSqrt()'><b>testSqrt</b><br>Test class: businessObject.CalculatorTest<br>Parameters: 6.0, 2.449489742783178<br/>
<a href="#Output-793361181" onClick='toggleBox("Output-793361181", this, "Show output", "Hide output");'>Show output</a>

<a href="#Output-793361181" onClick="toggleAllBoxes();">Show all outputs</a>
<div class='log' id="Output-793361181">
</br>Tue Nov 01 20:34:08 MSK 2016. Test passed: [Test for different type of numbers][businessObject.CalculatorTest][testSqrt]. Status <1>. Time duration <0>.<br/>
</div>
</td>
<td></td>
<td>0</td>
<td>businessObject.CalculatorTest@22a71081</td></tr>
<tr>
<td title='businessObject.CalculatorTest.testSqrt()'><b>testSqrt</b><br>Test class: businessObject.CalculatorTest<br>Parameters: 20.56, 4.534313619501853<br/>
<a href="#Output-1682310433" onClick='toggleBox("Output-1682310433", this, "Show output", "Hide output");'>Show output</a>

<a href="#Output-1682310433" onClick="toggleAllBoxes();">Show all outputs</a>
<div class='log' id="Output-1682310433">
</br>Tue Nov 01 20:34:08 MSK 2016. Test passed: [Test for different type of numbers][businessObject.CalculatorTest][testSqrt]. Status <1>. Time duration <0>.<br/>
</div>
</td>
<td></td>
<td>0</td>
<td>businessObject.CalculatorTest@22a71081</td></tr>
<tr>
<td title='businessObject.CalculatorTest.testSubDouble()'><b>testSubDouble</b><br>Test class: businessObject.CalculatorTest<br>Parameters: 0.0, 0.0, 0.0, 1.0E-10<br/>
<a href="#Output-1425753194" onClick='toggleBox("Output-1425753194", this, "Show output", "Hide output");'>Show output</a>

<a href="#Output-1425753194" onClick="toggleAllBoxes();">Show all outputs</a>
<div class='log' id="Output-1425753194">
</br>Tue Nov 01 20:34:08 MSK 2016. Test passed: [Test for different type of numbers][businessObject.CalculatorTest][testSubDouble]. Status <1>. Time duration <15>.<br/>
</div>
</td>
<td></td>
<td>0</td>
<td>businessObject.CalculatorTest@22a71081</td></tr>
<tr>
<td title='businessObject.CalculatorTest.testSubDouble()'><b>testSubDouble</b><br>Test class: businessObject.CalculatorTest<br>Parameters: 0.0, -4.654564564E9, 4.654564564E9, 1.0E-10<br/>
<a href="#Output-377994395" onClick='toggleBox("Output-377994395", this, "Show output", "Hide output");'>Show output</a>

<a href="#Output-377994395" onClick="toggleAllBoxes();">Show all outputs</a>
<div class='log' id="Output-377994395">
</br>Tue Nov 01 20:34:08 MSK 2016. Test passed: [Test for different type of numbers][businessObject.CalculatorTest][testSubDouble]. Status <1>. Time duration <16>.<br/>
</div>
</td>
<td></td>
<td>0</td>
<td>businessObject.CalculatorTest@22a71081</td></tr>
<tr>
<td title='businessObject.CalculatorTest.testSubDouble()'><b>testSubDouble</b><br>Test class: businessObject.CalculatorTest<br>Parameters: 5.4646546546E10, 0.0, 5.4646546546E10, 1.0E-10<br/>
<a href="#Output-1164345288" onClick='toggleBox("Output-1164345288", this, "Show output", "Hide output");'>Show output</a>

<a href="#Output-1164345288" onClick="toggleAllBoxes();">Show all outputs</a>
<div class='log' id="Output-1164345288">
</br>Tue Nov 01 20:34:08 MSK 2016. Test passed: [Test for different type of numbers][businessObject.CalculatorTest][testSubDouble]. Status <1>. Time duration <15>.<br/>
</div>
</td>
<td></td>
<td>0</td>
<td>businessObject.CalculatorTest@22a71081</td></tr>
<tr>
<td title='businessObject.CalculatorTest.testSubDouble()'><b>testSubDouble</b><br>Test class: businessObject.CalculatorTest<br>Parameters: 9.89898989898989E19, 98.0, 9.89898989898989E19, 1.0E-10<br/>
<a href="#Output-1336723335" onClick='toggleBox("Output-1336723335", this, "Show output", "Hide output");'>Show output</a>

<a href="#Output-1336723335" onClick="toggleAllBoxes();">Show all outputs</a>
<div class='log' id="Output-1336723335">
</br>Tue Nov 01 20:34:08 MSK 2016. Test passed: [Test for different type of numbers][businessObject.CalculatorTest][testSubDouble]. Status <1>. Time duration <0>.<br/>
</div>
</td>
<td></td>
<td>0</td>
<td>businessObject.CalculatorTest@22a71081</td></tr>
<tr>
<td title='businessObject.CalculatorTest.testSubDouble()'><b>testSubDouble</b><br>Test class: businessObject.CalculatorTest<br>Parameters: 4.12341234123E11, 4.12341234123E11, 0.0, 1.0E-10<br/>
<a href="#Output-484222829" onClick='toggleBox("Output-484222829", this, "Show output", "Hide output");'>Show output</a>

<a href="#Output-484222829" onClick="toggleAllBoxes();">Show all outputs</a>
<div class='log' id="Output-484222829">
</br>Tue Nov 01 20:34:08 MSK 2016. Test passed: [Test for different type of numbers][businessObject.CalculatorTest][testSubDouble]. Status <1>. Time duration <0>.<br/>
</div>
</td>
<td></td>
<td>0</td>
<td>businessObject.CalculatorTest@22a71081</td></tr>
<tr>
<td title='businessObject.CalculatorTest.testSubDouble()'><b>testSubDouble</b><br>Test class: businessObject.CalculatorTest<br>Parameters: -5.55555555555555E14, 5.0, -5.5555555555556E14, 1.0E-10<br/>
<a href="#Output-895863694" onClick='toggleBox("Output-895863694", this, "Show output", "Hide output");'>Show output</a>

<a href="#Output-895863694" onClick="toggleAllBoxes();">Show all outputs</a>
<div class='log' id="Output-895863694">
</br>Tue Nov 01 20:34:08 MSK 2016. Test passed: [Test for different type of numbers][businessObject.CalculatorTest][testSubDouble]. Status <1>. Time duration <0>.<br/>
</div>
</td>
<td></td>
<td>0</td>
<td>businessObject.CalculatorTest@22a71081</td></tr>
<tr>
<td title='businessObject.CalculatorTest.testSubLong()'><b>testSubLong</b><br>Test class: businessObject.CalculatorTest<br>Parameters: 0, 0, 0<br/>
<a href="#Output-1660873001" onClick='toggleBox("Output-1660873001", this, "Show output", "Hide output");'>Show output</a>

<a href="#Output-1660873001" onClick="toggleAllBoxes();">Show all outputs</a>
<div class='log' id="Output-1660873001">
</br>Tue Nov 01 20:34:08 MSK 2016. Test passed: [Test for different type of numbers][businessObject.CalculatorTest][testSubLong]. Status <1>. Time duration <0>.<br/>
</div>
</td>
<td></td>
<td>0</td>
<td>businessObject.CalculatorTest@22a71081</td></tr>
<tr>
<td title='businessObject.CalculatorTest.testSubLong()'><b>testSubLong</b><br>Test class: businessObject.CalculatorTest<br>Parameters: 0, -4654564564, 4654564564<br/>
<a href="#Output-910530394" onClick='toggleBox("Output-910530394", this, "Show output", "Hide output");'>Show output</a>

<a href="#Output-910530394" onClick="toggleAllBoxes();">Show all outputs</a>
<div class='log' id="Output-910530394">
</br>Tue Nov 01 20:34:08 MSK 2016. Test passed: [Test for different type of numbers][businessObject.CalculatorTest][testSubLong]. Status <1>. Time duration <0>.<br/>
</div>
</td>
<td></td>
<td>0</td>
<td>businessObject.CalculatorTest@22a71081</td></tr>
<tr>
<td title='businessObject.CalculatorTest.testSubLong()'><b>testSubLong</b><br>Test class: businessObject.CalculatorTest<br>Parameters: 54646546546, 0, 54646546546<br/>
<a href="#Output-2137003818" onClick='toggleBox("Output-2137003818", this, "Show output", "Hide output");'>Show output</a>

<a href="#Output-2137003818" onClick="toggleAllBoxes();">Show all outputs</a>
<div class='log' id="Output-2137003818">
</br>Tue Nov 01 20:34:08 MSK 2016. Test passed: [Test for different type of numbers][businessObject.CalculatorTest][testSubLong]. Status <1>. Time duration <0>.<br/>
</div>
</td>
<td></td>
<td>0</td>
<td>businessObject.CalculatorTest@22a71081</td></tr>
<tr>
<td title='businessObject.CalculatorTest.testSumDouble()'><b>testSumDouble</b><br>Test class: businessObject.CalculatorTest<br>Parameters: -564.25, 564.25, 0.0, 1.0E-10<br/>
<a href="#Output-111888499" onClick='toggleBox("Output-111888499", this, "Show output", "Hide output");'>Show output</a>

<a href="#Output-111888499" onClick="toggleAllBoxes();">Show all outputs</a>
<div class='log' id="Output-111888499">
</br>Tue Nov 01 20:34:08 MSK 2016. Test passed: [Test for different type of numbers][businessObject.CalculatorTest][testSumDouble]. Status <1>. Time duration <15>.<br/>
</div>
</td>
<td></td>
<td>0</td>
<td>businessObject.CalculatorTest@22a71081</td></tr>
<tr>
<td title='businessObject.CalculatorTest.testSumDouble()'><b>testSumDouble</b><br>Test class: businessObject.CalculatorTest<br>Parameters: 1000.05, 250.5, 1250.55, 1.0E-10<br/>
<a href="#Output-1048641179" onClick='toggleBox("Output-1048641179", this, "Show output", "Hide output");'>Show output</a>

<a href="#Output-1048641179" onClick="toggleAllBoxes();">Show all outputs</a>
<div class='log' id="Output-1048641179">
</br>Tue Nov 01 20:34:08 MSK 2016. Test passed: [Test for different type of numbers][businessObject.CalculatorTest][testSumDouble]. Status <1>. Time duration <0>.<br/>
</div>
</td>
<td></td>
<td>0</td>
<td>businessObject.CalculatorTest@22a71081</td></tr>
<tr>
<td title='businessObject.CalculatorTest.testSumDouble()'><b>testSumDouble</b><br>Test class: businessObject.CalculatorTest<br>Parameters: 1500.50005, -500.0, 1000.50005, 1.0E-10<br/>
<a href="#Output-723925607" onClick='toggleBox("Output-723925607", this, "Show output", "Hide output");'>Show output</a>

<a href="#Output-723925607" onClick="toggleAllBoxes();">Show all outputs</a>
<div class='log' id="Output-723925607">
</br>Tue Nov 01 20:34:08 MSK 2016. Test passed: [Test for different type of numbers][businessObject.CalculatorTest][testSumDouble]. Status <1>. Time duration <0>.<br/>
</div>
</td>
<td></td>
<td>0</td>
<td>businessObject.CalculatorTest@22a71081</td></tr>
<tr>
<td title='businessObject.CalculatorTest.testSumDouble()'><b>testSumDouble</b><br>Test class: businessObject.CalculatorTest<br>Parameters: -800.2, -200.4, -1000.6, 1.0E-10<br/>
<a href="#Output-1638888294" onClick='toggleBox("Output-1638888294", this, "Show output", "Hide output");'>Show output</a>

<a href="#Output-1638888294" onClick="toggleAllBoxes();">Show all outputs</a>
<div class='log' id="Output-1638888294">
</br>Tue Nov 01 20:34:08 MSK 2016. Test passed: [Test for different type of numbers][businessObject.CalculatorTest][testSumDouble]. Status <1>. Time duration <0>.<br/>
</div>
</td>
<td></td>
<td>0</td>
<td>businessObject.CalculatorTest@22a71081</td></tr>
<tr>
<td title='businessObject.CalculatorTest.testSumDouble()'><b>testSumDouble</b><br>Test class: businessObject.CalculatorTest<br>Parameters: 0.0, 0.0, 0.0, 1.0E-10<br/>
<a href="#Output-1033590768" onClick='toggleBox("Output-1033590768", this, "Show output", "Hide output");'>Show output</a>

<a href="#Output-1033590768" onClick="toggleAllBoxes();">Show all outputs</a>
<div class='log' id="Output-1033590768">
</br>Tue Nov 01 20:34:08 MSK 2016. Test passed: [Test for different type of numbers][businessObject.CalculatorTest][testSumDouble]. Status <1>. Time duration <0>.<br/>
</div>
</td>
<td></td>
<td>0</td>
<td>businessObject.CalculatorTest@22a71081</td></tr>
<tr>
<td title='businessObject.CalculatorTest.testSumDouble()'><b>testSumDouble</b><br>Test class: businessObject.CalculatorTest<br>Parameters: 0.0, 5656.25852, 5656.25852, 1.0E-10<br/>
<a href="#Output-81134334" onClick='toggleBox("Output-81134334", this, "Show output", "Hide output");'>Show output</a>

<a href="#Output-81134334" onClick="toggleAllBoxes();">Show all outputs</a>
<div class='log' id="Output-81134334">
</br>Tue Nov 01 20:34:08 MSK 2016. Test passed: [Test for different type of numbers][businessObject.CalculatorTest][testSumDouble]. Status <1>. Time duration <0>.<br/>
</div>
</td>
<td></td>
<td>0</td>
<td>businessObject.CalculatorTest@22a71081</td></tr>
<tr>
<td title='businessObject.CalculatorTest.testSumDouble()'><b>testSumDouble</b><br>Test class: businessObject.CalculatorTest<br>Parameters: -989898.232325787, 0.0, -989898.232325787, 1.0E-10<br/>
<a href="#Output-515503361" onClick='toggleBox("Output-515503361", this, "Show output", "Hide output");'>Show output</a>

<a href="#Output-515503361" onClick="toggleAllBoxes();">Show all outputs</a>
<div class='log' id="Output-515503361">
</br>Tue Nov 01 20:34:08 MSK 2016. Test passed: [Test for different type of numbers][businessObject.CalculatorTest][testSumDouble]. Status <1>. Time duration <0>.<br/>
</div>
</td>
<td></td>
<td>0</td>
<td>businessObject.CalculatorTest@22a71081</td></tr>
<tr>
<td title='businessObject.CalculatorTest.testSumLong()'><b>testSumLong</b><br>Test class: businessObject.CalculatorTest<br>Parameters: -500000, 0, -500000<br/>
<a href="#Output-614352204" onClick='toggleBox("Output-614352204", this, "Show output", "Hide output");'>Show output</a>

<a href="#Output-614352204" onClick="toggleAllBoxes();">Show all outputs</a>
<div class='log' id="Output-614352204">
</br>Tue Nov 01 20:34:09 MSK 2016. Test passed: [Test for different type of numbers][businessObject.CalculatorTest][testSumLong]. Status <1>. Time duration <1000>.<br/>
</div>
</td>
<td></td>
<td>1</td>
<td>businessObject.CalculatorTest@22a71081</td></tr>
<tr>
<td title='businessObject.CalculatorTest.testSumLong()'><b>testSumLong</b><br>Test class: businessObject.CalculatorTest<br>Parameters: 9223372036854775807, 0, 9223372036854775807<br/>
<a href="#Output-1589141614" onClick='toggleBox("Output-1589141614", this, "Show output", "Hide output");'>Show output</a>

<a href="#Output-1589141614" onClick="toggleAllBoxes();">Show all outputs</a>
<div class='log' id="Output-1589141614">
</br>Tue Nov 01 20:34:10 MSK 2016. Test passed: [Test for different type of numbers][businessObject.CalculatorTest][testSumLong]. Status <1>. Time duration <1002>.<br/>
</div>
</td>
<td></td>
<td>1</td>
<td>businessObject.CalculatorTest@22a71081</td></tr>
<tr>
<td title='businessObject.CalculatorTest.testSumLong()'><b>testSumLong</b><br>Test class: businessObject.CalculatorTest<br>Parameters: 15, 20, 35<br/>
<a href="#Output-665207579" onClick='toggleBox("Output-665207579", this, "Show output", "Hide output");'>Show output</a>

<a href="#Output-665207579" onClick="toggleAllBoxes();">Show all outputs</a>
<div class='log' id="Output-665207579">
</br>Tue Nov 01 20:34:11 MSK 2016. Test passed: [Test for different type of numbers][businessObject.CalculatorTest][testSumLong]. Status <1>. Time duration <1002>.<br/>
</div>
</td>
<td></td>
<td>1</td>
<td>businessObject.CalculatorTest@22a71081</td></tr>
<tr>
<td title='businessObject.CalculatorTest.testSumLong()'><b>testSumLong</b><br>Test class: businessObject.CalculatorTest<br>Parameters: -1250, -50, -1300<br/>
<a href="#Output-1015338458" onClick='toggleBox("Output-1015338458", this, "Show output", "Hide output");'>Show output</a>

<a href="#Output-1015338458" onClick="toggleAllBoxes();">Show all outputs</a>
<div class='log' id="Output-1015338458">
</br>Tue Nov 01 20:34:12 MSK 2016. Test passed: [Test for different type of numbers][businessObject.CalculatorTest][testSumLong]. Status <1>. Time duration <1000>.<br/>
</div>
</td>
<td></td>
<td>1</td>
<td>businessObject.CalculatorTest@22a71081</td></tr>
<tr>
<td title='businessObject.CalculatorTest.testSumLong()'><b>testSumLong</b><br>Test class: businessObject.CalculatorTest<br>Parameters: 0, 0, 0<br/>
<a href="#Output-1793479459" onClick='toggleBox("Output-1793479459", this, "Show output", "Hide output");'>Show output</a>

<a href="#Output-1793479459" onClick="toggleAllBoxes();">Show all outputs</a>
<div class='log' id="Output-1793479459">
</br>Tue Nov 01 20:34:13 MSK 2016. Test passed: [Test for different type of numbers][businessObject.CalculatorTest][testSumLong]. Status <1>. Time duration <1007>.<br/>
</div>
</td>
<td></td>
<td>1</td>
<td>businessObject.CalculatorTest@22a71081</td></tr>
<tr>
<td title='businessObject.CalculatorTest.testSumLong()'><b>testSumLong</b><br>Test class: businessObject.CalculatorTest<br>Parameters: -878787, 878787, 0<br/>
<a href="#Output-2009134337" onClick='toggleBox("Output-2009134337", this, "Show output", "Hide output");'>Show output</a>

<a href="#Output-2009134337" onClick="toggleAllBoxes();">Show all outputs</a>
<div class='log' id="Output-2009134337">
</br>Tue Nov 01 20:34:14 MSK 2016. Test passed: [Test for different type of numbers][businessObject.CalculatorTest][testSumLong]. Status <1>. Time duration <1004>.<br/>
</div>
</td>
<td></td>
<td>1</td>
<td>businessObject.CalculatorTest@22a71081</td></tr>
<tr>
<td title='businessObject.CalculatorTest.testSumLong()'><b>testSumLong</b><br>Test class: businessObject.CalculatorTest<br>Parameters: 595959595959, -59, 595959595900<br/>
<a href="#Output-1659620985" onClick='toggleBox("Output-1659620985", this, "Show output", "Hide output");'>Show output</a>

<a href="#Output-1659620985" onClick="toggleAllBoxes();">Show all outputs</a>
<div class='log' id="Output-1659620985">
</br>Tue Nov 01 20:34:15 MSK 2016. Test passed: [Test for different type of numbers][businessObject.CalculatorTest][testSumLong]. Status <1>. Time duration <1005>.<br/>
</div>
</td>
<td></td>
<td>1</td>
<td>businessObject.CalculatorTest@22a71081</td></tr>
</table><p>
</body>
</html>